<?xml version="1.0" encoding="UTF-8"?>
<testsuite name="org.apache.ofbiz.entity.DelegatorUnitTests" tests="5" skipped="0" failures="0" errors="0" timestamp="2021-04-24T11:23:12" hostname="pradeep-Inspiron-15-3567" time="8.008">
  <properties/>
  <testcase name="delegatorCreationUsingConstructorFailsIfConfigurationIsMissing" classname="org.apache.ofbiz.entity.DelegatorUnitTests" time="2.681"/>
  <testcase name="delegatorCreationUsingFactoryGetDelegator" classname="org.apache.ofbiz.entity.DelegatorUnitTests" time="3.092"/>
  <testcase name="delegatorCreationUsingFactoryReturnsNullIfConfigurationIsMissing" classname="org.apache.ofbiz.entity.DelegatorUnitTests" time="0.0"/>
  <testcase name="delegatorCreationUsingFactoryGetInstance" classname="org.apache.ofbiz.entity.DelegatorUnitTests" time="1.589"/>
  <testcase name="delegatorCreationUsingConstructor" classname="org.apache.ofbiz.entity.DelegatorUnitTests" time="0.646"/>
  <system-out><![CDATA[2021-04-24 16:53:12,878 |Test worker          |UtilXml                       |W| [UtilXml.LocalResolver.resolveEntity] could not find LOCAL DTD/Schema with publicId [null] and the file/resource is [entity-config.xsd]
2021-04-24 16:53:15,138 |delegator-startup-1  |DelegatorFactoryImpl          |I| Creating new delegator [default] (delegator-startup-1)
2021-04-24 16:53:15,144 |delegator-startup-1  |ModelReader                   |I| Finished loading entities; #Entities=0 #ViewEntities=0 #Fields=0 #Relationships=0 #AutoRelationships=0
2021-04-24 16:53:15,152 |delegator-startup-1  |GenericDelegator              |I| Doing entity definition check...
2021-04-24 16:53:15,157 |delegator-startup-1  |ModelEntityChecker            |I| [initReservedWords] array length = 1025
2021-04-24 16:53:15,162 |OFBiz-batch-1        |GenericDelegator              |I| Delegator "default" initializing helper "localmysql" for entity group "org.apache.ofbiz".
2021-04-24 16:53:15,180 |OFBiz-batch-1        |UtilXml                       |W| [UtilXml.LocalResolver.resolveEntity] could not find LOCAL DTD/Schema with publicId [null] and the file/resource is [entity-config.xsd]
2021-04-24 16:53:15,562 |OFBiz-batch-1        |UtilXml                       |W| [UtilXml.LocalResolver.resolveEntity] could not find LOCAL DTD/Schema with publicId [null] and the file/resource is [fieldtypemodel.xsd]
2021-04-24 16:53:16,108 |OFBiz-batch-1        |GenericDelegator              |I| Doing database check as requested in entityengine.xml with addMissing=true
2021-04-24 16:53:17,175 |OFBiz-batch-1        |DatabaseUtil                  |I| Database Product Name is MySQL
2021-04-24 16:53:17,175 |OFBiz-batch-1        |DatabaseUtil                  |I| Database Product Version is 8.0.23-0ubuntu0.20.04.1
2021-04-24 16:53:17,175 |OFBiz-batch-1        |DatabaseUtil                  |I| Database Driver Name is MySQL Connector/J
2021-04-24 16:53:17,175 |OFBiz-batch-1        |DatabaseUtil                  |I| Database Driver Version is mysql-connector-java-8.0.23 (Revision: 18bbd5e68195d0da083cbd5bd0d05d76320df7cd)
2021-04-24 16:53:17,175 |OFBiz-batch-1        |DatabaseUtil                  |I| Database Driver JDBC Version is 4.2
2021-04-24 16:53:17,175 |OFBiz-batch-1        |DatabaseUtil                  |I| Database Setting/Support Information (those with a * should be true):
2021-04-24 16:53:17,176 |OFBiz-batch-1        |DatabaseUtil                  |I| - supports transactions     [true]*
2021-04-24 16:53:17,176 |OFBiz-batch-1        |DatabaseUtil                  |I| - isolation None            [false]
2021-04-24 16:53:17,176 |OFBiz-batch-1        |DatabaseUtil                  |I| - isolation ReadCommitted   [true]
2021-04-24 16:53:17,176 |OFBiz-batch-1        |DatabaseUtil                  |I| - isolation ReadUncommitted [true]
2021-04-24 16:53:17,176 |OFBiz-batch-1        |DatabaseUtil                  |I| - isolation RepeatableRead  [true]
2021-04-24 16:53:17,176 |OFBiz-batch-1        |DatabaseUtil                  |I| - isolation Serializable    [true]
2021-04-24 16:53:17,177 |OFBiz-batch-1        |DatabaseUtil                  |I| - forward only type         [true]
2021-04-24 16:53:17,177 |OFBiz-batch-1        |DatabaseUtil                  |I| - scroll sensitive type     [false]
2021-04-24 16:53:17,177 |OFBiz-batch-1        |DatabaseUtil                  |I| - scroll insensitive type   [true]
2021-04-24 16:53:17,177 |OFBiz-batch-1        |DatabaseUtil                  |I| - is case sensitive         [true]
2021-04-24 16:53:17,177 |OFBiz-batch-1        |DatabaseUtil                  |I| - stores LowerCase          [false]
2021-04-24 16:53:17,177 |OFBiz-batch-1        |DatabaseUtil                  |I| - stores MixedCase          [true]
2021-04-24 16:53:17,178 |OFBiz-batch-1        |DatabaseUtil                  |I| - stores UpperCase          [false]
2021-04-24 16:53:17,178 |OFBiz-batch-1        |DatabaseUtil                  |I| - max table name length     [64]
2021-04-24 16:53:17,178 |OFBiz-batch-1        |DatabaseUtil                  |I| - max column name length    [64]
2021-04-24 16:53:17,178 |OFBiz-batch-1        |DatabaseUtil                  |I| - concurrent connections    [0]
2021-04-24 16:53:17,178 |OFBiz-batch-1        |DatabaseUtil                  |I| - concurrent statements     [0]
2021-04-24 16:53:17,178 |OFBiz-batch-1        |DatabaseUtil                  |I| - ANSI SQL92 Entry          [true]
2021-04-24 16:53:17,178 |OFBiz-batch-1        |DatabaseUtil                  |I| - ANSI SQL92 Intermediate   [false]
2021-04-24 16:53:17,179 |OFBiz-batch-1        |DatabaseUtil                  |I| - ANSI SQL92 Full           [false]
2021-04-24 16:53:17,179 |OFBiz-batch-1        |DatabaseUtil                  |I| - ODBC SQL Grammar Core     [true]
2021-04-24 16:53:17,179 |OFBiz-batch-1        |DatabaseUtil                  |I| - ODBC SQL Grammar Extended [false]
2021-04-24 16:53:17,179 |OFBiz-batch-1        |DatabaseUtil                  |I| - ODBC SQL Grammar Minimum  [true]
2021-04-24 16:53:17,179 |OFBiz-batch-1        |DatabaseUtil                  |I| - outer joins               [true]*
2021-04-24 16:53:17,179 |OFBiz-batch-1        |DatabaseUtil                  |I| - limited outer joins       [true]
2021-04-24 16:53:17,179 |OFBiz-batch-1        |DatabaseUtil                  |I| - full outer joins          [false]
2021-04-24 16:53:17,180 |OFBiz-batch-1        |DatabaseUtil                  |I| - group by                  [true]*
2021-04-24 16:53:17,180 |OFBiz-batch-1        |DatabaseUtil                  |I| - group by not in select    [true]
2021-04-24 16:53:17,183 |OFBiz-batch-1        |DatabaseUtil                  |I| - column aliasing           [true]
2021-04-24 16:53:17,183 |OFBiz-batch-1        |DatabaseUtil                  |I| - order by not in select    [false]
2021-04-24 16:53:17,183 |OFBiz-batch-1        |DatabaseUtil                  |I| - alter table add column    [true]*
2021-04-24 16:53:17,183 |OFBiz-batch-1        |DatabaseUtil                  |I| - non-nullable column       [true]*
2021-04-24 16:53:17,193 |OFBiz-batch-1        |DatabaseUtil                  |I| - default fetchsize        [0]
2021-04-24 16:53:17,193 |OFBiz-batch-1        |DatabaseUtil                  |I| - named parameters         [ SKIPPED ]
2021-04-24 16:53:17,193 |OFBiz-batch-1        |DatabaseUtil                  |I| Getting Table Info From Database
2021-04-24 16:53:17,303 |OFBiz-batch-1        |DatabaseUtil                  |I| Getting Column Info From Database
2021-04-24 16:53:18,031 |OFBiz-batch-1        |DatabaseUtil                  |W| Table named [ACCOMMODATION_CLASS] exists in the database but has no corresponding entity
2021-04-24 16:53:18,031 |OFBiz-batch-1        |DatabaseUtil                  |W| Table named [ACCOMMODATION_MAP] exists in the database but has no corresponding entity
2021-04-24 16:53:18,031 |OFBiz-batch-1        |DatabaseUtil                  |W| Table named [ACCOMMODATION_MAP_TYPE] exists in the database but has no corresponding entity
2021-04-24 16:53:18,034 |OFBiz-batch-1        |DatabaseUtil                  |W| Table named [ACCOMMODATION_SPOT] exists in the database but has no corresponding entity
2021-04-24 16:53:18,034 |OFBiz-batch-1        |DatabaseUtil                  |W| Table named [ACCTG_TRANS] exists in the database but has no corresponding entity
2021-04-24 16:53:18,037 |OFBiz-batch-1        |DatabaseUtil                  |W| Table named [ACCTG_TRANS_ATTRIBUTE] exists in the database but has no corresponding entity
2021-04-24 16:53:18,037 |OFBiz-batch-1        |DatabaseUtil                  |W| Table named [ACCTG_TRANS_ENTRY] exists in the database but has no corresponding entity
2021-04-24 16:53:18,037 |OFBiz-batch-1        |DatabaseUtil                  |W| Table named [ACCTG_TRANS_ENTRY_TYPE] exists in the database but has no corresponding entity
2021-04-24 16:53:18,038 |OFBiz-batch-1        |DatabaseUtil                  |W| Table named [ACCTG_TRANS_TYPE] exists in the database but has no corresponding entity
2021-04-24 16:53:18,038 |OFBiz-batch-1        |DatabaseUtil                  |W| Table named [ACCTG_TRANS_TYPE_ATTR] exists in the database but has no corresponding entity
2021-04-24 16:53:18,039 |OFBiz-batch-1        |DatabaseUtil                  |W| Table named [ADDENDUM] exists in the database but has no corresponding entity
2021-04-24 16:53:18,039 |OFBiz-batch-1        |DatabaseUtil                  |W| Table named [ADDRESS_MATCH_MAP] exists in the database but has no corresponding entity
2021-04-24 16:53:18,039 |OFBiz-batch-1        |DatabaseUtil                  |W| Table named [AFFILIATE] exists in the database but has no corresponding entity
2021-04-24 16:53:18,039 |OFBiz-batch-1        |DatabaseUtil                  |W| Table named [AGREEMENT] exists in the database but has no corresponding entity
2021-04-24 16:53:18,039 |OFBiz-batch-1        |DatabaseUtil                  |W| Table named [AGREEMENT_ATTRIBUTE] exists in the database but has no corresponding entity
2021-04-24 16:53:18,041 |OFBiz-batch-1        |DatabaseUtil                  |W| Table named [AGREEMENT_CONTENT] exists in the database but has no corresponding entity
2021-04-24 16:53:18,041 |OFBiz-batch-1        |DatabaseUtil                  |W| Table named [AGREEMENT_CONTENT_TYPE] exists in the database but has no corresponding entity
2021-04-24 16:53:18,041 |OFBiz-batch-1        |DatabaseUtil                  |W| Table named [AGREEMENT_EMPLOYMENT_APPL] exists in the database but has no corresponding entity
2021-04-24 16:53:18,042 |OFBiz-batch-1        |DatabaseUtil                  |W| Table named [AGREEMENT_FACILITY_APPL] exists in the database but has no corresponding entity
2021-04-24 16:53:18,047 |OFBiz-batch-1        |DatabaseUtil                  |W| Table named [AGREEMENT_GEOGRAPHICAL_APPLIC] exists in the database but has no corresponding entity
2021-04-24 16:53:18,047 |OFBiz-batch-1        |DatabaseUtil                  |W| Table named [AGREEMENT_ITEM] exists in the database but has no corresponding entity
2021-04-24 16:53:18,047 |OFBiz-batch-1        |DatabaseUtil                  |W| Table named [AGREEMENT_ITEM_ATTRIBUTE] exists in the database but has no corresponding entity
2021-04-24 16:53:18,047 |OFBiz-batch-1        |DatabaseUtil                  |W| Table named [AGREEMENT_ITEM_TYPE] exists in the database but has no corresponding entity
2021-04-24 16:53:18,047 |OFBiz-batch-1        |DatabaseUtil                  |W| Table named [AGREEMENT_ITEM_TYPE_ATTR] exists in the database but has no corresponding entity
2021-04-24 16:53:18,047 |OFBiz-batch-1        |DatabaseUtil                  |W| Table named [AGREEMENT_PARTY_APPLIC] exists in the database but has no corresponding entity
2021-04-24 16:53:18,047 |OFBiz-batch-1        |DatabaseUtil                  |W| Table named [AGREEMENT_PRODUCT_APPL] exists in the database but has no corresponding entity
2021-04-24 16:53:18,047 |OFBiz-batch-1        |DatabaseUtil                  |W| Table named [AGREEMENT_PROMO_APPL] exists in the database but has no corresponding entity
2021-04-24 16:53:18,047 |OFBiz-batch-1        |DatabaseUtil                  |W| Table named [AGREEMENT_ROLE] exists in the database but has no corresponding entity
2021-04-24 16:53:18,047 |OFBiz-batch-1        |DatabaseUtil                  |W| Table named [AGREEMENT_TERM] exists in the database but has no corresponding entity
2021-04-24 16:53:18,048 |OFBiz-batch-1        |DatabaseUtil                  |W| Table named [AGREEMENT_TERM_ATTRIBUTE] exists in the database but has no corresponding entity
2021-04-24 16:53:18,048 |OFBiz-batch-1        |DatabaseUtil                  |W| Table named [AGREEMENT_TYPE] exists in the database but has no corresponding entity
2021-04-24 16:53:18,048 |OFBiz-batch-1        |DatabaseUtil                  |W| Table named [AGREEMENT_TYPE_ATTR] exists in the database but has no corresponding entity
2021-04-24 16:53:18,048 |OFBiz-batch-1        |DatabaseUtil                  |W| Table named [AGREEMENT_WORK_EFFORT_APPLIC] exists in the database but has no corresponding entity
2021-04-24 16:53:18,048 |OFBiz-batch-1        |DatabaseUtil                  |W| Table named [APPLICATION_SANDBOX] exists in the database but has no corresponding entity
2021-04-24 16:53:18,048 |OFBiz-batch-1        |DatabaseUtil                  |W| Table named [AUDIO_DATA_RESOURCE] exists in the database but has no corresponding entity
2021-04-24 16:53:18,048 |OFBiz-batch-1        |DatabaseUtil                  |W| Table named [BENEFIT_TYPE] exists in the database but has no corresponding entity
2021-04-24 16:53:18,048 |OFBiz-batch-1        |DatabaseUtil                  |W| Table named [BILLING_ACCOUNT] exists in the database but has no corresponding entity
2021-04-24 16:53:18,048 |OFBiz-batch-1        |DatabaseUtil                  |W| Table named [BILLING_ACCOUNT_ROLE] exists in the database but has no corresponding entity
2021-04-24 16:53:18,048 |OFBiz-batch-1        |DatabaseUtil                  |W| Table named [BILLING_ACCOUNT_TERM] exists in the database but has no corresponding entity
2021-04-24 16:53:18,048 |OFBiz-batch-1        |DatabaseUtil                  |W| Table named [BILLING_ACCOUNT_TERM_ATTR] exists in the database but has no corresponding entity
2021-04-24 16:53:18,048 |OFBiz-batch-1        |DatabaseUtil                  |W| Table named [BROWSER_TYPE] exists in the database but has no corresponding entity
2021-04-24 16:53:18,048 |OFBiz-batch-1        |DatabaseUtil                  |W| Table named [BUDGET] exists in the database but has no corresponding entity
2021-04-24 16:53:18,048 |OFBiz-batch-1        |DatabaseUtil                  |W| Table named [BUDGET_ATTRIBUTE] exists in the database but has no corresponding entity
2021-04-24 16:53:18,048 |OFBiz-batch-1        |DatabaseUtil                  |W| Table named [BUDGET_ITEM] exists in the database but has no corresponding entity
2021-04-24 16:53:18,048 |OFBiz-batch-1        |DatabaseUtil                  |W| Table named [BUDGET_ITEM_ATTRIBUTE] exists in the database but has no corresponding entity
2021-04-24 16:53:18,049 |OFBiz-batch-1        |DatabaseUtil                  |W| Table named [BUDGET_ITEM_TYPE] exists in the database but has no corresponding entity
2021-04-24 16:53:18,049 |OFBiz-batch-1        |DatabaseUtil                  |W| Table named [BUDGET_ITEM_TYPE_ATTR] exists in the database but has no corresponding entity
2021-04-24 16:53:18,049 |OFBiz-batch-1        |DatabaseUtil                  |W| Table named [BUDGET_REVIEW] exists in the database but has no corresponding entity
2021-04-24 16:53:18,049 |OFBiz-batch-1        |DatabaseUtil                  |W| Table named [BUDGET_REVIEW_RESULT_TYPE] exists in the database but has no corresponding entity
2021-04-24 16:53:18,049 |OFBiz-batch-1        |DatabaseUtil                  |W| Table named [BUDGET_REVISION] exists in the database but has no corresponding entity
2021-04-24 16:53:18,049 |OFBiz-batch-1        |DatabaseUtil                  |W| Table named [BUDGET_REVISION_IMPACT] exists in the database but has no corresponding entity
2021-04-24 16:53:18,049 |OFBiz-batch-1        |DatabaseUtil                  |W| Table named [BUDGET_ROLE] exists in the database but has no corresponding entity
2021-04-24 16:53:18,049 |OFBiz-batch-1        |DatabaseUtil                  |W| Table named [BUDGET_SCENARIO] exists in the database but has no corresponding entity
2021-04-24 16:53:18,049 |OFBiz-batch-1        |DatabaseUtil                  |W| Table named [BUDGET_SCENARIO_APPLICATION] exists in the database but has no corresponding entity
2021-04-24 16:53:18,049 |OFBiz-batch-1        |DatabaseUtil                  |W| Table named [BUDGET_SCENARIO_RULE] exists in the database but has no corresponding entity
2021-04-24 16:53:18,049 |OFBiz-batch-1        |DatabaseUtil                  |W| Table named [BUDGET_STATUS] exists in the database but has no corresponding entity
2021-04-24 16:53:18,049 |OFBiz-batch-1        |DatabaseUtil                  |W| Table named [BUDGET_TYPE] exists in the database but has no corresponding entity
2021-04-24 16:53:18,049 |OFBiz-batch-1        |DatabaseUtil                  |W| Table named [BUDGET_TYPE_ATTR] exists in the database but has no corresponding entity
2021-04-24 16:53:18,049 |OFBiz-batch-1        |DatabaseUtil                  |W| Table named [CARRIER_SHIPMENT_BOX_TYPE] exists in the database but has no corresponding entity
2021-04-24 16:53:18,050 |OFBiz-batch-1        |DatabaseUtil                  |W| Table named [CARRIER_SHIPMENT_METHOD] exists in the database but has no corresponding entity
2021-04-24 16:53:18,050 |OFBiz-batch-1        |DatabaseUtil                  |W| Table named [CART_ABANDONED_LINE] exists in the database but has no corresponding entity
2021-04-24 16:53:18,050 |OFBiz-batch-1        |DatabaseUtil                  |W| Table named [CATALINA_SESSION] exists in the database but has no corresponding entity
2021-04-24 16:53:18,050 |OFBiz-batch-1        |DatabaseUtil                  |W| Table named [CHARACTER_SET] exists in the database but has no corresponding entity
2021-04-24 16:53:18,050 |OFBiz-batch-1        |DatabaseUtil                  |W| Table named [CHECK_ACCOUNT] exists in the database but has no corresponding entity
2021-04-24 16:53:18,050 |OFBiz-batch-1        |DatabaseUtil                  |W| Table named [COMMUNICATION_EVENT] exists in the database but has no corresponding entity
2021-04-24 16:53:18,050 |OFBiz-batch-1        |DatabaseUtil                  |W| Table named [COMMUNICATION_EVENT_ORDER] exists in the database but has no corresponding entity
2021-04-24 16:53:18,050 |OFBiz-batch-1        |DatabaseUtil                  |W| Table named [COMMUNICATION_EVENT_PRODUCT] exists in the database but has no corresponding entity
2021-04-24 16:53:18,050 |OFBiz-batch-1        |DatabaseUtil                  |W| Table named [COMMUNICATION_EVENT_PRP_TYP] exists in the database but has no corresponding entity
2021-04-24 16:53:18,050 |OFBiz-batch-1        |DatabaseUtil                  |W| Table named [COMMUNICATION_EVENT_PURPOSE] exists in the database but has no corresponding entity
2021-04-24 16:53:18,056 |OFBiz-batch-1        |DatabaseUtil                  |W| Table named [COMMUNICATION_EVENT_ROLE] exists in the database but has no corresponding entity
2021-04-24 16:53:18,056 |OFBiz-batch-1        |DatabaseUtil                  |W| Table named [COMMUNICATION_EVENT_TYPE] exists in the database but has no corresponding entity
2021-04-24 16:53:18,056 |OFBiz-batch-1        |DatabaseUtil                  |W| Table named [COMMUNICATION_EVENT_WORK_EFF] exists in the database but has no corresponding entity
2021-04-24 16:53:18,057 |OFBiz-batch-1        |DatabaseUtil                  |W| Table named [COMM_CONTENT_ASSOC_TYPE] exists in the database but has no corresponding entity
2021-04-24 16:53:18,057 |OFBiz-batch-1        |DatabaseUtil                  |W| Table named [COMM_EVENT_CONTENT_ASSOC] exists in the database but has no corresponding entity
2021-04-24 16:53:18,057 |OFBiz-batch-1        |DatabaseUtil                  |W| Table named [COMPONENT] exists in the database but has no corresponding entity
2021-04-24 16:53:18,057 |OFBiz-batch-1        |DatabaseUtil                  |W| Table named [CONFIG_OPTION_PRODUCT_OPTION] exists in the database but has no corresponding entity
2021-04-24 16:53:18,057 |OFBiz-batch-1        |DatabaseUtil                  |W| Table named [CONTACT_LIST] exists in the database but has no corresponding entity
2021-04-24 16:53:18,057 |OFBiz-batch-1        |DatabaseUtil                  |W| Table named [CONTACT_LIST_COMM_STATUS] exists in the database but has no corresponding entity
2021-04-24 16:53:18,057 |OFBiz-batch-1        |DatabaseUtil                  |W| Table named [CONTACT_LIST_PARTY] exists in the database but has no corresponding entity
2021-04-24 16:53:18,057 |OFBiz-batch-1        |DatabaseUtil                  |W| Table named [CONTACT_LIST_PARTY_STATUS] exists in the database but has no corresponding entity
2021-04-24 16:53:18,057 |OFBiz-batch-1        |DatabaseUtil                  |W| Table named [CONTACT_LIST_TYPE] exists in the database but has no corresponding entity
2021-04-24 16:53:18,057 |OFBiz-batch-1        |DatabaseUtil                  |W| Table named [CONTACT_MECH] exists in the database but has no corresponding entity
2021-04-24 16:53:18,057 |OFBiz-batch-1        |DatabaseUtil                  |W| Table named [CONTACT_MECH_ATTRIBUTE] exists in the database but has no corresponding entity
2021-04-24 16:53:18,057 |OFBiz-batch-1        |DatabaseUtil                  |W| Table named [CONTACT_MECH_LINK] exists in the database but has no corresponding entity
2021-04-24 16:53:18,057 |OFBiz-batch-1        |DatabaseUtil                  |W| Table named [CONTACT_MECH_PURPOSE_TYPE] exists in the database but has no corresponding entity
2021-04-24 16:53:18,057 |OFBiz-batch-1        |DatabaseUtil                  |W| Table named [CONTACT_MECH_TYPE] exists in the database but has no corresponding entity
2021-04-24 16:53:18,057 |OFBiz-batch-1        |DatabaseUtil                  |W| Table named [CONTACT_MECH_TYPE_ATTR] exists in the database but has no corresponding entity
2021-04-24 16:53:18,057 |OFBiz-batch-1        |DatabaseUtil                  |W| Table named [CONTACT_MECH_TYPE_PURPOSE] exists in the database but has no corresponding entity
2021-04-24 16:53:18,057 |OFBiz-batch-1        |DatabaseUtil                  |W| Table named [CONTAINER] exists in the database but has no corresponding entity
2021-04-24 16:53:18,058 |OFBiz-batch-1        |DatabaseUtil                  |W| Table named [CONTAINER_GEO_POINT] exists in the database but has no corresponding entity
2021-04-24 16:53:18,058 |OFBiz-batch-1        |DatabaseUtil                  |W| Table named [CONTAINER_TYPE] exists in the database but has no corresponding entity
2021-04-24 16:53:18,058 |OFBiz-batch-1        |DatabaseUtil                  |W| Table named [CONTENT] exists in the database but has no corresponding entity
2021-04-24 16:53:18,058 |OFBiz-batch-1        |DatabaseUtil                  |W| Table named [CONTENT_APPROVAL] exists in the database but has no corresponding entity
2021-04-24 16:53:18,058 |OFBiz-batch-1        |DatabaseUtil                  |W| Table named [CONTENT_ASSOC] exists in the database but has no corresponding entity
2021-04-24 16:53:18,058 |OFBiz-batch-1        |DatabaseUtil                  |W| Table named [CONTENT_ASSOC_PREDICATE] exists in the database but has no corresponding entity
2021-04-24 16:53:18,058 |OFBiz-batch-1        |DatabaseUtil                  |W| Table named [CONTENT_ASSOC_TYPE] exists in the database but has no corresponding entity
2021-04-24 16:53:18,058 |OFBiz-batch-1        |DatabaseUtil                  |W| Table named [CONTENT_ATTRIBUTE] exists in the database but has no corresponding entity
2021-04-24 16:53:18,058 |OFBiz-batch-1        |DatabaseUtil                  |W| Table named [CONTENT_KEYWORD] exists in the database but has no corresponding entity
2021-04-24 16:53:18,058 |OFBiz-batch-1        |DatabaseUtil                  |W| Table named [CONTENT_META_DATA] exists in the database but has no corresponding entity
2021-04-24 16:53:18,058 |OFBiz-batch-1        |DatabaseUtil                  |W| Table named [CONTENT_OPERATION] exists in the database but has no corresponding entity
2021-04-24 16:53:18,058 |OFBiz-batch-1        |DatabaseUtil                  |W| Table named [CONTENT_PURPOSE] exists in the database but has no corresponding entity
2021-04-24 16:53:18,058 |OFBiz-batch-1        |DatabaseUtil                  |W| Table named [CONTENT_PURPOSE_OPERATION] exists in the database but has no corresponding entity
2021-04-24 16:53:18,058 |OFBiz-batch-1        |DatabaseUtil                  |W| Table named [CONTENT_PURPOSE_TYPE] exists in the database but has no corresponding entity
2021-04-24 16:53:18,058 |OFBiz-batch-1        |DatabaseUtil                  |W| Table named [CONTENT_REVISION] exists in the database but has no corresponding entity
2021-04-24 16:53:18,058 |OFBiz-batch-1        |DatabaseUtil                  |W| Table named [CONTENT_REVISION_ITEM] exists in the database but has no corresponding entity
2021-04-24 16:53:18,059 |OFBiz-batch-1        |DatabaseUtil                  |W| Table named [CONTENT_ROLE] exists in the database but has no corresponding entity
2021-04-24 16:53:18,059 |OFBiz-batch-1        |DatabaseUtil                  |W| Table named [CONTENT_SEARCH_CONSTRAINT] exists in the database but has no corresponding entity
2021-04-24 16:53:18,059 |OFBiz-batch-1        |DatabaseUtil                  |W| Table named [CONTENT_SEARCH_RESULT] exists in the database but has no corresponding entity
2021-04-24 16:53:18,059 |OFBiz-batch-1        |DatabaseUtil                  |W| Table named [CONTENT_TYPE] exists in the database but has no corresponding entity
2021-04-24 16:53:18,059 |OFBiz-batch-1        |DatabaseUtil                  |W| Table named [CONTENT_TYPE_ATTR] exists in the database but has no corresponding entity
2021-04-24 16:53:18,059 |OFBiz-batch-1        |DatabaseUtil                  |W| Table named [COST_COMPONENT] exists in the database but has no corresponding entity
2021-04-24 16:53:18,059 |OFBiz-batch-1        |DatabaseUtil                  |W| Table named [COST_COMPONENT_ATTRIBUTE] exists in the database but has no corresponding entity
2021-04-24 16:53:18,059 |OFBiz-batch-1        |DatabaseUtil                  |W| Table named [COST_COMPONENT_CALC] exists in the database but has no corresponding entity
2021-04-24 16:53:18,059 |OFBiz-batch-1        |DatabaseUtil                  |W| Table named [COST_COMPONENT_TYPE] exists in the database but has no corresponding entity
2021-04-24 16:53:18,059 |OFBiz-batch-1        |DatabaseUtil                  |W| Table named [COST_COMPONENT_TYPE_ATTR] exists in the database but has no corresponding entity
2021-04-24 16:53:18,059 |OFBiz-batch-1        |DatabaseUtil                  |W| Table named [COUNTRY_ADDRESS_FORMAT] exists in the database but has no corresponding entity
2021-04-24 16:53:18,059 |OFBiz-batch-1        |DatabaseUtil                  |W| Table named [COUNTRY_CAPITAL] exists in the database but has no corresponding entity
2021-04-24 16:53:18,059 |OFBiz-batch-1        |DatabaseUtil                  |W| Table named [COUNTRY_CODE] exists in the database but has no corresponding entity
2021-04-24 16:53:18,059 |OFBiz-batch-1        |DatabaseUtil                  |W| Table named [COUNTRY_TELE_CODE] exists in the database but has no corresponding entity
2021-04-24 16:53:18,059 |OFBiz-batch-1        |DatabaseUtil                  |W| Table named [CREDIT_CARD] exists in the database but has no corresponding entity
2021-04-24 16:53:18,059 |OFBiz-batch-1        |DatabaseUtil                  |W| Table named [CREDIT_CARD_TYPE_GL_ACCOUNT] exists in the database but has no corresponding entity
2021-04-24 16:53:18,060 |OFBiz-batch-1        |DatabaseUtil                  |W| Table named [CUSTOM_METHOD] exists in the database but has no corresponding entity
2021-04-24 16:53:18,060 |OFBiz-batch-1        |DatabaseUtil                  |W| Table named [CUSTOM_METHOD_TYPE] exists in the database but has no corresponding entity
2021-04-24 16:53:18,060 |OFBiz-batch-1        |DatabaseUtil                  |W| Table named [CUSTOM_TIME_PERIOD] exists in the database but has no corresponding entity
2021-04-24 16:53:18,060 |OFBiz-batch-1        |DatabaseUtil                  |W| Table named [CUST_REQUEST] exists in the database but has no corresponding entity
2021-04-24 16:53:18,060 |OFBiz-batch-1        |DatabaseUtil                  |W| Table named [CUST_REQUEST_ATTRIBUTE] exists in the database but has no corresponding entity
2021-04-24 16:53:18,060 |OFBiz-batch-1        |DatabaseUtil                  |W| Table named [CUST_REQUEST_CATEGORY] exists in the database but has no corresponding entity
2021-04-24 16:53:18,060 |OFBiz-batch-1        |DatabaseUtil                  |W| Table named [CUST_REQUEST_COMM_EVENT] exists in the database but has no corresponding entity
2021-04-24 16:53:18,060 |OFBiz-batch-1        |DatabaseUtil                  |W| Table named [CUST_REQUEST_CONTENT] exists in the database but has no corresponding entity
2021-04-24 16:53:18,060 |OFBiz-batch-1        |DatabaseUtil                  |W| Table named [CUST_REQUEST_ITEM] exists in the database but has no corresponding entity
2021-04-24 16:53:18,060 |OFBiz-batch-1        |DatabaseUtil                  |W| Table named [CUST_REQUEST_ITEM_NOTE] exists in the database but has no corresponding entity
2021-04-24 16:53:18,060 |OFBiz-batch-1        |DatabaseUtil                  |W| Table named [CUST_REQUEST_ITEM_WORK_EFFORT] exists in the database but has no corresponding entity
2021-04-24 16:53:18,060 |OFBiz-batch-1        |DatabaseUtil                  |W| Table named [CUST_REQUEST_NOTE] exists in the database but has no corresponding entity
2021-04-24 16:53:18,060 |OFBiz-batch-1        |DatabaseUtil                  |W| Table named [CUST_REQUEST_PARTY] exists in the database but has no corresponding entity
2021-04-24 16:53:18,060 |OFBiz-batch-1        |DatabaseUtil                  |W| Table named [CUST_REQUEST_RESOLUTION] exists in the database but has no corresponding entity
2021-04-24 16:53:18,060 |OFBiz-batch-1        |DatabaseUtil                  |W| Table named [CUST_REQUEST_STATUS] exists in the database but has no corresponding entity
2021-04-24 16:53:18,060 |OFBiz-batch-1        |DatabaseUtil                  |W| Table named [CUST_REQUEST_TYPE] exists in the database but has no corresponding entity
2021-04-24 16:53:18,060 |OFBiz-batch-1        |DatabaseUtil                  |W| Table named [CUST_REQUEST_TYPE_ATTR] exists in the database but has no corresponding entity
2021-04-24 16:53:18,061 |OFBiz-batch-1        |DatabaseUtil                  |W| Table named [CUST_REQUEST_WORK_EFFORT] exists in the database but has no corresponding entity
2021-04-24 16:53:18,061 |OFBiz-batch-1        |DatabaseUtil                  |W| Table named [DATA_CATEGORY] exists in the database but has no corresponding entity
2021-04-24 16:53:18,061 |OFBiz-batch-1        |DatabaseUtil                  |W| Table named [DATA_RESOURCE] exists in the database but has no corresponding entity
2021-04-24 16:53:18,061 |OFBiz-batch-1        |DatabaseUtil                  |W| Table named [DATA_RESOURCE_ATTRIBUTE] exists in the database but has no corresponding entity
2021-04-24 16:53:18,061 |OFBiz-batch-1        |DatabaseUtil                  |W| Table named [DATA_RESOURCE_META_DATA] exists in the database but has no corresponding entity
2021-04-24 16:53:18,061 |OFBiz-batch-1        |DatabaseUtil                  |W| Table named [DATA_RESOURCE_PURPOSE] exists in the database but has no corresponding entity
2021-04-24 16:53:18,061 |OFBiz-batch-1        |DatabaseUtil                  |W| Table named [DATA_RESOURCE_ROLE] exists in the database but has no corresponding entity
2021-04-24 16:53:18,061 |OFBiz-batch-1        |DatabaseUtil                  |W| Table named [DATA_RESOURCE_TYPE] exists in the database but has no corresponding entity
2021-04-24 16:53:18,061 |OFBiz-batch-1        |DatabaseUtil                  |W| Table named [DATA_RESOURCE_TYPE_ATTR] exists in the database but has no corresponding entity
2021-04-24 16:53:18,061 |OFBiz-batch-1        |DatabaseUtil                  |W| Table named [DATA_SOURCE] exists in the database but has no corresponding entity
2021-04-24 16:53:18,061 |OFBiz-batch-1        |DatabaseUtil                  |W| Table named [DATA_SOURCE_TYPE] exists in the database but has no corresponding entity
2021-04-24 16:53:18,061 |OFBiz-batch-1        |DatabaseUtil                  |W| Table named [DATA_TEMPLATE_TYPE] exists in the database but has no corresponding entity
2021-04-24 16:53:18,061 |OFBiz-batch-1        |DatabaseUtil                  |W| Table named [DEDUCTION] exists in the database but has no corresponding entity
2021-04-24 16:53:18,061 |OFBiz-batch-1        |DatabaseUtil                  |W| Table named [DEDUCTION_TYPE] exists in the database but has no corresponding entity
2021-04-24 16:53:18,061 |OFBiz-batch-1        |DatabaseUtil                  |W| Table named [DELIVERABLE] exists in the database but has no corresponding entity
2021-04-24 16:53:18,061 |OFBiz-batch-1        |DatabaseUtil                  |W| Table named [DELIVERABLE_TYPE] exists in the database but has no corresponding entity
2021-04-24 16:53:18,062 |OFBiz-batch-1        |DatabaseUtil                  |W| Table named [DELIVERY] exists in the database but has no corresponding entity
2021-04-24 16:53:18,062 |OFBiz-batch-1        |DatabaseUtil                  |W| Table named [DESIRED_FEATURE] exists in the database but has no corresponding entity
2021-04-24 16:53:18,062 |OFBiz-batch-1        |DatabaseUtil                  |W| Table named [DOCUMENT] exists in the database but has no corresponding entity
2021-04-24 16:53:18,062 |OFBiz-batch-1        |DatabaseUtil                  |W| Table named [DOCUMENT_ATTRIBUTE] exists in the database but has no corresponding entity
2021-04-24 16:53:18,062 |OFBiz-batch-1        |DatabaseUtil                  |W| Table named [DOCUMENT_TYPE] exists in the database but has no corresponding entity
2021-04-24 16:53:18,062 |OFBiz-batch-1        |DatabaseUtil                  |W| Table named [DOCUMENT_TYPE_ATTR] exists in the database but has no corresponding entity
2021-04-24 16:53:18,062 |OFBiz-batch-1        |DatabaseUtil                  |W| Table named [EFT_ACCOUNT] exists in the database but has no corresponding entity
2021-04-24 16:53:18,062 |OFBiz-batch-1        |DatabaseUtil                  |W| Table named [ELECTRONIC_TEXT] exists in the database but has no corresponding entity
2021-04-24 16:53:18,062 |OFBiz-batch-1        |DatabaseUtil                  |W| Table named [EMAIL_ADDRESS_VERIFICATION] exists in the database but has no corresponding entity
2021-04-24 16:53:18,062 |OFBiz-batch-1        |DatabaseUtil                  |W| Table named [EMAIL_TEMPLATE_SETTING] exists in the database but has no corresponding entity
2021-04-24 16:53:18,062 |OFBiz-batch-1        |DatabaseUtil                  |W| Table named [EMPLOYMENT] exists in the database but has no corresponding entity
2021-04-24 16:53:18,062 |OFBiz-batch-1        |DatabaseUtil                  |W| Table named [EMPLOYMENT_APP] exists in the database but has no corresponding entity
2021-04-24 16:53:18,062 |OFBiz-batch-1        |DatabaseUtil                  |W| Table named [EMPLOYMENT_APP_SOURCE_TYPE] exists in the database but has no corresponding entity
2021-04-24 16:53:18,062 |OFBiz-batch-1        |DatabaseUtil                  |W| Table named [EMPL_LEAVE] exists in the database but has no corresponding entity
2021-04-24 16:53:18,062 |OFBiz-batch-1        |DatabaseUtil                  |W| Table named [EMPL_LEAVE_REASON_TYPE] exists in the database but has no corresponding entity
2021-04-24 16:53:18,062 |OFBiz-batch-1        |DatabaseUtil                  |W| Table named [EMPL_LEAVE_TYPE] exists in the database but has no corresponding entity
2021-04-24 16:53:18,063 |OFBiz-batch-1        |DatabaseUtil                  |W| Table named [EMPL_POSITION] exists in the database but has no corresponding entity
2021-04-24 16:53:18,063 |OFBiz-batch-1        |DatabaseUtil                  |W| Table named [EMPL_POSITION_CLASS_TYPE] exists in the database but has no corresponding entity
2021-04-24 16:53:18,063 |OFBiz-batch-1        |DatabaseUtil                  |W| Table named [EMPL_POSITION_FULFILLMENT] exists in the database but has no corresponding entity
2021-04-24 16:53:18,063 |OFBiz-batch-1        |DatabaseUtil                  |W| Table named [EMPL_POSITION_REPORTING_STRUCT] exists in the database but has no corresponding entity
2021-04-24 16:53:18,063 |OFBiz-batch-1        |DatabaseUtil                  |W| Table named [EMPL_POSITION_RESPONSIBILITY] exists in the database but has no corresponding entity
2021-04-24 16:53:18,063 |OFBiz-batch-1        |DatabaseUtil                  |W| Table named [EMPL_POSITION_TYPE] exists in the database but has no corresponding entity
2021-04-24 16:53:18,063 |OFBiz-batch-1        |DatabaseUtil                  |W| Table named [EMPL_POSITION_TYPE_CLASS] exists in the database but has no corresponding entity
2021-04-24 16:53:18,063 |OFBiz-batch-1        |DatabaseUtil                  |W| Table named [EMPL_POSITION_TYPE_RATE_NEW] exists in the database but has no corresponding entity
2021-04-24 16:53:18,063 |OFBiz-batch-1        |DatabaseUtil                  |W| Table named [ENTITY_AUDIT_LOG] exists in the database but has no corresponding entity
2021-04-24 16:53:18,063 |OFBiz-batch-1        |DatabaseUtil                  |W| Table named [ENTITY_GROUP] exists in the database but has no corresponding entity
2021-04-24 16:53:18,063 |OFBiz-batch-1        |DatabaseUtil                  |W| Table named [ENTITY_GROUP_ENTRY] exists in the database but has no corresponding entity
2021-04-24 16:53:18,063 |OFBiz-batch-1        |DatabaseUtil                  |W| Table named [ENTITY_KEY_STORE] exists in the database but has no corresponding entity
2021-04-24 16:53:18,063 |OFBiz-batch-1        |DatabaseUtil                  |W| Table named [ENTITY_SYNC] exists in the database but has no corresponding entity
2021-04-24 16:53:18,063 |OFBiz-batch-1        |DatabaseUtil                  |W| Table named [ENTITY_SYNC_HISTORY] exists in the database but has no corresponding entity
2021-04-24 16:53:18,063 |OFBiz-batch-1        |DatabaseUtil                  |W| Table named [ENTITY_SYNC_INCLUDE] exists in the database but has no corresponding entity
2021-04-24 16:53:18,064 |OFBiz-batch-1        |DatabaseUtil                  |W| Table named [ENTITY_SYNC_INCLUDE_GROUP] exists in the database but has no corresponding entity
2021-04-24 16:53:18,064 |OFBiz-batch-1        |DatabaseUtil                  |W| Table named [ENTITY_SYNC_REMOVE] exists in the database but has no corresponding entity
2021-04-24 16:53:18,064 |OFBiz-batch-1        |DatabaseUtil                  |W| Table named [ENUMERATION] exists in the database but has no corresponding entity
2021-04-24 16:53:18,064 |OFBiz-batch-1        |DatabaseUtil                  |W| Table named [ENUMERATION_TYPE] exists in the database but has no corresponding entity
2021-04-24 16:53:18,064 |OFBiz-batch-1        |DatabaseUtil                  |W| Table named [FACILITY] exists in the database but has no corresponding entity
2021-04-24 16:53:18,064 |OFBiz-batch-1        |DatabaseUtil                  |W| Table named [FACILITY_ATTRIBUTE] exists in the database but has no corresponding entity
2021-04-24 16:53:18,064 |OFBiz-batch-1        |DatabaseUtil                  |W| Table named [FACILITY_CALENDAR] exists in the database but has no corresponding entity
2021-04-24 16:53:18,064 |OFBiz-batch-1        |DatabaseUtil                  |W| Table named [FACILITY_CALENDAR_TYPE] exists in the database but has no corresponding entity
2021-04-24 16:53:18,064 |OFBiz-batch-1        |DatabaseUtil                  |W| Table named [FACILITY_CARRIER_SHIPMENT] exists in the database but has no corresponding entity
2021-04-24 16:53:18,064 |OFBiz-batch-1        |DatabaseUtil                  |W| Table named [FACILITY_CONTACT_MECH] exists in the database but has no corresponding entity
2021-04-24 16:53:18,064 |OFBiz-batch-1        |DatabaseUtil                  |W| Table named [FACILITY_CONTACT_MECH_PURPOSE] exists in the database but has no corresponding entity
2021-04-24 16:53:18,064 |OFBiz-batch-1        |DatabaseUtil                  |W| Table named [FACILITY_CONTENT] exists in the database but has no corresponding entity
2021-04-24 16:53:18,064 |OFBiz-batch-1        |DatabaseUtil                  |W| Table named [FACILITY_GROUP] exists in the database but has no corresponding entity
2021-04-24 16:53:18,064 |OFBiz-batch-1        |DatabaseUtil                  |W| Table named [FACILITY_GROUP_MEMBER] exists in the database but has no corresponding entity
2021-04-24 16:53:18,064 |OFBiz-batch-1        |DatabaseUtil                  |W| Table named [FACILITY_GROUP_ROLE] exists in the database but has no corresponding entity
2021-04-24 16:53:18,064 |OFBiz-batch-1        |DatabaseUtil                  |W| Table named [FACILITY_GROUP_ROLLUP] exists in the database but has no corresponding entity
2021-04-24 16:53:18,064 |OFBiz-batch-1        |DatabaseUtil                  |W| Table named [FACILITY_GROUP_TYPE] exists in the database but has no corresponding entity
2021-04-24 16:53:18,065 |OFBiz-batch-1        |DatabaseUtil                  |W| Table named [FACILITY_LOCATION] exists in the database but has no corresponding entity
2021-04-24 16:53:18,065 |OFBiz-batch-1        |DatabaseUtil                  |W| Table named [FACILITY_LOCATION_GEO_POINT] exists in the database but has no corresponding entity
2021-04-24 16:53:18,065 |OFBiz-batch-1        |DatabaseUtil                  |W| Table named [FACILITY_PARTY] exists in the database but has no corresponding entity
2021-04-24 16:53:18,065 |OFBiz-batch-1        |DatabaseUtil                  |W| Table named [FACILITY_TYPE] exists in the database but has no corresponding entity
2021-04-24 16:53:18,065 |OFBiz-batch-1        |DatabaseUtil                  |W| Table named [FACILITY_TYPE_ATTR] exists in the database but has no corresponding entity
2021-04-24 16:53:18,065 |OFBiz-batch-1        |DatabaseUtil                  |W| Table named [FILE_EXTENSION] exists in the database but has no corresponding entity
2021-04-24 16:53:18,065 |OFBiz-batch-1        |DatabaseUtil                  |W| Table named [FIN_ACCOUNT] exists in the database but has no corresponding entity
2021-04-24 16:53:18,065 |OFBiz-batch-1        |DatabaseUtil                  |W| Table named [FIN_ACCOUNT_ATTRIBUTE] exists in the database but has no corresponding entity
2021-04-24 16:53:18,065 |OFBiz-batch-1        |DatabaseUtil                  |W| Table named [FIN_ACCOUNT_AUTH] exists in the database but has no corresponding entity
2021-04-24 16:53:18,065 |OFBiz-batch-1        |DatabaseUtil                  |W| Table named [FIN_ACCOUNT_ROLE] exists in the database but has no corresponding entity
2021-04-24 16:53:18,065 |OFBiz-batch-1        |DatabaseUtil                  |W| Table named [FIN_ACCOUNT_STATUS] exists in the database but has no corresponding entity
2021-04-24 16:53:18,065 |OFBiz-batch-1        |DatabaseUtil                  |W| Table named [FIN_ACCOUNT_TRANS] exists in the database but has no corresponding entity
2021-04-24 16:53:18,065 |OFBiz-batch-1        |DatabaseUtil                  |W| Table named [FIN_ACCOUNT_TRANS_ATTRIBUTE] exists in the database but has no corresponding entity
2021-04-24 16:53:18,070 |OFBiz-batch-1        |DatabaseUtil                  |W| Table named [FIN_ACCOUNT_TRANS_TYPE] exists in the database but has no corresponding entity
2021-04-24 16:53:18,070 |OFBiz-batch-1        |DatabaseUtil                  |W| Table named [FIN_ACCOUNT_TRANS_TYPE_ATTR] exists in the database but has no corresponding entity
2021-04-24 16:53:18,070 |OFBiz-batch-1        |DatabaseUtil                  |W| Table named [FIN_ACCOUNT_TYPE] exists in the database but has no corresponding entity
2021-04-24 16:53:18,071 |OFBiz-batch-1        |DatabaseUtil                  |W| Table named [FIN_ACCOUNT_TYPE_ATTR] exists in the database but has no corresponding entity
2021-04-24 16:53:18,071 |OFBiz-batch-1        |DatabaseUtil                  |W| Table named [FIN_ACCOUNT_TYPE_GL_ACCOUNT] exists in the database but has no corresponding entity
2021-04-24 16:53:18,071 |OFBiz-batch-1        |DatabaseUtil                  |W| Table named [FIXED_ASSET] exists in the database but has no corresponding entity
2021-04-24 16:53:18,071 |OFBiz-batch-1        |DatabaseUtil                  |W| Table named [FIXED_ASSET_ATTRIBUTE] exists in the database but has no corresponding entity
2021-04-24 16:53:18,071 |OFBiz-batch-1        |DatabaseUtil                  |W| Table named [FIXED_ASSET_DEP_METHOD] exists in the database but has no corresponding entity
2021-04-24 16:53:18,071 |OFBiz-batch-1        |DatabaseUtil                  |W| Table named [FIXED_ASSET_GEO_POINT] exists in the database but has no corresponding entity
2021-04-24 16:53:18,071 |OFBiz-batch-1        |DatabaseUtil                  |W| Table named [FIXED_ASSET_IDENT] exists in the database but has no corresponding entity
2021-04-24 16:53:18,071 |OFBiz-batch-1        |DatabaseUtil                  |W| Table named [FIXED_ASSET_IDENT_TYPE] exists in the database but has no corresponding entity
2021-04-24 16:53:18,071 |OFBiz-batch-1        |DatabaseUtil                  |W| Table named [FIXED_ASSET_MAINT] exists in the database but has no corresponding entity
2021-04-24 16:53:18,071 |OFBiz-batch-1        |DatabaseUtil                  |W| Table named [FIXED_ASSET_MAINT_ORDER] exists in the database but has no corresponding entity
2021-04-24 16:53:18,071 |OFBiz-batch-1        |DatabaseUtil                  |W| Table named [FIXED_ASSET_METER] exists in the database but has no corresponding entity
2021-04-24 16:53:18,071 |OFBiz-batch-1        |DatabaseUtil                  |W| Table named [FIXED_ASSET_PRODUCT] exists in the database but has no corresponding entity
2021-04-24 16:53:18,071 |OFBiz-batch-1        |DatabaseUtil                  |W| Table named [FIXED_ASSET_PRODUCT_TYPE] exists in the database but has no corresponding entity
2021-04-24 16:53:18,071 |OFBiz-batch-1        |DatabaseUtil                  |W| Table named [FIXED_ASSET_REGISTRATION] exists in the database but has no corresponding entity
2021-04-24 16:53:18,071 |OFBiz-batch-1        |DatabaseUtil                  |W| Table named [FIXED_ASSET_STD_COST] exists in the database but has no corresponding entity
2021-04-24 16:53:18,071 |OFBiz-batch-1        |DatabaseUtil                  |W| Table named [FIXED_ASSET_STD_COST_TYPE] exists in the database but has no corresponding entity
2021-04-24 16:53:18,071 |OFBiz-batch-1        |DatabaseUtil                  |W| Table named [FIXED_ASSET_TYPE] exists in the database but has no corresponding entity
2021-04-24 16:53:18,071 |OFBiz-batch-1        |DatabaseUtil                  |W| Table named [FIXED_ASSET_TYPE_ATTR] exists in the database but has no corresponding entity
2021-04-24 16:53:18,072 |OFBiz-batch-1        |DatabaseUtil                  |W| Table named [FIXED_ASSET_TYPE_GL_ACCOUNT] exists in the database but has no corresponding entity
2021-04-24 16:53:18,073 |OFBiz-batch-1        |DatabaseUtil                  |W| Table named [GEO] exists in the database but has no corresponding entity
2021-04-24 16:53:18,073 |OFBiz-batch-1        |DatabaseUtil                  |W| Table named [GEO_ASSOC] exists in the database but has no corresponding entity
2021-04-24 16:53:18,073 |OFBiz-batch-1        |DatabaseUtil                  |W| Table named [GEO_ASSOC_TYPE] exists in the database but has no corresponding entity
2021-04-24 16:53:18,073 |OFBiz-batch-1        |DatabaseUtil                  |W| Table named [GEO_POINT] exists in the database but has no corresponding entity
2021-04-24 16:53:18,073 |OFBiz-batch-1        |DatabaseUtil                  |W| Table named [GEO_TYPE] exists in the database but has no corresponding entity
2021-04-24 16:53:18,073 |OFBiz-batch-1        |DatabaseUtil                  |W| Table named [GIFT_CARD] exists in the database but has no corresponding entity
2021-04-24 16:53:18,073 |OFBiz-batch-1        |DatabaseUtil                  |W| Table named [GIFT_CARD_FULFILLMENT] exists in the database but has no corresponding entity
2021-04-24 16:53:18,074 |OFBiz-batch-1        |DatabaseUtil                  |W| Table named [GL_ACCOUNT] exists in the database but has no corresponding entity
2021-04-24 16:53:18,074 |OFBiz-batch-1        |DatabaseUtil                  |W| Table named [GL_ACCOUNT_CATEGORY] exists in the database but has no corresponding entity
2021-04-24 16:53:18,074 |OFBiz-batch-1        |DatabaseUtil                  |W| Table named [GL_ACCOUNT_CATEGORY_MEMBER] exists in the database but has no corresponding entity
2021-04-24 16:53:18,074 |OFBiz-batch-1        |DatabaseUtil                  |W| Table named [GL_ACCOUNT_CATEGORY_TYPE] exists in the database but has no corresponding entity
2021-04-24 16:53:18,074 |OFBiz-batch-1        |DatabaseUtil                  |W| Table named [GL_ACCOUNT_CLASS] exists in the database but has no corresponding entity
2021-04-24 16:53:18,074 |OFBiz-batch-1        |DatabaseUtil                  |W| Table named [GL_ACCOUNT_GROUP] exists in the database but has no corresponding entity
2021-04-24 16:53:18,074 |OFBiz-batch-1        |DatabaseUtil                  |W| Table named [GL_ACCOUNT_GROUP_MEMBER] exists in the database but has no corresponding entity
2021-04-24 16:53:18,074 |OFBiz-batch-1        |DatabaseUtil                  |W| Table named [GL_ACCOUNT_GROUP_TYPE] exists in the database but has no corresponding entity
2021-04-24 16:53:18,075 |OFBiz-batch-1        |DatabaseUtil                  |W| Table named [GL_ACCOUNT_HISTORY] exists in the database but has no corresponding entity
2021-04-24 16:53:18,075 |OFBiz-batch-1        |DatabaseUtil                  |W| Table named [GL_ACCOUNT_ORGANIZATION] exists in the database but has no corresponding entity
2021-04-24 16:53:18,075 |OFBiz-batch-1        |DatabaseUtil                  |W| Table named [GL_ACCOUNT_ROLE] exists in the database but has no corresponding entity
2021-04-24 16:53:18,075 |OFBiz-batch-1        |DatabaseUtil                  |W| Table named [GL_ACCOUNT_TYPE] exists in the database but has no corresponding entity
2021-04-24 16:53:18,075 |OFBiz-batch-1        |DatabaseUtil                  |W| Table named [GL_ACCOUNT_TYPE_DEFAULT] exists in the database but has no corresponding entity
2021-04-24 16:53:18,075 |OFBiz-batch-1        |DatabaseUtil                  |W| Table named [GL_BUDGET_XREF] exists in the database but has no corresponding entity
2021-04-24 16:53:18,075 |OFBiz-batch-1        |DatabaseUtil                  |W| Table named [GL_FISCAL_TYPE] exists in the database but has no corresponding entity
2021-04-24 16:53:18,075 |OFBiz-batch-1        |DatabaseUtil                  |W| Table named [GL_JOURNAL] exists in the database but has no corresponding entity
2021-04-24 16:53:18,075 |OFBiz-batch-1        |DatabaseUtil                  |W| Table named [GL_RECONCILIATION] exists in the database but has no corresponding entity
2021-04-24 16:53:18,075 |OFBiz-batch-1        |DatabaseUtil                  |W| Table named [GL_RECONCILIATION_ENTRY] exists in the database but has no corresponding entity
2021-04-24 16:53:18,075 |OFBiz-batch-1        |DatabaseUtil                  |W| Table named [GL_RESOURCE_TYPE] exists in the database but has no corresponding entity
2021-04-24 16:53:18,075 |OFBiz-batch-1        |DatabaseUtil                  |W| Table named [GL_XBRL_CLASS] exists in the database but has no corresponding entity
2021-04-24 16:53:18,075 |OFBiz-batch-1        |DatabaseUtil                  |W| Table named [GOOD_IDENTIFICATION] exists in the database but has no corresponding entity
2021-04-24 16:53:18,075 |OFBiz-batch-1        |DatabaseUtil                  |W| Table named [GOOD_IDENTIFICATION_TYPE] exists in the database but has no corresponding entity
2021-04-24 16:53:18,075 |OFBiz-batch-1        |DatabaseUtil                  |W| Table named [HOST_SUMMARY] exists in the database but has no corresponding entity
2021-04-24 16:53:18,075 |OFBiz-batch-1        |DatabaseUtil                  |W| Table named [HOST_SUMMARY_BY_FILE_IO] exists in the database but has no corresponding entity
2021-04-24 16:53:18,075 |OFBiz-batch-1        |DatabaseUtil                  |W| Table named [HOST_SUMMARY_BY_FILE_IO_TYPE] exists in the database but has no corresponding entity
2021-04-24 16:53:18,076 |OFBiz-batch-1        |DatabaseUtil                  |W| Table named [HOST_SUMMARY_BY_STAGES] exists in the database but has no corresponding entity
2021-04-24 16:53:18,076 |OFBiz-batch-1        |DatabaseUtil                  |W| Table named [HOST_SUMMARY_BY_STATEMENT_LATENCY] exists in the database but has no corresponding entity
2021-04-24 16:53:18,076 |OFBiz-batch-1        |DatabaseUtil                  |W| Table named [HOST_SUMMARY_BY_STATEMENT_TYPE] exists in the database but has no corresponding entity
2021-04-24 16:53:18,076 |OFBiz-batch-1        |DatabaseUtil                  |W| Table named [IMAGE_DATA_RESOURCE] exists in the database but has no corresponding entity
2021-04-24 16:53:18,077 |OFBiz-batch-1        |DatabaseUtil                  |W| Table named [INNODB_BUFFER_STATS_BY_SCHEMA] exists in the database but has no corresponding entity
2021-04-24 16:53:18,077 |OFBiz-batch-1        |DatabaseUtil                  |W| Table named [INNODB_BUFFER_STATS_BY_TABLE] exists in the database but has no corresponding entity
2021-04-24 16:53:18,077 |OFBiz-batch-1        |DatabaseUtil                  |W| Table named [INNODB_LOCK_WAITS] exists in the database but has no corresponding entity
2021-04-24 16:53:18,077 |OFBiz-batch-1        |DatabaseUtil                  |W| Table named [INVENTORY_ITEM] exists in the database but has no corresponding entity
2021-04-24 16:53:18,078 |OFBiz-batch-1        |DatabaseUtil                  |W| Table named [INVENTORY_ITEM_ATTRIBUTE] exists in the database but has no corresponding entity
2021-04-24 16:53:18,078 |OFBiz-batch-1        |DatabaseUtil                  |W| Table named [INVENTORY_ITEM_DETAIL] exists in the database but has no corresponding entity
2021-04-24 16:53:18,078 |OFBiz-batch-1        |DatabaseUtil                  |W| Table named [INVENTORY_ITEM_LABEL] exists in the database but has no corresponding entity
2021-04-24 16:53:18,078 |OFBiz-batch-1        |DatabaseUtil                  |W| Table named [INVENTORY_ITEM_LABEL_APPL] exists in the database but has no corresponding entity
2021-04-24 16:53:18,078 |OFBiz-batch-1        |DatabaseUtil                  |W| Table named [INVENTORY_ITEM_LABEL_TYPE] exists in the database but has no corresponding entity
2021-04-24 16:53:18,078 |OFBiz-batch-1        |DatabaseUtil                  |W| Table named [INVENTORY_ITEM_STATUS] exists in the database but has no corresponding entity
2021-04-24 16:53:18,079 |OFBiz-batch-1        |DatabaseUtil                  |W| Table named [INVENTORY_ITEM_TEMP_RES] exists in the database but has no corresponding entity
2021-04-24 16:53:18,079 |OFBiz-batch-1        |DatabaseUtil                  |W| Table named [INVENTORY_ITEM_TYPE] exists in the database but has no corresponding entity
2021-04-24 16:53:18,079 |OFBiz-batch-1        |DatabaseUtil                  |W| Table named [INVENTORY_ITEM_TYPE_ATTR] exists in the database but has no corresponding entity
2021-04-24 16:53:18,079 |OFBiz-batch-1        |DatabaseUtil                  |W| Table named [INVENTORY_ITEM_VARIANCE] exists in the database but has no corresponding entity
2021-04-24 16:53:18,079 |OFBiz-batch-1        |DatabaseUtil                  |W| Table named [INVENTORY_TRANSFER] exists in the database but has no corresponding entity
2021-04-24 16:53:18,079 |OFBiz-batch-1        |DatabaseUtil                  |W| Table named [INVOICE] exists in the database but has no corresponding entity
2021-04-24 16:53:18,080 |OFBiz-batch-1        |DatabaseUtil                  |W| Table named [INVOICE_ATTRIBUTE] exists in the database but has no corresponding entity
2021-04-24 16:53:18,080 |OFBiz-batch-1        |DatabaseUtil                  |W| Table named [INVOICE_CONTACT_MECH] exists in the database but has no corresponding entity
2021-04-24 16:53:18,080 |OFBiz-batch-1        |DatabaseUtil                  |W| Table named [INVOICE_CONTENT] exists in the database but has no corresponding entity
2021-04-24 16:53:18,080 |OFBiz-batch-1        |DatabaseUtil                  |W| Table named [INVOICE_CONTENT_TYPE] exists in the database but has no corresponding entity
2021-04-24 16:53:18,080 |OFBiz-batch-1        |DatabaseUtil                  |W| Table named [INVOICE_ITEM] exists in the database but has no corresponding entity
2021-04-24 16:53:18,080 |OFBiz-batch-1        |DatabaseUtil                  |W| Table named [INVOICE_ITEM_ASSOC] exists in the database but has no corresponding entity
2021-04-24 16:53:18,080 |OFBiz-batch-1        |DatabaseUtil                  |W| Table named [INVOICE_ITEM_ASSOC_TYPE] exists in the database but has no corresponding entity
2021-04-24 16:53:18,080 |OFBiz-batch-1        |DatabaseUtil                  |W| Table named [INVOICE_ITEM_ATTRIBUTE] exists in the database but has no corresponding entity
2021-04-24 16:53:18,081 |OFBiz-batch-1        |DatabaseUtil                  |W| Table named [INVOICE_ITEM_TYPE] exists in the database but has no corresponding entity
2021-04-24 16:53:18,082 |OFBiz-batch-1        |DatabaseUtil                  |W| Table named [INVOICE_ITEM_TYPE_ATTR] exists in the database but has no corresponding entity
2021-04-24 16:53:18,086 |OFBiz-batch-1        |DatabaseUtil                  |W| Table named [INVOICE_ITEM_TYPE_GL_ACCOUNT] exists in the database but has no corresponding entity
2021-04-24 16:53:18,086 |OFBiz-batch-1        |DatabaseUtil                  |W| Table named [INVOICE_ITEM_TYPE_MAP] exists in the database but has no corresponding entity
2021-04-24 16:53:18,087 |OFBiz-batch-1        |DatabaseUtil                  |W| Table named [INVOICE_NOTE] exists in the database but has no corresponding entity
2021-04-24 16:53:18,087 |OFBiz-batch-1        |DatabaseUtil                  |W| Table named [INVOICE_ROLE] exists in the database but has no corresponding entity
2021-04-24 16:53:18,087 |OFBiz-batch-1        |DatabaseUtil                  |W| Table named [INVOICE_STATUS] exists in the database but has no corresponding entity
2021-04-24 16:53:18,087 |OFBiz-batch-1        |DatabaseUtil                  |W| Table named [INVOICE_TERM] exists in the database but has no corresponding entity
2021-04-24 16:53:18,087 |OFBiz-batch-1        |DatabaseUtil                  |W| Table named [INVOICE_TERM_ATTRIBUTE] exists in the database but has no corresponding entity
2021-04-24 16:53:18,087 |OFBiz-batch-1        |DatabaseUtil                  |W| Table named [INVOICE_TYPE] exists in the database but has no corresponding entity
2021-04-24 16:53:18,087 |OFBiz-batch-1        |DatabaseUtil                  |W| Table named [INVOICE_TYPE_ATTR] exists in the database but has no corresponding entity
2021-04-24 16:53:18,087 |OFBiz-batch-1        |DatabaseUtil                  |W| Table named [IO_BY_THREAD_BY_LATENCY] exists in the database but has no corresponding entity
2021-04-24 16:53:18,087 |OFBiz-batch-1        |DatabaseUtil                  |W| Table named [IO_GLOBAL_BY_FILE_BY_BYTES] exists in the database but has no corresponding entity
2021-04-24 16:53:18,087 |OFBiz-batch-1        |DatabaseUtil                  |W| Table named [IO_GLOBAL_BY_FILE_BY_LATENCY] exists in the database but has no corresponding entity
2021-04-24 16:53:18,087 |OFBiz-batch-1        |DatabaseUtil                  |W| Table named [IO_GLOBAL_BY_WAIT_BY_BYTES] exists in the database but has no corresponding entity
2021-04-24 16:53:18,087 |OFBiz-batch-1        |DatabaseUtil                  |W| Table named [IO_GLOBAL_BY_WAIT_BY_LATENCY] exists in the database but has no corresponding entity
2021-04-24 16:53:18,087 |OFBiz-batch-1        |DatabaseUtil                  |W| Table named [ITEM_ISSUANCE] exists in the database but has no corresponding entity
2021-04-24 16:53:18,087 |OFBiz-batch-1        |DatabaseUtil                  |W| Table named [ITEM_ISSUANCE_ROLE] exists in the database but has no corresponding entity
2021-04-24 16:53:18,087 |OFBiz-batch-1        |DatabaseUtil                  |W| Table named [JAVA_RESOURCE] exists in the database but has no corresponding entity
2021-04-24 16:53:18,087 |OFBiz-batch-1        |DatabaseUtil                  |W| Table named [JOB_INTERVIEW] exists in the database but has no corresponding entity
2021-04-24 16:53:18,087 |OFBiz-batch-1        |DatabaseUtil                  |W| Table named [JOB_INTERVIEW_TYPE] exists in the database but has no corresponding entity
2021-04-24 16:53:18,087 |OFBiz-batch-1        |DatabaseUtil                  |W| Table named [JOB_MANAGER_LOCK] exists in the database but has no corresponding entity
2021-04-24 16:53:18,090 |OFBiz-batch-1        |DatabaseUtil                  |W| Table named [JOB_REQUISITION] exists in the database but has no corresponding entity
2021-04-24 16:53:18,090 |OFBiz-batch-1        |DatabaseUtil                  |W| Table named [JOB_SANDBOX] exists in the database but has no corresponding entity
2021-04-24 16:53:18,090 |OFBiz-batch-1        |DatabaseUtil                  |W| Table named [KEYWORD_THESAURUS] exists in the database but has no corresponding entity
2021-04-24 16:53:18,090 |OFBiz-batch-1        |DatabaseUtil                  |W| Table named [LATEST_FILE_IO] exists in the database but has no corresponding entity
2021-04-24 16:53:18,090 |OFBiz-batch-1        |DatabaseUtil                  |W| Table named [LOT] exists in the database but has no corresponding entity
2021-04-24 16:53:18,091 |OFBiz-batch-1        |DatabaseUtil                  |W| Table named [MARKETING_CAMPAIGN] exists in the database but has no corresponding entity
2021-04-24 16:53:18,091 |OFBiz-batch-1        |DatabaseUtil                  |W| Table named [MARKETING_CAMPAIGN_NOTE] exists in the database but has no corresponding entity
2021-04-24 16:53:18,091 |OFBiz-batch-1        |DatabaseUtil                  |W| Table named [MARKETING_CAMPAIGN_PRICE] exists in the database but has no corresponding entity
2021-04-24 16:53:18,091 |OFBiz-batch-1        |DatabaseUtil                  |W| Table named [MARKETING_CAMPAIGN_PROMO] exists in the database but has no corresponding entity
2021-04-24 16:53:18,091 |OFBiz-batch-1        |DatabaseUtil                  |W| Table named [MARKETING_CAMPAIGN_ROLE] exists in the database but has no corresponding entity
2021-04-24 16:53:18,091 |OFBiz-batch-1        |DatabaseUtil                  |W| Table named [MARKET_INTEREST] exists in the database but has no corresponding entity
2021-04-24 16:53:18,091 |OFBiz-batch-1        |DatabaseUtil                  |W| Table named [MEMORY_BY_HOST_BY_CURRENT_BYTES] exists in the database but has no corresponding entity
2021-04-24 16:53:18,091 |OFBiz-batch-1        |DatabaseUtil                  |W| Table named [MEMORY_BY_THREAD_BY_CURRENT_BYTES] exists in the database but has no corresponding entity
2021-04-24 16:53:18,091 |OFBiz-batch-1        |DatabaseUtil                  |W| Table named [MEMORY_BY_USER_BY_CURRENT_BYTES] exists in the database but has no corresponding entity
2021-04-24 16:53:18,091 |OFBiz-batch-1        |DatabaseUtil                  |W| Table named [MEMORY_GLOBAL_BY_CURRENT_BYTES] exists in the database but has no corresponding entity
2021-04-24 16:53:18,091 |OFBiz-batch-1        |DatabaseUtil                  |W| Table named [MEMORY_GLOBAL_TOTAL] exists in the database but has no corresponding entity
2021-04-24 16:53:18,091 |OFBiz-batch-1        |DatabaseUtil                  |W| Table named [META_DATA_PREDICATE] exists in the database but has no corresponding entity
2021-04-24 16:53:18,091 |OFBiz-batch-1        |DatabaseUtil                  |W| Table named [METRICS] exists in the database but has no corresponding entity
2021-04-24 16:53:18,091 |OFBiz-batch-1        |DatabaseUtil                  |W| Table named [MIME_TYPE] exists in the database but has no corresponding entity
2021-04-24 16:53:18,091 |OFBiz-batch-1        |DatabaseUtil                  |W| Table named [MIME_TYPE_HTML_TEMPLATE] exists in the database but has no corresponding entity
2021-04-24 16:53:18,091 |OFBiz-batch-1        |DatabaseUtil                  |W| Table named [MRP_EVENT] exists in the database but has no corresponding entity
2021-04-24 16:53:18,091 |OFBiz-batch-1        |DatabaseUtil                  |W| Table named [MRP_EVENT_TYPE] exists in the database but has no corresponding entity
2021-04-24 16:53:18,091 |OFBiz-batch-1        |DatabaseUtil                  |W| Table named [NEED_TYPE] exists in the database but has no corresponding entity
2021-04-24 16:53:18,091 |OFBiz-batch-1        |DatabaseUtil                  |W| Table named [NOTE_DATA] exists in the database but has no corresponding entity
2021-04-24 16:53:18,091 |OFBiz-batch-1        |DatabaseUtil                  |W| Table named [ORDER_ADJUSTMENT] exists in the database but has no corresponding entity
2021-04-24 16:53:18,091 |OFBiz-batch-1        |DatabaseUtil                  |W| Table named [ORDER_ADJUSTMENT_ATTRIBUTE] exists in the database but has no corresponding entity
2021-04-24 16:53:18,091 |OFBiz-batch-1        |DatabaseUtil                  |W| Table named [ORDER_ADJUSTMENT_BILLING] exists in the database but has no corresponding entity
2021-04-24 16:53:18,091 |OFBiz-batch-1        |DatabaseUtil                  |W| Table named [ORDER_ADJUSTMENT_TYPE] exists in the database but has no corresponding entity
2021-04-24 16:53:18,091 |OFBiz-batch-1        |DatabaseUtil                  |W| Table named [ORDER_ADJUSTMENT_TYPE_ATTR] exists in the database but has no corresponding entity
2021-04-24 16:53:18,091 |OFBiz-batch-1        |DatabaseUtil                  |W| Table named [ORDER_ATTRIBUTE] exists in the database but has no corresponding entity
2021-04-24 16:53:18,091 |OFBiz-batch-1        |DatabaseUtil                  |W| Table named [ORDER_BLACKLIST] exists in the database but has no corresponding entity
2021-04-24 16:53:18,092 |OFBiz-batch-1        |DatabaseUtil                  |W| Table named [ORDER_BLACKLIST_TYPE] exists in the database but has no corresponding entity
2021-04-24 16:53:18,092 |OFBiz-batch-1        |DatabaseUtil                  |W| Table named [ORDER_CONTACT_MECH] exists in the database but has no corresponding entity
2021-04-24 16:53:18,092 |OFBiz-batch-1        |DatabaseUtil                  |W| Table named [ORDER_CONTENT] exists in the database but has no corresponding entity
2021-04-24 16:53:18,092 |OFBiz-batch-1        |DatabaseUtil                  |W| Table named [ORDER_CONTENT_TYPE] exists in the database but has no corresponding entity
2021-04-24 16:53:18,092 |OFBiz-batch-1        |DatabaseUtil                  |W| Table named [ORDER_DELIVERY_SCHEDULE] exists in the database but has no corresponding entity
2021-04-24 16:53:18,092 |OFBiz-batch-1        |DatabaseUtil                  |W| Table named [ORDER_HEADER] exists in the database but has no corresponding entity
2021-04-24 16:53:18,092 |OFBiz-batch-1        |DatabaseUtil                  |W| Table named [ORDER_HEADER_NOTE] exists in the database but has no corresponding entity
2021-04-24 16:53:18,092 |OFBiz-batch-1        |DatabaseUtil                  |W| Table named [ORDER_HEADER_WORK_EFFORT] exists in the database but has no corresponding entity
2021-04-24 16:53:18,092 |OFBiz-batch-1        |DatabaseUtil                  |W| Table named [ORDER_ITEM] exists in the database but has no corresponding entity
2021-04-24 16:53:18,092 |OFBiz-batch-1        |DatabaseUtil                  |W| Table named [ORDER_ITEM_ASSOC] exists in the database but has no corresponding entity
2021-04-24 16:53:18,092 |OFBiz-batch-1        |DatabaseUtil                  |W| Table named [ORDER_ITEM_ASSOC_TYPE] exists in the database but has no corresponding entity
2021-04-24 16:53:18,092 |OFBiz-batch-1        |DatabaseUtil                  |W| Table named [ORDER_ITEM_ATTRIBUTE] exists in the database but has no corresponding entity
2021-04-24 16:53:18,092 |OFBiz-batch-1        |DatabaseUtil                  |W| Table named [ORDER_ITEM_BILLING] exists in the database but has no corresponding entity
2021-04-24 16:53:18,092 |OFBiz-batch-1        |DatabaseUtil                  |W| Table named [ORDER_ITEM_CHANGE] exists in the database but has no corresponding entity
2021-04-24 16:53:18,092 |OFBiz-batch-1        |DatabaseUtil                  |W| Table named [ORDER_ITEM_CONTACT_MECH] exists in the database but has no corresponding entity
2021-04-24 16:53:18,092 |OFBiz-batch-1        |DatabaseUtil                  |W| Table named [ORDER_ITEM_GROUP] exists in the database but has no corresponding entity
2021-04-24 16:53:18,092 |OFBiz-batch-1        |DatabaseUtil                  |W| Table named [ORDER_ITEM_GROUP_ORDER] exists in the database but has no corresponding entity
2021-04-24 16:53:18,092 |OFBiz-batch-1        |DatabaseUtil                  |W| Table named [ORDER_ITEM_PRICE_INFO] exists in the database but has no corresponding entity
2021-04-24 16:53:18,092 |OFBiz-batch-1        |DatabaseUtil                  |W| Table named [ORDER_ITEM_ROLE] exists in the database but has no corresponding entity
2021-04-24 16:53:18,092 |OFBiz-batch-1        |DatabaseUtil                  |W| Table named [ORDER_ITEM_SHIP_GROUP] exists in the database but has no corresponding entity
2021-04-24 16:53:18,092 |OFBiz-batch-1        |DatabaseUtil                  |W| Table named [ORDER_ITEM_SHIP_GROUP_ASSOC] exists in the database but has no corresponding entity
2021-04-24 16:53:18,092 |OFBiz-batch-1        |DatabaseUtil                  |W| Table named [ORDER_ITEM_SHIP_GRP_INV_RES] exists in the database but has no corresponding entity
2021-04-24 16:53:18,092 |OFBiz-batch-1        |DatabaseUtil                  |W| Table named [ORDER_ITEM_TYPE] exists in the database but has no corresponding entity
2021-04-24 16:53:18,092 |OFBiz-batch-1        |DatabaseUtil                  |W| Table named [ORDER_ITEM_TYPE_ATTR] exists in the database but has no corresponding entity
2021-04-24 16:53:18,092 |OFBiz-batch-1        |DatabaseUtil                  |W| Table named [ORDER_NOTIFICATION] exists in the database but has no corresponding entity
2021-04-24 16:53:18,093 |OFBiz-batch-1        |DatabaseUtil                  |W| Table named [ORDER_PAYMENT_PREFERENCE] exists in the database but has no corresponding entity
2021-04-24 16:53:18,093 |OFBiz-batch-1        |DatabaseUtil                  |W| Table named [ORDER_PRODUCT_PROMO_CODE] exists in the database but has no corresponding entity
2021-04-24 16:53:18,093 |OFBiz-batch-1        |DatabaseUtil                  |W| Table named [ORDER_REQUIREMENT_COMMITMENT] exists in the database but has no corresponding entity
2021-04-24 16:53:18,093 |OFBiz-batch-1        |DatabaseUtil                  |W| Table named [ORDER_ROLE] exists in the database but has no corresponding entity
2021-04-24 16:53:18,093 |OFBiz-batch-1        |DatabaseUtil                  |W| Table named [ORDER_SHIPMENT] exists in the database but has no corresponding entity
2021-04-24 16:53:18,093 |OFBiz-batch-1        |DatabaseUtil                  |W| Table named [ORDER_STATUS] exists in the database but has no corresponding entity
2021-04-24 16:53:18,093 |OFBiz-batch-1        |DatabaseUtil                  |W| Table named [ORDER_SUMMARY_ENTRY] exists in the database but has no corresponding entity
2021-04-24 16:53:18,093 |OFBiz-batch-1        |DatabaseUtil                  |W| Table named [ORDER_TERM] exists in the database but has no corresponding entity
2021-04-24 16:53:18,093 |OFBiz-batch-1        |DatabaseUtil                  |W| Table named [ORDER_TERM_ATTRIBUTE] exists in the database but has no corresponding entity
2021-04-24 16:53:18,093 |OFBiz-batch-1        |DatabaseUtil                  |W| Table named [ORDER_TYPE] exists in the database but has no corresponding entity
2021-04-24 16:53:18,093 |OFBiz-batch-1        |DatabaseUtil                  |W| Table named [ORDER_TYPE_ATTR] exists in the database but has no corresponding entity
2021-04-24 16:53:18,093 |OFBiz-batch-1        |DatabaseUtil                  |W| Table named [OTHER_DATA_RESOURCE] exists in the database but has no corresponding entity
2021-04-24 16:53:18,093 |OFBiz-batch-1        |DatabaseUtil                  |W| Table named [PARTY] exists in the database but has no corresponding entity
2021-04-24 16:53:18,093 |OFBiz-batch-1        |DatabaseUtil                  |W| Table named [PARTY_ACCTG_PREFERENCE] exists in the database but has no corresponding entity
2021-04-24 16:53:18,093 |OFBiz-batch-1        |DatabaseUtil                  |W| Table named [PARTY_ATTRIBUTE] exists in the database but has no corresponding entity
2021-04-24 16:53:18,093 |OFBiz-batch-1        |DatabaseUtil                  |W| Table named [PARTY_BENEFIT] exists in the database but has no corresponding entity
2021-04-24 16:53:18,093 |OFBiz-batch-1        |DatabaseUtil                  |W| Table named [PARTY_CARRIER_ACCOUNT] exists in the database but has no corresponding entity
2021-04-24 16:53:18,093 |OFBiz-batch-1        |DatabaseUtil                  |W| Table named [PARTY_CLASSIFICATION] exists in the database but has no corresponding entity
2021-04-24 16:53:18,093 |OFBiz-batch-1        |DatabaseUtil                  |W| Table named [PARTY_CLASSIFICATION_GROUP] exists in the database but has no corresponding entity
2021-04-24 16:53:18,093 |OFBiz-batch-1        |DatabaseUtil                  |W| Table named [PARTY_CLASSIFICATION_TYPE] exists in the database but has no corresponding entity
2021-04-24 16:53:18,093 |OFBiz-batch-1        |DatabaseUtil                  |W| Table named [PARTY_CONTACT_MECH] exists in the database but has no corresponding entity
2021-04-24 16:53:18,093 |OFBiz-batch-1        |DatabaseUtil                  |W| Table named [PARTY_CONTACT_MECH_PURPOSE] exists in the database but has no corresponding entity
2021-04-24 16:53:18,093 |OFBiz-batch-1        |DatabaseUtil                  |W| Table named [PARTY_CONTENT] exists in the database but has no corresponding entity
2021-04-24 16:53:18,093 |OFBiz-batch-1        |DatabaseUtil                  |W| Table named [PARTY_CONTENT_TYPE] exists in the database but has no corresponding entity
2021-04-24 16:53:18,093 |OFBiz-batch-1        |DatabaseUtil                  |W| Table named [PARTY_DATA_SOURCE] exists in the database but has no corresponding entity
2021-04-24 16:53:18,093 |OFBiz-batch-1        |DatabaseUtil                  |W| Table named [PARTY_FIXED_ASSET_ASSIGNMENT] exists in the database but has no corresponding entity
2021-04-24 16:53:18,094 |OFBiz-batch-1        |DatabaseUtil                  |W| Table named [PARTY_GEO_POINT] exists in the database but has no corresponding entity
2021-04-24 16:53:18,094 |OFBiz-batch-1        |DatabaseUtil                  |W| Table named [PARTY_GL_ACCOUNT] exists in the database but has no corresponding entity
2021-04-24 16:53:18,094 |OFBiz-batch-1        |DatabaseUtil                  |W| Table named [PARTY_GROUP] exists in the database but has no corresponding entity
2021-04-24 16:53:18,094 |OFBiz-batch-1        |DatabaseUtil                  |W| Table named [PARTY_ICS_AVS_OVERRIDE] exists in the database but has no corresponding entity
2021-04-24 16:53:18,094 |OFBiz-batch-1        |DatabaseUtil                  |W| Table named [PARTY_IDENTIFICATION] exists in the database but has no corresponding entity
2021-04-24 16:53:18,094 |OFBiz-batch-1        |DatabaseUtil                  |W| Table named [PARTY_IDENTIFICATION_TYPE] exists in the database but has no corresponding entity
2021-04-24 16:53:18,094 |OFBiz-batch-1        |DatabaseUtil                  |W| Table named [PARTY_INVITATION] exists in the database but has no corresponding entity
2021-04-24 16:53:18,094 |OFBiz-batch-1        |DatabaseUtil                  |W| Table named [PARTY_INVITATION_GROUP_ASSOC] exists in the database but has no corresponding entity
2021-04-24 16:53:18,094 |OFBiz-batch-1        |DatabaseUtil                  |W| Table named [PARTY_INVITATION_ROLE_ASSOC] exists in the database but has no corresponding entity
2021-04-24 16:53:18,094 |OFBiz-batch-1        |DatabaseUtil                  |W| Table named [PARTY_NAME_HISTORY] exists in the database but has no corresponding entity
2021-04-24 16:53:18,094 |OFBiz-batch-1        |DatabaseUtil                  |W| Table named [PARTY_NEED] exists in the database but has no corresponding entity
2021-04-24 16:53:18,094 |OFBiz-batch-1        |DatabaseUtil                  |W| Table named [PARTY_NOTE] exists in the database but has no corresponding entity
2021-04-24 16:53:18,094 |OFBiz-batch-1        |DatabaseUtil                  |W| Table named [PARTY_PROFILE_DEFAULT] exists in the database but has no corresponding entity
2021-04-24 16:53:18,094 |OFBiz-batch-1        |DatabaseUtil                  |W| Table named [PARTY_QUAL] exists in the database but has no corresponding entity
2021-04-24 16:53:18,094 |OFBiz-batch-1        |DatabaseUtil                  |W| Table named [PARTY_QUAL_TYPE] exists in the database but has no corresponding entity
2021-04-24 16:53:18,094 |OFBiz-batch-1        |DatabaseUtil                  |W| Table named [PARTY_RATE_NEW] exists in the database but has no corresponding entity
2021-04-24 16:53:18,094 |OFBiz-batch-1        |DatabaseUtil                  |W| Table named [PARTY_RELATIONSHIP] exists in the database but has no corresponding entity
2021-04-24 16:53:18,094 |OFBiz-batch-1        |DatabaseUtil                  |W| Table named [PARTY_RELATIONSHIP_TYPE] exists in the database but has no corresponding entity
2021-04-24 16:53:18,094 |OFBiz-batch-1        |DatabaseUtil                  |W| Table named [PARTY_RESUME] exists in the database but has no corresponding entity
2021-04-24 16:53:18,094 |OFBiz-batch-1        |DatabaseUtil                  |W| Table named [PARTY_ROLE] exists in the database but has no corresponding entity
2021-04-24 16:53:18,094 |OFBiz-batch-1        |DatabaseUtil                  |W| Table named [PARTY_SKILL] exists in the database but has no corresponding entity
2021-04-24 16:53:18,094 |OFBiz-batch-1        |DatabaseUtil                  |W| Table named [PARTY_STATUS] exists in the database but has no corresponding entity
2021-04-24 16:53:18,094 |OFBiz-batch-1        |DatabaseUtil                  |W| Table named [PARTY_TAX_AUTH_INFO] exists in the database but has no corresponding entity
2021-04-24 16:53:18,094 |OFBiz-batch-1        |DatabaseUtil                  |W| Table named [PARTY_TYPE] exists in the database but has no corresponding entity
2021-04-24 16:53:18,095 |OFBiz-batch-1        |DatabaseUtil                  |W| Table named [PARTY_TYPE_ATTR] exists in the database but has no corresponding entity
2021-04-24 16:53:18,095 |OFBiz-batch-1        |DatabaseUtil                  |W| Table named [PAYMENT] exists in the database but has no corresponding entity
2021-04-24 16:53:18,095 |OFBiz-batch-1        |DatabaseUtil                  |W| Table named [PAYMENT_APPLICATION] exists in the database but has no corresponding entity
2021-04-24 16:53:18,095 |OFBiz-batch-1        |DatabaseUtil                  |W| Table named [PAYMENT_ATTRIBUTE] exists in the database but has no corresponding entity
2021-04-24 16:53:18,095 |OFBiz-batch-1        |DatabaseUtil                  |W| Table named [PAYMENT_BUDGET_ALLOCATION] exists in the database but has no corresponding entity
2021-04-24 16:53:18,095 |OFBiz-batch-1        |DatabaseUtil                  |W| Table named [PAYMENT_CONTENT] exists in the database but has no corresponding entity
2021-04-24 16:53:18,095 |OFBiz-batch-1        |DatabaseUtil                  |W| Table named [PAYMENT_CONTENT_TYPE] exists in the database but has no corresponding entity
2021-04-24 16:53:18,095 |OFBiz-batch-1        |DatabaseUtil                  |W| Table named [PAYMENT_GATEWAYI_D_E_A_L] exists in the database but has no corresponding entity
2021-04-24 16:53:18,095 |OFBiz-batch-1        |DatabaseUtil                  |W| Table named [PAYMENT_GATEWAY_AUTHORIZE_NET] exists in the database but has no corresponding entity
2021-04-24 16:53:18,095 |OFBiz-batch-1        |DatabaseUtil                  |W| Table named [PAYMENT_GATEWAY_CLEAR_COMMERCE] exists in the database but has no corresponding entity
2021-04-24 16:53:18,095 |OFBiz-batch-1        |DatabaseUtil                  |W| Table named [PAYMENT_GATEWAY_CONFIG] exists in the database but has no corresponding entity
2021-04-24 16:53:18,095 |OFBiz-batch-1        |DatabaseUtil                  |W| Table named [PAYMENT_GATEWAY_CONFIG_TYPE] exists in the database but has no corresponding entity
2021-04-24 16:53:18,095 |OFBiz-batch-1        |DatabaseUtil                  |W| Table named [PAYMENT_GATEWAY_CYBER_SOURCE] exists in the database but has no corresponding entity
2021-04-24 16:53:18,095 |OFBiz-batch-1        |DatabaseUtil                  |W| Table named [PAYMENT_GATEWAY_EWAY] exists in the database but has no corresponding entity
2021-04-24 16:53:18,095 |OFBiz-batch-1        |DatabaseUtil                  |W| Table named [PAYMENT_GATEWAY_ORBITAL] exists in the database but has no corresponding entity
2021-04-24 16:53:18,095 |OFBiz-batch-1        |DatabaseUtil                  |W| Table named [PAYMENT_GATEWAY_PAYFLOW_PRO] exists in the database but has no corresponding entity
2021-04-24 16:53:18,095 |OFBiz-batch-1        |DatabaseUtil                  |W| Table named [PAYMENT_GATEWAY_PAY_PAL] exists in the database but has no corresponding entity
2021-04-24 16:53:18,095 |OFBiz-batch-1        |DatabaseUtil                  |W| Table named [PAYMENT_GATEWAY_RESPONSE] exists in the database but has no corresponding entity
2021-04-24 16:53:18,095 |OFBiz-batch-1        |DatabaseUtil                  |W| Table named [PAYMENT_GATEWAY_RESP_MSG] exists in the database but has no corresponding entity
2021-04-24 16:53:18,095 |OFBiz-batch-1        |DatabaseUtil                  |W| Table named [PAYMENT_GATEWAY_SAGE_PAY] exists in the database but has no corresponding entity
2021-04-24 16:53:18,095 |OFBiz-batch-1        |DatabaseUtil                  |W| Table named [PAYMENT_GATEWAY_SECURE_PAY] exists in the database but has no corresponding entity
2021-04-24 16:53:18,095 |OFBiz-batch-1        |DatabaseUtil                  |W| Table named [PAYMENT_GATEWAY_WORLD_PAY] exists in the database but has no corresponding entity
2021-04-24 16:53:18,095 |OFBiz-batch-1        |DatabaseUtil                  |W| Table named [PAYMENT_GL_ACCOUNT_TYPE_MAP] exists in the database but has no corresponding entity
2021-04-24 16:53:18,095 |OFBiz-batch-1        |DatabaseUtil                  |W| Table named [PAYMENT_GROUP] exists in the database but has no corresponding entity
2021-04-24 16:53:18,095 |OFBiz-batch-1        |DatabaseUtil                  |W| Table named [PAYMENT_GROUP_MEMBER] exists in the database but has no corresponding entity
2021-04-24 16:53:18,096 |OFBiz-batch-1        |DatabaseUtil                  |W| Table named [PAYMENT_GROUP_TYPE] exists in the database but has no corresponding entity
2021-04-24 16:53:18,096 |OFBiz-batch-1        |DatabaseUtil                  |W| Table named [PAYMENT_METHOD] exists in the database but has no corresponding entity
2021-04-24 16:53:18,096 |OFBiz-batch-1        |DatabaseUtil                  |W| Table named [PAYMENT_METHOD_TYPE] exists in the database but has no corresponding entity
2021-04-24 16:53:18,096 |OFBiz-batch-1        |DatabaseUtil                  |W| Table named [PAYMENT_METHOD_TYPE_GL_ACCOUNT] exists in the database but has no corresponding entity
2021-04-24 16:53:18,096 |OFBiz-batch-1        |DatabaseUtil                  |W| Table named [PAYMENT_TYPE] exists in the database but has no corresponding entity
2021-04-24 16:53:18,096 |OFBiz-batch-1        |DatabaseUtil                  |W| Table named [PAYMENT_TYPE_ATTR] exists in the database but has no corresponding entity
2021-04-24 16:53:18,096 |OFBiz-batch-1        |DatabaseUtil                  |W| Table named [PAYROLL_PREFERENCE] exists in the database but has no corresponding entity
2021-04-24 16:53:18,096 |OFBiz-batch-1        |DatabaseUtil                  |W| Table named [PAY_GRADE] exists in the database but has no corresponding entity
2021-04-24 16:53:18,096 |OFBiz-batch-1        |DatabaseUtil                  |W| Table named [PAY_HISTORY] exists in the database but has no corresponding entity
2021-04-24 16:53:18,096 |OFBiz-batch-1        |DatabaseUtil                  |W| Table named [PAY_PAL_PAYMENT_METHOD] exists in the database but has no corresponding entity
2021-04-24 16:53:18,096 |OFBiz-batch-1        |DatabaseUtil                  |W| Table named [PERFORMANCE_NOTE] exists in the database but has no corresponding entity
2021-04-24 16:53:18,096 |OFBiz-batch-1        |DatabaseUtil                  |W| Table named [PERF_RATING_TYPE] exists in the database but has no corresponding entity
2021-04-24 16:53:18,096 |OFBiz-batch-1        |DatabaseUtil                  |W| Table named [PERF_REVIEW] exists in the database but has no corresponding entity
2021-04-24 16:53:18,096 |OFBiz-batch-1        |DatabaseUtil                  |W| Table named [PERF_REVIEW_ITEM] exists in the database but has no corresponding entity
2021-04-24 16:53:18,096 |OFBiz-batch-1        |DatabaseUtil                  |W| Table named [PERF_REVIEW_ITEM_TYPE] exists in the database but has no corresponding entity
2021-04-24 16:53:18,096 |OFBiz-batch-1        |DatabaseUtil                  |W| Table named [PERIOD_TYPE] exists in the database but has no corresponding entity
2021-04-24 16:53:18,096 |OFBiz-batch-1        |DatabaseUtil                  |W| Table named [PERSON] exists in the database but has no corresponding entity
2021-04-24 16:53:18,096 |OFBiz-batch-1        |DatabaseUtil                  |W| Table named [PERSON_TRAINING] exists in the database but has no corresponding entity
2021-04-24 16:53:18,096 |OFBiz-batch-1        |DatabaseUtil                  |W| Table named [PHYSICAL_INVENTORY] exists in the database but has no corresponding entity
2021-04-24 16:53:18,096 |OFBiz-batch-1        |DatabaseUtil                  |W| Table named [PICKLIST] exists in the database but has no corresponding entity
2021-04-24 16:53:18,096 |OFBiz-batch-1        |DatabaseUtil                  |W| Table named [PICKLIST_BIN] exists in the database but has no corresponding entity
2021-04-24 16:53:18,096 |OFBiz-batch-1        |DatabaseUtil                  |W| Table named [PICKLIST_ITEM] exists in the database but has no corresponding entity
2021-04-24 16:53:18,096 |OFBiz-batch-1        |DatabaseUtil                  |W| Table named [PICKLIST_ROLE] exists in the database but has no corresponding entity
2021-04-24 16:53:18,096 |OFBiz-batch-1        |DatabaseUtil                  |W| Table named [PICKLIST_STATUS_HISTORY] exists in the database but has no corresponding entity
2021-04-24 16:53:18,096 |OFBiz-batch-1        |DatabaseUtil                  |W| Table named [PLATFORM_TYPE] exists in the database but has no corresponding entity
2021-04-24 16:53:18,096 |OFBiz-batch-1        |DatabaseUtil                  |W| Table named [PORTAL_PAGE] exists in the database but has no corresponding entity
2021-04-24 16:53:18,097 |OFBiz-batch-1        |DatabaseUtil                  |W| Table named [PORTAL_PAGE_COLUMN] exists in the database but has no corresponding entity
2021-04-24 16:53:18,097 |OFBiz-batch-1        |DatabaseUtil                  |W| Table named [PORTAL_PAGE_PORTLET] exists in the database but has no corresponding entity
2021-04-24 16:53:18,097 |OFBiz-batch-1        |DatabaseUtil                  |W| Table named [PORTAL_PORTLET] exists in the database but has no corresponding entity
2021-04-24 16:53:18,097 |OFBiz-batch-1        |DatabaseUtil                  |W| Table named [PORTLET_ATTRIBUTE] exists in the database but has no corresponding entity
2021-04-24 16:53:18,097 |OFBiz-batch-1        |DatabaseUtil                  |W| Table named [PORTLET_CATEGORY] exists in the database but has no corresponding entity
2021-04-24 16:53:18,097 |OFBiz-batch-1        |DatabaseUtil                  |W| Table named [PORTLET_PORTLET_CATEGORY] exists in the database but has no corresponding entity
2021-04-24 16:53:18,097 |OFBiz-batch-1        |DatabaseUtil                  |W| Table named [POSTAL_ADDRESS] exists in the database but has no corresponding entity
2021-04-24 16:53:18,097 |OFBiz-batch-1        |DatabaseUtil                  |W| Table named [POSTAL_ADDRESS_BOUNDARY] exists in the database but has no corresponding entity
2021-04-24 16:53:18,097 |OFBiz-batch-1        |DatabaseUtil                  |W| Table named [PRIORITY_TYPE] exists in the database but has no corresponding entity
2021-04-24 16:53:18,097 |OFBiz-batch-1        |DatabaseUtil                  |W| Table named [PROCESSLIST] exists in the database but has no corresponding entity
2021-04-24 16:53:18,097 |OFBiz-batch-1        |DatabaseUtil                  |W| Table named [PRODUCT] exists in the database but has no corresponding entity
2021-04-24 16:53:18,097 |OFBiz-batch-1        |DatabaseUtil                  |W| Table named [PRODUCT_ASSOC] exists in the database but has no corresponding entity
2021-04-24 16:53:18,097 |OFBiz-batch-1        |DatabaseUtil                  |W| Table named [PRODUCT_ASSOC_TYPE] exists in the database but has no corresponding entity
2021-04-24 16:53:18,097 |OFBiz-batch-1        |DatabaseUtil                  |W| Table named [PRODUCT_ATTRIBUTE] exists in the database but has no corresponding entity
2021-04-24 16:53:18,097 |OFBiz-batch-1        |DatabaseUtil                  |W| Table named [PRODUCT_AVERAGE_COST] exists in the database but has no corresponding entity
2021-04-24 16:53:18,097 |OFBiz-batch-1        |DatabaseUtil                  |W| Table named [PRODUCT_AVERAGE_COST_TYPE] exists in the database but has no corresponding entity
2021-04-24 16:53:18,097 |OFBiz-batch-1        |DatabaseUtil                  |W| Table named [PRODUCT_CALCULATED_INFO] exists in the database but has no corresponding entity
2021-04-24 16:53:18,097 |OFBiz-batch-1        |DatabaseUtil                  |W| Table named [PRODUCT_CATEGORY] exists in the database but has no corresponding entity
2021-04-24 16:53:18,097 |OFBiz-batch-1        |DatabaseUtil                  |W| Table named [PRODUCT_CATEGORY_ATTRIBUTE] exists in the database but has no corresponding entity
2021-04-24 16:53:18,097 |OFBiz-batch-1        |DatabaseUtil                  |W| Table named [PRODUCT_CATEGORY_CONTENT] exists in the database but has no corresponding entity
2021-04-24 16:53:18,097 |OFBiz-batch-1        |DatabaseUtil                  |W| Table named [PRODUCT_CATEGORY_CONTENT_TYPE] exists in the database but has no corresponding entity
2021-04-24 16:53:18,097 |OFBiz-batch-1        |DatabaseUtil                  |W| Table named [PRODUCT_CATEGORY_GL_ACCOUNT] exists in the database but has no corresponding entity
2021-04-24 16:53:18,097 |OFBiz-batch-1        |DatabaseUtil                  |W| Table named [PRODUCT_CATEGORY_LINK] exists in the database but has no corresponding entity
2021-04-24 16:53:18,097 |OFBiz-batch-1        |DatabaseUtil                  |W| Table named [PRODUCT_CATEGORY_MEMBER] exists in the database but has no corresponding entity
2021-04-24 16:53:18,097 |OFBiz-batch-1        |DatabaseUtil                  |W| Table named [PRODUCT_CATEGORY_ROLE] exists in the database but has no corresponding entity
2021-04-24 16:53:18,097 |OFBiz-batch-1        |DatabaseUtil                  |W| Table named [PRODUCT_CATEGORY_ROLLUP] exists in the database but has no corresponding entity
2021-04-24 16:53:18,098 |OFBiz-batch-1        |DatabaseUtil                  |W| Table named [PRODUCT_CATEGORY_TYPE] exists in the database but has no corresponding entity
2021-04-24 16:53:18,098 |OFBiz-batch-1        |DatabaseUtil                  |W| Table named [PRODUCT_CATEGORY_TYPE_ATTR] exists in the database but has no corresponding entity
2021-04-24 16:53:18,098 |OFBiz-batch-1        |DatabaseUtil                  |W| Table named [PRODUCT_CONFIG] exists in the database but has no corresponding entity
2021-04-24 16:53:18,098 |OFBiz-batch-1        |DatabaseUtil                  |W| Table named [PRODUCT_CONFIG_CONFIG] exists in the database but has no corresponding entity
2021-04-24 16:53:18,098 |OFBiz-batch-1        |DatabaseUtil                  |W| Table named [PRODUCT_CONFIG_ITEM] exists in the database but has no corresponding entity
2021-04-24 16:53:18,098 |OFBiz-batch-1        |DatabaseUtil                  |W| Table named [PRODUCT_CONFIG_OPTION] exists in the database but has no corresponding entity
2021-04-24 16:53:18,098 |OFBiz-batch-1        |DatabaseUtil                  |W| Table named [PRODUCT_CONFIG_OPTION_IACTN] exists in the database but has no corresponding entity
2021-04-24 16:53:18,098 |OFBiz-batch-1        |DatabaseUtil                  |W| Table named [PRODUCT_CONFIG_PRODUCT] exists in the database but has no corresponding entity
2021-04-24 16:53:18,098 |OFBiz-batch-1        |DatabaseUtil                  |W| Table named [PRODUCT_CONFIG_STATS] exists in the database but has no corresponding entity
2021-04-24 16:53:18,098 |OFBiz-batch-1        |DatabaseUtil                  |W| Table named [PRODUCT_CONTENT] exists in the database but has no corresponding entity
2021-04-24 16:53:18,098 |OFBiz-batch-1        |DatabaseUtil                  |W| Table named [PRODUCT_CONTENT_TYPE] exists in the database but has no corresponding entity
2021-04-24 16:53:18,098 |OFBiz-batch-1        |DatabaseUtil                  |W| Table named [PRODUCT_COST_COMPONENT_CALC] exists in the database but has no corresponding entity
2021-04-24 16:53:18,125 |OFBiz-batch-1        |DatabaseUtil                  |W| Table named [PRODUCT_FACILITY] exists in the database but has no corresponding entity
2021-04-24 16:53:18,126 |OFBiz-batch-1        |DatabaseUtil                  |W| Table named [PRODUCT_FACILITY_LOCATION] exists in the database but has no corresponding entity
2021-04-24 16:53:18,126 |OFBiz-batch-1        |DatabaseUtil                  |W| Table named [PRODUCT_FEATURE] exists in the database but has no corresponding entity
2021-04-24 16:53:18,126 |OFBiz-batch-1        |DatabaseUtil                  |W| Table named [PRODUCT_FEATURE_APPL] exists in the database but has no corresponding entity
2021-04-24 16:53:18,126 |OFBiz-batch-1        |DatabaseUtil                  |W| Table named [PRODUCT_FEATURE_APPL_ATTR] exists in the database but has no corresponding entity
2021-04-24 16:53:18,126 |OFBiz-batch-1        |DatabaseUtil                  |W| Table named [PRODUCT_FEATURE_APPL_TYPE] exists in the database but has no corresponding entity
2021-04-24 16:53:18,126 |OFBiz-batch-1        |DatabaseUtil                  |W| Table named [PRODUCT_FEATURE_CATEGORY] exists in the database but has no corresponding entity
2021-04-24 16:53:18,126 |OFBiz-batch-1        |DatabaseUtil                  |W| Table named [PRODUCT_FEATURE_CATEGORY_APPL] exists in the database but has no corresponding entity
2021-04-24 16:53:18,126 |OFBiz-batch-1        |DatabaseUtil                  |W| Table named [PRODUCT_FEATURE_CAT_GRP_APPL] exists in the database but has no corresponding entity
2021-04-24 16:53:18,126 |OFBiz-batch-1        |DatabaseUtil                  |W| Table named [PRODUCT_FEATURE_DATA_RESOURCE] exists in the database but has no corresponding entity
2021-04-24 16:53:18,126 |OFBiz-batch-1        |DatabaseUtil                  |W| Table named [PRODUCT_FEATURE_GROUP] exists in the database but has no corresponding entity
2021-04-24 16:53:18,126 |OFBiz-batch-1        |DatabaseUtil                  |W| Table named [PRODUCT_FEATURE_GROUP_APPL] exists in the database but has no corresponding entity
2021-04-24 16:53:18,126 |OFBiz-batch-1        |DatabaseUtil                  |W| Table named [PRODUCT_FEATURE_IACTN] exists in the database but has no corresponding entity
2021-04-24 16:53:18,126 |OFBiz-batch-1        |DatabaseUtil                  |W| Table named [PRODUCT_FEATURE_IACTN_TYPE] exists in the database but has no corresponding entity
2021-04-24 16:53:18,126 |OFBiz-batch-1        |DatabaseUtil                  |W| Table named [PRODUCT_FEATURE_PRICE] exists in the database but has no corresponding entity
2021-04-24 16:53:18,126 |OFBiz-batch-1        |DatabaseUtil                  |W| Table named [PRODUCT_FEATURE_TYPE] exists in the database but has no corresponding entity
2021-04-24 16:53:18,126 |OFBiz-batch-1        |DatabaseUtil                  |W| Table named [PRODUCT_GEO] exists in the database but has no corresponding entity
2021-04-24 16:53:18,126 |OFBiz-batch-1        |DatabaseUtil                  |W| Table named [PRODUCT_GL_ACCOUNT] exists in the database but has no corresponding entity
2021-04-24 16:53:18,126 |OFBiz-batch-1        |DatabaseUtil                  |W| Table named [PRODUCT_GROUP_ORDER] exists in the database but has no corresponding entity
2021-04-24 16:53:18,126 |OFBiz-batch-1        |DatabaseUtil                  |W| Table named [PRODUCT_KEYWORD_NEW] exists in the database but has no corresponding entity
2021-04-24 16:53:18,126 |OFBiz-batch-1        |DatabaseUtil                  |W| Table named [PRODUCT_MAINT] exists in the database but has no corresponding entity
2021-04-24 16:53:18,126 |OFBiz-batch-1        |DatabaseUtil                  |W| Table named [PRODUCT_MAINT_TYPE] exists in the database but has no corresponding entity
2021-04-24 16:53:18,126 |OFBiz-batch-1        |DatabaseUtil                  |W| Table named [PRODUCT_MANUFACTURING_RULE] exists in the database but has no corresponding entity
2021-04-24 16:53:18,126 |OFBiz-batch-1        |DatabaseUtil                  |W| Table named [PRODUCT_METER] exists in the database but has no corresponding entity
2021-04-24 16:53:18,129 |OFBiz-batch-1        |DatabaseUtil                  |W| Table named [PRODUCT_METER_TYPE] exists in the database but has no corresponding entity
2021-04-24 16:53:18,129 |OFBiz-batch-1        |DatabaseUtil                  |W| Table named [PRODUCT_ORDER_ITEM] exists in the database but has no corresponding entity
2021-04-24 16:53:18,129 |OFBiz-batch-1        |DatabaseUtil                  |W| Table named [PRODUCT_PAYMENT_METHOD_TYPE] exists in the database but has no corresponding entity
2021-04-24 16:53:18,129 |OFBiz-batch-1        |DatabaseUtil                  |W| Table named [PRODUCT_PRICE] exists in the database but has no corresponding entity
2021-04-24 16:53:18,129 |OFBiz-batch-1        |DatabaseUtil                  |W| Table named [PRODUCT_PRICE_ACTION] exists in the database but has no corresponding entity
2021-04-24 16:53:18,129 |OFBiz-batch-1        |DatabaseUtil                  |W| Table named [PRODUCT_PRICE_ACTION_TYPE] exists in the database but has no corresponding entity
2021-04-24 16:53:18,129 |OFBiz-batch-1        |DatabaseUtil                  |W| Table named [PRODUCT_PRICE_AUTO_NOTICE] exists in the database but has no corresponding entity
2021-04-24 16:53:18,129 |OFBiz-batch-1        |DatabaseUtil                  |W| Table named [PRODUCT_PRICE_CHANGE] exists in the database but has no corresponding entity
2021-04-24 16:53:18,129 |OFBiz-batch-1        |DatabaseUtil                  |W| Table named [PRODUCT_PRICE_COND] exists in the database but has no corresponding entity
2021-04-24 16:53:18,129 |OFBiz-batch-1        |DatabaseUtil                  |W| Table named [PRODUCT_PRICE_PURPOSE] exists in the database but has no corresponding entity
2021-04-24 16:53:18,130 |OFBiz-batch-1        |DatabaseUtil                  |W| Table named [PRODUCT_PRICE_RULE] exists in the database but has no corresponding entity
2021-04-24 16:53:18,130 |OFBiz-batch-1        |DatabaseUtil                  |W| Table named [PRODUCT_PRICE_TYPE] exists in the database but has no corresponding entity
2021-04-24 16:53:18,130 |OFBiz-batch-1        |DatabaseUtil                  |W| Table named [PRODUCT_PROMO] exists in the database but has no corresponding entity
2021-04-24 16:53:18,130 |OFBiz-batch-1        |DatabaseUtil                  |W| Table named [PRODUCT_PROMO_ACTION] exists in the database but has no corresponding entity
2021-04-24 16:53:18,130 |OFBiz-batch-1        |DatabaseUtil                  |W| Table named [PRODUCT_PROMO_CATEGORY] exists in the database but has no corresponding entity
2021-04-24 16:53:18,130 |OFBiz-batch-1        |DatabaseUtil                  |W| Table named [PRODUCT_PROMO_CODE] exists in the database but has no corresponding entity
2021-04-24 16:53:18,130 |OFBiz-batch-1        |DatabaseUtil                  |W| Table named [PRODUCT_PROMO_CODE_EMAIL] exists in the database but has no corresponding entity
2021-04-24 16:53:18,130 |OFBiz-batch-1        |DatabaseUtil                  |W| Table named [PRODUCT_PROMO_CODE_PARTY] exists in the database but has no corresponding entity
2021-04-24 16:53:18,130 |OFBiz-batch-1        |DatabaseUtil                  |W| Table named [PRODUCT_PROMO_COND] exists in the database but has no corresponding entity
2021-04-24 16:53:18,130 |OFBiz-batch-1        |DatabaseUtil                  |W| Table named [PRODUCT_PROMO_CONTENT] exists in the database but has no corresponding entity
2021-04-24 16:53:18,130 |OFBiz-batch-1        |DatabaseUtil                  |W| Table named [PRODUCT_PROMO_PRODUCT] exists in the database but has no corresponding entity
2021-04-24 16:53:18,130 |OFBiz-batch-1        |DatabaseUtil                  |W| Table named [PRODUCT_PROMO_RULE] exists in the database but has no corresponding entity
2021-04-24 16:53:18,130 |OFBiz-batch-1        |DatabaseUtil                  |W| Table named [PRODUCT_PROMO_USE] exists in the database but has no corresponding entity
2021-04-24 16:53:18,130 |OFBiz-batch-1        |DatabaseUtil                  |W| Table named [PRODUCT_REVIEW] exists in the database but has no corresponding entity
2021-04-24 16:53:18,130 |OFBiz-batch-1        |DatabaseUtil                  |W| Table named [PRODUCT_ROLE] exists in the database but has no corresponding entity
2021-04-24 16:53:18,130 |OFBiz-batch-1        |DatabaseUtil                  |W| Table named [PRODUCT_SEARCH_CONSTRAINT] exists in the database but has no corresponding entity
2021-04-24 16:53:18,130 |OFBiz-batch-1        |DatabaseUtil                  |W| Table named [PRODUCT_SEARCH_RESULT] exists in the database but has no corresponding entity
2021-04-24 16:53:18,130 |OFBiz-batch-1        |DatabaseUtil                  |W| Table named [PRODUCT_STORE] exists in the database but has no corresponding entity
2021-04-24 16:53:18,130 |OFBiz-batch-1        |DatabaseUtil                  |W| Table named [PRODUCT_STORE_CATALOG] exists in the database but has no corresponding entity
2021-04-24 16:53:18,130 |OFBiz-batch-1        |DatabaseUtil                  |W| Table named [PRODUCT_STORE_EMAIL_SETTING] exists in the database but has no corresponding entity
2021-04-24 16:53:18,130 |OFBiz-batch-1        |DatabaseUtil                  |W| Table named [PRODUCT_STORE_FACILITY] exists in the database but has no corresponding entity
2021-04-24 16:53:18,130 |OFBiz-batch-1        |DatabaseUtil                  |W| Table named [PRODUCT_STORE_FIN_ACT_SETTING] exists in the database but has no corresponding entity
2021-04-24 16:53:18,130 |OFBiz-batch-1        |DatabaseUtil                  |W| Table named [PRODUCT_STORE_GROUP] exists in the database but has no corresponding entity
2021-04-24 16:53:18,130 |OFBiz-batch-1        |DatabaseUtil                  |W| Table named [PRODUCT_STORE_GROUP_MEMBER] exists in the database but has no corresponding entity
2021-04-24 16:53:18,130 |OFBiz-batch-1        |DatabaseUtil                  |W| Table named [PRODUCT_STORE_GROUP_ROLE] exists in the database but has no corresponding entity
2021-04-24 16:53:18,130 |OFBiz-batch-1        |DatabaseUtil                  |W| Table named [PRODUCT_STORE_GROUP_ROLLUP] exists in the database but has no corresponding entity
2021-04-24 16:53:18,130 |OFBiz-batch-1        |DatabaseUtil                  |W| Table named [PRODUCT_STORE_GROUP_TYPE] exists in the database but has no corresponding entity
2021-04-24 16:53:18,130 |OFBiz-batch-1        |DatabaseUtil                  |W| Table named [PRODUCT_STORE_KEYWORD_OVRD] exists in the database but has no corresponding entity
2021-04-24 16:53:18,130 |OFBiz-batch-1        |DatabaseUtil                  |W| Table named [PRODUCT_STORE_PAYMENT_SETTING] exists in the database but has no corresponding entity
2021-04-24 16:53:18,130 |OFBiz-batch-1        |DatabaseUtil                  |W| Table named [PRODUCT_STORE_PROMO_APPL] exists in the database but has no corresponding entity
2021-04-24 16:53:18,131 |OFBiz-batch-1        |DatabaseUtil                  |W| Table named [PRODUCT_STORE_ROLE] exists in the database but has no corresponding entity
2021-04-24 16:53:18,131 |OFBiz-batch-1        |DatabaseUtil                  |W| Table named [PRODUCT_STORE_SHIPMENT_METH] exists in the database but has no corresponding entity
2021-04-24 16:53:18,131 |OFBiz-batch-1        |DatabaseUtil                  |W| Table named [PRODUCT_STORE_SURVEY_APPL] exists in the database but has no corresponding entity
2021-04-24 16:53:18,131 |OFBiz-batch-1        |DatabaseUtil                  |W| Table named [PRODUCT_STORE_VENDOR_PAYMENT] exists in the database but has no corresponding entity
2021-04-24 16:53:18,131 |OFBiz-batch-1        |DatabaseUtil                  |W| Table named [PRODUCT_STORE_VENDOR_SHIPMENT] exists in the database but has no corresponding entity
2021-04-24 16:53:18,131 |OFBiz-batch-1        |DatabaseUtil                  |W| Table named [PRODUCT_SUBSCRIPTION_RESOURCE] exists in the database but has no corresponding entity
2021-04-24 16:53:18,131 |OFBiz-batch-1        |DatabaseUtil                  |W| Table named [PRODUCT_TYPE] exists in the database but has no corresponding entity
2021-04-24 16:53:18,131 |OFBiz-batch-1        |DatabaseUtil                  |W| Table named [PRODUCT_TYPE_ATTR] exists in the database but has no corresponding entity
2021-04-24 16:53:18,131 |OFBiz-batch-1        |DatabaseUtil                  |W| Table named [PROD_CATALOG] exists in the database but has no corresponding entity
2021-04-24 16:53:18,131 |OFBiz-batch-1        |DatabaseUtil                  |W| Table named [PROD_CATALOG_CATEGORY] exists in the database but has no corresponding entity
2021-04-24 16:53:18,131 |OFBiz-batch-1        |DatabaseUtil                  |W| Table named [PROD_CATALOG_CATEGORY_TYPE] exists in the database but has no corresponding entity
2021-04-24 16:53:18,131 |OFBiz-batch-1        |DatabaseUtil                  |W| Table named [PROD_CATALOG_INV_FACILITY] exists in the database but has no corresponding entity
2021-04-24 16:53:18,131 |OFBiz-batch-1        |DatabaseUtil                  |W| Table named [PROD_CATALOG_ROLE] exists in the database but has no corresponding entity
2021-04-24 16:53:18,131 |OFBiz-batch-1        |DatabaseUtil                  |W| Table named [PROD_CONF_ITEM_CONTENT] exists in the database but has no corresponding entity
2021-04-24 16:53:18,131 |OFBiz-batch-1        |DatabaseUtil                  |W| Table named [PROD_CONF_ITEM_CONTENT_TYPE] exists in the database but has no corresponding entity
2021-04-24 16:53:18,131 |OFBiz-batch-1        |DatabaseUtil                  |W| Table named [PROTECTED_VIEW] exists in the database but has no corresponding entity
2021-04-24 16:53:18,131 |OFBiz-batch-1        |DatabaseUtil                  |W| Table named [PROTOCOL_TYPE] exists in the database but has no corresponding entity
2021-04-24 16:53:18,131 |OFBiz-batch-1        |DatabaseUtil                  |W| Table named [PS_CHECK_LOST_INSTRUMENTATION] exists in the database but has no corresponding entity
2021-04-24 16:53:18,131 |OFBiz-batch-1        |DatabaseUtil                  |W| Table named [QUANTITY_BREAK] exists in the database but has no corresponding entity
2021-04-24 16:53:18,131 |OFBiz-batch-1        |DatabaseUtil                  |W| Table named [QUANTITY_BREAK_TYPE] exists in the database but has no corresponding entity
2021-04-24 16:53:18,131 |OFBiz-batch-1        |DatabaseUtil                  |W| Table named [QUOTE] exists in the database but has no corresponding entity
2021-04-24 16:53:18,131 |OFBiz-batch-1        |DatabaseUtil                  |W| Table named [QUOTE_ADJUSTMENT] exists in the database but has no corresponding entity
2021-04-24 16:53:18,131 |OFBiz-batch-1        |DatabaseUtil                  |W| Table named [QUOTE_ATTRIBUTE] exists in the database but has no corresponding entity
2021-04-24 16:53:18,131 |OFBiz-batch-1        |DatabaseUtil                  |W| Table named [QUOTE_COEFFICIENT] exists in the database but has no corresponding entity
2021-04-24 16:53:18,131 |OFBiz-batch-1        |DatabaseUtil                  |W| Table named [QUOTE_ITEM] exists in the database but has no corresponding entity
2021-04-24 16:53:18,131 |OFBiz-batch-1        |DatabaseUtil                  |W| Table named [QUOTE_NOTE] exists in the database but has no corresponding entity
2021-04-24 16:53:18,131 |OFBiz-batch-1        |DatabaseUtil                  |W| Table named [QUOTE_ROLE] exists in the database but has no corresponding entity
2021-04-24 16:53:18,131 |OFBiz-batch-1        |DatabaseUtil                  |W| Table named [QUOTE_TERM] exists in the database but has no corresponding entity
2021-04-24 16:53:18,131 |OFBiz-batch-1        |DatabaseUtil                  |W| Table named [QUOTE_TERM_ATTRIBUTE] exists in the database but has no corresponding entity
2021-04-24 16:53:18,131 |OFBiz-batch-1        |DatabaseUtil                  |W| Table named [QUOTE_TYPE] exists in the database but has no corresponding entity
2021-04-24 16:53:18,131 |OFBiz-batch-1        |DatabaseUtil                  |W| Table named [QUOTE_TYPE_ATTR] exists in the database but has no corresponding entity
2021-04-24 16:53:18,131 |OFBiz-batch-1        |DatabaseUtil                  |W| Table named [QUOTE_WORK_EFFORT] exists in the database but has no corresponding entity
2021-04-24 16:53:18,132 |OFBiz-batch-1        |DatabaseUtil                  |W| Table named [RATE_AMOUNT] exists in the database but has no corresponding entity
2021-04-24 16:53:18,132 |OFBiz-batch-1        |DatabaseUtil                  |W| Table named [RATE_TYPE] exists in the database but has no corresponding entity
2021-04-24 16:53:18,132 |OFBiz-batch-1        |DatabaseUtil                  |W| Table named [RECURRENCE_INFO] exists in the database but has no corresponding entity
2021-04-24 16:53:18,132 |OFBiz-batch-1        |DatabaseUtil                  |W| Table named [RECURRENCE_RULE] exists in the database but has no corresponding entity
2021-04-24 16:53:18,132 |OFBiz-batch-1        |DatabaseUtil                  |W| Table named [REJECTION_REASON] exists in the database but has no corresponding entity
2021-04-24 16:53:18,132 |OFBiz-batch-1        |DatabaseUtil                  |W| Table named [REORDER_GUIDELINE] exists in the database but has no corresponding entity
2021-04-24 16:53:18,132 |OFBiz-batch-1        |DatabaseUtil                  |W| Table named [REQUIREMENT] exists in the database but has no corresponding entity
2021-04-24 16:53:18,132 |OFBiz-batch-1        |DatabaseUtil                  |W| Table named [REQUIREMENT_ATTRIBUTE] exists in the database but has no corresponding entity
2021-04-24 16:53:18,132 |OFBiz-batch-1        |DatabaseUtil                  |W| Table named [REQUIREMENT_BUDGET_ALLOCATION] exists in the database but has no corresponding entity
2021-04-24 16:53:18,132 |OFBiz-batch-1        |DatabaseUtil                  |W| Table named [REQUIREMENT_CUST_REQUEST] exists in the database but has no corresponding entity
2021-04-24 16:53:18,132 |OFBiz-batch-1        |DatabaseUtil                  |W| Table named [REQUIREMENT_ROLE] exists in the database but has no corresponding entity
2021-04-24 16:53:18,132 |OFBiz-batch-1        |DatabaseUtil                  |W| Table named [REQUIREMENT_STATUS] exists in the database but has no corresponding entity
2021-04-24 16:53:18,132 |OFBiz-batch-1        |DatabaseUtil                  |W| Table named [REQUIREMENT_TYPE] exists in the database but has no corresponding entity
2021-04-24 16:53:18,132 |OFBiz-batch-1        |DatabaseUtil                  |W| Table named [REQUIREMENT_TYPE_ATTR] exists in the database but has no corresponding entity
2021-04-24 16:53:18,132 |OFBiz-batch-1        |DatabaseUtil                  |W| Table named [RESPONDING_PARTY] exists in the database but has no corresponding entity
2021-04-24 16:53:18,132 |OFBiz-batch-1        |DatabaseUtil                  |W| Table named [RESPONSIBILITY_TYPE] exists in the database but has no corresponding entity
2021-04-24 16:53:18,132 |OFBiz-batch-1        |DatabaseUtil                  |W| Table named [RETURN_ADJUSTMENT] exists in the database but has no corresponding entity
2021-04-24 16:53:18,132 |OFBiz-batch-1        |DatabaseUtil                  |W| Table named [RETURN_ADJUSTMENT_TYPE] exists in the database but has no corresponding entity
2021-04-24 16:53:18,132 |OFBiz-batch-1        |DatabaseUtil                  |W| Table named [RETURN_CONTACT_MECH] exists in the database but has no corresponding entity
2021-04-24 16:53:18,132 |OFBiz-batch-1        |DatabaseUtil                  |W| Table named [RETURN_HEADER] exists in the database but has no corresponding entity
2021-04-24 16:53:18,132 |OFBiz-batch-1        |DatabaseUtil                  |W| Table named [RETURN_HEADER_TYPE] exists in the database but has no corresponding entity
2021-04-24 16:53:18,132 |OFBiz-batch-1        |DatabaseUtil                  |W| Table named [RETURN_ITEM] exists in the database but has no corresponding entity
2021-04-24 16:53:18,132 |OFBiz-batch-1        |DatabaseUtil                  |W| Table named [RETURN_ITEM_BILLING] exists in the database but has no corresponding entity
2021-04-24 16:53:18,132 |OFBiz-batch-1        |DatabaseUtil                  |W| Table named [RETURN_ITEM_RESPONSE] exists in the database but has no corresponding entity
2021-04-24 16:53:18,132 |OFBiz-batch-1        |DatabaseUtil                  |W| Table named [RETURN_ITEM_SHIPMENT] exists in the database but has no corresponding entity
2021-04-24 16:53:18,132 |OFBiz-batch-1        |DatabaseUtil                  |W| Table named [RETURN_ITEM_TYPE] exists in the database but has no corresponding entity
2021-04-24 16:53:18,132 |OFBiz-batch-1        |DatabaseUtil                  |W| Table named [RETURN_ITEM_TYPE_MAP] exists in the database but has no corresponding entity
2021-04-24 16:53:18,132 |OFBiz-batch-1        |DatabaseUtil                  |W| Table named [RETURN_REASON] exists in the database but has no corresponding entity
2021-04-24 16:53:18,132 |OFBiz-batch-1        |DatabaseUtil                  |W| Table named [RETURN_STATUS] exists in the database but has no corresponding entity
2021-04-24 16:53:18,132 |OFBiz-batch-1        |DatabaseUtil                  |W| Table named [RETURN_TYPE] exists in the database but has no corresponding entity
2021-04-24 16:53:18,132 |OFBiz-batch-1        |DatabaseUtil                  |W| Table named [ROLE_TYPE] exists in the database but has no corresponding entity
2021-04-24 16:53:18,133 |OFBiz-batch-1        |DatabaseUtil                  |W| Table named [ROLE_TYPE_ATTR] exists in the database but has no corresponding entity
2021-04-24 16:53:18,133 |OFBiz-batch-1        |DatabaseUtil                  |W| Table named [RUNTIME_DATA] exists in the database but has no corresponding entity
2021-04-24 16:53:18,133 |OFBiz-batch-1        |DatabaseUtil                  |W| Table named [SALARY_STEP_NEW] exists in the database but has no corresponding entity
2021-04-24 16:53:18,133 |OFBiz-batch-1        |DatabaseUtil                  |W| Table named [SALES_FORECAST] exists in the database but has no corresponding entity
2021-04-24 16:53:18,133 |OFBiz-batch-1        |DatabaseUtil                  |W| Table named [SALES_FORECAST_DETAIL] exists in the database but has no corresponding entity
2021-04-24 16:53:18,133 |OFBiz-batch-1        |DatabaseUtil                  |W| Table named [SALES_FORECAST_HISTORY] exists in the database but has no corresponding entity
2021-04-24 16:53:18,133 |OFBiz-batch-1        |DatabaseUtil                  |W| Table named [SALES_OPPORTUNITY] exists in the database but has no corresponding entity
2021-04-24 16:53:18,133 |OFBiz-batch-1        |DatabaseUtil                  |W| Table named [SALES_OPPORTUNITY_COMPETITOR] exists in the database but has no corresponding entity
2021-04-24 16:53:18,133 |OFBiz-batch-1        |DatabaseUtil                  |W| Table named [SALES_OPPORTUNITY_HISTORY] exists in the database but has no corresponding entity
2021-04-24 16:53:18,133 |OFBiz-batch-1        |DatabaseUtil                  |W| Table named [SALES_OPPORTUNITY_QUOTE] exists in the database but has no corresponding entity
2021-04-24 16:53:18,133 |OFBiz-batch-1        |DatabaseUtil                  |W| Table named [SALES_OPPORTUNITY_ROLE] exists in the database but has no corresponding entity
2021-04-24 16:53:18,133 |OFBiz-batch-1        |DatabaseUtil                  |W| Table named [SALES_OPPORTUNITY_STAGE] exists in the database but has no corresponding entity
2021-04-24 16:53:18,133 |OFBiz-batch-1        |DatabaseUtil                  |W| Table named [SALES_OPPORTUNITY_TRCK_CODE] exists in the database but has no corresponding entity
2021-04-24 16:53:18,133 |OFBiz-batch-1        |DatabaseUtil                  |W| Table named [SALES_OPPORTUNITY_WORK_EFFORT] exists in the database but has no corresponding entity
2021-04-24 16:53:18,133 |OFBiz-batch-1        |DatabaseUtil                  |W| Table named [SALE_TYPE] exists in the database but has no corresponding entity
2021-04-24 16:53:18,133 |OFBiz-batch-1        |DatabaseUtil                  |W| Table named [SCHEMA_AUTO_INCREMENT_COLUMNS] exists in the database but has no corresponding entity
2021-04-24 16:53:18,133 |OFBiz-batch-1        |DatabaseUtil                  |W| Table named [SCHEMA_INDEX_STATISTICS] exists in the database but has no corresponding entity
2021-04-24 16:53:18,133 |OFBiz-batch-1        |DatabaseUtil                  |W| Table named [SCHEMA_OBJECT_OVERVIEW] exists in the database but has no corresponding entity
2021-04-24 16:53:18,133 |OFBiz-batch-1        |DatabaseUtil                  |W| Table named [SCHEMA_REDUNDANT_INDEXES] exists in the database but has no corresponding entity
2021-04-24 16:53:18,133 |OFBiz-batch-1        |DatabaseUtil                  |W| Table named [SCHEMA_TABLES_WITH_FULL_TABLE_SCANS] exists in the database but has no corresponding entity
2021-04-24 16:53:18,133 |OFBiz-batch-1        |DatabaseUtil                  |W| Table named [SCHEMA_TABLE_LOCK_WAITS] exists in the database but has no corresponding entity
2021-04-24 16:53:18,133 |OFBiz-batch-1        |DatabaseUtil                  |W| Table named [SCHEMA_TABLE_STATISTICS] exists in the database but has no corresponding entity
2021-04-24 16:53:18,133 |OFBiz-batch-1        |DatabaseUtil                  |W| Table named [SCHEMA_TABLE_STATISTICS_WITH_BUFFER] exists in the database but has no corresponding entity
2021-04-24 16:53:18,133 |OFBiz-batch-1        |DatabaseUtil                  |W| Table named [SCHEMA_UNUSED_INDEXES] exists in the database but has no corresponding entity
2021-04-24 16:53:18,133 |OFBiz-batch-1        |DatabaseUtil                  |W| Table named [SECURITY_GROUP] exists in the database but has no corresponding entity
2021-04-24 16:53:18,133 |OFBiz-batch-1        |DatabaseUtil                  |W| Table named [SECURITY_GROUP_PERMISSION] exists in the database but has no corresponding entity
2021-04-24 16:53:18,133 |OFBiz-batch-1        |DatabaseUtil                  |W| Table named [SECURITY_PERMISSION] exists in the database but has no corresponding entity
2021-04-24 16:53:18,133 |OFBiz-batch-1        |DatabaseUtil                  |W| Table named [SEGMENT_GROUP] exists in the database but has no corresponding entity
2021-04-24 16:53:18,133 |OFBiz-batch-1        |DatabaseUtil                  |W| Table named [SEGMENT_GROUP_CLASSIFICATION] exists in the database but has no corresponding entity
2021-04-24 16:53:18,133 |OFBiz-batch-1        |DatabaseUtil                  |W| Table named [SEGMENT_GROUP_GEO] exists in the database but has no corresponding entity
2021-04-24 16:53:18,133 |OFBiz-batch-1        |DatabaseUtil                  |W| Table named [SEGMENT_GROUP_ROLE] exists in the database but has no corresponding entity
2021-04-24 16:53:18,134 |OFBiz-batch-1        |DatabaseUtil                  |W| Table named [SEGMENT_GROUP_TYPE] exists in the database but has no corresponding entity
2021-04-24 16:53:18,134 |OFBiz-batch-1        |DatabaseUtil                  |W| Table named [SEQUENCE_VALUE_ITEM] exists in the database but has no corresponding entity
2021-04-24 16:53:18,134 |OFBiz-batch-1        |DatabaseUtil                  |W| Table named [SERVER_HIT] exists in the database but has no corresponding entity
2021-04-24 16:53:18,134 |OFBiz-batch-1        |DatabaseUtil                  |W| Table named [SERVER_HIT_BIN] exists in the database but has no corresponding entity
2021-04-24 16:53:18,134 |OFBiz-batch-1        |DatabaseUtil                  |W| Table named [SERVER_HIT_TYPE] exists in the database but has no corresponding entity
2021-04-24 16:53:18,134 |OFBiz-batch-1        |DatabaseUtil                  |W| Table named [SERVICE_SEMAPHORE] exists in the database but has no corresponding entity
2021-04-24 16:53:18,134 |OFBiz-batch-1        |DatabaseUtil                  |W| Table named [SESSION] exists in the database but has no corresponding entity
2021-04-24 16:53:18,134 |OFBiz-batch-1        |DatabaseUtil                  |W| Table named [SESSION_SSL_STATUS] exists in the database but has no corresponding entity
2021-04-24 16:53:18,134 |OFBiz-batch-1        |DatabaseUtil                  |W| Table named [SETTLEMENT_TERM] exists in the database but has no corresponding entity
2021-04-24 16:53:18,134 |OFBiz-batch-1        |DatabaseUtil                  |W| Table named [SHIPMENT] exists in the database but has no corresponding entity
2021-04-24 16:53:18,134 |OFBiz-batch-1        |DatabaseUtil                  |W| Table named [SHIPMENT_ATTRIBUTE] exists in the database but has no corresponding entity
2021-04-24 16:53:18,134 |OFBiz-batch-1        |DatabaseUtil                  |W| Table named [SHIPMENT_BOX_TYPE] exists in the database but has no corresponding entity
2021-04-24 16:53:18,134 |OFBiz-batch-1        |DatabaseUtil                  |W| Table named [SHIPMENT_CONTACT_MECH] exists in the database but has no corresponding entity
2021-04-24 16:53:18,134 |OFBiz-batch-1        |DatabaseUtil                  |W| Table named [SHIPMENT_CONTACT_MECH_TYPE] exists in the database but has no corresponding entity
2021-04-24 16:53:18,134 |OFBiz-batch-1        |DatabaseUtil                  |W| Table named [SHIPMENT_COST_ESTIMATE] exists in the database but has no corresponding entity
2021-04-24 16:53:18,134 |OFBiz-batch-1        |DatabaseUtil                  |W| Table named [SHIPMENT_GATEWAY_CONFIG] exists in the database but has no corresponding entity
2021-04-24 16:53:18,134 |OFBiz-batch-1        |DatabaseUtil                  |W| Table named [SHIPMENT_GATEWAY_CONFIG_TYPE] exists in the database but has no corresponding entity
2021-04-24 16:53:18,134 |OFBiz-batch-1        |DatabaseUtil                  |W| Table named [SHIPMENT_GATEWAY_DHL] exists in the database but has no corresponding entity
2021-04-24 16:53:18,134 |OFBiz-batch-1        |DatabaseUtil                  |W| Table named [SHIPMENT_GATEWAY_FEDEX] exists in the database but has no corresponding entity
2021-04-24 16:53:18,149 |OFBiz-batch-1        |DatabaseUtil                  |W| Table named [SHIPMENT_GATEWAY_UPS] exists in the database but has no corresponding entity
2021-04-24 16:53:18,149 |OFBiz-batch-1        |DatabaseUtil                  |W| Table named [SHIPMENT_GATEWAY_USPS] exists in the database but has no corresponding entity
2021-04-24 16:53:18,149 |OFBiz-batch-1        |DatabaseUtil                  |W| Table named [SHIPMENT_ITEM] exists in the database but has no corresponding entity
2021-04-24 16:53:18,149 |OFBiz-batch-1        |DatabaseUtil                  |W| Table named [SHIPMENT_ITEM_BILLING] exists in the database but has no corresponding entity
2021-04-24 16:53:18,149 |OFBiz-batch-1        |DatabaseUtil                  |W| Table named [SHIPMENT_ITEM_FEATURE] exists in the database but has no corresponding entity
2021-04-24 16:53:18,149 |OFBiz-batch-1        |DatabaseUtil                  |W| Table named [SHIPMENT_METHOD_TYPE] exists in the database but has no corresponding entity
2021-04-24 16:53:18,149 |OFBiz-batch-1        |DatabaseUtil                  |W| Table named [SHIPMENT_PACKAGE] exists in the database but has no corresponding entity
2021-04-24 16:53:18,150 |OFBiz-batch-1        |DatabaseUtil                  |W| Table named [SHIPMENT_PACKAGE_CONTENT] exists in the database but has no corresponding entity
2021-04-24 16:53:18,150 |OFBiz-batch-1        |DatabaseUtil                  |W| Table named [SHIPMENT_PACKAGE_ROUTE_SEG] exists in the database but has no corresponding entity
2021-04-24 16:53:18,150 |OFBiz-batch-1        |DatabaseUtil                  |W| Table named [SHIPMENT_RECEIPT] exists in the database but has no corresponding entity
2021-04-24 16:53:18,150 |OFBiz-batch-1        |DatabaseUtil                  |W| Table named [SHIPMENT_RECEIPT_ROLE] exists in the database but has no corresponding entity
2021-04-24 16:53:18,150 |OFBiz-batch-1        |DatabaseUtil                  |W| Table named [SHIPMENT_ROUTE_SEGMENT] exists in the database but has no corresponding entity
2021-04-24 16:53:18,150 |OFBiz-batch-1        |DatabaseUtil                  |W| Table named [SHIPMENT_STATUS] exists in the database but has no corresponding entity
2021-04-24 16:53:18,150 |OFBiz-batch-1        |DatabaseUtil                  |W| Table named [SHIPMENT_TYPE] exists in the database but has no corresponding entity
2021-04-24 16:53:18,150 |OFBiz-batch-1        |DatabaseUtil                  |W| Table named [SHIPMENT_TYPE_ATTR] exists in the database but has no corresponding entity
2021-04-24 16:53:18,150 |OFBiz-batch-1        |DatabaseUtil                  |W| Table named [SHIPPING_DOCUMENT] exists in the database but has no corresponding entity
2021-04-24 16:53:18,150 |OFBiz-batch-1        |DatabaseUtil                  |W| Table named [SHOPPING_LIST] exists in the database but has no corresponding entity
2021-04-24 16:53:18,150 |OFBiz-batch-1        |DatabaseUtil                  |W| Table named [SHOPPING_LIST_ITEM] exists in the database but has no corresponding entity
2021-04-24 16:53:18,150 |OFBiz-batch-1        |DatabaseUtil                  |W| Table named [SHOPPING_LIST_ITEM_SURVEY] exists in the database but has no corresponding entity
2021-04-24 16:53:18,150 |OFBiz-batch-1        |DatabaseUtil                  |W| Table named [SHOPPING_LIST_TYPE] exists in the database but has no corresponding entity
2021-04-24 16:53:18,150 |OFBiz-batch-1        |DatabaseUtil                  |W| Table named [SHOPPING_LIST_WORK_EFFORT] exists in the database but has no corresponding entity
2021-04-24 16:53:18,150 |OFBiz-batch-1        |DatabaseUtil                  |W| Table named [SKILL_TYPE] exists in the database but has no corresponding entity
2021-04-24 16:53:18,150 |OFBiz-batch-1        |DatabaseUtil                  |W| Table named [STANDARD_LANGUAGE] exists in the database but has no corresponding entity
2021-04-24 16:53:18,150 |OFBiz-batch-1        |DatabaseUtil                  |W| Table named [STATEMENTS_WITH_ERRORS_OR_WARNINGS] exists in the database but has no corresponding entity
2021-04-24 16:53:18,150 |OFBiz-batch-1        |DatabaseUtil                  |W| Table named [STATEMENTS_WITH_FULL_TABLE_SCANS] exists in the database but has no corresponding entity
2021-04-24 16:53:18,150 |OFBiz-batch-1        |DatabaseUtil                  |W| Table named [STATEMENTS_WITH_RUNTIMES_IN_95TH_PERCENTILE] exists in the database but has no corresponding entity
2021-04-24 16:53:18,150 |OFBiz-batch-1        |DatabaseUtil                  |W| Table named [STATEMENTS_WITH_SORTING] exists in the database but has no corresponding entity
2021-04-24 16:53:18,150 |OFBiz-batch-1        |DatabaseUtil                  |W| Table named [STATEMENTS_WITH_TEMP_TABLES] exists in the database but has no corresponding entity
2021-04-24 16:53:18,150 |OFBiz-batch-1        |DatabaseUtil                  |W| Table named [STATEMENT_ANALYSIS] exists in the database but has no corresponding entity
2021-04-24 16:53:18,150 |OFBiz-batch-1        |DatabaseUtil                  |W| Table named [STATUS_ITEM] exists in the database but has no corresponding entity
2021-04-24 16:53:18,150 |OFBiz-batch-1        |DatabaseUtil                  |W| Table named [STATUS_TYPE] exists in the database but has no corresponding entity
2021-04-24 16:53:18,150 |OFBiz-batch-1        |DatabaseUtil                  |W| Table named [STATUS_VALID_CHANGE] exists in the database but has no corresponding entity
2021-04-24 16:53:18,150 |OFBiz-batch-1        |DatabaseUtil                  |W| Table named [SUBSCRIPTION] exists in the database but has no corresponding entity
2021-04-24 16:53:18,150 |OFBiz-batch-1        |DatabaseUtil                  |W| Table named [SUBSCRIPTION_ACTIVITY] exists in the database but has no corresponding entity
2021-04-24 16:53:18,150 |OFBiz-batch-1        |DatabaseUtil                  |W| Table named [SUBSCRIPTION_ATTRIBUTE] exists in the database but has no corresponding entity
2021-04-24 16:53:18,150 |OFBiz-batch-1        |DatabaseUtil                  |W| Table named [SUBSCRIPTION_COMM_EVENT] exists in the database but has no corresponding entity
2021-04-24 16:53:18,150 |OFBiz-batch-1        |DatabaseUtil                  |W| Table named [SUBSCRIPTION_FULFILLMENT_PIECE] exists in the database but has no corresponding entity
2021-04-24 16:53:18,150 |OFBiz-batch-1        |DatabaseUtil                  |W| Table named [SUBSCRIPTION_RESOURCE] exists in the database but has no corresponding entity
2021-04-24 16:53:18,151 |OFBiz-batch-1        |DatabaseUtil                  |W| Table named [SUBSCRIPTION_TYPE] exists in the database but has no corresponding entity
2021-04-24 16:53:18,151 |OFBiz-batch-1        |DatabaseUtil                  |W| Table named [SUBSCRIPTION_TYPE_ATTR] exists in the database but has no corresponding entity
2021-04-24 16:53:18,151 |OFBiz-batch-1        |DatabaseUtil                  |W| Table named [SUPPLIER_PREF_ORDER] exists in the database but has no corresponding entity
2021-04-24 16:53:18,151 |OFBiz-batch-1        |DatabaseUtil                  |W| Table named [SUPPLIER_PRODUCT] exists in the database but has no corresponding entity
2021-04-24 16:53:18,151 |OFBiz-batch-1        |DatabaseUtil                  |W| Table named [SUPPLIER_PRODUCT_FEATURE] exists in the database but has no corresponding entity
2021-04-24 16:53:18,151 |OFBiz-batch-1        |DatabaseUtil                  |W| Table named [SUPPLIER_RATING_TYPE] exists in the database but has no corresponding entity
2021-04-24 16:53:18,151 |OFBiz-batch-1        |DatabaseUtil                  |W| Table named [SURVEY] exists in the database but has no corresponding entity
2021-04-24 16:53:18,151 |OFBiz-batch-1        |DatabaseUtil                  |W| Table named [SURVEY_APPL_TYPE] exists in the database but has no corresponding entity
2021-04-24 16:53:18,151 |OFBiz-batch-1        |DatabaseUtil                  |W| Table named [SURVEY_MULTI_RESP] exists in the database but has no corresponding entity
2021-04-24 16:53:18,151 |OFBiz-batch-1        |DatabaseUtil                  |W| Table named [SURVEY_MULTI_RESP_COLUMN] exists in the database but has no corresponding entity
2021-04-24 16:53:18,151 |OFBiz-batch-1        |DatabaseUtil                  |W| Table named [SURVEY_PAGE] exists in the database but has no corresponding entity
2021-04-24 16:53:18,151 |OFBiz-batch-1        |DatabaseUtil                  |W| Table named [SURVEY_QUESTION] exists in the database but has no corresponding entity
2021-04-24 16:53:18,151 |OFBiz-batch-1        |DatabaseUtil                  |W| Table named [SURVEY_QUESTION_APPL] exists in the database but has no corresponding entity
2021-04-24 16:53:18,151 |OFBiz-batch-1        |DatabaseUtil                  |W| Table named [SURVEY_QUESTION_CATEGORY] exists in the database but has no corresponding entity
2021-04-24 16:53:18,151 |OFBiz-batch-1        |DatabaseUtil                  |W| Table named [SURVEY_QUESTION_OPTION] exists in the database but has no corresponding entity
2021-04-24 16:53:18,151 |OFBiz-batch-1        |DatabaseUtil                  |W| Table named [SURVEY_QUESTION_TYPE] exists in the database but has no corresponding entity
2021-04-24 16:53:18,151 |OFBiz-batch-1        |DatabaseUtil                  |W| Table named [SURVEY_RESPONSE] exists in the database but has no corresponding entity
2021-04-24 16:53:18,151 |OFBiz-batch-1        |DatabaseUtil                  |W| Table named [SURVEY_RESPONSE_ANSWER] exists in the database but has no corresponding entity
2021-04-24 16:53:18,151 |OFBiz-batch-1        |DatabaseUtil                  |W| Table named [SURVEY_TRIGGER] exists in the database but has no corresponding entity
2021-04-24 16:53:18,151 |OFBiz-batch-1        |DatabaseUtil                  |W| Table named [SYSTEM_PROPERTY] exists in the database but has no corresponding entity
2021-04-24 16:53:18,151 |OFBiz-batch-1        |DatabaseUtil                  |W| Table named [SYS_CONFIG] exists in the database but has no corresponding entity
2021-04-24 16:53:18,151 |OFBiz-batch-1        |DatabaseUtil                  |W| Table named [TARPITTED_LOGIN_VIEW] exists in the database but has no corresponding entity
2021-04-24 16:53:18,151 |OFBiz-batch-1        |DatabaseUtil                  |W| Table named [TAX_AUTHORITY] exists in the database but has no corresponding entity
2021-04-24 16:53:18,151 |OFBiz-batch-1        |DatabaseUtil                  |W| Table named [TAX_AUTHORITY_ASSOC] exists in the database but has no corresponding entity
2021-04-24 16:53:18,151 |OFBiz-batch-1        |DatabaseUtil                  |W| Table named [TAX_AUTHORITY_ASSOC_TYPE] exists in the database but has no corresponding entity
2021-04-24 16:53:18,151 |OFBiz-batch-1        |DatabaseUtil                  |W| Table named [TAX_AUTHORITY_CATEGORY] exists in the database but has no corresponding entity
2021-04-24 16:53:18,151 |OFBiz-batch-1        |DatabaseUtil                  |W| Table named [TAX_AUTHORITY_GL_ACCOUNT] exists in the database but has no corresponding entity
2021-04-24 16:53:18,151 |OFBiz-batch-1        |DatabaseUtil                  |W| Table named [TAX_AUTHORITY_RATE_PRODUCT] exists in the database but has no corresponding entity
2021-04-24 16:53:18,151 |OFBiz-batch-1        |DatabaseUtil                  |W| Table named [TAX_AUTHORITY_RATE_TYPE] exists in the database but has no corresponding entity
2021-04-24 16:53:18,151 |OFBiz-batch-1        |DatabaseUtil                  |W| Table named [TECH_DATA_CALENDAR] exists in the database but has no corresponding entity
2021-04-24 16:53:18,151 |OFBiz-batch-1        |DatabaseUtil                  |W| Table named [TECH_DATA_CALENDAR_EXC_DAY] exists in the database but has no corresponding entity
2021-04-24 16:53:18,151 |OFBiz-batch-1        |DatabaseUtil                  |W| Table named [TECH_DATA_CALENDAR_EXC_WEEK] exists in the database but has no corresponding entity
2021-04-24 16:53:18,151 |OFBiz-batch-1        |DatabaseUtil                  |W| Table named [TECH_DATA_CALENDAR_WEEK] exists in the database but has no corresponding entity
2021-04-24 16:53:18,152 |OFBiz-batch-1        |DatabaseUtil                  |W| Table named [TELECOM_NUMBER] exists in the database but has no corresponding entity
2021-04-24 16:53:18,152 |OFBiz-batch-1        |DatabaseUtil                  |W| Table named [TEMPORAL_EXPRESSION] exists in the database but has no corresponding entity
2021-04-24 16:53:18,152 |OFBiz-batch-1        |DatabaseUtil                  |W| Table named [TEMPORAL_EXPRESSION_ASSOC] exists in the database but has no corresponding entity
2021-04-24 16:53:18,152 |OFBiz-batch-1        |DatabaseUtil                  |W| Table named [TENANT] exists in the database but has no corresponding entity
2021-04-24 16:53:18,152 |OFBiz-batch-1        |DatabaseUtil                  |W| Table named [TENANT_COMPONENT] exists in the database but has no corresponding entity
2021-04-24 16:53:18,152 |OFBiz-batch-1        |DatabaseUtil                  |W| Table named [TENANT_DATA_SOURCE] exists in the database but has no corresponding entity
2021-04-24 16:53:18,152 |OFBiz-batch-1        |DatabaseUtil                  |W| Table named [TENANT_DOMAIN_NAME] exists in the database but has no corresponding entity
2021-04-24 16:53:18,152 |OFBiz-batch-1        |DatabaseUtil                  |W| Table named [TENANT_KEY_ENCRYPTING_KEY] exists in the database but has no corresponding entity
2021-04-24 16:53:18,152 |OFBiz-batch-1        |DatabaseUtil                  |W| Table named [TERMINATION_REASON] exists in the database but has no corresponding entity
2021-04-24 16:53:18,159 |OFBiz-batch-1        |DatabaseUtil                  |W| Table named [TERMINATION_TYPE] exists in the database but has no corresponding entity
2021-04-24 16:53:18,160 |OFBiz-batch-1        |DatabaseUtil                  |W| Table named [TERM_TYPE] exists in the database but has no corresponding entity
2021-04-24 16:53:18,160 |OFBiz-batch-1        |DatabaseUtil                  |W| Table named [TERM_TYPE_ATTR] exists in the database but has no corresponding entity
2021-04-24 16:53:18,160 |OFBiz-batch-1        |DatabaseUtil                  |W| Table named [TESTING] exists in the database but has no corresponding entity
2021-04-24 16:53:18,160 |OFBiz-batch-1        |DatabaseUtil                  |W| Table named [TESTING_CRYPTO] exists in the database but has no corresponding entity
2021-04-24 16:53:18,160 |OFBiz-batch-1        |DatabaseUtil                  |W| Table named [TESTING_ITEM] exists in the database but has no corresponding entity
2021-04-24 16:53:18,160 |OFBiz-batch-1        |DatabaseUtil                  |W| Table named [TESTING_NODE] exists in the database but has no corresponding entity
2021-04-24 16:53:18,160 |OFBiz-batch-1        |DatabaseUtil                  |W| Table named [TESTING_NODE_MEMBER] exists in the database but has no corresponding entity
2021-04-24 16:53:18,160 |OFBiz-batch-1        |DatabaseUtil                  |W| Table named [TESTING_REMOVE_ALL] exists in the database but has no corresponding entity
2021-04-24 16:53:18,160 |OFBiz-batch-1        |DatabaseUtil                  |W| Table named [TESTING_STATUS] exists in the database but has no corresponding entity
2021-04-24 16:53:18,160 |OFBiz-batch-1        |DatabaseUtil                  |W| Table named [TESTING_SUBTYPE] exists in the database but has no corresponding entity
2021-04-24 16:53:18,160 |OFBiz-batch-1        |DatabaseUtil                  |W| Table named [TESTING_TYPE] exists in the database but has no corresponding entity
2021-04-24 16:53:18,160 |OFBiz-batch-1        |DatabaseUtil                  |W| Table named [TEST_FIELD_TYPE] exists in the database but has no corresponding entity
2021-04-24 16:53:18,160 |OFBiz-batch-1        |DatabaseUtil                  |W| Table named [TIMESHEET] exists in the database but has no corresponding entity
2021-04-24 16:53:18,160 |OFBiz-batch-1        |DatabaseUtil                  |W| Table named [TIMESHEET_ROLE] exists in the database but has no corresponding entity
2021-04-24 16:53:18,160 |OFBiz-batch-1        |DatabaseUtil                  |W| Table named [TIME_ENTRY] exists in the database but has no corresponding entity
2021-04-24 16:53:18,160 |OFBiz-batch-1        |DatabaseUtil                  |W| Table named [TRACKING_CODE] exists in the database but has no corresponding entity
2021-04-24 16:53:18,160 |OFBiz-batch-1        |DatabaseUtil                  |W| Table named [TRACKING_CODE_ORDER] exists in the database but has no corresponding entity
2021-04-24 16:53:18,160 |OFBiz-batch-1        |DatabaseUtil                  |W| Table named [TRACKING_CODE_ORDER_RETURN] exists in the database but has no corresponding entity
2021-04-24 16:53:18,160 |OFBiz-batch-1        |DatabaseUtil                  |W| Table named [TRACKING_CODE_TYPE] exists in the database but has no corresponding entity
2021-04-24 16:53:18,160 |OFBiz-batch-1        |DatabaseUtil                  |W| Table named [TRACKING_CODE_VISIT] exists in the database but has no corresponding entity
2021-04-24 16:53:18,160 |OFBiz-batch-1        |DatabaseUtil                  |W| Table named [TRAINING_CLASS_TYPE] exists in the database but has no corresponding entity
2021-04-24 16:53:18,160 |OFBiz-batch-1        |DatabaseUtil                  |W| Table named [TRAINING_REQUEST] exists in the database but has no corresponding entity
2021-04-24 16:53:18,160 |OFBiz-batch-1        |DatabaseUtil                  |W| Table named [UNEMPLOYMENT_CLAIM] exists in the database but has no corresponding entity
2021-04-24 16:53:18,160 |OFBiz-batch-1        |DatabaseUtil                  |W| Table named [UOM] exists in the database but has no corresponding entity
2021-04-24 16:53:18,160 |OFBiz-batch-1        |DatabaseUtil                  |W| Table named [UOM_CONVERSION] exists in the database but has no corresponding entity
2021-04-24 16:53:18,160 |OFBiz-batch-1        |DatabaseUtil                  |W| Table named [UOM_CONVERSION_DATED] exists in the database but has no corresponding entity
2021-04-24 16:53:18,161 |OFBiz-batch-1        |DatabaseUtil                  |W| Table named [UOM_GROUP] exists in the database but has no corresponding entity
2021-04-24 16:53:18,161 |OFBiz-batch-1        |DatabaseUtil                  |W| Table named [UOM_TYPE] exists in the database but has no corresponding entity
2021-04-24 16:53:18,161 |OFBiz-batch-1        |DatabaseUtil                  |W| Table named [USER_AGENT] exists in the database but has no corresponding entity
2021-04-24 16:53:18,161 |OFBiz-batch-1        |DatabaseUtil                  |W| Table named [USER_AGENT_METHOD_TYPE] exists in the database but has no corresponding entity
2021-04-24 16:53:18,161 |OFBiz-batch-1        |DatabaseUtil                  |W| Table named [USER_AGENT_TYPE] exists in the database but has no corresponding entity
2021-04-24 16:53:18,161 |OFBiz-batch-1        |DatabaseUtil                  |W| Table named [USER_LOGIN] exists in the database but has no corresponding entity
2021-04-24 16:53:18,161 |OFBiz-batch-1        |DatabaseUtil                  |W| Table named [USER_LOGIN_HISTORY] exists in the database but has no corresponding entity
2021-04-24 16:53:18,161 |OFBiz-batch-1        |DatabaseUtil                  |W| Table named [USER_LOGIN_PASSWORD_HISTORY] exists in the database but has no corresponding entity
2021-04-24 16:53:18,161 |OFBiz-batch-1        |DatabaseUtil                  |W| Table named [USER_LOGIN_SECURITY_GROUP] exists in the database but has no corresponding entity
2021-04-24 16:53:18,161 |OFBiz-batch-1        |DatabaseUtil                  |W| Table named [USER_LOGIN_SECURITY_QUESTION] exists in the database but has no corresponding entity
2021-04-24 16:53:18,161 |OFBiz-batch-1        |DatabaseUtil                  |W| Table named [USER_LOGIN_SESSION] exists in the database but has no corresponding entity
2021-04-24 16:53:18,161 |OFBiz-batch-1        |DatabaseUtil                  |W| Table named [USER_PREFERENCE] exists in the database but has no corresponding entity
2021-04-24 16:53:18,161 |OFBiz-batch-1        |DatabaseUtil                  |W| Table named [USER_PREF_GROUP_TYPE] exists in the database but has no corresponding entity
2021-04-24 16:53:18,161 |OFBiz-batch-1        |DatabaseUtil                  |W| Table named [USER_SUMMARY] exists in the database but has no corresponding entity
2021-04-24 16:53:18,161 |OFBiz-batch-1        |DatabaseUtil                  |W| Table named [USER_SUMMARY_BY_FILE_IO] exists in the database but has no corresponding entity
2021-04-24 16:53:18,161 |OFBiz-batch-1        |DatabaseUtil                  |W| Table named [USER_SUMMARY_BY_FILE_IO_TYPE] exists in the database but has no corresponding entity
2021-04-24 16:53:18,161 |OFBiz-batch-1        |DatabaseUtil                  |W| Table named [USER_SUMMARY_BY_STAGES] exists in the database but has no corresponding entity
2021-04-24 16:53:18,161 |OFBiz-batch-1        |DatabaseUtil                  |W| Table named [USER_SUMMARY_BY_STATEMENT_LATENCY] exists in the database but has no corresponding entity
2021-04-24 16:53:18,161 |OFBiz-batch-1        |DatabaseUtil                  |W| Table named [USER_SUMMARY_BY_STATEMENT_TYPE] exists in the database but has no corresponding entity
2021-04-24 16:53:18,161 |OFBiz-batch-1        |DatabaseUtil                  |W| Table named [VALID_CONTACT_MECH_ROLE] exists in the database but has no corresponding entity
2021-04-24 16:53:18,161 |OFBiz-batch-1        |DatabaseUtil                  |W| Table named [VALID_RESPONSIBILITY] exists in the database but has no corresponding entity
2021-04-24 16:53:18,161 |OFBiz-batch-1        |DatabaseUtil                  |W| Table named [VALUE_LINK_KEY] exists in the database but has no corresponding entity
2021-04-24 16:53:18,161 |OFBiz-batch-1        |DatabaseUtil                  |W| Table named [VARIANCE_REASON] exists in the database but has no corresponding entity
2021-04-24 16:53:18,161 |OFBiz-batch-1        |DatabaseUtil                  |W| Table named [VARIANCE_REASON_GL_ACCOUNT] exists in the database but has no corresponding entity
2021-04-24 16:53:18,161 |OFBiz-batch-1        |DatabaseUtil                  |W| Table named [VENDOR] exists in the database but has no corresponding entity
2021-04-24 16:53:18,161 |OFBiz-batch-1        |DatabaseUtil                  |W| Table named [VENDOR_PRODUCT] exists in the database but has no corresponding entity
2021-04-24 16:53:18,161 |OFBiz-batch-1        |DatabaseUtil                  |W| Table named [VERSION] exists in the database but has no corresponding entity
2021-04-24 16:53:18,162 |OFBiz-batch-1        |DatabaseUtil                  |W| Table named [VIDEO_DATA_RESOURCE] exists in the database but has no corresponding entity
2021-04-24 16:53:18,162 |OFBiz-batch-1        |DatabaseUtil                  |W| Table named [VISIT] exists in the database but has no corresponding entity
2021-04-24 16:53:18,162 |OFBiz-batch-1        |DatabaseUtil                  |W| Table named [VISITOR] exists in the database but has no corresponding entity
2021-04-24 16:53:18,162 |OFBiz-batch-1        |DatabaseUtil                  |W| Table named [VISUAL_THEME] exists in the database but has no corresponding entity
2021-04-24 16:53:18,162 |OFBiz-batch-1        |DatabaseUtil                  |W| Table named [VISUAL_THEME_RESOURCE] exists in the database but has no corresponding entity
2021-04-24 16:53:18,162 |OFBiz-batch-1        |DatabaseUtil                  |W| Table named [VISUAL_THEME_SET] exists in the database but has no corresponding entity
2021-04-24 16:53:18,162 |OFBiz-batch-1        |DatabaseUtil                  |W| Table named [WAITS_BY_HOST_BY_LATENCY] exists in the database but has no corresponding entity
2021-04-24 16:53:18,162 |OFBiz-batch-1        |DatabaseUtil                  |W| Table named [WAITS_BY_USER_BY_LATENCY] exists in the database but has no corresponding entity
2021-04-24 16:53:18,162 |OFBiz-batch-1        |DatabaseUtil                  |W| Table named [WAITS_GLOBAL_BY_LATENCY] exists in the database but has no corresponding entity
2021-04-24 16:53:18,162 |OFBiz-batch-1        |DatabaseUtil                  |W| Table named [WAIT_CLASSES_GLOBAL_BY_AVG_LATENCY] exists in the database but has no corresponding entity
2021-04-24 16:53:18,162 |OFBiz-batch-1        |DatabaseUtil                  |W| Table named [WAIT_CLASSES_GLOBAL_BY_LATENCY] exists in the database but has no corresponding entity
2021-04-24 16:53:18,162 |OFBiz-batch-1        |DatabaseUtil                  |W| Table named [WEB_ANALYTICS_CONFIG] exists in the database but has no corresponding entity
2021-04-24 16:53:18,162 |OFBiz-batch-1        |DatabaseUtil                  |W| Table named [WEB_ANALYTICS_TYPE] exists in the database but has no corresponding entity
2021-04-24 16:53:18,162 |OFBiz-batch-1        |DatabaseUtil                  |W| Table named [WEB_PAGE] exists in the database but has no corresponding entity
2021-04-24 16:53:18,162 |OFBiz-batch-1        |DatabaseUtil                  |W| Table named [WEB_PREFERENCE_TYPE] exists in the database but has no corresponding entity
2021-04-24 16:53:18,162 |OFBiz-batch-1        |DatabaseUtil                  |W| Table named [WEB_SITE] exists in the database but has no corresponding entity
2021-04-24 16:53:18,162 |OFBiz-batch-1        |DatabaseUtil                  |W| Table named [WEB_SITE_CONTACT_LIST] exists in the database but has no corresponding entity
2021-04-24 16:53:18,162 |OFBiz-batch-1        |DatabaseUtil                  |W| Table named [WEB_SITE_CONTENT] exists in the database but has no corresponding entity
2021-04-24 16:53:18,169 |OFBiz-batch-1        |DatabaseUtil                  |W| Table named [WEB_SITE_CONTENT_TYPE] exists in the database but has no corresponding entity
2021-04-24 16:53:18,170 |OFBiz-batch-1        |DatabaseUtil                  |W| Table named [WEB_SITE_PATH_ALIAS] exists in the database but has no corresponding entity
2021-04-24 16:53:18,170 |OFBiz-batch-1        |DatabaseUtil                  |W| Table named [WEB_SITE_PUBLISH_POINT] exists in the database but has no corresponding entity
2021-04-24 16:53:18,170 |OFBiz-batch-1        |DatabaseUtil                  |W| Table named [WEB_SITE_ROLE] exists in the database but has no corresponding entity
2021-04-24 16:53:18,170 |OFBiz-batch-1        |DatabaseUtil                  |W| Table named [WEB_USER_PREFERENCE] exists in the database but has no corresponding entity
2021-04-24 16:53:18,170 |OFBiz-batch-1        |DatabaseUtil                  |W| Table named [WORK_EFFORT] exists in the database but has no corresponding entity
2021-04-24 16:53:18,170 |OFBiz-batch-1        |DatabaseUtil                  |W| Table named [WORK_EFFORT_ASSOC] exists in the database but has no corresponding entity
2021-04-24 16:53:18,170 |OFBiz-batch-1        |DatabaseUtil                  |W| Table named [WORK_EFFORT_ASSOC_ATTRIBUTE] exists in the database but has no corresponding entity
2021-04-24 16:53:18,170 |OFBiz-batch-1        |DatabaseUtil                  |W| Table named [WORK_EFFORT_ASSOC_TYPE] exists in the database but has no corresponding entity
2021-04-24 16:53:18,170 |OFBiz-batch-1        |DatabaseUtil                  |W| Table named [WORK_EFFORT_ASSOC_TYPE_ATTR] exists in the database but has no corresponding entity
2021-04-24 16:53:18,170 |OFBiz-batch-1        |DatabaseUtil                  |W| Table named [WORK_EFFORT_ATTRIBUTE] exists in the database but has no corresponding entity
2021-04-24 16:53:18,170 |OFBiz-batch-1        |DatabaseUtil                  |W| Table named [WORK_EFFORT_BILLING] exists in the database but has no corresponding entity
2021-04-24 16:53:18,170 |OFBiz-batch-1        |DatabaseUtil                  |W| Table named [WORK_EFFORT_CONTACT_MECH_NEW] exists in the database but has no corresponding entity
2021-04-24 16:53:18,170 |OFBiz-batch-1        |DatabaseUtil                  |W| Table named [WORK_EFFORT_CONTENT] exists in the database but has no corresponding entity
2021-04-24 16:53:18,170 |OFBiz-batch-1        |DatabaseUtil                  |W| Table named [WORK_EFFORT_CONTENT_TYPE] exists in the database but has no corresponding entity
2021-04-24 16:53:18,170 |OFBiz-batch-1        |DatabaseUtil                  |W| Table named [WORK_EFFORT_COST_CALC] exists in the database but has no corresponding entity
2021-04-24 16:53:18,170 |OFBiz-batch-1        |DatabaseUtil                  |W| Table named [WORK_EFFORT_DELIVERABLE_PROD] exists in the database but has no corresponding entity
2021-04-24 16:53:18,170 |OFBiz-batch-1        |DatabaseUtil                  |W| Table named [WORK_EFFORT_EVENT_REMINDER] exists in the database but has no corresponding entity
2021-04-24 16:53:18,170 |OFBiz-batch-1        |DatabaseUtil                  |W| Table named [WORK_EFFORT_FIXED_ASSET_ASSIGN] exists in the database but has no corresponding entity
2021-04-24 16:53:18,170 |OFBiz-batch-1        |DatabaseUtil                  |W| Table named [WORK_EFFORT_FIXED_ASSET_STD] exists in the database but has no corresponding entity
2021-04-24 16:53:18,170 |OFBiz-batch-1        |DatabaseUtil                  |W| Table named [WORK_EFFORT_GOOD_STANDARD] exists in the database but has no corresponding entity
2021-04-24 16:53:18,170 |OFBiz-batch-1        |DatabaseUtil                  |W| Table named [WORK_EFFORT_GOOD_STANDARD_TYPE] exists in the database but has no corresponding entity
2021-04-24 16:53:18,170 |OFBiz-batch-1        |DatabaseUtil                  |W| Table named [WORK_EFFORT_ICAL_DATA] exists in the database but has no corresponding entity
2021-04-24 16:53:18,170 |OFBiz-batch-1        |DatabaseUtil                  |W| Table named [WORK_EFFORT_INVENTORY_ASSIGN] exists in the database but has no corresponding entity
2021-04-24 16:53:18,170 |OFBiz-batch-1        |DatabaseUtil                  |W| Table named [WORK_EFFORT_INVENTORY_PRODUCED] exists in the database but has no corresponding entity
2021-04-24 16:53:18,170 |OFBiz-batch-1        |DatabaseUtil                  |W| Table named [WORK_EFFORT_KEYWORD] exists in the database but has no corresponding entity
2021-04-24 16:53:18,170 |OFBiz-batch-1        |DatabaseUtil                  |W| Table named [WORK_EFFORT_NOTE] exists in the database but has no corresponding entity
2021-04-24 16:53:18,170 |OFBiz-batch-1        |DatabaseUtil                  |W| Table named [WORK_EFFORT_PARTY_ASSIGNMENT] exists in the database but has no corresponding entity
2021-04-24 16:53:18,170 |OFBiz-batch-1        |DatabaseUtil                  |W| Table named [WORK_EFFORT_PURPOSE_TYPE] exists in the database but has no corresponding entity
2021-04-24 16:53:18,170 |OFBiz-batch-1        |DatabaseUtil                  |W| Table named [WORK_EFFORT_REVIEW] exists in the database but has no corresponding entity
2021-04-24 16:53:18,170 |OFBiz-batch-1        |DatabaseUtil                  |W| Table named [WORK_EFFORT_SEARCH_CONSTRAINT] exists in the database but has no corresponding entity
2021-04-24 16:53:18,170 |OFBiz-batch-1        |DatabaseUtil                  |W| Table named [WORK_EFFORT_SEARCH_RESULT] exists in the database but has no corresponding entity
2021-04-24 16:53:18,171 |OFBiz-batch-1        |DatabaseUtil                  |W| Table named [WORK_EFFORT_SKILL_STANDARD] exists in the database but has no corresponding entity
2021-04-24 16:53:18,171 |OFBiz-batch-1        |DatabaseUtil                  |W| Table named [WORK_EFFORT_STATUS] exists in the database but has no corresponding entity
2021-04-24 16:53:18,171 |OFBiz-batch-1        |DatabaseUtil                  |W| Table named [WORK_EFFORT_SURVEY_APPL] exists in the database but has no corresponding entity
2021-04-24 16:53:18,171 |OFBiz-batch-1        |DatabaseUtil                  |W| Table named [WORK_EFFORT_TRANS_BOX] exists in the database but has no corresponding entity
2021-04-24 16:53:18,171 |OFBiz-batch-1        |DatabaseUtil                  |W| Table named [WORK_EFFORT_TYPE] exists in the database but has no corresponding entity
2021-04-24 16:53:18,171 |OFBiz-batch-1        |DatabaseUtil                  |W| Table named [WORK_EFFORT_TYPE_ATTR] exists in the database but has no corresponding entity
2021-04-24 16:53:18,171 |OFBiz-batch-1        |DatabaseUtil                  |W| Table named [WORK_ORDER_ITEM_FULFILLMENT] exists in the database but has no corresponding entity
2021-04-24 16:53:18,171 |OFBiz-batch-1        |DatabaseUtil                  |W| Table named [WORK_REQUIREMENT_FULFILLMENT] exists in the database but has no corresponding entity
2021-04-24 16:53:18,171 |OFBiz-batch-1        |DatabaseUtil                  |W| Table named [WORK_REQ_FULF_TYPE] exists in the database but has no corresponding entity
2021-04-24 16:53:18,171 |OFBiz-batch-1        |DatabaseUtil                  |W| Table named [X$HOST_SUMMARY] exists in the database but has no corresponding entity
2021-04-24 16:53:18,171 |OFBiz-batch-1        |DatabaseUtil                  |W| Table named [X$HOST_SUMMARY_BY_FILE_IO] exists in the database but has no corresponding entity
2021-04-24 16:53:18,171 |OFBiz-batch-1        |DatabaseUtil                  |W| Table named [X$HOST_SUMMARY_BY_FILE_IO_TYPE] exists in the database but has no corresponding entity
2021-04-24 16:53:18,171 |OFBiz-batch-1        |DatabaseUtil                  |W| Table named [X$HOST_SUMMARY_BY_STAGES] exists in the database but has no corresponding entity
2021-04-24 16:53:18,171 |OFBiz-batch-1        |DatabaseUtil                  |W| Table named [X$HOST_SUMMARY_BY_STATEMENT_LATENCY] exists in the database but has no corresponding entity
2021-04-24 16:53:18,171 |OFBiz-batch-1        |DatabaseUtil                  |W| Table named [X$HOST_SUMMARY_BY_STATEMENT_TYPE] exists in the database but has no corresponding entity
2021-04-24 16:53:18,171 |OFBiz-batch-1        |DatabaseUtil                  |W| Table named [X$INNODB_BUFFER_STATS_BY_SCHEMA] exists in the database but has no corresponding entity
2021-04-24 16:53:18,171 |OFBiz-batch-1        |DatabaseUtil                  |W| Table named [X$INNODB_BUFFER_STATS_BY_TABLE] exists in the database but has no corresponding entity
2021-04-24 16:53:18,171 |OFBiz-batch-1        |DatabaseUtil                  |W| Table named [X$INNODB_LOCK_WAITS] exists in the database but has no corresponding entity
2021-04-24 16:53:18,171 |OFBiz-batch-1        |DatabaseUtil                  |W| Table named [X$IO_BY_THREAD_BY_LATENCY] exists in the database but has no corresponding entity
2021-04-24 16:53:18,171 |OFBiz-batch-1        |DatabaseUtil                  |W| Table named [X$IO_GLOBAL_BY_FILE_BY_BYTES] exists in the database but has no corresponding entity
2021-04-24 16:53:18,171 |OFBiz-batch-1        |DatabaseUtil                  |W| Table named [X$IO_GLOBAL_BY_FILE_BY_LATENCY] exists in the database but has no corresponding entity
2021-04-24 16:53:18,171 |OFBiz-batch-1        |DatabaseUtil                  |W| Table named [X$IO_GLOBAL_BY_WAIT_BY_BYTES] exists in the database but has no corresponding entity
2021-04-24 16:53:18,171 |OFBiz-batch-1        |DatabaseUtil                  |W| Table named [X$IO_GLOBAL_BY_WAIT_BY_LATENCY] exists in the database but has no corresponding entity
2021-04-24 16:53:18,171 |OFBiz-batch-1        |DatabaseUtil                  |W| Table named [X$LATEST_FILE_IO] exists in the database but has no corresponding entity
2021-04-24 16:53:18,171 |OFBiz-batch-1        |DatabaseUtil                  |W| Table named [X$MEMORY_BY_HOST_BY_CURRENT_BYTES] exists in the database but has no corresponding entity
2021-04-24 16:53:18,171 |OFBiz-batch-1        |DatabaseUtil                  |W| Table named [X$MEMORY_BY_THREAD_BY_CURRENT_BYTES] exists in the database but has no corresponding entity
2021-04-24 16:53:18,171 |OFBiz-batch-1        |DatabaseUtil                  |W| Table named [X$MEMORY_BY_USER_BY_CURRENT_BYTES] exists in the database but has no corresponding entity
2021-04-24 16:53:18,171 |OFBiz-batch-1        |DatabaseUtil                  |W| Table named [X$MEMORY_GLOBAL_BY_CURRENT_BYTES] exists in the database but has no corresponding entity
2021-04-24 16:53:18,171 |OFBiz-batch-1        |DatabaseUtil                  |W| Table named [X$MEMORY_GLOBAL_TOTAL] exists in the database but has no corresponding entity
2021-04-24 16:53:18,171 |OFBiz-batch-1        |DatabaseUtil                  |W| Table named [X$PROCESSLIST] exists in the database but has no corresponding entity
2021-04-24 16:53:18,171 |OFBiz-batch-1        |DatabaseUtil                  |W| Table named [X$PS_DIGEST_95TH_PERCENTILE_BY_AVG_US] exists in the database but has no corresponding entity
2021-04-24 16:53:18,171 |OFBiz-batch-1        |DatabaseUtil                  |W| Table named [X$PS_DIGEST_AVG_LATENCY_DISTRIBUTION] exists in the database but has no corresponding entity
2021-04-24 16:53:18,171 |OFBiz-batch-1        |DatabaseUtil                  |W| Table named [X$PS_SCHEMA_TABLE_STATISTICS_IO] exists in the database but has no corresponding entity
2021-04-24 16:53:18,172 |OFBiz-batch-1        |DatabaseUtil                  |W| Table named [X$SCHEMA_FLATTENED_KEYS] exists in the database but has no corresponding entity
2021-04-24 16:53:18,172 |OFBiz-batch-1        |DatabaseUtil                  |W| Table named [X$SCHEMA_INDEX_STATISTICS] exists in the database but has no corresponding entity
2021-04-24 16:53:18,172 |OFBiz-batch-1        |DatabaseUtil                  |W| Table named [X$SCHEMA_TABLES_WITH_FULL_TABLE_SCANS] exists in the database but has no corresponding entity
2021-04-24 16:53:18,172 |OFBiz-batch-1        |DatabaseUtil                  |W| Table named [X$SCHEMA_TABLE_LOCK_WAITS] exists in the database but has no corresponding entity
2021-04-24 16:53:18,172 |OFBiz-batch-1        |DatabaseUtil                  |W| Table named [X$SCHEMA_TABLE_STATISTICS] exists in the database but has no corresponding entity
2021-04-24 16:53:18,172 |OFBiz-batch-1        |DatabaseUtil                  |W| Table named [X$SCHEMA_TABLE_STATISTICS_WITH_BUFFER] exists in the database but has no corresponding entity
2021-04-24 16:53:18,172 |OFBiz-batch-1        |DatabaseUtil                  |W| Table named [X$SESSION] exists in the database but has no corresponding entity
2021-04-24 16:53:18,172 |OFBiz-batch-1        |DatabaseUtil                  |W| Table named [X$STATEMENTS_WITH_ERRORS_OR_WARNINGS] exists in the database but has no corresponding entity
2021-04-24 16:53:18,172 |OFBiz-batch-1        |DatabaseUtil                  |W| Table named [X$STATEMENTS_WITH_FULL_TABLE_SCANS] exists in the database but has no corresponding entity
2021-04-24 16:53:18,172 |OFBiz-batch-1        |DatabaseUtil                  |W| Table named [X$STATEMENTS_WITH_RUNTIMES_IN_95TH_PERCENTILE] exists in the database but has no corresponding entity
2021-04-24 16:53:18,172 |OFBiz-batch-1        |DatabaseUtil                  |W| Table named [X$STATEMENTS_WITH_SORTING] exists in the database but has no corresponding entity
2021-04-24 16:53:18,172 |OFBiz-batch-1        |DatabaseUtil                  |W| Table named [X$STATEMENTS_WITH_TEMP_TABLES] exists in the database but has no corresponding entity
2021-04-24 16:53:18,172 |OFBiz-batch-1        |DatabaseUtil                  |W| Table named [X$STATEMENT_ANALYSIS] exists in the database but has no corresponding entity
2021-04-24 16:53:18,172 |OFBiz-batch-1        |DatabaseUtil                  |W| Table named [X$USER_SUMMARY] exists in the database but has no corresponding entity
2021-04-24 16:53:18,172 |OFBiz-batch-1        |DatabaseUtil                  |W| Table named [X$USER_SUMMARY_BY_FILE_IO] exists in the database but has no corresponding entity
2021-04-24 16:53:18,172 |OFBiz-batch-1        |DatabaseUtil                  |W| Table named [X$USER_SUMMARY_BY_FILE_IO_TYPE] exists in the database but has no corresponding entity
2021-04-24 16:53:18,172 |OFBiz-batch-1        |DatabaseUtil                  |W| Table named [X$USER_SUMMARY_BY_STAGES] exists in the database but has no corresponding entity
2021-04-24 16:53:18,172 |OFBiz-batch-1        |DatabaseUtil                  |W| Table named [X$USER_SUMMARY_BY_STATEMENT_LATENCY] exists in the database but has no corresponding entity
2021-04-24 16:53:18,172 |OFBiz-batch-1        |DatabaseUtil                  |W| Table named [X$USER_SUMMARY_BY_STATEMENT_TYPE] exists in the database but has no corresponding entity
2021-04-24 16:53:18,172 |OFBiz-batch-1        |DatabaseUtil                  |W| Table named [X$WAITS_BY_HOST_BY_LATENCY] exists in the database but has no corresponding entity
2021-04-24 16:53:18,172 |OFBiz-batch-1        |DatabaseUtil                  |W| Table named [X$WAITS_BY_USER_BY_LATENCY] exists in the database but has no corresponding entity
2021-04-24 16:53:18,172 |OFBiz-batch-1        |DatabaseUtil                  |W| Table named [X$WAITS_GLOBAL_BY_LATENCY] exists in the database but has no corresponding entity
2021-04-24 16:53:18,172 |OFBiz-batch-1        |DatabaseUtil                  |W| Table named [X$WAIT_CLASSES_GLOBAL_BY_AVG_LATENCY] exists in the database but has no corresponding entity
2021-04-24 16:53:18,172 |OFBiz-batch-1        |DatabaseUtil                  |W| Table named [X$WAIT_CLASSES_GLOBAL_BY_LATENCY] exists in the database but has no corresponding entity
2021-04-24 16:53:18,172 |OFBiz-batch-1        |DatabaseUtil                  |W| Table named [X509_ISSUER_PROVISION] exists in the database but has no corresponding entity
2021-04-24 16:53:18,172 |OFBiz-batch-1        |DatabaseUtil                  |W| Table named [ZIP_SALES_RULE_LOOKUP] exists in the database but has no corresponding entity
2021-04-24 16:53:18,172 |OFBiz-batch-1        |DatabaseUtil                  |W| Table named [ZIP_SALES_TAX_LOOKUP] exists in the database but has no corresponding entity
2021-04-24 16:53:18,222 |Test worker          |DelegatorFactoryImpl          |I| Creating new delegator [delegatorNameWithNoConfiguration] (Test worker)
2021-04-24 16:53:18,222 |Test worker          |DelegatorFactoryImpl          |I| Creating new delegator [default] (Test worker)
2021-04-24 16:53:18,223 |Test worker          |GenericDelegator              |I| Doing entity definition check...
2021-04-24 16:53:18,223 |Test worker          |ModelEntityChecker            |I| [initReservedWords] array length = 1025
2021-04-24 16:53:18,230 |OFBiz-batch-3        |GenericDelegator              |I| Delegator "default" initializing helper "localmysql" for entity group "org.apache.ofbiz".
2021-04-24 16:53:18,231 |OFBiz-batch-3        |GenericDelegator              |I| Doing database check as requested in entityengine.xml with addMissing=true
2021-04-24 16:53:18,261 |OFBiz-batch-3        |DatabaseUtil                  |I| Database Product Name is MySQL
2021-04-24 16:53:18,261 |OFBiz-batch-3        |DatabaseUtil                  |I| Database Product Version is 8.0.23-0ubuntu0.20.04.1
2021-04-24 16:53:18,261 |OFBiz-batch-3        |DatabaseUtil                  |I| Database Driver Name is MySQL Connector/J
2021-04-24 16:53:18,261 |OFBiz-batch-3        |DatabaseUtil                  |I| Database Driver Version is mysql-connector-java-8.0.23 (Revision: 18bbd5e68195d0da083cbd5bd0d05d76320df7cd)
2021-04-24 16:53:18,261 |OFBiz-batch-3        |DatabaseUtil                  |I| Database Driver JDBC Version is 4.2
2021-04-24 16:53:18,261 |OFBiz-batch-3        |DatabaseUtil                  |I| Database Setting/Support Information (those with a * should be true):
2021-04-24 16:53:18,261 |OFBiz-batch-3        |DatabaseUtil                  |I| - supports transactions     [true]*
2021-04-24 16:53:18,262 |OFBiz-batch-3        |DatabaseUtil                  |I| - isolation None            [false]
2021-04-24 16:53:18,262 |OFBiz-batch-3        |DatabaseUtil                  |I| - isolation ReadCommitted   [true]
2021-04-24 16:53:18,262 |OFBiz-batch-3        |DatabaseUtil                  |I| - isolation ReadUncommitted [true]
2021-04-24 16:53:18,262 |OFBiz-batch-3        |DatabaseUtil                  |I| - isolation RepeatableRead  [true]
2021-04-24 16:53:18,262 |OFBiz-batch-3        |DatabaseUtil                  |I| - isolation Serializable    [true]
2021-04-24 16:53:18,262 |OFBiz-batch-3        |DatabaseUtil                  |I| - forward only type         [true]
2021-04-24 16:53:18,262 |OFBiz-batch-3        |DatabaseUtil                  |I| - scroll sensitive type     [false]
2021-04-24 16:53:18,262 |OFBiz-batch-3        |DatabaseUtil                  |I| - scroll insensitive type   [true]
2021-04-24 16:53:18,262 |OFBiz-batch-3        |DatabaseUtil                  |I| - is case sensitive         [true]
2021-04-24 16:53:18,262 |OFBiz-batch-3        |DatabaseUtil                  |I| - stores LowerCase          [false]
2021-04-24 16:53:18,262 |OFBiz-batch-3        |DatabaseUtil                  |I| - stores MixedCase          [true]
2021-04-24 16:53:18,263 |OFBiz-batch-3        |DatabaseUtil                  |I| - stores UpperCase          [false]
2021-04-24 16:53:18,263 |OFBiz-batch-3        |DatabaseUtil                  |I| - max table name length     [64]
2021-04-24 16:53:18,263 |OFBiz-batch-3        |DatabaseUtil                  |I| - max column name length    [64]
2021-04-24 16:53:18,263 |OFBiz-batch-3        |DatabaseUtil                  |I| - concurrent connections    [0]
2021-04-24 16:53:18,263 |OFBiz-batch-3        |DatabaseUtil                  |I| - concurrent statements     [0]
2021-04-24 16:53:18,263 |OFBiz-batch-3        |DatabaseUtil                  |I| - ANSI SQL92 Entry          [true]
2021-04-24 16:53:18,263 |OFBiz-batch-3        |DatabaseUtil                  |I| - ANSI SQL92 Intermediate   [false]
2021-04-24 16:53:18,263 |OFBiz-batch-3        |DatabaseUtil                  |I| - ANSI SQL92 Full           [false]
2021-04-24 16:53:18,263 |OFBiz-batch-3        |DatabaseUtil                  |I| - ODBC SQL Grammar Core     [true]
2021-04-24 16:53:18,263 |OFBiz-batch-3        |DatabaseUtil                  |I| - ODBC SQL Grammar Extended [false]
2021-04-24 16:53:18,263 |OFBiz-batch-3        |DatabaseUtil                  |I| - ODBC SQL Grammar Minimum  [true]
2021-04-24 16:53:18,263 |OFBiz-batch-3        |DatabaseUtil                  |I| - outer joins               [true]*
2021-04-24 16:53:18,264 |OFBiz-batch-3        |DatabaseUtil                  |I| - limited outer joins       [true]
2021-04-24 16:53:18,264 |OFBiz-batch-3        |DatabaseUtil                  |I| - full outer joins          [false]
2021-04-24 16:53:18,264 |OFBiz-batch-3        |DatabaseUtil                  |I| - group by                  [true]*
2021-04-24 16:53:18,264 |OFBiz-batch-3        |DatabaseUtil                  |I| - group by not in select    [true]
2021-04-24 16:53:18,264 |OFBiz-batch-3        |DatabaseUtil                  |I| - column aliasing           [true]
2021-04-24 16:53:18,264 |OFBiz-batch-3        |DatabaseUtil                  |I| - order by not in select    [false]
2021-04-24 16:53:18,264 |OFBiz-batch-3        |DatabaseUtil                  |I| - alter table add column    [true]*
2021-04-24 16:53:18,264 |OFBiz-batch-3        |DatabaseUtil                  |I| - non-nullable column       [true]*
2021-04-24 16:53:18,266 |OFBiz-batch-3        |DatabaseUtil                  |I| - default fetchsize        [0]
2021-04-24 16:53:18,266 |OFBiz-batch-3        |DatabaseUtil                  |I| - named parameters         [ SKIPPED ]
2021-04-24 16:53:18,267 |OFBiz-batch-3        |DatabaseUtil                  |I| Getting Table Info From Database
2021-04-24 16:53:18,308 |OFBiz-batch-3        |DatabaseUtil                  |I| Getting Column Info From Database
2021-04-24 16:53:19,023 |OFBiz-batch-3        |DatabaseUtil                  |W| Table named [ACCOMMODATION_CLASS] exists in the database but has no corresponding entity
2021-04-24 16:53:19,023 |OFBiz-batch-3        |DatabaseUtil                  |W| Table named [ACCOMMODATION_MAP] exists in the database but has no corresponding entity
2021-04-24 16:53:19,023 |OFBiz-batch-3        |DatabaseUtil                  |W| Table named [ACCOMMODATION_MAP_TYPE] exists in the database but has no corresponding entity
2021-04-24 16:53:19,023 |OFBiz-batch-3        |DatabaseUtil                  |W| Table named [ACCOMMODATION_SPOT] exists in the database but has no corresponding entity
2021-04-24 16:53:19,023 |OFBiz-batch-3        |DatabaseUtil                  |W| Table named [ACCTG_TRANS] exists in the database but has no corresponding entity
2021-04-24 16:53:19,023 |OFBiz-batch-3        |DatabaseUtil                  |W| Table named [ACCTG_TRANS_ATTRIBUTE] exists in the database but has no corresponding entity
2021-04-24 16:53:19,023 |OFBiz-batch-3        |DatabaseUtil                  |W| Table named [ACCTG_TRANS_ENTRY] exists in the database but has no corresponding entity
2021-04-24 16:53:19,023 |OFBiz-batch-3        |DatabaseUtil                  |W| Table named [ACCTG_TRANS_ENTRY_TYPE] exists in the database but has no corresponding entity
2021-04-24 16:53:19,023 |OFBiz-batch-3        |DatabaseUtil                  |W| Table named [ACCTG_TRANS_TYPE] exists in the database but has no corresponding entity
2021-04-24 16:53:19,024 |OFBiz-batch-3        |DatabaseUtil                  |W| Table named [ACCTG_TRANS_TYPE_ATTR] exists in the database but has no corresponding entity
2021-04-24 16:53:19,024 |OFBiz-batch-3        |DatabaseUtil                  |W| Table named [ADDENDUM] exists in the database but has no corresponding entity
2021-04-24 16:53:19,024 |OFBiz-batch-3        |DatabaseUtil                  |W| Table named [ADDRESS_MATCH_MAP] exists in the database but has no corresponding entity
2021-04-24 16:53:19,024 |OFBiz-batch-3        |DatabaseUtil                  |W| Table named [AFFILIATE] exists in the database but has no corresponding entity
2021-04-24 16:53:19,024 |OFBiz-batch-3        |DatabaseUtil                  |W| Table named [AGREEMENT] exists in the database but has no corresponding entity
2021-04-24 16:53:19,024 |OFBiz-batch-3        |DatabaseUtil                  |W| Table named [AGREEMENT_ATTRIBUTE] exists in the database but has no corresponding entity
2021-04-24 16:53:19,024 |OFBiz-batch-3        |DatabaseUtil                  |W| Table named [AGREEMENT_CONTENT] exists in the database but has no corresponding entity
2021-04-24 16:53:19,024 |OFBiz-batch-3        |DatabaseUtil                  |W| Table named [AGREEMENT_CONTENT_TYPE] exists in the database but has no corresponding entity
2021-04-24 16:53:19,024 |OFBiz-batch-3        |DatabaseUtil                  |W| Table named [AGREEMENT_EMPLOYMENT_APPL] exists in the database but has no corresponding entity
2021-04-24 16:53:19,024 |OFBiz-batch-3        |DatabaseUtil                  |W| Table named [AGREEMENT_FACILITY_APPL] exists in the database but has no corresponding entity
2021-04-24 16:53:19,024 |OFBiz-batch-3        |DatabaseUtil                  |W| Table named [AGREEMENT_GEOGRAPHICAL_APPLIC] exists in the database but has no corresponding entity
2021-04-24 16:53:19,024 |OFBiz-batch-3        |DatabaseUtil                  |W| Table named [AGREEMENT_ITEM] exists in the database but has no corresponding entity
2021-04-24 16:53:19,024 |OFBiz-batch-3        |DatabaseUtil                  |W| Table named [AGREEMENT_ITEM_ATTRIBUTE] exists in the database but has no corresponding entity
2021-04-24 16:53:19,024 |OFBiz-batch-3        |DatabaseUtil                  |W| Table named [AGREEMENT_ITEM_TYPE] exists in the database but has no corresponding entity
2021-04-24 16:53:19,024 |OFBiz-batch-3        |DatabaseUtil                  |W| Table named [AGREEMENT_ITEM_TYPE_ATTR] exists in the database but has no corresponding entity
2021-04-24 16:53:19,024 |OFBiz-batch-3        |DatabaseUtil                  |W| Table named [AGREEMENT_PARTY_APPLIC] exists in the database but has no corresponding entity
2021-04-24 16:53:19,024 |OFBiz-batch-3        |DatabaseUtil                  |W| Table named [AGREEMENT_PRODUCT_APPL] exists in the database but has no corresponding entity
2021-04-24 16:53:19,024 |OFBiz-batch-3        |DatabaseUtil                  |W| Table named [AGREEMENT_PROMO_APPL] exists in the database but has no corresponding entity
2021-04-24 16:53:19,024 |OFBiz-batch-3        |DatabaseUtil                  |W| Table named [AGREEMENT_ROLE] exists in the database but has no corresponding entity
2021-04-24 16:53:19,024 |OFBiz-batch-3        |DatabaseUtil                  |W| Table named [AGREEMENT_TERM] exists in the database but has no corresponding entity
2021-04-24 16:53:19,024 |OFBiz-batch-3        |DatabaseUtil                  |W| Table named [AGREEMENT_TERM_ATTRIBUTE] exists in the database but has no corresponding entity
2021-04-24 16:53:19,024 |OFBiz-batch-3        |DatabaseUtil                  |W| Table named [AGREEMENT_TYPE] exists in the database but has no corresponding entity
2021-04-24 16:53:19,024 |OFBiz-batch-3        |DatabaseUtil                  |W| Table named [AGREEMENT_TYPE_ATTR] exists in the database but has no corresponding entity
2021-04-24 16:53:19,024 |OFBiz-batch-3        |DatabaseUtil                  |W| Table named [AGREEMENT_WORK_EFFORT_APPLIC] exists in the database but has no corresponding entity
2021-04-24 16:53:19,024 |OFBiz-batch-3        |DatabaseUtil                  |W| Table named [APPLICATION_SANDBOX] exists in the database but has no corresponding entity
2021-04-24 16:53:19,024 |OFBiz-batch-3        |DatabaseUtil                  |W| Table named [AUDIO_DATA_RESOURCE] exists in the database but has no corresponding entity
2021-04-24 16:53:19,024 |OFBiz-batch-3        |DatabaseUtil                  |W| Table named [BENEFIT_TYPE] exists in the database but has no corresponding entity
2021-04-24 16:53:19,024 |OFBiz-batch-3        |DatabaseUtil                  |W| Table named [BILLING_ACCOUNT] exists in the database but has no corresponding entity
2021-04-24 16:53:19,024 |OFBiz-batch-3        |DatabaseUtil                  |W| Table named [BILLING_ACCOUNT_ROLE] exists in the database but has no corresponding entity
2021-04-24 16:53:19,024 |OFBiz-batch-3        |DatabaseUtil                  |W| Table named [BILLING_ACCOUNT_TERM] exists in the database but has no corresponding entity
2021-04-24 16:53:19,024 |OFBiz-batch-3        |DatabaseUtil                  |W| Table named [BILLING_ACCOUNT_TERM_ATTR] exists in the database but has no corresponding entity
2021-04-24 16:53:19,024 |OFBiz-batch-3        |DatabaseUtil                  |W| Table named [BROWSER_TYPE] exists in the database but has no corresponding entity
2021-04-24 16:53:19,024 |OFBiz-batch-3        |DatabaseUtil                  |W| Table named [BUDGET] exists in the database but has no corresponding entity
2021-04-24 16:53:19,024 |OFBiz-batch-3        |DatabaseUtil                  |W| Table named [BUDGET_ATTRIBUTE] exists in the database but has no corresponding entity
2021-04-24 16:53:19,024 |OFBiz-batch-3        |DatabaseUtil                  |W| Table named [BUDGET_ITEM] exists in the database but has no corresponding entity
2021-04-24 16:53:19,024 |OFBiz-batch-3        |DatabaseUtil                  |W| Table named [BUDGET_ITEM_ATTRIBUTE] exists in the database but has no corresponding entity
2021-04-24 16:53:19,024 |OFBiz-batch-3        |DatabaseUtil                  |W| Table named [BUDGET_ITEM_TYPE] exists in the database but has no corresponding entity
2021-04-24 16:53:19,024 |OFBiz-batch-3        |DatabaseUtil                  |W| Table named [BUDGET_ITEM_TYPE_ATTR] exists in the database but has no corresponding entity
2021-04-24 16:53:19,024 |OFBiz-batch-3        |DatabaseUtil                  |W| Table named [BUDGET_REVIEW] exists in the database but has no corresponding entity
2021-04-24 16:53:19,024 |OFBiz-batch-3        |DatabaseUtil                  |W| Table named [BUDGET_REVIEW_RESULT_TYPE] exists in the database but has no corresponding entity
2021-04-24 16:53:19,024 |OFBiz-batch-3        |DatabaseUtil                  |W| Table named [BUDGET_REVISION] exists in the database but has no corresponding entity
2021-04-24 16:53:19,024 |OFBiz-batch-3        |DatabaseUtil                  |W| Table named [BUDGET_REVISION_IMPACT] exists in the database but has no corresponding entity
2021-04-24 16:53:19,024 |OFBiz-batch-3        |DatabaseUtil                  |W| Table named [BUDGET_ROLE] exists in the database but has no corresponding entity
2021-04-24 16:53:19,024 |OFBiz-batch-3        |DatabaseUtil                  |W| Table named [BUDGET_SCENARIO] exists in the database but has no corresponding entity
2021-04-24 16:53:19,024 |OFBiz-batch-3        |DatabaseUtil                  |W| Table named [BUDGET_SCENARIO_APPLICATION] exists in the database but has no corresponding entity
2021-04-24 16:53:19,025 |OFBiz-batch-3        |DatabaseUtil                  |W| Table named [BUDGET_SCENARIO_RULE] exists in the database but has no corresponding entity
2021-04-24 16:53:19,025 |OFBiz-batch-3        |DatabaseUtil                  |W| Table named [BUDGET_STATUS] exists in the database but has no corresponding entity
2021-04-24 16:53:19,025 |OFBiz-batch-3        |DatabaseUtil                  |W| Table named [BUDGET_TYPE] exists in the database but has no corresponding entity
2021-04-24 16:53:19,025 |OFBiz-batch-3        |DatabaseUtil                  |W| Table named [BUDGET_TYPE_ATTR] exists in the database but has no corresponding entity
2021-04-24 16:53:19,025 |OFBiz-batch-3        |DatabaseUtil                  |W| Table named [CARRIER_SHIPMENT_BOX_TYPE] exists in the database but has no corresponding entity
2021-04-24 16:53:19,025 |OFBiz-batch-3        |DatabaseUtil                  |W| Table named [CARRIER_SHIPMENT_METHOD] exists in the database but has no corresponding entity
2021-04-24 16:53:19,025 |OFBiz-batch-3        |DatabaseUtil                  |W| Table named [CART_ABANDONED_LINE] exists in the database but has no corresponding entity
2021-04-24 16:53:19,025 |OFBiz-batch-3        |DatabaseUtil                  |W| Table named [CATALINA_SESSION] exists in the database but has no corresponding entity
2021-04-24 16:53:19,025 |OFBiz-batch-3        |DatabaseUtil                  |W| Table named [CHARACTER_SET] exists in the database but has no corresponding entity
2021-04-24 16:53:19,025 |OFBiz-batch-3        |DatabaseUtil                  |W| Table named [CHECK_ACCOUNT] exists in the database but has no corresponding entity
2021-04-24 16:53:19,025 |OFBiz-batch-3        |DatabaseUtil                  |W| Table named [COMMUNICATION_EVENT] exists in the database but has no corresponding entity
2021-04-24 16:53:19,025 |OFBiz-batch-3        |DatabaseUtil                  |W| Table named [COMMUNICATION_EVENT_ORDER] exists in the database but has no corresponding entity
2021-04-24 16:53:19,025 |OFBiz-batch-3        |DatabaseUtil                  |W| Table named [COMMUNICATION_EVENT_PRODUCT] exists in the database but has no corresponding entity
2021-04-24 16:53:19,025 |OFBiz-batch-3        |DatabaseUtil                  |W| Table named [COMMUNICATION_EVENT_PRP_TYP] exists in the database but has no corresponding entity
2021-04-24 16:53:19,025 |OFBiz-batch-3        |DatabaseUtil                  |W| Table named [COMMUNICATION_EVENT_PURPOSE] exists in the database but has no corresponding entity
2021-04-24 16:53:19,025 |OFBiz-batch-3        |DatabaseUtil                  |W| Table named [COMMUNICATION_EVENT_ROLE] exists in the database but has no corresponding entity
2021-04-24 16:53:19,025 |OFBiz-batch-3        |DatabaseUtil                  |W| Table named [COMMUNICATION_EVENT_TYPE] exists in the database but has no corresponding entity
2021-04-24 16:53:19,025 |OFBiz-batch-3        |DatabaseUtil                  |W| Table named [COMMUNICATION_EVENT_WORK_EFF] exists in the database but has no corresponding entity
2021-04-24 16:53:19,025 |OFBiz-batch-3        |DatabaseUtil                  |W| Table named [COMM_CONTENT_ASSOC_TYPE] exists in the database but has no corresponding entity
2021-04-24 16:53:19,025 |OFBiz-batch-3        |DatabaseUtil                  |W| Table named [COMM_EVENT_CONTENT_ASSOC] exists in the database but has no corresponding entity
2021-04-24 16:53:19,025 |OFBiz-batch-3        |DatabaseUtil                  |W| Table named [COMPONENT] exists in the database but has no corresponding entity
2021-04-24 16:53:19,025 |OFBiz-batch-3        |DatabaseUtil                  |W| Table named [CONFIG_OPTION_PRODUCT_OPTION] exists in the database but has no corresponding entity
2021-04-24 16:53:19,025 |OFBiz-batch-3        |DatabaseUtil                  |W| Table named [CONTACT_LIST] exists in the database but has no corresponding entity
2021-04-24 16:53:19,025 |OFBiz-batch-3        |DatabaseUtil                  |W| Table named [CONTACT_LIST_COMM_STATUS] exists in the database but has no corresponding entity
2021-04-24 16:53:19,025 |OFBiz-batch-3        |DatabaseUtil                  |W| Table named [CONTACT_LIST_PARTY] exists in the database but has no corresponding entity
2021-04-24 16:53:19,025 |OFBiz-batch-3        |DatabaseUtil                  |W| Table named [CONTACT_LIST_PARTY_STATUS] exists in the database but has no corresponding entity
2021-04-24 16:53:19,025 |OFBiz-batch-3        |DatabaseUtil                  |W| Table named [CONTACT_LIST_TYPE] exists in the database but has no corresponding entity
2021-04-24 16:53:19,025 |OFBiz-batch-3        |DatabaseUtil                  |W| Table named [CONTACT_MECH] exists in the database but has no corresponding entity
2021-04-24 16:53:19,025 |OFBiz-batch-3        |DatabaseUtil                  |W| Table named [CONTACT_MECH_ATTRIBUTE] exists in the database but has no corresponding entity
2021-04-24 16:53:19,025 |OFBiz-batch-3        |DatabaseUtil                  |W| Table named [CONTACT_MECH_LINK] exists in the database but has no corresponding entity
2021-04-24 16:53:19,025 |OFBiz-batch-3        |DatabaseUtil                  |W| Table named [CONTACT_MECH_PURPOSE_TYPE] exists in the database but has no corresponding entity
2021-04-24 16:53:19,026 |OFBiz-batch-3        |DatabaseUtil                  |W| Table named [CONTACT_MECH_TYPE] exists in the database but has no corresponding entity
2021-04-24 16:53:19,026 |OFBiz-batch-3        |DatabaseUtil                  |W| Table named [CONTACT_MECH_TYPE_ATTR] exists in the database but has no corresponding entity
2021-04-24 16:53:19,026 |OFBiz-batch-3        |DatabaseUtil                  |W| Table named [CONTACT_MECH_TYPE_PURPOSE] exists in the database but has no corresponding entity
2021-04-24 16:53:19,026 |OFBiz-batch-3        |DatabaseUtil                  |W| Table named [CONTAINER] exists in the database but has no corresponding entity
2021-04-24 16:53:19,026 |OFBiz-batch-3        |DatabaseUtil                  |W| Table named [CONTAINER_GEO_POINT] exists in the database but has no corresponding entity
2021-04-24 16:53:19,026 |OFBiz-batch-3        |DatabaseUtil                  |W| Table named [CONTAINER_TYPE] exists in the database but has no corresponding entity
2021-04-24 16:53:19,026 |OFBiz-batch-3        |DatabaseUtil                  |W| Table named [CONTENT] exists in the database but has no corresponding entity
2021-04-24 16:53:19,026 |OFBiz-batch-3        |DatabaseUtil                  |W| Table named [CONTENT_APPROVAL] exists in the database but has no corresponding entity
2021-04-24 16:53:19,026 |OFBiz-batch-3        |DatabaseUtil                  |W| Table named [CONTENT_ASSOC] exists in the database but has no corresponding entity
2021-04-24 16:53:19,026 |OFBiz-batch-3        |DatabaseUtil                  |W| Table named [CONTENT_ASSOC_PREDICATE] exists in the database but has no corresponding entity
2021-04-24 16:53:19,026 |OFBiz-batch-3        |DatabaseUtil                  |W| Table named [CONTENT_ASSOC_TYPE] exists in the database but has no corresponding entity
2021-04-24 16:53:19,026 |OFBiz-batch-3        |DatabaseUtil                  |W| Table named [CONTENT_ATTRIBUTE] exists in the database but has no corresponding entity
2021-04-24 16:53:19,026 |OFBiz-batch-3        |DatabaseUtil                  |W| Table named [CONTENT_KEYWORD] exists in the database but has no corresponding entity
2021-04-24 16:53:19,026 |OFBiz-batch-3        |DatabaseUtil                  |W| Table named [CONTENT_META_DATA] exists in the database but has no corresponding entity
2021-04-24 16:53:19,026 |OFBiz-batch-3        |DatabaseUtil                  |W| Table named [CONTENT_OPERATION] exists in the database but has no corresponding entity
2021-04-24 16:53:19,026 |OFBiz-batch-3        |DatabaseUtil                  |W| Table named [CONTENT_PURPOSE] exists in the database but has no corresponding entity
2021-04-24 16:53:19,026 |OFBiz-batch-3        |DatabaseUtil                  |W| Table named [CONTENT_PURPOSE_OPERATION] exists in the database but has no corresponding entity
2021-04-24 16:53:19,026 |OFBiz-batch-3        |DatabaseUtil                  |W| Table named [CONTENT_PURPOSE_TYPE] exists in the database but has no corresponding entity
2021-04-24 16:53:19,026 |OFBiz-batch-3        |DatabaseUtil                  |W| Table named [CONTENT_REVISION] exists in the database but has no corresponding entity
2021-04-24 16:53:19,026 |OFBiz-batch-3        |DatabaseUtil                  |W| Table named [CONTENT_REVISION_ITEM] exists in the database but has no corresponding entity
2021-04-24 16:53:19,026 |OFBiz-batch-3        |DatabaseUtil                  |W| Table named [CONTENT_ROLE] exists in the database but has no corresponding entity
2021-04-24 16:53:19,026 |OFBiz-batch-3        |DatabaseUtil                  |W| Table named [CONTENT_SEARCH_CONSTRAINT] exists in the database but has no corresponding entity
2021-04-24 16:53:19,026 |OFBiz-batch-3        |DatabaseUtil                  |W| Table named [CONTENT_SEARCH_RESULT] exists in the database but has no corresponding entity
2021-04-24 16:53:19,026 |OFBiz-batch-3        |DatabaseUtil                  |W| Table named [CONTENT_TYPE] exists in the database but has no corresponding entity
2021-04-24 16:53:19,026 |OFBiz-batch-3        |DatabaseUtil                  |W| Table named [CONTENT_TYPE_ATTR] exists in the database but has no corresponding entity
2021-04-24 16:53:19,026 |OFBiz-batch-3        |DatabaseUtil                  |W| Table named [COST_COMPONENT] exists in the database but has no corresponding entity
2021-04-24 16:53:19,026 |OFBiz-batch-3        |DatabaseUtil                  |W| Table named [COST_COMPONENT_ATTRIBUTE] exists in the database but has no corresponding entity
2021-04-24 16:53:19,027 |OFBiz-batch-3        |DatabaseUtil                  |W| Table named [COST_COMPONENT_CALC] exists in the database but has no corresponding entity
2021-04-24 16:53:19,027 |OFBiz-batch-3        |DatabaseUtil                  |W| Table named [COST_COMPONENT_TYPE] exists in the database but has no corresponding entity
2021-04-24 16:53:19,027 |OFBiz-batch-3        |DatabaseUtil                  |W| Table named [COST_COMPONENT_TYPE_ATTR] exists in the database but has no corresponding entity
2021-04-24 16:53:19,027 |OFBiz-batch-3        |DatabaseUtil                  |W| Table named [COUNTRY_ADDRESS_FORMAT] exists in the database but has no corresponding entity
2021-04-24 16:53:19,027 |OFBiz-batch-3        |DatabaseUtil                  |W| Table named [COUNTRY_CAPITAL] exists in the database but has no corresponding entity
2021-04-24 16:53:19,027 |OFBiz-batch-3        |DatabaseUtil                  |W| Table named [COUNTRY_CODE] exists in the database but has no corresponding entity
2021-04-24 16:53:19,027 |OFBiz-batch-3        |DatabaseUtil                  |W| Table named [COUNTRY_TELE_CODE] exists in the database but has no corresponding entity
2021-04-24 16:53:19,027 |OFBiz-batch-3        |DatabaseUtil                  |W| Table named [CREDIT_CARD] exists in the database but has no corresponding entity
2021-04-24 16:53:19,027 |OFBiz-batch-3        |DatabaseUtil                  |W| Table named [CREDIT_CARD_TYPE_GL_ACCOUNT] exists in the database but has no corresponding entity
2021-04-24 16:53:19,027 |OFBiz-batch-3        |DatabaseUtil                  |W| Table named [CUSTOM_METHOD] exists in the database but has no corresponding entity
2021-04-24 16:53:19,027 |OFBiz-batch-3        |DatabaseUtil                  |W| Table named [CUSTOM_METHOD_TYPE] exists in the database but has no corresponding entity
2021-04-24 16:53:19,027 |OFBiz-batch-3        |DatabaseUtil                  |W| Table named [CUSTOM_TIME_PERIOD] exists in the database but has no corresponding entity
2021-04-24 16:53:19,027 |OFBiz-batch-3        |DatabaseUtil                  |W| Table named [CUST_REQUEST] exists in the database but has no corresponding entity
2021-04-24 16:53:19,027 |OFBiz-batch-3        |DatabaseUtil                  |W| Table named [CUST_REQUEST_ATTRIBUTE] exists in the database but has no corresponding entity
2021-04-24 16:53:19,027 |OFBiz-batch-3        |DatabaseUtil                  |W| Table named [CUST_REQUEST_CATEGORY] exists in the database but has no corresponding entity
2021-04-24 16:53:19,027 |OFBiz-batch-3        |DatabaseUtil                  |W| Table named [CUST_REQUEST_COMM_EVENT] exists in the database but has no corresponding entity
2021-04-24 16:53:19,027 |OFBiz-batch-3        |DatabaseUtil                  |W| Table named [CUST_REQUEST_CONTENT] exists in the database but has no corresponding entity
2021-04-24 16:53:19,027 |OFBiz-batch-3        |DatabaseUtil                  |W| Table named [CUST_REQUEST_ITEM] exists in the database but has no corresponding entity
2021-04-24 16:53:19,027 |OFBiz-batch-3        |DatabaseUtil                  |W| Table named [CUST_REQUEST_ITEM_NOTE] exists in the database but has no corresponding entity
2021-04-24 16:53:19,027 |OFBiz-batch-3        |DatabaseUtil                  |W| Table named [CUST_REQUEST_ITEM_WORK_EFFORT] exists in the database but has no corresponding entity
2021-04-24 16:53:19,027 |OFBiz-batch-3        |DatabaseUtil                  |W| Table named [CUST_REQUEST_NOTE] exists in the database but has no corresponding entity
2021-04-24 16:53:19,027 |OFBiz-batch-3        |DatabaseUtil                  |W| Table named [CUST_REQUEST_PARTY] exists in the database but has no corresponding entity
2021-04-24 16:53:19,027 |OFBiz-batch-3        |DatabaseUtil                  |W| Table named [CUST_REQUEST_RESOLUTION] exists in the database but has no corresponding entity
2021-04-24 16:53:19,027 |OFBiz-batch-3        |DatabaseUtil                  |W| Table named [CUST_REQUEST_STATUS] exists in the database but has no corresponding entity
2021-04-24 16:53:19,027 |OFBiz-batch-3        |DatabaseUtil                  |W| Table named [CUST_REQUEST_TYPE] exists in the database but has no corresponding entity
2021-04-24 16:53:19,027 |OFBiz-batch-3        |DatabaseUtil                  |W| Table named [CUST_REQUEST_TYPE_ATTR] exists in the database but has no corresponding entity
2021-04-24 16:53:19,027 |OFBiz-batch-3        |DatabaseUtil                  |W| Table named [CUST_REQUEST_WORK_EFFORT] exists in the database but has no corresponding entity
2021-04-24 16:53:19,027 |OFBiz-batch-3        |DatabaseUtil                  |W| Table named [DATA_CATEGORY] exists in the database but has no corresponding entity
2021-04-24 16:53:19,027 |OFBiz-batch-3        |DatabaseUtil                  |W| Table named [DATA_RESOURCE] exists in the database but has no corresponding entity
2021-04-24 16:53:19,027 |OFBiz-batch-3        |DatabaseUtil                  |W| Table named [DATA_RESOURCE_ATTRIBUTE] exists in the database but has no corresponding entity
2021-04-24 16:53:19,027 |OFBiz-batch-3        |DatabaseUtil                  |W| Table named [DATA_RESOURCE_META_DATA] exists in the database but has no corresponding entity
2021-04-24 16:53:19,027 |OFBiz-batch-3        |DatabaseUtil                  |W| Table named [DATA_RESOURCE_PURPOSE] exists in the database but has no corresponding entity
2021-04-24 16:53:19,027 |OFBiz-batch-3        |DatabaseUtil                  |W| Table named [DATA_RESOURCE_ROLE] exists in the database but has no corresponding entity
2021-04-24 16:53:19,027 |OFBiz-batch-3        |DatabaseUtil                  |W| Table named [DATA_RESOURCE_TYPE] exists in the database but has no corresponding entity
2021-04-24 16:53:19,027 |OFBiz-batch-3        |DatabaseUtil                  |W| Table named [DATA_RESOURCE_TYPE_ATTR] exists in the database but has no corresponding entity
2021-04-24 16:53:19,027 |OFBiz-batch-3        |DatabaseUtil                  |W| Table named [DATA_SOURCE] exists in the database but has no corresponding entity
2021-04-24 16:53:19,027 |OFBiz-batch-3        |DatabaseUtil                  |W| Table named [DATA_SOURCE_TYPE] exists in the database but has no corresponding entity
2021-04-24 16:53:19,027 |OFBiz-batch-3        |DatabaseUtil                  |W| Table named [DATA_TEMPLATE_TYPE] exists in the database but has no corresponding entity
2021-04-24 16:53:19,027 |OFBiz-batch-3        |DatabaseUtil                  |W| Table named [DEDUCTION] exists in the database but has no corresponding entity
2021-04-24 16:53:19,028 |OFBiz-batch-3        |DatabaseUtil                  |W| Table named [DEDUCTION_TYPE] exists in the database but has no corresponding entity
2021-04-24 16:53:19,028 |OFBiz-batch-3        |DatabaseUtil                  |W| Table named [DELIVERABLE] exists in the database but has no corresponding entity
2021-04-24 16:53:19,028 |OFBiz-batch-3        |DatabaseUtil                  |W| Table named [DELIVERABLE_TYPE] exists in the database but has no corresponding entity
2021-04-24 16:53:19,028 |OFBiz-batch-3        |DatabaseUtil                  |W| Table named [DELIVERY] exists in the database but has no corresponding entity
2021-04-24 16:53:19,028 |OFBiz-batch-3        |DatabaseUtil                  |W| Table named [DESIRED_FEATURE] exists in the database but has no corresponding entity
2021-04-24 16:53:19,028 |OFBiz-batch-3        |DatabaseUtil                  |W| Table named [DOCUMENT] exists in the database but has no corresponding entity
2021-04-24 16:53:19,028 |OFBiz-batch-3        |DatabaseUtil                  |W| Table named [DOCUMENT_ATTRIBUTE] exists in the database but has no corresponding entity
2021-04-24 16:53:19,028 |OFBiz-batch-3        |DatabaseUtil                  |W| Table named [DOCUMENT_TYPE] exists in the database but has no corresponding entity
2021-04-24 16:53:19,028 |OFBiz-batch-3        |DatabaseUtil                  |W| Table named [DOCUMENT_TYPE_ATTR] exists in the database but has no corresponding entity
2021-04-24 16:53:19,028 |OFBiz-batch-3        |DatabaseUtil                  |W| Table named [EFT_ACCOUNT] exists in the database but has no corresponding entity
2021-04-24 16:53:19,028 |OFBiz-batch-3        |DatabaseUtil                  |W| Table named [ELECTRONIC_TEXT] exists in the database but has no corresponding entity
2021-04-24 16:53:19,028 |OFBiz-batch-3        |DatabaseUtil                  |W| Table named [EMAIL_ADDRESS_VERIFICATION] exists in the database but has no corresponding entity
2021-04-24 16:53:19,028 |OFBiz-batch-3        |DatabaseUtil                  |W| Table named [EMAIL_TEMPLATE_SETTING] exists in the database but has no corresponding entity
2021-04-24 16:53:19,028 |OFBiz-batch-3        |DatabaseUtil                  |W| Table named [EMPLOYMENT] exists in the database but has no corresponding entity
2021-04-24 16:53:19,028 |OFBiz-batch-3        |DatabaseUtil                  |W| Table named [EMPLOYMENT_APP] exists in the database but has no corresponding entity
2021-04-24 16:53:19,028 |OFBiz-batch-3        |DatabaseUtil                  |W| Table named [EMPLOYMENT_APP_SOURCE_TYPE] exists in the database but has no corresponding entity
2021-04-24 16:53:19,028 |OFBiz-batch-3        |DatabaseUtil                  |W| Table named [EMPL_LEAVE] exists in the database but has no corresponding entity
2021-04-24 16:53:19,028 |OFBiz-batch-3        |DatabaseUtil                  |W| Table named [EMPL_LEAVE_REASON_TYPE] exists in the database but has no corresponding entity
2021-04-24 16:53:19,028 |OFBiz-batch-3        |DatabaseUtil                  |W| Table named [EMPL_LEAVE_TYPE] exists in the database but has no corresponding entity
2021-04-24 16:53:19,028 |OFBiz-batch-3        |DatabaseUtil                  |W| Table named [EMPL_POSITION] exists in the database but has no corresponding entity
2021-04-24 16:53:19,028 |OFBiz-batch-3        |DatabaseUtil                  |W| Table named [EMPL_POSITION_CLASS_TYPE] exists in the database but has no corresponding entity
2021-04-24 16:53:19,028 |OFBiz-batch-3        |DatabaseUtil                  |W| Table named [EMPL_POSITION_FULFILLMENT] exists in the database but has no corresponding entity
2021-04-24 16:53:19,028 |OFBiz-batch-3        |DatabaseUtil                  |W| Table named [EMPL_POSITION_REPORTING_STRUCT] exists in the database but has no corresponding entity
2021-04-24 16:53:19,028 |OFBiz-batch-3        |DatabaseUtil                  |W| Table named [EMPL_POSITION_RESPONSIBILITY] exists in the database but has no corresponding entity
2021-04-24 16:53:19,028 |OFBiz-batch-3        |DatabaseUtil                  |W| Table named [EMPL_POSITION_TYPE] exists in the database but has no corresponding entity
2021-04-24 16:53:19,028 |OFBiz-batch-3        |DatabaseUtil                  |W| Table named [EMPL_POSITION_TYPE_CLASS] exists in the database but has no corresponding entity
2021-04-24 16:53:19,028 |OFBiz-batch-3        |DatabaseUtil                  |W| Table named [EMPL_POSITION_TYPE_RATE_NEW] exists in the database but has no corresponding entity
2021-04-24 16:53:19,028 |OFBiz-batch-3        |DatabaseUtil                  |W| Table named [ENTITY_AUDIT_LOG] exists in the database but has no corresponding entity
2021-04-24 16:53:19,028 |OFBiz-batch-3        |DatabaseUtil                  |W| Table named [ENTITY_GROUP] exists in the database but has no corresponding entity
2021-04-24 16:53:19,028 |OFBiz-batch-3        |DatabaseUtil                  |W| Table named [ENTITY_GROUP_ENTRY] exists in the database but has no corresponding entity
2021-04-24 16:53:19,028 |OFBiz-batch-3        |DatabaseUtil                  |W| Table named [ENTITY_KEY_STORE] exists in the database but has no corresponding entity
2021-04-24 16:53:19,028 |OFBiz-batch-3        |DatabaseUtil                  |W| Table named [ENTITY_SYNC] exists in the database but has no corresponding entity
2021-04-24 16:53:19,028 |OFBiz-batch-3        |DatabaseUtil                  |W| Table named [ENTITY_SYNC_HISTORY] exists in the database but has no corresponding entity
2021-04-24 16:53:19,028 |OFBiz-batch-3        |DatabaseUtil                  |W| Table named [ENTITY_SYNC_INCLUDE] exists in the database but has no corresponding entity
2021-04-24 16:53:19,028 |OFBiz-batch-3        |DatabaseUtil                  |W| Table named [ENTITY_SYNC_INCLUDE_GROUP] exists in the database but has no corresponding entity
2021-04-24 16:53:19,028 |OFBiz-batch-3        |DatabaseUtil                  |W| Table named [ENTITY_SYNC_REMOVE] exists in the database but has no corresponding entity
2021-04-24 16:53:19,028 |OFBiz-batch-3        |DatabaseUtil                  |W| Table named [ENUMERATION] exists in the database but has no corresponding entity
2021-04-24 16:53:19,028 |OFBiz-batch-3        |DatabaseUtil                  |W| Table named [ENUMERATION_TYPE] exists in the database but has no corresponding entity
2021-04-24 16:53:19,028 |OFBiz-batch-3        |DatabaseUtil                  |W| Table named [FACILITY] exists in the database but has no corresponding entity
2021-04-24 16:53:19,028 |OFBiz-batch-3        |DatabaseUtil                  |W| Table named [FACILITY_ATTRIBUTE] exists in the database but has no corresponding entity
2021-04-24 16:53:19,029 |OFBiz-batch-3        |DatabaseUtil                  |W| Table named [FACILITY_CALENDAR] exists in the database but has no corresponding entity
2021-04-24 16:53:19,029 |OFBiz-batch-3        |DatabaseUtil                  |W| Table named [FACILITY_CALENDAR_TYPE] exists in the database but has no corresponding entity
2021-04-24 16:53:19,029 |OFBiz-batch-3        |DatabaseUtil                  |W| Table named [FACILITY_CARRIER_SHIPMENT] exists in the database but has no corresponding entity
2021-04-24 16:53:19,029 |OFBiz-batch-3        |DatabaseUtil                  |W| Table named [FACILITY_CONTACT_MECH] exists in the database but has no corresponding entity
2021-04-24 16:53:19,029 |OFBiz-batch-3        |DatabaseUtil                  |W| Table named [FACILITY_CONTACT_MECH_PURPOSE] exists in the database but has no corresponding entity
2021-04-24 16:53:19,029 |OFBiz-batch-3        |DatabaseUtil                  |W| Table named [FACILITY_CONTENT] exists in the database but has no corresponding entity
2021-04-24 16:53:19,029 |OFBiz-batch-3        |DatabaseUtil                  |W| Table named [FACILITY_GROUP] exists in the database but has no corresponding entity
2021-04-24 16:53:19,029 |OFBiz-batch-3        |DatabaseUtil                  |W| Table named [FACILITY_GROUP_MEMBER] exists in the database but has no corresponding entity
2021-04-24 16:53:19,029 |OFBiz-batch-3        |DatabaseUtil                  |W| Table named [FACILITY_GROUP_ROLE] exists in the database but has no corresponding entity
2021-04-24 16:53:19,029 |OFBiz-batch-3        |DatabaseUtil                  |W| Table named [FACILITY_GROUP_ROLLUP] exists in the database but has no corresponding entity
2021-04-24 16:53:19,029 |OFBiz-batch-3        |DatabaseUtil                  |W| Table named [FACILITY_GROUP_TYPE] exists in the database but has no corresponding entity
2021-04-24 16:53:19,029 |OFBiz-batch-3        |DatabaseUtil                  |W| Table named [FACILITY_LOCATION] exists in the database but has no corresponding entity
2021-04-24 16:53:19,029 |OFBiz-batch-3        |DatabaseUtil                  |W| Table named [FACILITY_LOCATION_GEO_POINT] exists in the database but has no corresponding entity
2021-04-24 16:53:19,029 |OFBiz-batch-3        |DatabaseUtil                  |W| Table named [FACILITY_PARTY] exists in the database but has no corresponding entity
2021-04-24 16:53:19,029 |OFBiz-batch-3        |DatabaseUtil                  |W| Table named [FACILITY_TYPE] exists in the database but has no corresponding entity
2021-04-24 16:53:19,029 |OFBiz-batch-3        |DatabaseUtil                  |W| Table named [FACILITY_TYPE_ATTR] exists in the database but has no corresponding entity
2021-04-24 16:53:19,029 |OFBiz-batch-3        |DatabaseUtil                  |W| Table named [FILE_EXTENSION] exists in the database but has no corresponding entity
2021-04-24 16:53:19,029 |OFBiz-batch-3        |DatabaseUtil                  |W| Table named [FIN_ACCOUNT] exists in the database but has no corresponding entity
2021-04-24 16:53:19,029 |OFBiz-batch-3        |DatabaseUtil                  |W| Table named [FIN_ACCOUNT_ATTRIBUTE] exists in the database but has no corresponding entity
2021-04-24 16:53:19,029 |OFBiz-batch-3        |DatabaseUtil                  |W| Table named [FIN_ACCOUNT_AUTH] exists in the database but has no corresponding entity
2021-04-24 16:53:19,029 |OFBiz-batch-3        |DatabaseUtil                  |W| Table named [FIN_ACCOUNT_ROLE] exists in the database but has no corresponding entity
2021-04-24 16:53:19,029 |OFBiz-batch-3        |DatabaseUtil                  |W| Table named [FIN_ACCOUNT_STATUS] exists in the database but has no corresponding entity
2021-04-24 16:53:19,029 |OFBiz-batch-3        |DatabaseUtil                  |W| Table named [FIN_ACCOUNT_TRANS] exists in the database but has no corresponding entity
2021-04-24 16:53:19,029 |OFBiz-batch-3        |DatabaseUtil                  |W| Table named [FIN_ACCOUNT_TRANS_ATTRIBUTE] exists in the database but has no corresponding entity
2021-04-24 16:53:19,029 |OFBiz-batch-3        |DatabaseUtil                  |W| Table named [FIN_ACCOUNT_TRANS_TYPE] exists in the database but has no corresponding entity
2021-04-24 16:53:19,029 |OFBiz-batch-3        |DatabaseUtil                  |W| Table named [FIN_ACCOUNT_TRANS_TYPE_ATTR] exists in the database but has no corresponding entity
2021-04-24 16:53:19,029 |OFBiz-batch-3        |DatabaseUtil                  |W| Table named [FIN_ACCOUNT_TYPE] exists in the database but has no corresponding entity
2021-04-24 16:53:19,029 |OFBiz-batch-3        |DatabaseUtil                  |W| Table named [FIN_ACCOUNT_TYPE_ATTR] exists in the database but has no corresponding entity
2021-04-24 16:53:19,029 |OFBiz-batch-3        |DatabaseUtil                  |W| Table named [FIN_ACCOUNT_TYPE_GL_ACCOUNT] exists in the database but has no corresponding entity
2021-04-24 16:53:19,029 |OFBiz-batch-3        |DatabaseUtil                  |W| Table named [FIXED_ASSET] exists in the database but has no corresponding entity
2021-04-24 16:53:19,029 |OFBiz-batch-3        |DatabaseUtil                  |W| Table named [FIXED_ASSET_ATTRIBUTE] exists in the database but has no corresponding entity
2021-04-24 16:53:19,029 |OFBiz-batch-3        |DatabaseUtil                  |W| Table named [FIXED_ASSET_DEP_METHOD] exists in the database but has no corresponding entity
2021-04-24 16:53:19,029 |OFBiz-batch-3        |DatabaseUtil                  |W| Table named [FIXED_ASSET_GEO_POINT] exists in the database but has no corresponding entity
2021-04-24 16:53:19,029 |OFBiz-batch-3        |DatabaseUtil                  |W| Table named [FIXED_ASSET_IDENT] exists in the database but has no corresponding entity
2021-04-24 16:53:19,029 |OFBiz-batch-3        |DatabaseUtil                  |W| Table named [FIXED_ASSET_IDENT_TYPE] exists in the database but has no corresponding entity
2021-04-24 16:53:19,029 |OFBiz-batch-3        |DatabaseUtil                  |W| Table named [FIXED_ASSET_MAINT] exists in the database but has no corresponding entity
2021-04-24 16:53:19,029 |OFBiz-batch-3        |DatabaseUtil                  |W| Table named [FIXED_ASSET_MAINT_ORDER] exists in the database but has no corresponding entity
2021-04-24 16:53:19,029 |OFBiz-batch-3        |DatabaseUtil                  |W| Table named [FIXED_ASSET_METER] exists in the database but has no corresponding entity
2021-04-24 16:53:19,029 |OFBiz-batch-3        |DatabaseUtil                  |W| Table named [FIXED_ASSET_PRODUCT] exists in the database but has no corresponding entity
2021-04-24 16:53:19,030 |OFBiz-batch-3        |DatabaseUtil                  |W| Table named [FIXED_ASSET_PRODUCT_TYPE] exists in the database but has no corresponding entity
2021-04-24 16:53:19,030 |OFBiz-batch-3        |DatabaseUtil                  |W| Table named [FIXED_ASSET_REGISTRATION] exists in the database but has no corresponding entity
2021-04-24 16:53:19,030 |OFBiz-batch-3        |DatabaseUtil                  |W| Table named [FIXED_ASSET_STD_COST] exists in the database but has no corresponding entity
2021-04-24 16:53:19,030 |OFBiz-batch-3        |DatabaseUtil                  |W| Table named [FIXED_ASSET_STD_COST_TYPE] exists in the database but has no corresponding entity
2021-04-24 16:53:19,030 |OFBiz-batch-3        |DatabaseUtil                  |W| Table named [FIXED_ASSET_TYPE] exists in the database but has no corresponding entity
2021-04-24 16:53:19,030 |OFBiz-batch-3        |DatabaseUtil                  |W| Table named [FIXED_ASSET_TYPE_ATTR] exists in the database but has no corresponding entity
2021-04-24 16:53:19,030 |OFBiz-batch-3        |DatabaseUtil                  |W| Table named [FIXED_ASSET_TYPE_GL_ACCOUNT] exists in the database but has no corresponding entity
2021-04-24 16:53:19,030 |OFBiz-batch-3        |DatabaseUtil                  |W| Table named [GEO] exists in the database but has no corresponding entity
2021-04-24 16:53:19,030 |OFBiz-batch-3        |DatabaseUtil                  |W| Table named [GEO_ASSOC] exists in the database but has no corresponding entity
2021-04-24 16:53:19,030 |OFBiz-batch-3        |DatabaseUtil                  |W| Table named [GEO_ASSOC_TYPE] exists in the database but has no corresponding entity
2021-04-24 16:53:19,030 |OFBiz-batch-3        |DatabaseUtil                  |W| Table named [GEO_POINT] exists in the database but has no corresponding entity
2021-04-24 16:53:19,030 |OFBiz-batch-3        |DatabaseUtil                  |W| Table named [GEO_TYPE] exists in the database but has no corresponding entity
2021-04-24 16:53:19,030 |OFBiz-batch-3        |DatabaseUtil                  |W| Table named [GIFT_CARD] exists in the database but has no corresponding entity
2021-04-24 16:53:19,030 |OFBiz-batch-3        |DatabaseUtil                  |W| Table named [GIFT_CARD_FULFILLMENT] exists in the database but has no corresponding entity
2021-04-24 16:53:19,030 |OFBiz-batch-3        |DatabaseUtil                  |W| Table named [GL_ACCOUNT] exists in the database but has no corresponding entity
2021-04-24 16:53:19,030 |OFBiz-batch-3        |DatabaseUtil                  |W| Table named [GL_ACCOUNT_CATEGORY] exists in the database but has no corresponding entity
2021-04-24 16:53:19,030 |OFBiz-batch-3        |DatabaseUtil                  |W| Table named [GL_ACCOUNT_CATEGORY_MEMBER] exists in the database but has no corresponding entity
2021-04-24 16:53:19,030 |OFBiz-batch-3        |DatabaseUtil                  |W| Table named [GL_ACCOUNT_CATEGORY_TYPE] exists in the database but has no corresponding entity
2021-04-24 16:53:19,030 |OFBiz-batch-3        |DatabaseUtil                  |W| Table named [GL_ACCOUNT_CLASS] exists in the database but has no corresponding entity
2021-04-24 16:53:19,030 |OFBiz-batch-3        |DatabaseUtil                  |W| Table named [GL_ACCOUNT_GROUP] exists in the database but has no corresponding entity
2021-04-24 16:53:19,030 |OFBiz-batch-3        |DatabaseUtil                  |W| Table named [GL_ACCOUNT_GROUP_MEMBER] exists in the database but has no corresponding entity
2021-04-24 16:53:19,030 |OFBiz-batch-3        |DatabaseUtil                  |W| Table named [GL_ACCOUNT_GROUP_TYPE] exists in the database but has no corresponding entity
2021-04-24 16:53:19,030 |OFBiz-batch-3        |DatabaseUtil                  |W| Table named [GL_ACCOUNT_HISTORY] exists in the database but has no corresponding entity
2021-04-24 16:53:19,030 |OFBiz-batch-3        |DatabaseUtil                  |W| Table named [GL_ACCOUNT_ORGANIZATION] exists in the database but has no corresponding entity
2021-04-24 16:53:19,030 |OFBiz-batch-3        |DatabaseUtil                  |W| Table named [GL_ACCOUNT_ROLE] exists in the database but has no corresponding entity
2021-04-24 16:53:19,030 |OFBiz-batch-3        |DatabaseUtil                  |W| Table named [GL_ACCOUNT_TYPE] exists in the database but has no corresponding entity
2021-04-24 16:53:19,030 |OFBiz-batch-3        |DatabaseUtil                  |W| Table named [GL_ACCOUNT_TYPE_DEFAULT] exists in the database but has no corresponding entity
2021-04-24 16:53:19,030 |OFBiz-batch-3        |DatabaseUtil                  |W| Table named [GL_BUDGET_XREF] exists in the database but has no corresponding entity
2021-04-24 16:53:19,030 |OFBiz-batch-3        |DatabaseUtil                  |W| Table named [GL_FISCAL_TYPE] exists in the database but has no corresponding entity
2021-04-24 16:53:19,030 |OFBiz-batch-3        |DatabaseUtil                  |W| Table named [GL_JOURNAL] exists in the database but has no corresponding entity
2021-04-24 16:53:19,030 |OFBiz-batch-3        |DatabaseUtil                  |W| Table named [GL_RECONCILIATION] exists in the database but has no corresponding entity
2021-04-24 16:53:19,030 |OFBiz-batch-3        |DatabaseUtil                  |W| Table named [GL_RECONCILIATION_ENTRY] exists in the database but has no corresponding entity
2021-04-24 16:53:19,030 |OFBiz-batch-3        |DatabaseUtil                  |W| Table named [GL_RESOURCE_TYPE] exists in the database but has no corresponding entity
2021-04-24 16:53:19,030 |OFBiz-batch-3        |DatabaseUtil                  |W| Table named [GL_XBRL_CLASS] exists in the database but has no corresponding entity
2021-04-24 16:53:19,030 |OFBiz-batch-3        |DatabaseUtil                  |W| Table named [GOOD_IDENTIFICATION] exists in the database but has no corresponding entity
2021-04-24 16:53:19,030 |OFBiz-batch-3        |DatabaseUtil                  |W| Table named [GOOD_IDENTIFICATION_TYPE] exists in the database but has no corresponding entity
2021-04-24 16:53:19,031 |OFBiz-batch-3        |DatabaseUtil                  |W| Table named [HOST_SUMMARY] exists in the database but has no corresponding entity
2021-04-24 16:53:19,031 |OFBiz-batch-3        |DatabaseUtil                  |W| Table named [HOST_SUMMARY_BY_FILE_IO] exists in the database but has no corresponding entity
2021-04-24 16:53:19,031 |OFBiz-batch-3        |DatabaseUtil                  |W| Table named [HOST_SUMMARY_BY_FILE_IO_TYPE] exists in the database but has no corresponding entity
2021-04-24 16:53:19,031 |OFBiz-batch-3        |DatabaseUtil                  |W| Table named [HOST_SUMMARY_BY_STAGES] exists in the database but has no corresponding entity
2021-04-24 16:53:19,031 |OFBiz-batch-3        |DatabaseUtil                  |W| Table named [HOST_SUMMARY_BY_STATEMENT_LATENCY] exists in the database but has no corresponding entity
2021-04-24 16:53:19,031 |OFBiz-batch-3        |DatabaseUtil                  |W| Table named [HOST_SUMMARY_BY_STATEMENT_TYPE] exists in the database but has no corresponding entity
2021-04-24 16:53:19,031 |OFBiz-batch-3        |DatabaseUtil                  |W| Table named [IMAGE_DATA_RESOURCE] exists in the database but has no corresponding entity
2021-04-24 16:53:19,031 |OFBiz-batch-3        |DatabaseUtil                  |W| Table named [INNODB_BUFFER_STATS_BY_SCHEMA] exists in the database but has no corresponding entity
2021-04-24 16:53:19,031 |OFBiz-batch-3        |DatabaseUtil                  |W| Table named [INNODB_BUFFER_STATS_BY_TABLE] exists in the database but has no corresponding entity
2021-04-24 16:53:19,031 |OFBiz-batch-3        |DatabaseUtil                  |W| Table named [INNODB_LOCK_WAITS] exists in the database but has no corresponding entity
2021-04-24 16:53:19,031 |OFBiz-batch-3        |DatabaseUtil                  |W| Table named [INVENTORY_ITEM] exists in the database but has no corresponding entity
2021-04-24 16:53:19,031 |OFBiz-batch-3        |DatabaseUtil                  |W| Table named [INVENTORY_ITEM_ATTRIBUTE] exists in the database but has no corresponding entity
2021-04-24 16:53:19,031 |OFBiz-batch-3        |DatabaseUtil                  |W| Table named [INVENTORY_ITEM_DETAIL] exists in the database but has no corresponding entity
2021-04-24 16:53:19,031 |OFBiz-batch-3        |DatabaseUtil                  |W| Table named [INVENTORY_ITEM_LABEL] exists in the database but has no corresponding entity
2021-04-24 16:53:19,031 |OFBiz-batch-3        |DatabaseUtil                  |W| Table named [INVENTORY_ITEM_LABEL_APPL] exists in the database but has no corresponding entity
2021-04-24 16:53:19,031 |OFBiz-batch-3        |DatabaseUtil                  |W| Table named [INVENTORY_ITEM_LABEL_TYPE] exists in the database but has no corresponding entity
2021-04-24 16:53:19,031 |OFBiz-batch-3        |DatabaseUtil                  |W| Table named [INVENTORY_ITEM_STATUS] exists in the database but has no corresponding entity
2021-04-24 16:53:19,031 |OFBiz-batch-3        |DatabaseUtil                  |W| Table named [INVENTORY_ITEM_TEMP_RES] exists in the database but has no corresponding entity
2021-04-24 16:53:19,031 |OFBiz-batch-3        |DatabaseUtil                  |W| Table named [INVENTORY_ITEM_TYPE] exists in the database but has no corresponding entity
2021-04-24 16:53:19,031 |OFBiz-batch-3        |DatabaseUtil                  |W| Table named [INVENTORY_ITEM_TYPE_ATTR] exists in the database but has no corresponding entity
2021-04-24 16:53:19,031 |OFBiz-batch-3        |DatabaseUtil                  |W| Table named [INVENTORY_ITEM_VARIANCE] exists in the database but has no corresponding entity
2021-04-24 16:53:19,031 |OFBiz-batch-3        |DatabaseUtil                  |W| Table named [INVENTORY_TRANSFER] exists in the database but has no corresponding entity
2021-04-24 16:53:19,031 |OFBiz-batch-3        |DatabaseUtil                  |W| Table named [INVOICE] exists in the database but has no corresponding entity
2021-04-24 16:53:19,031 |OFBiz-batch-3        |DatabaseUtil                  |W| Table named [INVOICE_ATTRIBUTE] exists in the database but has no corresponding entity
2021-04-24 16:53:19,031 |OFBiz-batch-3        |DatabaseUtil                  |W| Table named [INVOICE_CONTACT_MECH] exists in the database but has no corresponding entity
2021-04-24 16:53:19,031 |OFBiz-batch-3        |DatabaseUtil                  |W| Table named [INVOICE_CONTENT] exists in the database but has no corresponding entity
2021-04-24 16:53:19,031 |OFBiz-batch-3        |DatabaseUtil                  |W| Table named [INVOICE_CONTENT_TYPE] exists in the database but has no corresponding entity
2021-04-24 16:53:19,031 |OFBiz-batch-3        |DatabaseUtil                  |W| Table named [INVOICE_ITEM] exists in the database but has no corresponding entity
2021-04-24 16:53:19,031 |OFBiz-batch-3        |DatabaseUtil                  |W| Table named [INVOICE_ITEM_ASSOC] exists in the database but has no corresponding entity
2021-04-24 16:53:19,031 |OFBiz-batch-3        |DatabaseUtil                  |W| Table named [INVOICE_ITEM_ASSOC_TYPE] exists in the database but has no corresponding entity
2021-04-24 16:53:19,031 |OFBiz-batch-3        |DatabaseUtil                  |W| Table named [INVOICE_ITEM_ATTRIBUTE] exists in the database but has no corresponding entity
2021-04-24 16:53:19,031 |OFBiz-batch-3        |DatabaseUtil                  |W| Table named [INVOICE_ITEM_TYPE] exists in the database but has no corresponding entity
2021-04-24 16:53:19,031 |OFBiz-batch-3        |DatabaseUtil                  |W| Table named [INVOICE_ITEM_TYPE_ATTR] exists in the database but has no corresponding entity
2021-04-24 16:53:19,031 |OFBiz-batch-3        |DatabaseUtil                  |W| Table named [INVOICE_ITEM_TYPE_GL_ACCOUNT] exists in the database but has no corresponding entity
2021-04-24 16:53:19,031 |OFBiz-batch-3        |DatabaseUtil                  |W| Table named [INVOICE_ITEM_TYPE_MAP] exists in the database but has no corresponding entity
2021-04-24 16:53:19,031 |OFBiz-batch-3        |DatabaseUtil                  |W| Table named [INVOICE_NOTE] exists in the database but has no corresponding entity
2021-04-24 16:53:19,031 |OFBiz-batch-3        |DatabaseUtil                  |W| Table named [INVOICE_ROLE] exists in the database but has no corresponding entity
2021-04-24 16:53:19,031 |OFBiz-batch-3        |DatabaseUtil                  |W| Table named [INVOICE_STATUS] exists in the database but has no corresponding entity
2021-04-24 16:53:19,031 |OFBiz-batch-3        |DatabaseUtil                  |W| Table named [INVOICE_TERM] exists in the database but has no corresponding entity
2021-04-24 16:53:19,032 |OFBiz-batch-3        |DatabaseUtil                  |W| Table named [INVOICE_TERM_ATTRIBUTE] exists in the database but has no corresponding entity
2021-04-24 16:53:19,032 |OFBiz-batch-3        |DatabaseUtil                  |W| Table named [INVOICE_TYPE] exists in the database but has no corresponding entity
2021-04-24 16:53:19,032 |OFBiz-batch-3        |DatabaseUtil                  |W| Table named [INVOICE_TYPE_ATTR] exists in the database but has no corresponding entity
2021-04-24 16:53:19,032 |OFBiz-batch-3        |DatabaseUtil                  |W| Table named [IO_BY_THREAD_BY_LATENCY] exists in the database but has no corresponding entity
2021-04-24 16:53:19,032 |OFBiz-batch-3        |DatabaseUtil                  |W| Table named [IO_GLOBAL_BY_FILE_BY_BYTES] exists in the database but has no corresponding entity
2021-04-24 16:53:19,032 |OFBiz-batch-3        |DatabaseUtil                  |W| Table named [IO_GLOBAL_BY_FILE_BY_LATENCY] exists in the database but has no corresponding entity
2021-04-24 16:53:19,032 |OFBiz-batch-3        |DatabaseUtil                  |W| Table named [IO_GLOBAL_BY_WAIT_BY_BYTES] exists in the database but has no corresponding entity
2021-04-24 16:53:19,032 |OFBiz-batch-3        |DatabaseUtil                  |W| Table named [IO_GLOBAL_BY_WAIT_BY_LATENCY] exists in the database but has no corresponding entity
2021-04-24 16:53:19,032 |OFBiz-batch-3        |DatabaseUtil                  |W| Table named [ITEM_ISSUANCE] exists in the database but has no corresponding entity
2021-04-24 16:53:19,032 |OFBiz-batch-3        |DatabaseUtil                  |W| Table named [ITEM_ISSUANCE_ROLE] exists in the database but has no corresponding entity
2021-04-24 16:53:19,032 |OFBiz-batch-3        |DatabaseUtil                  |W| Table named [JAVA_RESOURCE] exists in the database but has no corresponding entity
2021-04-24 16:53:19,032 |OFBiz-batch-3        |DatabaseUtil                  |W| Table named [JOB_INTERVIEW] exists in the database but has no corresponding entity
2021-04-24 16:53:19,032 |OFBiz-batch-3        |DatabaseUtil                  |W| Table named [JOB_INTERVIEW_TYPE] exists in the database but has no corresponding entity
2021-04-24 16:53:19,032 |OFBiz-batch-3        |DatabaseUtil                  |W| Table named [JOB_MANAGER_LOCK] exists in the database but has no corresponding entity
2021-04-24 16:53:19,032 |OFBiz-batch-3        |DatabaseUtil                  |W| Table named [JOB_REQUISITION] exists in the database but has no corresponding entity
2021-04-24 16:53:19,032 |OFBiz-batch-3        |DatabaseUtil                  |W| Table named [JOB_SANDBOX] exists in the database but has no corresponding entity
2021-04-24 16:53:19,032 |OFBiz-batch-3        |DatabaseUtil                  |W| Table named [KEYWORD_THESAURUS] exists in the database but has no corresponding entity
2021-04-24 16:53:19,032 |OFBiz-batch-3        |DatabaseUtil                  |W| Table named [LATEST_FILE_IO] exists in the database but has no corresponding entity
2021-04-24 16:53:19,032 |OFBiz-batch-3        |DatabaseUtil                  |W| Table named [LOT] exists in the database but has no corresponding entity
2021-04-24 16:53:19,032 |OFBiz-batch-3        |DatabaseUtil                  |W| Table named [MARKETING_CAMPAIGN] exists in the database but has no corresponding entity
2021-04-24 16:53:19,032 |OFBiz-batch-3        |DatabaseUtil                  |W| Table named [MARKETING_CAMPAIGN_NOTE] exists in the database but has no corresponding entity
2021-04-24 16:53:19,032 |OFBiz-batch-3        |DatabaseUtil                  |W| Table named [MARKETING_CAMPAIGN_PRICE] exists in the database but has no corresponding entity
2021-04-24 16:53:19,032 |OFBiz-batch-3        |DatabaseUtil                  |W| Table named [MARKETING_CAMPAIGN_PROMO] exists in the database but has no corresponding entity
2021-04-24 16:53:19,032 |OFBiz-batch-3        |DatabaseUtil                  |W| Table named [MARKETING_CAMPAIGN_ROLE] exists in the database but has no corresponding entity
2021-04-24 16:53:19,032 |OFBiz-batch-3        |DatabaseUtil                  |W| Table named [MARKET_INTEREST] exists in the database but has no corresponding entity
2021-04-24 16:53:19,032 |OFBiz-batch-3        |DatabaseUtil                  |W| Table named [MEMORY_BY_HOST_BY_CURRENT_BYTES] exists in the database but has no corresponding entity
2021-04-24 16:53:19,032 |OFBiz-batch-3        |DatabaseUtil                  |W| Table named [MEMORY_BY_THREAD_BY_CURRENT_BYTES] exists in the database but has no corresponding entity
2021-04-24 16:53:19,032 |OFBiz-batch-3        |DatabaseUtil                  |W| Table named [MEMORY_BY_USER_BY_CURRENT_BYTES] exists in the database but has no corresponding entity
2021-04-24 16:53:19,032 |OFBiz-batch-3        |DatabaseUtil                  |W| Table named [MEMORY_GLOBAL_BY_CURRENT_BYTES] exists in the database but has no corresponding entity
2021-04-24 16:53:19,032 |OFBiz-batch-3        |DatabaseUtil                  |W| Table named [MEMORY_GLOBAL_TOTAL] exists in the database but has no corresponding entity
2021-04-24 16:53:19,032 |OFBiz-batch-3        |DatabaseUtil                  |W| Table named [META_DATA_PREDICATE] exists in the database but has no corresponding entity
2021-04-24 16:53:19,032 |OFBiz-batch-3        |DatabaseUtil                  |W| Table named [METRICS] exists in the database but has no corresponding entity
2021-04-24 16:53:19,032 |OFBiz-batch-3        |DatabaseUtil                  |W| Table named [MIME_TYPE] exists in the database but has no corresponding entity
2021-04-24 16:53:19,032 |OFBiz-batch-3        |DatabaseUtil                  |W| Table named [MIME_TYPE_HTML_TEMPLATE] exists in the database but has no corresponding entity
2021-04-24 16:53:19,032 |OFBiz-batch-3        |DatabaseUtil                  |W| Table named [MRP_EVENT] exists in the database but has no corresponding entity
2021-04-24 16:53:19,032 |OFBiz-batch-3        |DatabaseUtil                  |W| Table named [MRP_EVENT_TYPE] exists in the database but has no corresponding entity
2021-04-24 16:53:19,032 |OFBiz-batch-3        |DatabaseUtil                  |W| Table named [NEED_TYPE] exists in the database but has no corresponding entity
2021-04-24 16:53:19,032 |OFBiz-batch-3        |DatabaseUtil                  |W| Table named [NOTE_DATA] exists in the database but has no corresponding entity
2021-04-24 16:53:19,032 |OFBiz-batch-3        |DatabaseUtil                  |W| Table named [ORDER_ADJUSTMENT] exists in the database but has no corresponding entity
2021-04-24 16:53:19,032 |OFBiz-batch-3        |DatabaseUtil                  |W| Table named [ORDER_ADJUSTMENT_ATTRIBUTE] exists in the database but has no corresponding entity
2021-04-24 16:53:19,032 |OFBiz-batch-3        |DatabaseUtil                  |W| Table named [ORDER_ADJUSTMENT_BILLING] exists in the database but has no corresponding entity
2021-04-24 16:53:19,032 |OFBiz-batch-3        |DatabaseUtil                  |W| Table named [ORDER_ADJUSTMENT_TYPE] exists in the database but has no corresponding entity
2021-04-24 16:53:19,032 |OFBiz-batch-3        |DatabaseUtil                  |W| Table named [ORDER_ADJUSTMENT_TYPE_ATTR] exists in the database but has no corresponding entity
2021-04-24 16:53:19,032 |OFBiz-batch-3        |DatabaseUtil                  |W| Table named [ORDER_ATTRIBUTE] exists in the database but has no corresponding entity
2021-04-24 16:53:19,033 |OFBiz-batch-3        |DatabaseUtil                  |W| Table named [ORDER_BLACKLIST] exists in the database but has no corresponding entity
2021-04-24 16:53:19,033 |OFBiz-batch-3        |DatabaseUtil                  |W| Table named [ORDER_BLACKLIST_TYPE] exists in the database but has no corresponding entity
2021-04-24 16:53:19,033 |OFBiz-batch-3        |DatabaseUtil                  |W| Table named [ORDER_CONTACT_MECH] exists in the database but has no corresponding entity
2021-04-24 16:53:19,033 |OFBiz-batch-3        |DatabaseUtil                  |W| Table named [ORDER_CONTENT] exists in the database but has no corresponding entity
2021-04-24 16:53:19,033 |OFBiz-batch-3        |DatabaseUtil                  |W| Table named [ORDER_CONTENT_TYPE] exists in the database but has no corresponding entity
2021-04-24 16:53:19,033 |OFBiz-batch-3        |DatabaseUtil                  |W| Table named [ORDER_DELIVERY_SCHEDULE] exists in the database but has no corresponding entity
2021-04-24 16:53:19,033 |OFBiz-batch-3        |DatabaseUtil                  |W| Table named [ORDER_HEADER] exists in the database but has no corresponding entity
2021-04-24 16:53:19,033 |OFBiz-batch-3        |DatabaseUtil                  |W| Table named [ORDER_HEADER_NOTE] exists in the database but has no corresponding entity
2021-04-24 16:53:19,033 |OFBiz-batch-3        |DatabaseUtil                  |W| Table named [ORDER_HEADER_WORK_EFFORT] exists in the database but has no corresponding entity
2021-04-24 16:53:19,033 |OFBiz-batch-3        |DatabaseUtil                  |W| Table named [ORDER_ITEM] exists in the database but has no corresponding entity
2021-04-24 16:53:19,033 |OFBiz-batch-3        |DatabaseUtil                  |W| Table named [ORDER_ITEM_ASSOC] exists in the database but has no corresponding entity
2021-04-24 16:53:19,033 |OFBiz-batch-3        |DatabaseUtil                  |W| Table named [ORDER_ITEM_ASSOC_TYPE] exists in the database but has no corresponding entity
2021-04-24 16:53:19,033 |OFBiz-batch-3        |DatabaseUtil                  |W| Table named [ORDER_ITEM_ATTRIBUTE] exists in the database but has no corresponding entity
2021-04-24 16:53:19,033 |OFBiz-batch-3        |DatabaseUtil                  |W| Table named [ORDER_ITEM_BILLING] exists in the database but has no corresponding entity
2021-04-24 16:53:19,033 |OFBiz-batch-3        |DatabaseUtil                  |W| Table named [ORDER_ITEM_CHANGE] exists in the database but has no corresponding entity
2021-04-24 16:53:19,033 |OFBiz-batch-3        |DatabaseUtil                  |W| Table named [ORDER_ITEM_CONTACT_MECH] exists in the database but has no corresponding entity
2021-04-24 16:53:19,033 |OFBiz-batch-3        |DatabaseUtil                  |W| Table named [ORDER_ITEM_GROUP] exists in the database but has no corresponding entity
2021-04-24 16:53:19,033 |OFBiz-batch-3        |DatabaseUtil                  |W| Table named [ORDER_ITEM_GROUP_ORDER] exists in the database but has no corresponding entity
2021-04-24 16:53:19,033 |OFBiz-batch-3        |DatabaseUtil                  |W| Table named [ORDER_ITEM_PRICE_INFO] exists in the database but has no corresponding entity
2021-04-24 16:53:19,033 |OFBiz-batch-3        |DatabaseUtil                  |W| Table named [ORDER_ITEM_ROLE] exists in the database but has no corresponding entity
2021-04-24 16:53:19,033 |OFBiz-batch-3        |DatabaseUtil                  |W| Table named [ORDER_ITEM_SHIP_GROUP] exists in the database but has no corresponding entity
2021-04-24 16:53:19,033 |OFBiz-batch-3        |DatabaseUtil                  |W| Table named [ORDER_ITEM_SHIP_GROUP_ASSOC] exists in the database but has no corresponding entity
2021-04-24 16:53:19,033 |OFBiz-batch-3        |DatabaseUtil                  |W| Table named [ORDER_ITEM_SHIP_GRP_INV_RES] exists in the database but has no corresponding entity
2021-04-24 16:53:19,033 |OFBiz-batch-3        |DatabaseUtil                  |W| Table named [ORDER_ITEM_TYPE] exists in the database but has no corresponding entity
2021-04-24 16:53:19,033 |OFBiz-batch-3        |DatabaseUtil                  |W| Table named [ORDER_ITEM_TYPE_ATTR] exists in the database but has no corresponding entity
2021-04-24 16:53:19,033 |OFBiz-batch-3        |DatabaseUtil                  |W| Table named [ORDER_NOTIFICATION] exists in the database but has no corresponding entity
2021-04-24 16:53:19,033 |OFBiz-batch-3        |DatabaseUtil                  |W| Table named [ORDER_PAYMENT_PREFERENCE] exists in the database but has no corresponding entity
2021-04-24 16:53:19,033 |OFBiz-batch-3        |DatabaseUtil                  |W| Table named [ORDER_PRODUCT_PROMO_CODE] exists in the database but has no corresponding entity
2021-04-24 16:53:19,033 |OFBiz-batch-3        |DatabaseUtil                  |W| Table named [ORDER_REQUIREMENT_COMMITMENT] exists in the database but has no corresponding entity
2021-04-24 16:53:19,033 |OFBiz-batch-3        |DatabaseUtil                  |W| Table named [ORDER_ROLE] exists in the database but has no corresponding entity
2021-04-24 16:53:19,033 |OFBiz-batch-3        |DatabaseUtil                  |W| Table named [ORDER_SHIPMENT] exists in the database but has no corresponding entity
2021-04-24 16:53:19,033 |OFBiz-batch-3        |DatabaseUtil                  |W| Table named [ORDER_STATUS] exists in the database but has no corresponding entity
2021-04-24 16:53:19,033 |OFBiz-batch-3        |DatabaseUtil                  |W| Table named [ORDER_SUMMARY_ENTRY] exists in the database but has no corresponding entity
2021-04-24 16:53:19,033 |OFBiz-batch-3        |DatabaseUtil                  |W| Table named [ORDER_TERM] exists in the database but has no corresponding entity
2021-04-24 16:53:19,033 |OFBiz-batch-3        |DatabaseUtil                  |W| Table named [ORDER_TERM_ATTRIBUTE] exists in the database but has no corresponding entity
2021-04-24 16:53:19,033 |OFBiz-batch-3        |DatabaseUtil                  |W| Table named [ORDER_TYPE] exists in the database but has no corresponding entity
2021-04-24 16:53:19,033 |OFBiz-batch-3        |DatabaseUtil                  |W| Table named [ORDER_TYPE_ATTR] exists in the database but has no corresponding entity
2021-04-24 16:53:19,033 |OFBiz-batch-3        |DatabaseUtil                  |W| Table named [OTHER_DATA_RESOURCE] exists in the database but has no corresponding entity
2021-04-24 16:53:19,033 |OFBiz-batch-3        |DatabaseUtil                  |W| Table named [PARTY] exists in the database but has no corresponding entity
2021-04-24 16:53:19,034 |OFBiz-batch-3        |DatabaseUtil                  |W| Table named [PARTY_ACCTG_PREFERENCE] exists in the database but has no corresponding entity
2021-04-24 16:53:19,034 |OFBiz-batch-3        |DatabaseUtil                  |W| Table named [PARTY_ATTRIBUTE] exists in the database but has no corresponding entity
2021-04-24 16:53:19,034 |OFBiz-batch-3        |DatabaseUtil                  |W| Table named [PARTY_BENEFIT] exists in the database but has no corresponding entity
2021-04-24 16:53:19,034 |OFBiz-batch-3        |DatabaseUtil                  |W| Table named [PARTY_CARRIER_ACCOUNT] exists in the database but has no corresponding entity
2021-04-24 16:53:19,034 |OFBiz-batch-3        |DatabaseUtil                  |W| Table named [PARTY_CLASSIFICATION] exists in the database but has no corresponding entity
2021-04-24 16:53:19,034 |OFBiz-batch-3        |DatabaseUtil                  |W| Table named [PARTY_CLASSIFICATION_GROUP] exists in the database but has no corresponding entity
2021-04-24 16:53:19,034 |OFBiz-batch-3        |DatabaseUtil                  |W| Table named [PARTY_CLASSIFICATION_TYPE] exists in the database but has no corresponding entity
2021-04-24 16:53:19,034 |OFBiz-batch-3        |DatabaseUtil                  |W| Table named [PARTY_CONTACT_MECH] exists in the database but has no corresponding entity
2021-04-24 16:53:19,034 |OFBiz-batch-3        |DatabaseUtil                  |W| Table named [PARTY_CONTACT_MECH_PURPOSE] exists in the database but has no corresponding entity
2021-04-24 16:53:19,034 |OFBiz-batch-3        |DatabaseUtil                  |W| Table named [PARTY_CONTENT] exists in the database but has no corresponding entity
2021-04-24 16:53:19,034 |OFBiz-batch-3        |DatabaseUtil                  |W| Table named [PARTY_CONTENT_TYPE] exists in the database but has no corresponding entity
2021-04-24 16:53:19,034 |OFBiz-batch-3        |DatabaseUtil                  |W| Table named [PARTY_DATA_SOURCE] exists in the database but has no corresponding entity
2021-04-24 16:53:19,034 |OFBiz-batch-3        |DatabaseUtil                  |W| Table named [PARTY_FIXED_ASSET_ASSIGNMENT] exists in the database but has no corresponding entity
2021-04-24 16:53:19,034 |OFBiz-batch-3        |DatabaseUtil                  |W| Table named [PARTY_GEO_POINT] exists in the database but has no corresponding entity
2021-04-24 16:53:19,034 |OFBiz-batch-3        |DatabaseUtil                  |W| Table named [PARTY_GL_ACCOUNT] exists in the database but has no corresponding entity
2021-04-24 16:53:19,034 |OFBiz-batch-3        |DatabaseUtil                  |W| Table named [PARTY_GROUP] exists in the database but has no corresponding entity
2021-04-24 16:53:19,034 |OFBiz-batch-3        |DatabaseUtil                  |W| Table named [PARTY_ICS_AVS_OVERRIDE] exists in the database but has no corresponding entity
2021-04-24 16:53:19,034 |OFBiz-batch-3        |DatabaseUtil                  |W| Table named [PARTY_IDENTIFICATION] exists in the database but has no corresponding entity
2021-04-24 16:53:19,034 |OFBiz-batch-3        |DatabaseUtil                  |W| Table named [PARTY_IDENTIFICATION_TYPE] exists in the database but has no corresponding entity
2021-04-24 16:53:19,034 |OFBiz-batch-3        |DatabaseUtil                  |W| Table named [PARTY_INVITATION] exists in the database but has no corresponding entity
2021-04-24 16:53:19,034 |OFBiz-batch-3        |DatabaseUtil                  |W| Table named [PARTY_INVITATION_GROUP_ASSOC] exists in the database but has no corresponding entity
2021-04-24 16:53:19,034 |OFBiz-batch-3        |DatabaseUtil                  |W| Table named [PARTY_INVITATION_ROLE_ASSOC] exists in the database but has no corresponding entity
2021-04-24 16:53:19,034 |OFBiz-batch-3        |DatabaseUtil                  |W| Table named [PARTY_NAME_HISTORY] exists in the database but has no corresponding entity
2021-04-24 16:53:19,034 |OFBiz-batch-3        |DatabaseUtil                  |W| Table named [PARTY_NEED] exists in the database but has no corresponding entity
2021-04-24 16:53:19,034 |OFBiz-batch-3        |DatabaseUtil                  |W| Table named [PARTY_NOTE] exists in the database but has no corresponding entity
2021-04-24 16:53:19,034 |OFBiz-batch-3        |DatabaseUtil                  |W| Table named [PARTY_PROFILE_DEFAULT] exists in the database but has no corresponding entity
2021-04-24 16:53:19,034 |OFBiz-batch-3        |DatabaseUtil                  |W| Table named [PARTY_QUAL] exists in the database but has no corresponding entity
2021-04-24 16:53:19,034 |OFBiz-batch-3        |DatabaseUtil                  |W| Table named [PARTY_QUAL_TYPE] exists in the database but has no corresponding entity
2021-04-24 16:53:19,034 |OFBiz-batch-3        |DatabaseUtil                  |W| Table named [PARTY_RATE_NEW] exists in the database but has no corresponding entity
2021-04-24 16:53:19,034 |OFBiz-batch-3        |DatabaseUtil                  |W| Table named [PARTY_RELATIONSHIP] exists in the database but has no corresponding entity
2021-04-24 16:53:19,034 |OFBiz-batch-3        |DatabaseUtil                  |W| Table named [PARTY_RELATIONSHIP_TYPE] exists in the database but has no corresponding entity
2021-04-24 16:53:19,034 |OFBiz-batch-3        |DatabaseUtil                  |W| Table named [PARTY_RESUME] exists in the database but has no corresponding entity
2021-04-24 16:53:19,034 |OFBiz-batch-3        |DatabaseUtil                  |W| Table named [PARTY_ROLE] exists in the database but has no corresponding entity
2021-04-24 16:53:19,034 |OFBiz-batch-3        |DatabaseUtil                  |W| Table named [PARTY_SKILL] exists in the database but has no corresponding entity
2021-04-24 16:53:19,034 |OFBiz-batch-3        |DatabaseUtil                  |W| Table named [PARTY_STATUS] exists in the database but has no corresponding entity
2021-04-24 16:53:19,034 |OFBiz-batch-3        |DatabaseUtil                  |W| Table named [PARTY_TAX_AUTH_INFO] exists in the database but has no corresponding entity
2021-04-24 16:53:19,034 |OFBiz-batch-3        |DatabaseUtil                  |W| Table named [PARTY_TYPE] exists in the database but has no corresponding entity
2021-04-24 16:53:19,034 |OFBiz-batch-3        |DatabaseUtil                  |W| Table named [PARTY_TYPE_ATTR] exists in the database but has no corresponding entity
2021-04-24 16:53:19,034 |OFBiz-batch-3        |DatabaseUtil                  |W| Table named [PAYMENT] exists in the database but has no corresponding entity
2021-04-24 16:53:19,034 |OFBiz-batch-3        |DatabaseUtil                  |W| Table named [PAYMENT_APPLICATION] exists in the database but has no corresponding entity
2021-04-24 16:53:19,034 |OFBiz-batch-3        |DatabaseUtil                  |W| Table named [PAYMENT_ATTRIBUTE] exists in the database but has no corresponding entity
2021-04-24 16:53:19,034 |OFBiz-batch-3        |DatabaseUtil                  |W| Table named [PAYMENT_BUDGET_ALLOCATION] exists in the database but has no corresponding entity
2021-04-24 16:53:19,034 |OFBiz-batch-3        |DatabaseUtil                  |W| Table named [PAYMENT_CONTENT] exists in the database but has no corresponding entity
2021-04-24 16:53:19,035 |OFBiz-batch-3        |DatabaseUtil                  |W| Table named [PAYMENT_CONTENT_TYPE] exists in the database but has no corresponding entity
2021-04-24 16:53:19,035 |OFBiz-batch-3        |DatabaseUtil                  |W| Table named [PAYMENT_GATEWAYI_D_E_A_L] exists in the database but has no corresponding entity
2021-04-24 16:53:19,035 |OFBiz-batch-3        |DatabaseUtil                  |W| Table named [PAYMENT_GATEWAY_AUTHORIZE_NET] exists in the database but has no corresponding entity
2021-04-24 16:53:19,035 |OFBiz-batch-3        |DatabaseUtil                  |W| Table named [PAYMENT_GATEWAY_CLEAR_COMMERCE] exists in the database but has no corresponding entity
2021-04-24 16:53:19,035 |OFBiz-batch-3        |DatabaseUtil                  |W| Table named [PAYMENT_GATEWAY_CONFIG] exists in the database but has no corresponding entity
2021-04-24 16:53:19,035 |OFBiz-batch-3        |DatabaseUtil                  |W| Table named [PAYMENT_GATEWAY_CONFIG_TYPE] exists in the database but has no corresponding entity
2021-04-24 16:53:19,035 |OFBiz-batch-3        |DatabaseUtil                  |W| Table named [PAYMENT_GATEWAY_CYBER_SOURCE] exists in the database but has no corresponding entity
2021-04-24 16:53:19,035 |OFBiz-batch-3        |DatabaseUtil                  |W| Table named [PAYMENT_GATEWAY_EWAY] exists in the database but has no corresponding entity
2021-04-24 16:53:19,035 |OFBiz-batch-3        |DatabaseUtil                  |W| Table named [PAYMENT_GATEWAY_ORBITAL] exists in the database but has no corresponding entity
2021-04-24 16:53:19,035 |OFBiz-batch-3        |DatabaseUtil                  |W| Table named [PAYMENT_GATEWAY_PAYFLOW_PRO] exists in the database but has no corresponding entity
2021-04-24 16:53:19,035 |OFBiz-batch-3        |DatabaseUtil                  |W| Table named [PAYMENT_GATEWAY_PAY_PAL] exists in the database but has no corresponding entity
2021-04-24 16:53:19,035 |OFBiz-batch-3        |DatabaseUtil                  |W| Table named [PAYMENT_GATEWAY_RESPONSE] exists in the database but has no corresponding entity
2021-04-24 16:53:19,035 |OFBiz-batch-3        |DatabaseUtil                  |W| Table named [PAYMENT_GATEWAY_RESP_MSG] exists in the database but has no corresponding entity
2021-04-24 16:53:19,035 |OFBiz-batch-3        |DatabaseUtil                  |W| Table named [PAYMENT_GATEWAY_SAGE_PAY] exists in the database but has no corresponding entity
2021-04-24 16:53:19,035 |OFBiz-batch-3        |DatabaseUtil                  |W| Table named [PAYMENT_GATEWAY_SECURE_PAY] exists in the database but has no corresponding entity
2021-04-24 16:53:19,035 |OFBiz-batch-3        |DatabaseUtil                  |W| Table named [PAYMENT_GATEWAY_WORLD_PAY] exists in the database but has no corresponding entity
2021-04-24 16:53:19,035 |OFBiz-batch-3        |DatabaseUtil                  |W| Table named [PAYMENT_GL_ACCOUNT_TYPE_MAP] exists in the database but has no corresponding entity
2021-04-24 16:53:19,035 |OFBiz-batch-3        |DatabaseUtil                  |W| Table named [PAYMENT_GROUP] exists in the database but has no corresponding entity
2021-04-24 16:53:19,035 |OFBiz-batch-3        |DatabaseUtil                  |W| Table named [PAYMENT_GROUP_MEMBER] exists in the database but has no corresponding entity
2021-04-24 16:53:19,035 |OFBiz-batch-3        |DatabaseUtil                  |W| Table named [PAYMENT_GROUP_TYPE] exists in the database but has no corresponding entity
2021-04-24 16:53:19,035 |OFBiz-batch-3        |DatabaseUtil                  |W| Table named [PAYMENT_METHOD] exists in the database but has no corresponding entity
2021-04-24 16:53:19,035 |OFBiz-batch-3        |DatabaseUtil                  |W| Table named [PAYMENT_METHOD_TYPE] exists in the database but has no corresponding entity
2021-04-24 16:53:19,035 |OFBiz-batch-3        |DatabaseUtil                  |W| Table named [PAYMENT_METHOD_TYPE_GL_ACCOUNT] exists in the database but has no corresponding entity
2021-04-24 16:53:19,035 |OFBiz-batch-3        |DatabaseUtil                  |W| Table named [PAYMENT_TYPE] exists in the database but has no corresponding entity
2021-04-24 16:53:19,035 |OFBiz-batch-3        |DatabaseUtil                  |W| Table named [PAYMENT_TYPE_ATTR] exists in the database but has no corresponding entity
2021-04-24 16:53:19,035 |OFBiz-batch-3        |DatabaseUtil                  |W| Table named [PAYROLL_PREFERENCE] exists in the database but has no corresponding entity
2021-04-24 16:53:19,035 |OFBiz-batch-3        |DatabaseUtil                  |W| Table named [PAY_GRADE] exists in the database but has no corresponding entity
2021-04-24 16:53:19,035 |OFBiz-batch-3        |DatabaseUtil                  |W| Table named [PAY_HISTORY] exists in the database but has no corresponding entity
2021-04-24 16:53:19,035 |OFBiz-batch-3        |DatabaseUtil                  |W| Table named [PAY_PAL_PAYMENT_METHOD] exists in the database but has no corresponding entity
2021-04-24 16:53:19,035 |OFBiz-batch-3        |DatabaseUtil                  |W| Table named [PERFORMANCE_NOTE] exists in the database but has no corresponding entity
2021-04-24 16:53:19,035 |OFBiz-batch-3        |DatabaseUtil                  |W| Table named [PERF_RATING_TYPE] exists in the database but has no corresponding entity
2021-04-24 16:53:19,035 |OFBiz-batch-3        |DatabaseUtil                  |W| Table named [PERF_REVIEW] exists in the database but has no corresponding entity
2021-04-24 16:53:19,035 |OFBiz-batch-3        |DatabaseUtil                  |W| Table named [PERF_REVIEW_ITEM] exists in the database but has no corresponding entity
2021-04-24 16:53:19,035 |OFBiz-batch-3        |DatabaseUtil                  |W| Table named [PERF_REVIEW_ITEM_TYPE] exists in the database but has no corresponding entity
2021-04-24 16:53:19,035 |OFBiz-batch-3        |DatabaseUtil                  |W| Table named [PERIOD_TYPE] exists in the database but has no corresponding entity
2021-04-24 16:53:19,035 |OFBiz-batch-3        |DatabaseUtil                  |W| Table named [PERSON] exists in the database but has no corresponding entity
2021-04-24 16:53:19,035 |OFBiz-batch-3        |DatabaseUtil                  |W| Table named [PERSON_TRAINING] exists in the database but has no corresponding entity
2021-04-24 16:53:19,035 |OFBiz-batch-3        |DatabaseUtil                  |W| Table named [PHYSICAL_INVENTORY] exists in the database but has no corresponding entity
2021-04-24 16:53:19,035 |OFBiz-batch-3        |DatabaseUtil                  |W| Table named [PICKLIST] exists in the database but has no corresponding entity
2021-04-24 16:53:19,035 |OFBiz-batch-3        |DatabaseUtil                  |W| Table named [PICKLIST_BIN] exists in the database but has no corresponding entity
2021-04-24 16:53:19,035 |OFBiz-batch-3        |DatabaseUtil                  |W| Table named [PICKLIST_ITEM] exists in the database but has no corresponding entity
2021-04-24 16:53:19,035 |OFBiz-batch-3        |DatabaseUtil                  |W| Table named [PICKLIST_ROLE] exists in the database but has no corresponding entity
2021-04-24 16:53:19,036 |OFBiz-batch-3        |DatabaseUtil                  |W| Table named [PICKLIST_STATUS_HISTORY] exists in the database but has no corresponding entity
2021-04-24 16:53:19,036 |OFBiz-batch-3        |DatabaseUtil                  |W| Table named [PLATFORM_TYPE] exists in the database but has no corresponding entity
2021-04-24 16:53:19,036 |OFBiz-batch-3        |DatabaseUtil                  |W| Table named [PORTAL_PAGE] exists in the database but has no corresponding entity
2021-04-24 16:53:19,036 |OFBiz-batch-3        |DatabaseUtil                  |W| Table named [PORTAL_PAGE_COLUMN] exists in the database but has no corresponding entity
2021-04-24 16:53:19,036 |OFBiz-batch-3        |DatabaseUtil                  |W| Table named [PORTAL_PAGE_PORTLET] exists in the database but has no corresponding entity
2021-04-24 16:53:19,036 |OFBiz-batch-3        |DatabaseUtil                  |W| Table named [PORTAL_PORTLET] exists in the database but has no corresponding entity
2021-04-24 16:53:19,036 |OFBiz-batch-3        |DatabaseUtil                  |W| Table named [PORTLET_ATTRIBUTE] exists in the database but has no corresponding entity
2021-04-24 16:53:19,036 |OFBiz-batch-3        |DatabaseUtil                  |W| Table named [PORTLET_CATEGORY] exists in the database but has no corresponding entity
2021-04-24 16:53:19,036 |OFBiz-batch-3        |DatabaseUtil                  |W| Table named [PORTLET_PORTLET_CATEGORY] exists in the database but has no corresponding entity
2021-04-24 16:53:19,036 |OFBiz-batch-3        |DatabaseUtil                  |W| Table named [POSTAL_ADDRESS] exists in the database but has no corresponding entity
2021-04-24 16:53:19,036 |OFBiz-batch-3        |DatabaseUtil                  |W| Table named [POSTAL_ADDRESS_BOUNDARY] exists in the database but has no corresponding entity
2021-04-24 16:53:19,036 |OFBiz-batch-3        |DatabaseUtil                  |W| Table named [PRIORITY_TYPE] exists in the database but has no corresponding entity
2021-04-24 16:53:19,036 |OFBiz-batch-3        |DatabaseUtil                  |W| Table named [PROCESSLIST] exists in the database but has no corresponding entity
2021-04-24 16:53:19,036 |OFBiz-batch-3        |DatabaseUtil                  |W| Table named [PRODUCT] exists in the database but has no corresponding entity
2021-04-24 16:53:19,036 |OFBiz-batch-3        |DatabaseUtil                  |W| Table named [PRODUCT_ASSOC] exists in the database but has no corresponding entity
2021-04-24 16:53:19,036 |OFBiz-batch-3        |DatabaseUtil                  |W| Table named [PRODUCT_ASSOC_TYPE] exists in the database but has no corresponding entity
2021-04-24 16:53:19,036 |OFBiz-batch-3        |DatabaseUtil                  |W| Table named [PRODUCT_ATTRIBUTE] exists in the database but has no corresponding entity
2021-04-24 16:53:19,036 |OFBiz-batch-3        |DatabaseUtil                  |W| Table named [PRODUCT_AVERAGE_COST] exists in the database but has no corresponding entity
2021-04-24 16:53:19,036 |OFBiz-batch-3        |DatabaseUtil                  |W| Table named [PRODUCT_AVERAGE_COST_TYPE] exists in the database but has no corresponding entity
2021-04-24 16:53:19,036 |OFBiz-batch-3        |DatabaseUtil                  |W| Table named [PRODUCT_CALCULATED_INFO] exists in the database but has no corresponding entity
2021-04-24 16:53:19,036 |OFBiz-batch-3        |DatabaseUtil                  |W| Table named [PRODUCT_CATEGORY] exists in the database but has no corresponding entity
2021-04-24 16:53:19,036 |OFBiz-batch-3        |DatabaseUtil                  |W| Table named [PRODUCT_CATEGORY_ATTRIBUTE] exists in the database but has no corresponding entity
2021-04-24 16:53:19,036 |OFBiz-batch-3        |DatabaseUtil                  |W| Table named [PRODUCT_CATEGORY_CONTENT] exists in the database but has no corresponding entity
2021-04-24 16:53:19,036 |OFBiz-batch-3        |DatabaseUtil                  |W| Table named [PRODUCT_CATEGORY_CONTENT_TYPE] exists in the database but has no corresponding entity
2021-04-24 16:53:19,036 |OFBiz-batch-3        |DatabaseUtil                  |W| Table named [PRODUCT_CATEGORY_GL_ACCOUNT] exists in the database but has no corresponding entity
2021-04-24 16:53:19,036 |OFBiz-batch-3        |DatabaseUtil                  |W| Table named [PRODUCT_CATEGORY_LINK] exists in the database but has no corresponding entity
2021-04-24 16:53:19,036 |OFBiz-batch-3        |DatabaseUtil                  |W| Table named [PRODUCT_CATEGORY_MEMBER] exists in the database but has no corresponding entity
2021-04-24 16:53:19,036 |OFBiz-batch-3        |DatabaseUtil                  |W| Table named [PRODUCT_CATEGORY_ROLE] exists in the database but has no corresponding entity
2021-04-24 16:53:19,036 |OFBiz-batch-3        |DatabaseUtil                  |W| Table named [PRODUCT_CATEGORY_ROLLUP] exists in the database but has no corresponding entity
2021-04-24 16:53:19,036 |OFBiz-batch-3        |DatabaseUtil                  |W| Table named [PRODUCT_CATEGORY_TYPE] exists in the database but has no corresponding entity
2021-04-24 16:53:19,036 |OFBiz-batch-3        |DatabaseUtil                  |W| Table named [PRODUCT_CATEGORY_TYPE_ATTR] exists in the database but has no corresponding entity
2021-04-24 16:53:19,036 |OFBiz-batch-3        |DatabaseUtil                  |W| Table named [PRODUCT_CONFIG] exists in the database but has no corresponding entity
2021-04-24 16:53:19,036 |OFBiz-batch-3        |DatabaseUtil                  |W| Table named [PRODUCT_CONFIG_CONFIG] exists in the database but has no corresponding entity
2021-04-24 16:53:19,036 |OFBiz-batch-3        |DatabaseUtil                  |W| Table named [PRODUCT_CONFIG_ITEM] exists in the database but has no corresponding entity
2021-04-24 16:53:19,036 |OFBiz-batch-3        |DatabaseUtil                  |W| Table named [PRODUCT_CONFIG_OPTION] exists in the database but has no corresponding entity
2021-04-24 16:53:19,036 |OFBiz-batch-3        |DatabaseUtil                  |W| Table named [PRODUCT_CONFIG_OPTION_IACTN] exists in the database but has no corresponding entity
2021-04-24 16:53:19,036 |OFBiz-batch-3        |DatabaseUtil                  |W| Table named [PRODUCT_CONFIG_PRODUCT] exists in the database but has no corresponding entity
2021-04-24 16:53:19,036 |OFBiz-batch-3        |DatabaseUtil                  |W| Table named [PRODUCT_CONFIG_STATS] exists in the database but has no corresponding entity
2021-04-24 16:53:19,036 |OFBiz-batch-3        |DatabaseUtil                  |W| Table named [PRODUCT_CONTENT] exists in the database but has no corresponding entity
2021-04-24 16:53:19,036 |OFBiz-batch-3        |DatabaseUtil                  |W| Table named [PRODUCT_CONTENT_TYPE] exists in the database but has no corresponding entity
2021-04-24 16:53:19,036 |OFBiz-batch-3        |DatabaseUtil                  |W| Table named [PRODUCT_COST_COMPONENT_CALC] exists in the database but has no corresponding entity
2021-04-24 16:53:19,036 |OFBiz-batch-3        |DatabaseUtil                  |W| Table named [PRODUCT_FACILITY] exists in the database but has no corresponding entity
2021-04-24 16:53:19,036 |OFBiz-batch-3        |DatabaseUtil                  |W| Table named [PRODUCT_FACILITY_LOCATION] exists in the database but has no corresponding entity
2021-04-24 16:53:19,036 |OFBiz-batch-3        |DatabaseUtil                  |W| Table named [PRODUCT_FEATURE] exists in the database but has no corresponding entity
2021-04-24 16:53:19,037 |OFBiz-batch-3        |DatabaseUtil                  |W| Table named [PRODUCT_FEATURE_APPL] exists in the database but has no corresponding entity
2021-04-24 16:53:19,037 |OFBiz-batch-3        |DatabaseUtil                  |W| Table named [PRODUCT_FEATURE_APPL_ATTR] exists in the database but has no corresponding entity
2021-04-24 16:53:19,037 |OFBiz-batch-3        |DatabaseUtil                  |W| Table named [PRODUCT_FEATURE_APPL_TYPE] exists in the database but has no corresponding entity
2021-04-24 16:53:19,037 |OFBiz-batch-3        |DatabaseUtil                  |W| Table named [PRODUCT_FEATURE_CATEGORY] exists in the database but has no corresponding entity
2021-04-24 16:53:19,037 |OFBiz-batch-3        |DatabaseUtil                  |W| Table named [PRODUCT_FEATURE_CATEGORY_APPL] exists in the database but has no corresponding entity
2021-04-24 16:53:19,037 |OFBiz-batch-3        |DatabaseUtil                  |W| Table named [PRODUCT_FEATURE_CAT_GRP_APPL] exists in the database but has no corresponding entity
2021-04-24 16:53:19,037 |OFBiz-batch-3        |DatabaseUtil                  |W| Table named [PRODUCT_FEATURE_DATA_RESOURCE] exists in the database but has no corresponding entity
2021-04-24 16:53:19,037 |OFBiz-batch-3        |DatabaseUtil                  |W| Table named [PRODUCT_FEATURE_GROUP] exists in the database but has no corresponding entity
2021-04-24 16:53:19,037 |OFBiz-batch-3        |DatabaseUtil                  |W| Table named [PRODUCT_FEATURE_GROUP_APPL] exists in the database but has no corresponding entity
2021-04-24 16:53:19,037 |OFBiz-batch-3        |DatabaseUtil                  |W| Table named [PRODUCT_FEATURE_IACTN] exists in the database but has no corresponding entity
2021-04-24 16:53:19,037 |OFBiz-batch-3        |DatabaseUtil                  |W| Table named [PRODUCT_FEATURE_IACTN_TYPE] exists in the database but has no corresponding entity
2021-04-24 16:53:19,037 |OFBiz-batch-3        |DatabaseUtil                  |W| Table named [PRODUCT_FEATURE_PRICE] exists in the database but has no corresponding entity
2021-04-24 16:53:19,037 |OFBiz-batch-3        |DatabaseUtil                  |W| Table named [PRODUCT_FEATURE_TYPE] exists in the database but has no corresponding entity
2021-04-24 16:53:19,037 |OFBiz-batch-3        |DatabaseUtil                  |W| Table named [PRODUCT_GEO] exists in the database but has no corresponding entity
2021-04-24 16:53:19,037 |OFBiz-batch-3        |DatabaseUtil                  |W| Table named [PRODUCT_GL_ACCOUNT] exists in the database but has no corresponding entity
2021-04-24 16:53:19,037 |OFBiz-batch-3        |DatabaseUtil                  |W| Table named [PRODUCT_GROUP_ORDER] exists in the database but has no corresponding entity
2021-04-24 16:53:19,037 |OFBiz-batch-3        |DatabaseUtil                  |W| Table named [PRODUCT_KEYWORD_NEW] exists in the database but has no corresponding entity
2021-04-24 16:53:19,037 |OFBiz-batch-3        |DatabaseUtil                  |W| Table named [PRODUCT_MAINT] exists in the database but has no corresponding entity
2021-04-24 16:53:19,037 |OFBiz-batch-3        |DatabaseUtil                  |W| Table named [PRODUCT_MAINT_TYPE] exists in the database but has no corresponding entity
2021-04-24 16:53:19,037 |OFBiz-batch-3        |DatabaseUtil                  |W| Table named [PRODUCT_MANUFACTURING_RULE] exists in the database but has no corresponding entity
2021-04-24 16:53:19,037 |OFBiz-batch-3        |DatabaseUtil                  |W| Table named [PRODUCT_METER] exists in the database but has no corresponding entity
2021-04-24 16:53:19,037 |OFBiz-batch-3        |DatabaseUtil                  |W| Table named [PRODUCT_METER_TYPE] exists in the database but has no corresponding entity
2021-04-24 16:53:19,037 |OFBiz-batch-3        |DatabaseUtil                  |W| Table named [PRODUCT_ORDER_ITEM] exists in the database but has no corresponding entity
2021-04-24 16:53:19,037 |OFBiz-batch-3        |DatabaseUtil                  |W| Table named [PRODUCT_PAYMENT_METHOD_TYPE] exists in the database but has no corresponding entity
2021-04-24 16:53:19,037 |OFBiz-batch-3        |DatabaseUtil                  |W| Table named [PRODUCT_PRICE] exists in the database but has no corresponding entity
2021-04-24 16:53:19,037 |OFBiz-batch-3        |DatabaseUtil                  |W| Table named [PRODUCT_PRICE_ACTION] exists in the database but has no corresponding entity
2021-04-24 16:53:19,037 |OFBiz-batch-3        |DatabaseUtil                  |W| Table named [PRODUCT_PRICE_ACTION_TYPE] exists in the database but has no corresponding entity
2021-04-24 16:53:19,037 |OFBiz-batch-3        |DatabaseUtil                  |W| Table named [PRODUCT_PRICE_AUTO_NOTICE] exists in the database but has no corresponding entity
2021-04-24 16:53:19,037 |OFBiz-batch-3        |DatabaseUtil                  |W| Table named [PRODUCT_PRICE_CHANGE] exists in the database but has no corresponding entity
2021-04-24 16:53:19,037 |OFBiz-batch-3        |DatabaseUtil                  |W| Table named [PRODUCT_PRICE_COND] exists in the database but has no corresponding entity
2021-04-24 16:53:19,037 |OFBiz-batch-3        |DatabaseUtil                  |W| Table named [PRODUCT_PRICE_PURPOSE] exists in the database but has no corresponding entity
2021-04-24 16:53:19,037 |OFBiz-batch-3        |DatabaseUtil                  |W| Table named [PRODUCT_PRICE_RULE] exists in the database but has no corresponding entity
2021-04-24 16:53:19,037 |OFBiz-batch-3        |DatabaseUtil                  |W| Table named [PRODUCT_PRICE_TYPE] exists in the database but has no corresponding entity
2021-04-24 16:53:19,037 |OFBiz-batch-3        |DatabaseUtil                  |W| Table named [PRODUCT_PROMO] exists in the database but has no corresponding entity
2021-04-24 16:53:19,037 |OFBiz-batch-3        |DatabaseUtil                  |W| Table named [PRODUCT_PROMO_ACTION] exists in the database but has no corresponding entity
2021-04-24 16:53:19,037 |OFBiz-batch-3        |DatabaseUtil                  |W| Table named [PRODUCT_PROMO_CATEGORY] exists in the database but has no corresponding entity
2021-04-24 16:53:19,037 |OFBiz-batch-3        |DatabaseUtil                  |W| Table named [PRODUCT_PROMO_CODE] exists in the database but has no corresponding entity
2021-04-24 16:53:19,037 |OFBiz-batch-3        |DatabaseUtil                  |W| Table named [PRODUCT_PROMO_CODE_EMAIL] exists in the database but has no corresponding entity
2021-04-24 16:53:19,037 |OFBiz-batch-3        |DatabaseUtil                  |W| Table named [PRODUCT_PROMO_CODE_PARTY] exists in the database but has no corresponding entity
2021-04-24 16:53:19,037 |OFBiz-batch-3        |DatabaseUtil                  |W| Table named [PRODUCT_PROMO_COND] exists in the database but has no corresponding entity
2021-04-24 16:53:19,037 |OFBiz-batch-3        |DatabaseUtil                  |W| Table named [PRODUCT_PROMO_CONTENT] exists in the database but has no corresponding entity
2021-04-24 16:53:19,037 |OFBiz-batch-3        |DatabaseUtil                  |W| Table named [PRODUCT_PROMO_PRODUCT] exists in the database but has no corresponding entity
2021-04-24 16:53:19,037 |OFBiz-batch-3        |DatabaseUtil                  |W| Table named [PRODUCT_PROMO_RULE] exists in the database but has no corresponding entity
2021-04-24 16:53:19,037 |OFBiz-batch-3        |DatabaseUtil                  |W| Table named [PRODUCT_PROMO_USE] exists in the database but has no corresponding entity
2021-04-24 16:53:19,037 |OFBiz-batch-3        |DatabaseUtil                  |W| Table named [PRODUCT_REVIEW] exists in the database but has no corresponding entity
2021-04-24 16:53:19,037 |OFBiz-batch-3        |DatabaseUtil                  |W| Table named [PRODUCT_ROLE] exists in the database but has no corresponding entity
2021-04-24 16:53:19,038 |OFBiz-batch-3        |DatabaseUtil                  |W| Table named [PRODUCT_SEARCH_CONSTRAINT] exists in the database but has no corresponding entity
2021-04-24 16:53:19,038 |OFBiz-batch-3        |DatabaseUtil                  |W| Table named [PRODUCT_SEARCH_RESULT] exists in the database but has no corresponding entity
2021-04-24 16:53:19,038 |OFBiz-batch-3        |DatabaseUtil                  |W| Table named [PRODUCT_STORE] exists in the database but has no corresponding entity
2021-04-24 16:53:19,038 |OFBiz-batch-3        |DatabaseUtil                  |W| Table named [PRODUCT_STORE_CATALOG] exists in the database but has no corresponding entity
2021-04-24 16:53:19,038 |OFBiz-batch-3        |DatabaseUtil                  |W| Table named [PRODUCT_STORE_EMAIL_SETTING] exists in the database but has no corresponding entity
2021-04-24 16:53:19,038 |OFBiz-batch-3        |DatabaseUtil                  |W| Table named [PRODUCT_STORE_FACILITY] exists in the database but has no corresponding entity
2021-04-24 16:53:19,038 |OFBiz-batch-3        |DatabaseUtil                  |W| Table named [PRODUCT_STORE_FIN_ACT_SETTING] exists in the database but has no corresponding entity
2021-04-24 16:53:19,038 |OFBiz-batch-3        |DatabaseUtil                  |W| Table named [PRODUCT_STORE_GROUP] exists in the database but has no corresponding entity
2021-04-24 16:53:19,038 |OFBiz-batch-3        |DatabaseUtil                  |W| Table named [PRODUCT_STORE_GROUP_MEMBER] exists in the database but has no corresponding entity
2021-04-24 16:53:19,038 |OFBiz-batch-3        |DatabaseUtil                  |W| Table named [PRODUCT_STORE_GROUP_ROLE] exists in the database but has no corresponding entity
2021-04-24 16:53:19,038 |OFBiz-batch-3        |DatabaseUtil                  |W| Table named [PRODUCT_STORE_GROUP_ROLLUP] exists in the database but has no corresponding entity
2021-04-24 16:53:19,038 |OFBiz-batch-3        |DatabaseUtil                  |W| Table named [PRODUCT_STORE_GROUP_TYPE] exists in the database but has no corresponding entity
2021-04-24 16:53:19,038 |OFBiz-batch-3        |DatabaseUtil                  |W| Table named [PRODUCT_STORE_KEYWORD_OVRD] exists in the database but has no corresponding entity
2021-04-24 16:53:19,038 |OFBiz-batch-3        |DatabaseUtil                  |W| Table named [PRODUCT_STORE_PAYMENT_SETTING] exists in the database but has no corresponding entity
2021-04-24 16:53:19,038 |OFBiz-batch-3        |DatabaseUtil                  |W| Table named [PRODUCT_STORE_PROMO_APPL] exists in the database but has no corresponding entity
2021-04-24 16:53:19,038 |OFBiz-batch-3        |DatabaseUtil                  |W| Table named [PRODUCT_STORE_ROLE] exists in the database but has no corresponding entity
2021-04-24 16:53:19,038 |OFBiz-batch-3        |DatabaseUtil                  |W| Table named [PRODUCT_STORE_SHIPMENT_METH] exists in the database but has no corresponding entity
2021-04-24 16:53:19,038 |OFBiz-batch-3        |DatabaseUtil                  |W| Table named [PRODUCT_STORE_SURVEY_APPL] exists in the database but has no corresponding entity
2021-04-24 16:53:19,038 |OFBiz-batch-3        |DatabaseUtil                  |W| Table named [PRODUCT_STORE_VENDOR_PAYMENT] exists in the database but has no corresponding entity
2021-04-24 16:53:19,038 |OFBiz-batch-3        |DatabaseUtil                  |W| Table named [PRODUCT_STORE_VENDOR_SHIPMENT] exists in the database but has no corresponding entity
2021-04-24 16:53:19,038 |OFBiz-batch-3        |DatabaseUtil                  |W| Table named [PRODUCT_SUBSCRIPTION_RESOURCE] exists in the database but has no corresponding entity
2021-04-24 16:53:19,038 |OFBiz-batch-3        |DatabaseUtil                  |W| Table named [PRODUCT_TYPE] exists in the database but has no corresponding entity
2021-04-24 16:53:19,038 |OFBiz-batch-3        |DatabaseUtil                  |W| Table named [PRODUCT_TYPE_ATTR] exists in the database but has no corresponding entity
2021-04-24 16:53:19,038 |OFBiz-batch-3        |DatabaseUtil                  |W| Table named [PROD_CATALOG] exists in the database but has no corresponding entity
2021-04-24 16:53:19,038 |OFBiz-batch-3        |DatabaseUtil                  |W| Table named [PROD_CATALOG_CATEGORY] exists in the database but has no corresponding entity
2021-04-24 16:53:19,038 |OFBiz-batch-3        |DatabaseUtil                  |W| Table named [PROD_CATALOG_CATEGORY_TYPE] exists in the database but has no corresponding entity
2021-04-24 16:53:19,038 |OFBiz-batch-3        |DatabaseUtil                  |W| Table named [PROD_CATALOG_INV_FACILITY] exists in the database but has no corresponding entity
2021-04-24 16:53:19,038 |OFBiz-batch-3        |DatabaseUtil                  |W| Table named [PROD_CATALOG_ROLE] exists in the database but has no corresponding entity
2021-04-24 16:53:19,038 |OFBiz-batch-3        |DatabaseUtil                  |W| Table named [PROD_CONF_ITEM_CONTENT] exists in the database but has no corresponding entity
2021-04-24 16:53:19,038 |OFBiz-batch-3        |DatabaseUtil                  |W| Table named [PROD_CONF_ITEM_CONTENT_TYPE] exists in the database but has no corresponding entity
2021-04-24 16:53:19,038 |OFBiz-batch-3        |DatabaseUtil                  |W| Table named [PROTECTED_VIEW] exists in the database but has no corresponding entity
2021-04-24 16:53:19,038 |OFBiz-batch-3        |DatabaseUtil                  |W| Table named [PROTOCOL_TYPE] exists in the database but has no corresponding entity
2021-04-24 16:53:19,038 |OFBiz-batch-3        |DatabaseUtil                  |W| Table named [PS_CHECK_LOST_INSTRUMENTATION] exists in the database but has no corresponding entity
2021-04-24 16:53:19,038 |OFBiz-batch-3        |DatabaseUtil                  |W| Table named [QUANTITY_BREAK] exists in the database but has no corresponding entity
2021-04-24 16:53:19,038 |OFBiz-batch-3        |DatabaseUtil                  |W| Table named [QUANTITY_BREAK_TYPE] exists in the database but has no corresponding entity
2021-04-24 16:53:19,038 |OFBiz-batch-3        |DatabaseUtil                  |W| Table named [QUOTE] exists in the database but has no corresponding entity
2021-04-24 16:53:19,038 |OFBiz-batch-3        |DatabaseUtil                  |W| Table named [QUOTE_ADJUSTMENT] exists in the database but has no corresponding entity
2021-04-24 16:53:19,038 |OFBiz-batch-3        |DatabaseUtil                  |W| Table named [QUOTE_ATTRIBUTE] exists in the database but has no corresponding entity
2021-04-24 16:53:19,038 |OFBiz-batch-3        |DatabaseUtil                  |W| Table named [QUOTE_COEFFICIENT] exists in the database but has no corresponding entity
2021-04-24 16:53:19,038 |OFBiz-batch-3        |DatabaseUtil                  |W| Table named [QUOTE_ITEM] exists in the database but has no corresponding entity
2021-04-24 16:53:19,038 |OFBiz-batch-3        |DatabaseUtil                  |W| Table named [QUOTE_NOTE] exists in the database but has no corresponding entity
2021-04-24 16:53:19,038 |OFBiz-batch-3        |DatabaseUtil                  |W| Table named [QUOTE_ROLE] exists in the database but has no corresponding entity
2021-04-24 16:53:19,038 |OFBiz-batch-3        |DatabaseUtil                  |W| Table named [QUOTE_TERM] exists in the database but has no corresponding entity
2021-04-24 16:53:19,038 |OFBiz-batch-3        |DatabaseUtil                  |W| Table named [QUOTE_TERM_ATTRIBUTE] exists in the database but has no corresponding entity
2021-04-24 16:53:19,038 |OFBiz-batch-3        |DatabaseUtil                  |W| Table named [QUOTE_TYPE] exists in the database but has no corresponding entity
2021-04-24 16:53:19,038 |OFBiz-batch-3        |DatabaseUtil                  |W| Table named [QUOTE_TYPE_ATTR] exists in the database but has no corresponding entity
2021-04-24 16:53:19,038 |OFBiz-batch-3        |DatabaseUtil                  |W| Table named [QUOTE_WORK_EFFORT] exists in the database but has no corresponding entity
2021-04-24 16:53:19,038 |OFBiz-batch-3        |DatabaseUtil                  |W| Table named [RATE_AMOUNT] exists in the database but has no corresponding entity
2021-04-24 16:53:19,039 |OFBiz-batch-3        |DatabaseUtil                  |W| Table named [RATE_TYPE] exists in the database but has no corresponding entity
2021-04-24 16:53:19,039 |OFBiz-batch-3        |DatabaseUtil                  |W| Table named [RECURRENCE_INFO] exists in the database but has no corresponding entity
2021-04-24 16:53:19,039 |OFBiz-batch-3        |DatabaseUtil                  |W| Table named [RECURRENCE_RULE] exists in the database but has no corresponding entity
2021-04-24 16:53:19,039 |OFBiz-batch-3        |DatabaseUtil                  |W| Table named [REJECTION_REASON] exists in the database but has no corresponding entity
2021-04-24 16:53:19,039 |OFBiz-batch-3        |DatabaseUtil                  |W| Table named [REORDER_GUIDELINE] exists in the database but has no corresponding entity
2021-04-24 16:53:19,039 |OFBiz-batch-3        |DatabaseUtil                  |W| Table named [REQUIREMENT] exists in the database but has no corresponding entity
2021-04-24 16:53:19,039 |OFBiz-batch-3        |DatabaseUtil                  |W| Table named [REQUIREMENT_ATTRIBUTE] exists in the database but has no corresponding entity
2021-04-24 16:53:19,039 |OFBiz-batch-3        |DatabaseUtil                  |W| Table named [REQUIREMENT_BUDGET_ALLOCATION] exists in the database but has no corresponding entity
2021-04-24 16:53:19,039 |OFBiz-batch-3        |DatabaseUtil                  |W| Table named [REQUIREMENT_CUST_REQUEST] exists in the database but has no corresponding entity
2021-04-24 16:53:19,039 |OFBiz-batch-3        |DatabaseUtil                  |W| Table named [REQUIREMENT_ROLE] exists in the database but has no corresponding entity
2021-04-24 16:53:19,039 |OFBiz-batch-3        |DatabaseUtil                  |W| Table named [REQUIREMENT_STATUS] exists in the database but has no corresponding entity
2021-04-24 16:53:19,039 |OFBiz-batch-3        |DatabaseUtil                  |W| Table named [REQUIREMENT_TYPE] exists in the database but has no corresponding entity
2021-04-24 16:53:19,039 |OFBiz-batch-3        |DatabaseUtil                  |W| Table named [REQUIREMENT_TYPE_ATTR] exists in the database but has no corresponding entity
2021-04-24 16:53:19,039 |OFBiz-batch-3        |DatabaseUtil                  |W| Table named [RESPONDING_PARTY] exists in the database but has no corresponding entity
2021-04-24 16:53:19,039 |OFBiz-batch-3        |DatabaseUtil                  |W| Table named [RESPONSIBILITY_TYPE] exists in the database but has no corresponding entity
2021-04-24 16:53:19,039 |OFBiz-batch-3        |DatabaseUtil                  |W| Table named [RETURN_ADJUSTMENT] exists in the database but has no corresponding entity
2021-04-24 16:53:19,039 |OFBiz-batch-3        |DatabaseUtil                  |W| Table named [RETURN_ADJUSTMENT_TYPE] exists in the database but has no corresponding entity
2021-04-24 16:53:19,039 |OFBiz-batch-3        |DatabaseUtil                  |W| Table named [RETURN_CONTACT_MECH] exists in the database but has no corresponding entity
2021-04-24 16:53:19,039 |OFBiz-batch-3        |DatabaseUtil                  |W| Table named [RETURN_HEADER] exists in the database but has no corresponding entity
2021-04-24 16:53:19,039 |OFBiz-batch-3        |DatabaseUtil                  |W| Table named [RETURN_HEADER_TYPE] exists in the database but has no corresponding entity
2021-04-24 16:53:19,039 |OFBiz-batch-3        |DatabaseUtil                  |W| Table named [RETURN_ITEM] exists in the database but has no corresponding entity
2021-04-24 16:53:19,039 |OFBiz-batch-3        |DatabaseUtil                  |W| Table named [RETURN_ITEM_BILLING] exists in the database but has no corresponding entity
2021-04-24 16:53:19,039 |OFBiz-batch-3        |DatabaseUtil                  |W| Table named [RETURN_ITEM_RESPONSE] exists in the database but has no corresponding entity
2021-04-24 16:53:19,039 |OFBiz-batch-3        |DatabaseUtil                  |W| Table named [RETURN_ITEM_SHIPMENT] exists in the database but has no corresponding entity
2021-04-24 16:53:19,039 |OFBiz-batch-3        |DatabaseUtil                  |W| Table named [RETURN_ITEM_TYPE] exists in the database but has no corresponding entity
2021-04-24 16:53:19,039 |OFBiz-batch-3        |DatabaseUtil                  |W| Table named [RETURN_ITEM_TYPE_MAP] exists in the database but has no corresponding entity
2021-04-24 16:53:19,039 |OFBiz-batch-3        |DatabaseUtil                  |W| Table named [RETURN_REASON] exists in the database but has no corresponding entity
2021-04-24 16:53:19,039 |OFBiz-batch-3        |DatabaseUtil                  |W| Table named [RETURN_STATUS] exists in the database but has no corresponding entity
2021-04-24 16:53:19,039 |OFBiz-batch-3        |DatabaseUtil                  |W| Table named [RETURN_TYPE] exists in the database but has no corresponding entity
2021-04-24 16:53:19,039 |OFBiz-batch-3        |DatabaseUtil                  |W| Table named [ROLE_TYPE] exists in the database but has no corresponding entity
2021-04-24 16:53:19,039 |OFBiz-batch-3        |DatabaseUtil                  |W| Table named [ROLE_TYPE_ATTR] exists in the database but has no corresponding entity
2021-04-24 16:53:19,039 |OFBiz-batch-3        |DatabaseUtil                  |W| Table named [RUNTIME_DATA] exists in the database but has no corresponding entity
2021-04-24 16:53:19,039 |OFBiz-batch-3        |DatabaseUtil                  |W| Table named [SALARY_STEP_NEW] exists in the database but has no corresponding entity
2021-04-24 16:53:19,039 |OFBiz-batch-3        |DatabaseUtil                  |W| Table named [SALES_FORECAST] exists in the database but has no corresponding entity
2021-04-24 16:53:19,039 |OFBiz-batch-3        |DatabaseUtil                  |W| Table named [SALES_FORECAST_DETAIL] exists in the database but has no corresponding entity
2021-04-24 16:53:19,039 |OFBiz-batch-3        |DatabaseUtil                  |W| Table named [SALES_FORECAST_HISTORY] exists in the database but has no corresponding entity
2021-04-24 16:53:19,039 |OFBiz-batch-3        |DatabaseUtil                  |W| Table named [SALES_OPPORTUNITY] exists in the database but has no corresponding entity
2021-04-24 16:53:19,039 |OFBiz-batch-3        |DatabaseUtil                  |W| Table named [SALES_OPPORTUNITY_COMPETITOR] exists in the database but has no corresponding entity
2021-04-24 16:53:19,039 |OFBiz-batch-3        |DatabaseUtil                  |W| Table named [SALES_OPPORTUNITY_HISTORY] exists in the database but has no corresponding entity
2021-04-24 16:53:19,039 |OFBiz-batch-3        |DatabaseUtil                  |W| Table named [SALES_OPPORTUNITY_QUOTE] exists in the database but has no corresponding entity
2021-04-24 16:53:19,039 |OFBiz-batch-3        |DatabaseUtil                  |W| Table named [SALES_OPPORTUNITY_ROLE] exists in the database but has no corresponding entity
2021-04-24 16:53:19,039 |OFBiz-batch-3        |DatabaseUtil                  |W| Table named [SALES_OPPORTUNITY_STAGE] exists in the database but has no corresponding entity
2021-04-24 16:53:19,039 |OFBiz-batch-3        |DatabaseUtil                  |W| Table named [SALES_OPPORTUNITY_TRCK_CODE] exists in the database but has no corresponding entity
2021-04-24 16:53:19,039 |OFBiz-batch-3        |DatabaseUtil                  |W| Table named [SALES_OPPORTUNITY_WORK_EFFORT] exists in the database but has no corresponding entity
2021-04-24 16:53:19,039 |OFBiz-batch-3        |DatabaseUtil                  |W| Table named [SALE_TYPE] exists in the database but has no corresponding entity
2021-04-24 16:53:19,039 |OFBiz-batch-3        |DatabaseUtil                  |W| Table named [SCHEMA_AUTO_INCREMENT_COLUMNS] exists in the database but has no corresponding entity
2021-04-24 16:53:19,039 |OFBiz-batch-3        |DatabaseUtil                  |W| Table named [SCHEMA_INDEX_STATISTICS] exists in the database but has no corresponding entity
2021-04-24 16:53:19,039 |OFBiz-batch-3        |DatabaseUtil                  |W| Table named [SCHEMA_OBJECT_OVERVIEW] exists in the database but has no corresponding entity
2021-04-24 16:53:19,039 |OFBiz-batch-3        |DatabaseUtil                  |W| Table named [SCHEMA_REDUNDANT_INDEXES] exists in the database but has no corresponding entity
2021-04-24 16:53:19,040 |OFBiz-batch-3        |DatabaseUtil                  |W| Table named [SCHEMA_TABLES_WITH_FULL_TABLE_SCANS] exists in the database but has no corresponding entity
2021-04-24 16:53:19,040 |OFBiz-batch-3        |DatabaseUtil                  |W| Table named [SCHEMA_TABLE_LOCK_WAITS] exists in the database but has no corresponding entity
2021-04-24 16:53:19,040 |OFBiz-batch-3        |DatabaseUtil                  |W| Table named [SCHEMA_TABLE_STATISTICS] exists in the database but has no corresponding entity
2021-04-24 16:53:19,040 |OFBiz-batch-3        |DatabaseUtil                  |W| Table named [SCHEMA_TABLE_STATISTICS_WITH_BUFFER] exists in the database but has no corresponding entity
2021-04-24 16:53:19,040 |OFBiz-batch-3        |DatabaseUtil                  |W| Table named [SCHEMA_UNUSED_INDEXES] exists in the database but has no corresponding entity
2021-04-24 16:53:19,040 |OFBiz-batch-3        |DatabaseUtil                  |W| Table named [SECURITY_GROUP] exists in the database but has no corresponding entity
2021-04-24 16:53:19,040 |OFBiz-batch-3        |DatabaseUtil                  |W| Table named [SECURITY_GROUP_PERMISSION] exists in the database but has no corresponding entity
2021-04-24 16:53:19,040 |OFBiz-batch-3        |DatabaseUtil                  |W| Table named [SECURITY_PERMISSION] exists in the database but has no corresponding entity
2021-04-24 16:53:19,040 |OFBiz-batch-3        |DatabaseUtil                  |W| Table named [SEGMENT_GROUP] exists in the database but has no corresponding entity
2021-04-24 16:53:19,040 |OFBiz-batch-3        |DatabaseUtil                  |W| Table named [SEGMENT_GROUP_CLASSIFICATION] exists in the database but has no corresponding entity
2021-04-24 16:53:19,040 |OFBiz-batch-3        |DatabaseUtil                  |W| Table named [SEGMENT_GROUP_GEO] exists in the database but has no corresponding entity
2021-04-24 16:53:19,040 |OFBiz-batch-3        |DatabaseUtil                  |W| Table named [SEGMENT_GROUP_ROLE] exists in the database but has no corresponding entity
2021-04-24 16:53:19,040 |OFBiz-batch-3        |DatabaseUtil                  |W| Table named [SEGMENT_GROUP_TYPE] exists in the database but has no corresponding entity
2021-04-24 16:53:19,040 |OFBiz-batch-3        |DatabaseUtil                  |W| Table named [SEQUENCE_VALUE_ITEM] exists in the database but has no corresponding entity
2021-04-24 16:53:19,040 |OFBiz-batch-3        |DatabaseUtil                  |W| Table named [SERVER_HIT] exists in the database but has no corresponding entity
2021-04-24 16:53:19,040 |OFBiz-batch-3        |DatabaseUtil                  |W| Table named [SERVER_HIT_BIN] exists in the database but has no corresponding entity
2021-04-24 16:53:19,040 |OFBiz-batch-3        |DatabaseUtil                  |W| Table named [SERVER_HIT_TYPE] exists in the database but has no corresponding entity
2021-04-24 16:53:19,040 |OFBiz-batch-3        |DatabaseUtil                  |W| Table named [SERVICE_SEMAPHORE] exists in the database but has no corresponding entity
2021-04-24 16:53:19,040 |OFBiz-batch-3        |DatabaseUtil                  |W| Table named [SESSION] exists in the database but has no corresponding entity
2021-04-24 16:53:19,040 |OFBiz-batch-3        |DatabaseUtil                  |W| Table named [SESSION_SSL_STATUS] exists in the database but has no corresponding entity
2021-04-24 16:53:19,040 |OFBiz-batch-3        |DatabaseUtil                  |W| Table named [SETTLEMENT_TERM] exists in the database but has no corresponding entity
2021-04-24 16:53:19,040 |OFBiz-batch-3        |DatabaseUtil                  |W| Table named [SHIPMENT] exists in the database but has no corresponding entity
2021-04-24 16:53:19,040 |OFBiz-batch-3        |DatabaseUtil                  |W| Table named [SHIPMENT_ATTRIBUTE] exists in the database but has no corresponding entity
2021-04-24 16:53:19,040 |OFBiz-batch-3        |DatabaseUtil                  |W| Table named [SHIPMENT_BOX_TYPE] exists in the database but has no corresponding entity
2021-04-24 16:53:19,040 |OFBiz-batch-3        |DatabaseUtil                  |W| Table named [SHIPMENT_CONTACT_MECH] exists in the database but has no corresponding entity
2021-04-24 16:53:19,040 |OFBiz-batch-3        |DatabaseUtil                  |W| Table named [SHIPMENT_CONTACT_MECH_TYPE] exists in the database but has no corresponding entity
2021-04-24 16:53:19,040 |OFBiz-batch-3        |DatabaseUtil                  |W| Table named [SHIPMENT_COST_ESTIMATE] exists in the database but has no corresponding entity
2021-04-24 16:53:19,040 |OFBiz-batch-3        |DatabaseUtil                  |W| Table named [SHIPMENT_GATEWAY_CONFIG] exists in the database but has no corresponding entity
2021-04-24 16:53:19,040 |OFBiz-batch-3        |DatabaseUtil                  |W| Table named [SHIPMENT_GATEWAY_CONFIG_TYPE] exists in the database but has no corresponding entity
2021-04-24 16:53:19,040 |OFBiz-batch-3        |DatabaseUtil                  |W| Table named [SHIPMENT_GATEWAY_DHL] exists in the database but has no corresponding entity
2021-04-24 16:53:19,040 |OFBiz-batch-3        |DatabaseUtil                  |W| Table named [SHIPMENT_GATEWAY_FEDEX] exists in the database but has no corresponding entity
2021-04-24 16:53:19,040 |OFBiz-batch-3        |DatabaseUtil                  |W| Table named [SHIPMENT_GATEWAY_UPS] exists in the database but has no corresponding entity
2021-04-24 16:53:19,040 |OFBiz-batch-3        |DatabaseUtil                  |W| Table named [SHIPMENT_GATEWAY_USPS] exists in the database but has no corresponding entity
2021-04-24 16:53:19,040 |OFBiz-batch-3        |DatabaseUtil                  |W| Table named [SHIPMENT_ITEM] exists in the database but has no corresponding entity
2021-04-24 16:53:19,040 |OFBiz-batch-3        |DatabaseUtil                  |W| Table named [SHIPMENT_ITEM_BILLING] exists in the database but has no corresponding entity
2021-04-24 16:53:19,040 |OFBiz-batch-3        |DatabaseUtil                  |W| Table named [SHIPMENT_ITEM_FEATURE] exists in the database but has no corresponding entity
2021-04-24 16:53:19,040 |OFBiz-batch-3        |DatabaseUtil                  |W| Table named [SHIPMENT_METHOD_TYPE] exists in the database but has no corresponding entity
2021-04-24 16:53:19,040 |OFBiz-batch-3        |DatabaseUtil                  |W| Table named [SHIPMENT_PACKAGE] exists in the database but has no corresponding entity
2021-04-24 16:53:19,040 |OFBiz-batch-3        |DatabaseUtil                  |W| Table named [SHIPMENT_PACKAGE_CONTENT] exists in the database but has no corresponding entity
2021-04-24 16:53:19,040 |OFBiz-batch-3        |DatabaseUtil                  |W| Table named [SHIPMENT_PACKAGE_ROUTE_SEG] exists in the database but has no corresponding entity
2021-04-24 16:53:19,040 |OFBiz-batch-3        |DatabaseUtil                  |W| Table named [SHIPMENT_RECEIPT] exists in the database but has no corresponding entity
2021-04-24 16:53:19,040 |OFBiz-batch-3        |DatabaseUtil                  |W| Table named [SHIPMENT_RECEIPT_ROLE] exists in the database but has no corresponding entity
2021-04-24 16:53:19,040 |OFBiz-batch-3        |DatabaseUtil                  |W| Table named [SHIPMENT_ROUTE_SEGMENT] exists in the database but has no corresponding entity
2021-04-24 16:53:19,040 |OFBiz-batch-3        |DatabaseUtil                  |W| Table named [SHIPMENT_STATUS] exists in the database but has no corresponding entity
2021-04-24 16:53:19,040 |OFBiz-batch-3        |DatabaseUtil                  |W| Table named [SHIPMENT_TYPE] exists in the database but has no corresponding entity
2021-04-24 16:53:19,040 |OFBiz-batch-3        |DatabaseUtil                  |W| Table named [SHIPMENT_TYPE_ATTR] exists in the database but has no corresponding entity
2021-04-24 16:53:19,040 |OFBiz-batch-3        |DatabaseUtil                  |W| Table named [SHIPPING_DOCUMENT] exists in the database but has no corresponding entity
2021-04-24 16:53:19,040 |OFBiz-batch-3        |DatabaseUtil                  |W| Table named [SHOPPING_LIST] exists in the database but has no corresponding entity
2021-04-24 16:53:19,040 |OFBiz-batch-3        |DatabaseUtil                  |W| Table named [SHOPPING_LIST_ITEM] exists in the database but has no corresponding entity
2021-04-24 16:53:19,040 |OFBiz-batch-3        |DatabaseUtil                  |W| Table named [SHOPPING_LIST_ITEM_SURVEY] exists in the database but has no corresponding entity
2021-04-24 16:53:19,041 |OFBiz-batch-3        |DatabaseUtil                  |W| Table named [SHOPPING_LIST_TYPE] exists in the database but has no corresponding entity
2021-04-24 16:53:19,041 |OFBiz-batch-3        |DatabaseUtil                  |W| Table named [SHOPPING_LIST_WORK_EFFORT] exists in the database but has no corresponding entity
2021-04-24 16:53:19,041 |OFBiz-batch-3        |DatabaseUtil                  |W| Table named [SKILL_TYPE] exists in the database but has no corresponding entity
2021-04-24 16:53:19,041 |OFBiz-batch-3        |DatabaseUtil                  |W| Table named [STANDARD_LANGUAGE] exists in the database but has no corresponding entity
2021-04-24 16:53:19,041 |OFBiz-batch-3        |DatabaseUtil                  |W| Table named [STATEMENTS_WITH_ERRORS_OR_WARNINGS] exists in the database but has no corresponding entity
2021-04-24 16:53:19,041 |OFBiz-batch-3        |DatabaseUtil                  |W| Table named [STATEMENTS_WITH_FULL_TABLE_SCANS] exists in the database but has no corresponding entity
2021-04-24 16:53:19,041 |OFBiz-batch-3        |DatabaseUtil                  |W| Table named [STATEMENTS_WITH_RUNTIMES_IN_95TH_PERCENTILE] exists in the database but has no corresponding entity
2021-04-24 16:53:19,041 |OFBiz-batch-3        |DatabaseUtil                  |W| Table named [STATEMENTS_WITH_SORTING] exists in the database but has no corresponding entity
2021-04-24 16:53:19,041 |OFBiz-batch-3        |DatabaseUtil                  |W| Table named [STATEMENTS_WITH_TEMP_TABLES] exists in the database but has no corresponding entity
2021-04-24 16:53:19,041 |OFBiz-batch-3        |DatabaseUtil                  |W| Table named [STATEMENT_ANALYSIS] exists in the database but has no corresponding entity
2021-04-24 16:53:19,041 |OFBiz-batch-3        |DatabaseUtil                  |W| Table named [STATUS_ITEM] exists in the database but has no corresponding entity
2021-04-24 16:53:19,041 |OFBiz-batch-3        |DatabaseUtil                  |W| Table named [STATUS_TYPE] exists in the database but has no corresponding entity
2021-04-24 16:53:19,041 |OFBiz-batch-3        |DatabaseUtil                  |W| Table named [STATUS_VALID_CHANGE] exists in the database but has no corresponding entity
2021-04-24 16:53:19,041 |OFBiz-batch-3        |DatabaseUtil                  |W| Table named [SUBSCRIPTION] exists in the database but has no corresponding entity
2021-04-24 16:53:19,041 |OFBiz-batch-3        |DatabaseUtil                  |W| Table named [SUBSCRIPTION_ACTIVITY] exists in the database but has no corresponding entity
2021-04-24 16:53:19,041 |OFBiz-batch-3        |DatabaseUtil                  |W| Table named [SUBSCRIPTION_ATTRIBUTE] exists in the database but has no corresponding entity
2021-04-24 16:53:19,041 |OFBiz-batch-3        |DatabaseUtil                  |W| Table named [SUBSCRIPTION_COMM_EVENT] exists in the database but has no corresponding entity
2021-04-24 16:53:19,041 |OFBiz-batch-3        |DatabaseUtil                  |W| Table named [SUBSCRIPTION_FULFILLMENT_PIECE] exists in the database but has no corresponding entity
2021-04-24 16:53:19,041 |OFBiz-batch-3        |DatabaseUtil                  |W| Table named [SUBSCRIPTION_RESOURCE] exists in the database but has no corresponding entity
2021-04-24 16:53:19,041 |OFBiz-batch-3        |DatabaseUtil                  |W| Table named [SUBSCRIPTION_TYPE] exists in the database but has no corresponding entity
2021-04-24 16:53:19,041 |OFBiz-batch-3        |DatabaseUtil                  |W| Table named [SUBSCRIPTION_TYPE_ATTR] exists in the database but has no corresponding entity
2021-04-24 16:53:19,041 |OFBiz-batch-3        |DatabaseUtil                  |W| Table named [SUPPLIER_PREF_ORDER] exists in the database but has no corresponding entity
2021-04-24 16:53:19,041 |OFBiz-batch-3        |DatabaseUtil                  |W| Table named [SUPPLIER_PRODUCT] exists in the database but has no corresponding entity
2021-04-24 16:53:19,041 |OFBiz-batch-3        |DatabaseUtil                  |W| Table named [SUPPLIER_PRODUCT_FEATURE] exists in the database but has no corresponding entity
2021-04-24 16:53:19,041 |OFBiz-batch-3        |DatabaseUtil                  |W| Table named [SUPPLIER_RATING_TYPE] exists in the database but has no corresponding entity
2021-04-24 16:53:19,041 |OFBiz-batch-3        |DatabaseUtil                  |W| Table named [SURVEY] exists in the database but has no corresponding entity
2021-04-24 16:53:19,041 |OFBiz-batch-3        |DatabaseUtil                  |W| Table named [SURVEY_APPL_TYPE] exists in the database but has no corresponding entity
2021-04-24 16:53:19,041 |OFBiz-batch-3        |DatabaseUtil                  |W| Table named [SURVEY_MULTI_RESP] exists in the database but has no corresponding entity
2021-04-24 16:53:19,041 |OFBiz-batch-3        |DatabaseUtil                  |W| Table named [SURVEY_MULTI_RESP_COLUMN] exists in the database but has no corresponding entity
2021-04-24 16:53:19,041 |OFBiz-batch-3        |DatabaseUtil                  |W| Table named [SURVEY_PAGE] exists in the database but has no corresponding entity
2021-04-24 16:53:19,041 |OFBiz-batch-3        |DatabaseUtil                  |W| Table named [SURVEY_QUESTION] exists in the database but has no corresponding entity
2021-04-24 16:53:19,041 |OFBiz-batch-3        |DatabaseUtil                  |W| Table named [SURVEY_QUESTION_APPL] exists in the database but has no corresponding entity
2021-04-24 16:53:19,041 |OFBiz-batch-3        |DatabaseUtil                  |W| Table named [SURVEY_QUESTION_CATEGORY] exists in the database but has no corresponding entity
2021-04-24 16:53:19,041 |OFBiz-batch-3        |DatabaseUtil                  |W| Table named [SURVEY_QUESTION_OPTION] exists in the database but has no corresponding entity
2021-04-24 16:53:19,041 |OFBiz-batch-3        |DatabaseUtil                  |W| Table named [SURVEY_QUESTION_TYPE] exists in the database but has no corresponding entity
2021-04-24 16:53:19,041 |OFBiz-batch-3        |DatabaseUtil                  |W| Table named [SURVEY_RESPONSE] exists in the database but has no corresponding entity
2021-04-24 16:53:19,041 |OFBiz-batch-3        |DatabaseUtil                  |W| Table named [SURVEY_RESPONSE_ANSWER] exists in the database but has no corresponding entity
2021-04-24 16:53:19,041 |OFBiz-batch-3        |DatabaseUtil                  |W| Table named [SURVEY_TRIGGER] exists in the database but has no corresponding entity
2021-04-24 16:53:19,041 |OFBiz-batch-3        |DatabaseUtil                  |W| Table named [SYSTEM_PROPERTY] exists in the database but has no corresponding entity
2021-04-24 16:53:19,041 |OFBiz-batch-3        |DatabaseUtil                  |W| Table named [SYS_CONFIG] exists in the database but has no corresponding entity
2021-04-24 16:53:19,041 |OFBiz-batch-3        |DatabaseUtil                  |W| Table named [TARPITTED_LOGIN_VIEW] exists in the database but has no corresponding entity
2021-04-24 16:53:19,041 |OFBiz-batch-3        |DatabaseUtil                  |W| Table named [TAX_AUTHORITY] exists in the database but has no corresponding entity
2021-04-24 16:53:19,041 |OFBiz-batch-3        |DatabaseUtil                  |W| Table named [TAX_AUTHORITY_ASSOC] exists in the database but has no corresponding entity
2021-04-24 16:53:19,041 |OFBiz-batch-3        |DatabaseUtil                  |W| Table named [TAX_AUTHORITY_ASSOC_TYPE] exists in the database but has no corresponding entity
2021-04-24 16:53:19,041 |OFBiz-batch-3        |DatabaseUtil                  |W| Table named [TAX_AUTHORITY_CATEGORY] exists in the database but has no corresponding entity
2021-04-24 16:53:19,041 |OFBiz-batch-3        |DatabaseUtil                  |W| Table named [TAX_AUTHORITY_GL_ACCOUNT] exists in the database but has no corresponding entity
2021-04-24 16:53:19,041 |OFBiz-batch-3        |DatabaseUtil                  |W| Table named [TAX_AUTHORITY_RATE_PRODUCT] exists in the database but has no corresponding entity
2021-04-24 16:53:19,041 |OFBiz-batch-3        |DatabaseUtil                  |W| Table named [TAX_AUTHORITY_RATE_TYPE] exists in the database but has no corresponding entity
2021-04-24 16:53:19,041 |OFBiz-batch-3        |DatabaseUtil                  |W| Table named [TECH_DATA_CALENDAR] exists in the database but has no corresponding entity
2021-04-24 16:53:19,041 |OFBiz-batch-3        |DatabaseUtil                  |W| Table named [TECH_DATA_CALENDAR_EXC_DAY] exists in the database but has no corresponding entity
2021-04-24 16:53:19,041 |OFBiz-batch-3        |DatabaseUtil                  |W| Table named [TECH_DATA_CALENDAR_EXC_WEEK] exists in the database but has no corresponding entity
2021-04-24 16:53:19,042 |OFBiz-batch-3        |DatabaseUtil                  |W| Table named [TECH_DATA_CALENDAR_WEEK] exists in the database but has no corresponding entity
2021-04-24 16:53:19,042 |OFBiz-batch-3        |DatabaseUtil                  |W| Table named [TELECOM_NUMBER] exists in the database but has no corresponding entity
2021-04-24 16:53:19,042 |OFBiz-batch-3        |DatabaseUtil                  |W| Table named [TEMPORAL_EXPRESSION] exists in the database but has no corresponding entity
2021-04-24 16:53:19,042 |OFBiz-batch-3        |DatabaseUtil                  |W| Table named [TEMPORAL_EXPRESSION_ASSOC] exists in the database but has no corresponding entity
2021-04-24 16:53:19,042 |OFBiz-batch-3        |DatabaseUtil                  |W| Table named [TENANT] exists in the database but has no corresponding entity
2021-04-24 16:53:19,042 |OFBiz-batch-3        |DatabaseUtil                  |W| Table named [TENANT_COMPONENT] exists in the database but has no corresponding entity
2021-04-24 16:53:19,042 |OFBiz-batch-3        |DatabaseUtil                  |W| Table named [TENANT_DATA_SOURCE] exists in the database but has no corresponding entity
2021-04-24 16:53:19,042 |OFBiz-batch-3        |DatabaseUtil                  |W| Table named [TENANT_DOMAIN_NAME] exists in the database but has no corresponding entity
2021-04-24 16:53:19,042 |OFBiz-batch-3        |DatabaseUtil                  |W| Table named [TENANT_KEY_ENCRYPTING_KEY] exists in the database but has no corresponding entity
2021-04-24 16:53:19,042 |OFBiz-batch-3        |DatabaseUtil                  |W| Table named [TERMINATION_REASON] exists in the database but has no corresponding entity
2021-04-24 16:53:19,042 |OFBiz-batch-3        |DatabaseUtil                  |W| Table named [TERMINATION_TYPE] exists in the database but has no corresponding entity
2021-04-24 16:53:19,042 |OFBiz-batch-3        |DatabaseUtil                  |W| Table named [TERM_TYPE] exists in the database but has no corresponding entity
2021-04-24 16:53:19,042 |OFBiz-batch-3        |DatabaseUtil                  |W| Table named [TERM_TYPE_ATTR] exists in the database but has no corresponding entity
2021-04-24 16:53:19,042 |OFBiz-batch-3        |DatabaseUtil                  |W| Table named [TESTING] exists in the database but has no corresponding entity
2021-04-24 16:53:19,042 |OFBiz-batch-3        |DatabaseUtil                  |W| Table named [TESTING_CRYPTO] exists in the database but has no corresponding entity
2021-04-24 16:53:19,042 |OFBiz-batch-3        |DatabaseUtil                  |W| Table named [TESTING_ITEM] exists in the database but has no corresponding entity
2021-04-24 16:53:19,042 |OFBiz-batch-3        |DatabaseUtil                  |W| Table named [TESTING_NODE] exists in the database but has no corresponding entity
2021-04-24 16:53:19,042 |OFBiz-batch-3        |DatabaseUtil                  |W| Table named [TESTING_NODE_MEMBER] exists in the database but has no corresponding entity
2021-04-24 16:53:19,042 |OFBiz-batch-3        |DatabaseUtil                  |W| Table named [TESTING_REMOVE_ALL] exists in the database but has no corresponding entity
2021-04-24 16:53:19,042 |OFBiz-batch-3        |DatabaseUtil                  |W| Table named [TESTING_STATUS] exists in the database but has no corresponding entity
2021-04-24 16:53:19,042 |OFBiz-batch-3        |DatabaseUtil                  |W| Table named [TESTING_SUBTYPE] exists in the database but has no corresponding entity
2021-04-24 16:53:19,042 |OFBiz-batch-3        |DatabaseUtil                  |W| Table named [TESTING_TYPE] exists in the database but has no corresponding entity
2021-04-24 16:53:19,042 |OFBiz-batch-3        |DatabaseUtil                  |W| Table named [TEST_FIELD_TYPE] exists in the database but has no corresponding entity
2021-04-24 16:53:19,042 |OFBiz-batch-3        |DatabaseUtil                  |W| Table named [TIMESHEET] exists in the database but has no corresponding entity
2021-04-24 16:53:19,042 |OFBiz-batch-3        |DatabaseUtil                  |W| Table named [TIMESHEET_ROLE] exists in the database but has no corresponding entity
2021-04-24 16:53:19,042 |OFBiz-batch-3        |DatabaseUtil                  |W| Table named [TIME_ENTRY] exists in the database but has no corresponding entity
2021-04-24 16:53:19,042 |OFBiz-batch-3        |DatabaseUtil                  |W| Table named [TRACKING_CODE] exists in the database but has no corresponding entity
2021-04-24 16:53:19,042 |OFBiz-batch-3        |DatabaseUtil                  |W| Table named [TRACKING_CODE_ORDER] exists in the database but has no corresponding entity
2021-04-24 16:53:19,042 |OFBiz-batch-3        |DatabaseUtil                  |W| Table named [TRACKING_CODE_ORDER_RETURN] exists in the database but has no corresponding entity
2021-04-24 16:53:19,042 |OFBiz-batch-3        |DatabaseUtil                  |W| Table named [TRACKING_CODE_TYPE] exists in the database but has no corresponding entity
2021-04-24 16:53:19,042 |OFBiz-batch-3        |DatabaseUtil                  |W| Table named [TRACKING_CODE_VISIT] exists in the database but has no corresponding entity
2021-04-24 16:53:19,042 |OFBiz-batch-3        |DatabaseUtil                  |W| Table named [TRAINING_CLASS_TYPE] exists in the database but has no corresponding entity
2021-04-24 16:53:19,042 |OFBiz-batch-3        |DatabaseUtil                  |W| Table named [TRAINING_REQUEST] exists in the database but has no corresponding entity
2021-04-24 16:53:19,042 |OFBiz-batch-3        |DatabaseUtil                  |W| Table named [UNEMPLOYMENT_CLAIM] exists in the database but has no corresponding entity
2021-04-24 16:53:19,042 |OFBiz-batch-3        |DatabaseUtil                  |W| Table named [UOM] exists in the database but has no corresponding entity
2021-04-24 16:53:19,042 |OFBiz-batch-3        |DatabaseUtil                  |W| Table named [UOM_CONVERSION] exists in the database but has no corresponding entity
2021-04-24 16:53:19,042 |OFBiz-batch-3        |DatabaseUtil                  |W| Table named [UOM_CONVERSION_DATED] exists in the database but has no corresponding entity
2021-04-24 16:53:19,042 |OFBiz-batch-3        |DatabaseUtil                  |W| Table named [UOM_GROUP] exists in the database but has no corresponding entity
2021-04-24 16:53:19,042 |OFBiz-batch-3        |DatabaseUtil                  |W| Table named [UOM_TYPE] exists in the database but has no corresponding entity
2021-04-24 16:53:19,042 |OFBiz-batch-3        |DatabaseUtil                  |W| Table named [USER_AGENT] exists in the database but has no corresponding entity
2021-04-24 16:53:19,042 |OFBiz-batch-3        |DatabaseUtil                  |W| Table named [USER_AGENT_METHOD_TYPE] exists in the database but has no corresponding entity
2021-04-24 16:53:19,042 |OFBiz-batch-3        |DatabaseUtil                  |W| Table named [USER_AGENT_TYPE] exists in the database but has no corresponding entity
2021-04-24 16:53:19,042 |OFBiz-batch-3        |DatabaseUtil                  |W| Table named [USER_LOGIN] exists in the database but has no corresponding entity
2021-04-24 16:53:19,042 |OFBiz-batch-3        |DatabaseUtil                  |W| Table named [USER_LOGIN_HISTORY] exists in the database but has no corresponding entity
2021-04-24 16:53:19,042 |OFBiz-batch-3        |DatabaseUtil                  |W| Table named [USER_LOGIN_PASSWORD_HISTORY] exists in the database but has no corresponding entity
2021-04-24 16:53:19,042 |OFBiz-batch-3        |DatabaseUtil                  |W| Table named [USER_LOGIN_SECURITY_GROUP] exists in the database but has no corresponding entity
2021-04-24 16:53:19,042 |OFBiz-batch-3        |DatabaseUtil                  |W| Table named [USER_LOGIN_SECURITY_QUESTION] exists in the database but has no corresponding entity
2021-04-24 16:53:19,042 |OFBiz-batch-3        |DatabaseUtil                  |W| Table named [USER_LOGIN_SESSION] exists in the database but has no corresponding entity
2021-04-24 16:53:19,042 |OFBiz-batch-3        |DatabaseUtil                  |W| Table named [USER_PREFERENCE] exists in the database but has no corresponding entity
2021-04-24 16:53:19,042 |OFBiz-batch-3        |DatabaseUtil                  |W| Table named [USER_PREF_GROUP_TYPE] exists in the database but has no corresponding entity
2021-04-24 16:53:19,042 |OFBiz-batch-3        |DatabaseUtil                  |W| Table named [USER_SUMMARY] exists in the database but has no corresponding entity
2021-04-24 16:53:19,042 |OFBiz-batch-3        |DatabaseUtil                  |W| Table named [USER_SUMMARY_BY_FILE_IO] exists in the database but has no corresponding entity
2021-04-24 16:53:19,043 |OFBiz-batch-3        |DatabaseUtil                  |W| Table named [USER_SUMMARY_BY_FILE_IO_TYPE] exists in the database but has no corresponding entity
2021-04-24 16:53:19,043 |OFBiz-batch-3        |DatabaseUtil                  |W| Table named [USER_SUMMARY_BY_STAGES] exists in the database but has no corresponding entity
2021-04-24 16:53:19,043 |OFBiz-batch-3        |DatabaseUtil                  |W| Table named [USER_SUMMARY_BY_STATEMENT_LATENCY] exists in the database but has no corresponding entity
2021-04-24 16:53:19,043 |OFBiz-batch-3        |DatabaseUtil                  |W| Table named [USER_SUMMARY_BY_STATEMENT_TYPE] exists in the database but has no corresponding entity
2021-04-24 16:53:19,043 |OFBiz-batch-3        |DatabaseUtil                  |W| Table named [VALID_CONTACT_MECH_ROLE] exists in the database but has no corresponding entity
2021-04-24 16:53:19,043 |OFBiz-batch-3        |DatabaseUtil                  |W| Table named [VALID_RESPONSIBILITY] exists in the database but has no corresponding entity
2021-04-24 16:53:19,043 |OFBiz-batch-3        |DatabaseUtil                  |W| Table named [VALUE_LINK_KEY] exists in the database but has no corresponding entity
2021-04-24 16:53:19,043 |OFBiz-batch-3        |DatabaseUtil                  |W| Table named [VARIANCE_REASON] exists in the database but has no corresponding entity
2021-04-24 16:53:19,043 |OFBiz-batch-3        |DatabaseUtil                  |W| Table named [VARIANCE_REASON_GL_ACCOUNT] exists in the database but has no corresponding entity
2021-04-24 16:53:19,043 |OFBiz-batch-3        |DatabaseUtil                  |W| Table named [VENDOR] exists in the database but has no corresponding entity
2021-04-24 16:53:19,043 |OFBiz-batch-3        |DatabaseUtil                  |W| Table named [VENDOR_PRODUCT] exists in the database but has no corresponding entity
2021-04-24 16:53:19,043 |OFBiz-batch-3        |DatabaseUtil                  |W| Table named [VERSION] exists in the database but has no corresponding entity
2021-04-24 16:53:19,043 |OFBiz-batch-3        |DatabaseUtil                  |W| Table named [VIDEO_DATA_RESOURCE] exists in the database but has no corresponding entity
2021-04-24 16:53:19,043 |OFBiz-batch-3        |DatabaseUtil                  |W| Table named [VISIT] exists in the database but has no corresponding entity
2021-04-24 16:53:19,043 |OFBiz-batch-3        |DatabaseUtil                  |W| Table named [VISITOR] exists in the database but has no corresponding entity
2021-04-24 16:53:19,043 |OFBiz-batch-3        |DatabaseUtil                  |W| Table named [VISUAL_THEME] exists in the database but has no corresponding entity
2021-04-24 16:53:19,043 |OFBiz-batch-3        |DatabaseUtil                  |W| Table named [VISUAL_THEME_RESOURCE] exists in the database but has no corresponding entity
2021-04-24 16:53:19,043 |OFBiz-batch-3        |DatabaseUtil                  |W| Table named [VISUAL_THEME_SET] exists in the database but has no corresponding entity
2021-04-24 16:53:19,043 |OFBiz-batch-3        |DatabaseUtil                  |W| Table named [WAITS_BY_HOST_BY_LATENCY] exists in the database but has no corresponding entity
2021-04-24 16:53:19,043 |OFBiz-batch-3        |DatabaseUtil                  |W| Table named [WAITS_BY_USER_BY_LATENCY] exists in the database but has no corresponding entity
2021-04-24 16:53:19,043 |OFBiz-batch-3        |DatabaseUtil                  |W| Table named [WAITS_GLOBAL_BY_LATENCY] exists in the database but has no corresponding entity
2021-04-24 16:53:19,043 |OFBiz-batch-3        |DatabaseUtil                  |W| Table named [WAIT_CLASSES_GLOBAL_BY_AVG_LATENCY] exists in the database but has no corresponding entity
2021-04-24 16:53:19,043 |OFBiz-batch-3        |DatabaseUtil                  |W| Table named [WAIT_CLASSES_GLOBAL_BY_LATENCY] exists in the database but has no corresponding entity
2021-04-24 16:53:19,043 |OFBiz-batch-3        |DatabaseUtil                  |W| Table named [WEB_ANALYTICS_CONFIG] exists in the database but has no corresponding entity
2021-04-24 16:53:19,043 |OFBiz-batch-3        |DatabaseUtil                  |W| Table named [WEB_ANALYTICS_TYPE] exists in the database but has no corresponding entity
2021-04-24 16:53:19,043 |OFBiz-batch-3        |DatabaseUtil                  |W| Table named [WEB_PAGE] exists in the database but has no corresponding entity
2021-04-24 16:53:19,043 |OFBiz-batch-3        |DatabaseUtil                  |W| Table named [WEB_PREFERENCE_TYPE] exists in the database but has no corresponding entity
2021-04-24 16:53:19,043 |OFBiz-batch-3        |DatabaseUtil                  |W| Table named [WEB_SITE] exists in the database but has no corresponding entity
2021-04-24 16:53:19,043 |OFBiz-batch-3        |DatabaseUtil                  |W| Table named [WEB_SITE_CONTACT_LIST] exists in the database but has no corresponding entity
2021-04-24 16:53:19,043 |OFBiz-batch-3        |DatabaseUtil                  |W| Table named [WEB_SITE_CONTENT] exists in the database but has no corresponding entity
2021-04-24 16:53:19,043 |OFBiz-batch-3        |DatabaseUtil                  |W| Table named [WEB_SITE_CONTENT_TYPE] exists in the database but has no corresponding entity
2021-04-24 16:53:19,043 |OFBiz-batch-3        |DatabaseUtil                  |W| Table named [WEB_SITE_PATH_ALIAS] exists in the database but has no corresponding entity
2021-04-24 16:53:19,043 |OFBiz-batch-3        |DatabaseUtil                  |W| Table named [WEB_SITE_PUBLISH_POINT] exists in the database but has no corresponding entity
2021-04-24 16:53:19,043 |OFBiz-batch-3        |DatabaseUtil                  |W| Table named [WEB_SITE_ROLE] exists in the database but has no corresponding entity
2021-04-24 16:53:19,043 |OFBiz-batch-3        |DatabaseUtil                  |W| Table named [WEB_USER_PREFERENCE] exists in the database but has no corresponding entity
2021-04-24 16:53:19,043 |OFBiz-batch-3        |DatabaseUtil                  |W| Table named [WORK_EFFORT] exists in the database but has no corresponding entity
2021-04-24 16:53:19,043 |OFBiz-batch-3        |DatabaseUtil                  |W| Table named [WORK_EFFORT_ASSOC] exists in the database but has no corresponding entity
2021-04-24 16:53:19,043 |OFBiz-batch-3        |DatabaseUtil                  |W| Table named [WORK_EFFORT_ASSOC_ATTRIBUTE] exists in the database but has no corresponding entity
2021-04-24 16:53:19,043 |OFBiz-batch-3        |DatabaseUtil                  |W| Table named [WORK_EFFORT_ASSOC_TYPE] exists in the database but has no corresponding entity
2021-04-24 16:53:19,043 |OFBiz-batch-3        |DatabaseUtil                  |W| Table named [WORK_EFFORT_ASSOC_TYPE_ATTR] exists in the database but has no corresponding entity
2021-04-24 16:53:19,043 |OFBiz-batch-3        |DatabaseUtil                  |W| Table named [WORK_EFFORT_ATTRIBUTE] exists in the database but has no corresponding entity
2021-04-24 16:53:19,043 |OFBiz-batch-3        |DatabaseUtil                  |W| Table named [WORK_EFFORT_BILLING] exists in the database but has no corresponding entity
2021-04-24 16:53:19,043 |OFBiz-batch-3        |DatabaseUtil                  |W| Table named [WORK_EFFORT_CONTACT_MECH_NEW] exists in the database but has no corresponding entity
2021-04-24 16:53:19,043 |OFBiz-batch-3        |DatabaseUtil                  |W| Table named [WORK_EFFORT_CONTENT] exists in the database but has no corresponding entity
2021-04-24 16:53:19,043 |OFBiz-batch-3        |DatabaseUtil                  |W| Table named [WORK_EFFORT_CONTENT_TYPE] exists in the database but has no corresponding entity
2021-04-24 16:53:19,043 |OFBiz-batch-3        |DatabaseUtil                  |W| Table named [WORK_EFFORT_COST_CALC] exists in the database but has no corresponding entity
2021-04-24 16:53:19,043 |OFBiz-batch-3        |DatabaseUtil                  |W| Table named [WORK_EFFORT_DELIVERABLE_PROD] exists in the database but has no corresponding entity
2021-04-24 16:53:19,043 |OFBiz-batch-3        |DatabaseUtil                  |W| Table named [WORK_EFFORT_EVENT_REMINDER] exists in the database but has no corresponding entity
2021-04-24 16:53:19,043 |OFBiz-batch-3        |DatabaseUtil                  |W| Table named [WORK_EFFORT_FIXED_ASSET_ASSIGN] exists in the database but has no corresponding entity
2021-04-24 16:53:19,043 |OFBiz-batch-3        |DatabaseUtil                  |W| Table named [WORK_EFFORT_FIXED_ASSET_STD] exists in the database but has no corresponding entity
2021-04-24 16:53:19,044 |OFBiz-batch-3        |DatabaseUtil                  |W| Table named [WORK_EFFORT_GOOD_STANDARD] exists in the database but has no corresponding entity
2021-04-24 16:53:19,044 |OFBiz-batch-3        |DatabaseUtil                  |W| Table named [WORK_EFFORT_GOOD_STANDARD_TYPE] exists in the database but has no corresponding entity
2021-04-24 16:53:19,044 |OFBiz-batch-3        |DatabaseUtil                  |W| Table named [WORK_EFFORT_ICAL_DATA] exists in the database but has no corresponding entity
2021-04-24 16:53:19,044 |OFBiz-batch-3        |DatabaseUtil                  |W| Table named [WORK_EFFORT_INVENTORY_ASSIGN] exists in the database but has no corresponding entity
2021-04-24 16:53:19,044 |OFBiz-batch-3        |DatabaseUtil                  |W| Table named [WORK_EFFORT_INVENTORY_PRODUCED] exists in the database but has no corresponding entity
2021-04-24 16:53:19,044 |OFBiz-batch-3        |DatabaseUtil                  |W| Table named [WORK_EFFORT_KEYWORD] exists in the database but has no corresponding entity
2021-04-24 16:53:19,044 |OFBiz-batch-3        |DatabaseUtil                  |W| Table named [WORK_EFFORT_NOTE] exists in the database but has no corresponding entity
2021-04-24 16:53:19,044 |OFBiz-batch-3        |DatabaseUtil                  |W| Table named [WORK_EFFORT_PARTY_ASSIGNMENT] exists in the database but has no corresponding entity
2021-04-24 16:53:19,044 |OFBiz-batch-3        |DatabaseUtil                  |W| Table named [WORK_EFFORT_PURPOSE_TYPE] exists in the database but has no corresponding entity
2021-04-24 16:53:19,044 |OFBiz-batch-3        |DatabaseUtil                  |W| Table named [WORK_EFFORT_REVIEW] exists in the database but has no corresponding entity
2021-04-24 16:53:19,044 |OFBiz-batch-3        |DatabaseUtil                  |W| Table named [WORK_EFFORT_SEARCH_CONSTRAINT] exists in the database but has no corresponding entity
2021-04-24 16:53:19,044 |OFBiz-batch-3        |DatabaseUtil                  |W| Table named [WORK_EFFORT_SEARCH_RESULT] exists in the database but has no corresponding entity
2021-04-24 16:53:19,044 |OFBiz-batch-3        |DatabaseUtil                  |W| Table named [WORK_EFFORT_SKILL_STANDARD] exists in the database but has no corresponding entity
2021-04-24 16:53:19,044 |OFBiz-batch-3        |DatabaseUtil                  |W| Table named [WORK_EFFORT_STATUS] exists in the database but has no corresponding entity
2021-04-24 16:53:19,044 |OFBiz-batch-3        |DatabaseUtil                  |W| Table named [WORK_EFFORT_SURVEY_APPL] exists in the database but has no corresponding entity
2021-04-24 16:53:19,044 |OFBiz-batch-3        |DatabaseUtil                  |W| Table named [WORK_EFFORT_TRANS_BOX] exists in the database but has no corresponding entity
2021-04-24 16:53:19,044 |OFBiz-batch-3        |DatabaseUtil                  |W| Table named [WORK_EFFORT_TYPE] exists in the database but has no corresponding entity
2021-04-24 16:53:19,044 |OFBiz-batch-3        |DatabaseUtil                  |W| Table named [WORK_EFFORT_TYPE_ATTR] exists in the database but has no corresponding entity
2021-04-24 16:53:19,044 |OFBiz-batch-3        |DatabaseUtil                  |W| Table named [WORK_ORDER_ITEM_FULFILLMENT] exists in the database but has no corresponding entity
2021-04-24 16:53:19,044 |OFBiz-batch-3        |DatabaseUtil                  |W| Table named [WORK_REQUIREMENT_FULFILLMENT] exists in the database but has no corresponding entity
2021-04-24 16:53:19,044 |OFBiz-batch-3        |DatabaseUtil                  |W| Table named [WORK_REQ_FULF_TYPE] exists in the database but has no corresponding entity
2021-04-24 16:53:19,044 |OFBiz-batch-3        |DatabaseUtil                  |W| Table named [X$HOST_SUMMARY] exists in the database but has no corresponding entity
2021-04-24 16:53:19,044 |OFBiz-batch-3        |DatabaseUtil                  |W| Table named [X$HOST_SUMMARY_BY_FILE_IO] exists in the database but has no corresponding entity
2021-04-24 16:53:19,044 |OFBiz-batch-3        |DatabaseUtil                  |W| Table named [X$HOST_SUMMARY_BY_FILE_IO_TYPE] exists in the database but has no corresponding entity
2021-04-24 16:53:19,044 |OFBiz-batch-3        |DatabaseUtil                  |W| Table named [X$HOST_SUMMARY_BY_STAGES] exists in the database but has no corresponding entity
2021-04-24 16:53:19,044 |OFBiz-batch-3        |DatabaseUtil                  |W| Table named [X$HOST_SUMMARY_BY_STATEMENT_LATENCY] exists in the database but has no corresponding entity
2021-04-24 16:53:19,044 |OFBiz-batch-3        |DatabaseUtil                  |W| Table named [X$HOST_SUMMARY_BY_STATEMENT_TYPE] exists in the database but has no corresponding entity
2021-04-24 16:53:19,044 |OFBiz-batch-3        |DatabaseUtil                  |W| Table named [X$INNODB_BUFFER_STATS_BY_SCHEMA] exists in the database but has no corresponding entity
2021-04-24 16:53:19,044 |OFBiz-batch-3        |DatabaseUtil                  |W| Table named [X$INNODB_BUFFER_STATS_BY_TABLE] exists in the database but has no corresponding entity
2021-04-24 16:53:19,044 |OFBiz-batch-3        |DatabaseUtil                  |W| Table named [X$INNODB_LOCK_WAITS] exists in the database but has no corresponding entity
2021-04-24 16:53:19,044 |OFBiz-batch-3        |DatabaseUtil                  |W| Table named [X$IO_BY_THREAD_BY_LATENCY] exists in the database but has no corresponding entity
2021-04-24 16:53:19,044 |OFBiz-batch-3        |DatabaseUtil                  |W| Table named [X$IO_GLOBAL_BY_FILE_BY_BYTES] exists in the database but has no corresponding entity
2021-04-24 16:53:19,044 |OFBiz-batch-3        |DatabaseUtil                  |W| Table named [X$IO_GLOBAL_BY_FILE_BY_LATENCY] exists in the database but has no corresponding entity
2021-04-24 16:53:19,044 |OFBiz-batch-3        |DatabaseUtil                  |W| Table named [X$IO_GLOBAL_BY_WAIT_BY_BYTES] exists in the database but has no corresponding entity
2021-04-24 16:53:19,044 |OFBiz-batch-3        |DatabaseUtil                  |W| Table named [X$IO_GLOBAL_BY_WAIT_BY_LATENCY] exists in the database but has no corresponding entity
2021-04-24 16:53:19,044 |OFBiz-batch-3        |DatabaseUtil                  |W| Table named [X$LATEST_FILE_IO] exists in the database but has no corresponding entity
2021-04-24 16:53:19,044 |OFBiz-batch-3        |DatabaseUtil                  |W| Table named [X$MEMORY_BY_HOST_BY_CURRENT_BYTES] exists in the database but has no corresponding entity
2021-04-24 16:53:19,044 |OFBiz-batch-3        |DatabaseUtil                  |W| Table named [X$MEMORY_BY_THREAD_BY_CURRENT_BYTES] exists in the database but has no corresponding entity
2021-04-24 16:53:19,044 |OFBiz-batch-3        |DatabaseUtil                  |W| Table named [X$MEMORY_BY_USER_BY_CURRENT_BYTES] exists in the database but has no corresponding entity
2021-04-24 16:53:19,044 |OFBiz-batch-3        |DatabaseUtil                  |W| Table named [X$MEMORY_GLOBAL_BY_CURRENT_BYTES] exists in the database but has no corresponding entity
2021-04-24 16:53:19,044 |OFBiz-batch-3        |DatabaseUtil                  |W| Table named [X$MEMORY_GLOBAL_TOTAL] exists in the database but has no corresponding entity
2021-04-24 16:53:19,044 |OFBiz-batch-3        |DatabaseUtil                  |W| Table named [X$PROCESSLIST] exists in the database but has no corresponding entity
2021-04-24 16:53:19,044 |OFBiz-batch-3        |DatabaseUtil                  |W| Table named [X$PS_DIGEST_95TH_PERCENTILE_BY_AVG_US] exists in the database but has no corresponding entity
2021-04-24 16:53:19,044 |OFBiz-batch-3        |DatabaseUtil                  |W| Table named [X$PS_DIGEST_AVG_LATENCY_DISTRIBUTION] exists in the database but has no corresponding entity
2021-04-24 16:53:19,044 |OFBiz-batch-3        |DatabaseUtil                  |W| Table named [X$PS_SCHEMA_TABLE_STATISTICS_IO] exists in the database but has no corresponding entity
2021-04-24 16:53:19,044 |OFBiz-batch-3        |DatabaseUtil                  |W| Table named [X$SCHEMA_FLATTENED_KEYS] exists in the database but has no corresponding entity
2021-04-24 16:53:19,045 |OFBiz-batch-3        |DatabaseUtil                  |W| Table named [X$SCHEMA_INDEX_STATISTICS] exists in the database but has no corresponding entity
2021-04-24 16:53:19,045 |OFBiz-batch-3        |DatabaseUtil                  |W| Table named [X$SCHEMA_TABLES_WITH_FULL_TABLE_SCANS] exists in the database but has no corresponding entity
2021-04-24 16:53:19,045 |OFBiz-batch-3        |DatabaseUtil                  |W| Table named [X$SCHEMA_TABLE_LOCK_WAITS] exists in the database but has no corresponding entity
2021-04-24 16:53:19,045 |OFBiz-batch-3        |DatabaseUtil                  |W| Table named [X$SCHEMA_TABLE_STATISTICS] exists in the database but has no corresponding entity
2021-04-24 16:53:19,045 |OFBiz-batch-3        |DatabaseUtil                  |W| Table named [X$SCHEMA_TABLE_STATISTICS_WITH_BUFFER] exists in the database but has no corresponding entity
2021-04-24 16:53:19,045 |OFBiz-batch-3        |DatabaseUtil                  |W| Table named [X$SESSION] exists in the database but has no corresponding entity
2021-04-24 16:53:19,045 |OFBiz-batch-3        |DatabaseUtil                  |W| Table named [X$STATEMENTS_WITH_ERRORS_OR_WARNINGS] exists in the database but has no corresponding entity
2021-04-24 16:53:19,045 |OFBiz-batch-3        |DatabaseUtil                  |W| Table named [X$STATEMENTS_WITH_FULL_TABLE_SCANS] exists in the database but has no corresponding entity
2021-04-24 16:53:19,045 |OFBiz-batch-3        |DatabaseUtil                  |W| Table named [X$STATEMENTS_WITH_RUNTIMES_IN_95TH_PERCENTILE] exists in the database but has no corresponding entity
2021-04-24 16:53:19,045 |OFBiz-batch-3        |DatabaseUtil                  |W| Table named [X$STATEMENTS_WITH_SORTING] exists in the database but has no corresponding entity
2021-04-24 16:53:19,045 |OFBiz-batch-3        |DatabaseUtil                  |W| Table named [X$STATEMENTS_WITH_TEMP_TABLES] exists in the database but has no corresponding entity
2021-04-24 16:53:19,045 |OFBiz-batch-3        |DatabaseUtil                  |W| Table named [X$STATEMENT_ANALYSIS] exists in the database but has no corresponding entity
2021-04-24 16:53:19,045 |OFBiz-batch-3        |DatabaseUtil                  |W| Table named [X$USER_SUMMARY] exists in the database but has no corresponding entity
2021-04-24 16:53:19,045 |OFBiz-batch-3        |DatabaseUtil                  |W| Table named [X$USER_SUMMARY_BY_FILE_IO] exists in the database but has no corresponding entity
2021-04-24 16:53:19,045 |OFBiz-batch-3        |DatabaseUtil                  |W| Table named [X$USER_SUMMARY_BY_FILE_IO_TYPE] exists in the database but has no corresponding entity
2021-04-24 16:53:19,045 |OFBiz-batch-3        |DatabaseUtil                  |W| Table named [X$USER_SUMMARY_BY_STAGES] exists in the database but has no corresponding entity
2021-04-24 16:53:19,045 |OFBiz-batch-3        |DatabaseUtil                  |W| Table named [X$USER_SUMMARY_BY_STATEMENT_LATENCY] exists in the database but has no corresponding entity
2021-04-24 16:53:19,045 |OFBiz-batch-3        |DatabaseUtil                  |W| Table named [X$USER_SUMMARY_BY_STATEMENT_TYPE] exists in the database but has no corresponding entity
2021-04-24 16:53:19,045 |OFBiz-batch-3        |DatabaseUtil                  |W| Table named [X$WAITS_BY_HOST_BY_LATENCY] exists in the database but has no corresponding entity
2021-04-24 16:53:19,045 |OFBiz-batch-3        |DatabaseUtil                  |W| Table named [X$WAITS_BY_USER_BY_LATENCY] exists in the database but has no corresponding entity
2021-04-24 16:53:19,045 |OFBiz-batch-3        |DatabaseUtil                  |W| Table named [X$WAITS_GLOBAL_BY_LATENCY] exists in the database but has no corresponding entity
2021-04-24 16:53:19,045 |OFBiz-batch-3        |DatabaseUtil                  |W| Table named [X$WAIT_CLASSES_GLOBAL_BY_AVG_LATENCY] exists in the database but has no corresponding entity
2021-04-24 16:53:19,045 |OFBiz-batch-3        |DatabaseUtil                  |W| Table named [X$WAIT_CLASSES_GLOBAL_BY_LATENCY] exists in the database but has no corresponding entity
2021-04-24 16:53:19,045 |OFBiz-batch-3        |DatabaseUtil                  |W| Table named [X509_ISSUER_PROVISION] exists in the database but has no corresponding entity
2021-04-24 16:53:19,045 |OFBiz-batch-3        |DatabaseUtil                  |W| Table named [ZIP_SALES_RULE_LOOKUP] exists in the database but has no corresponding entity
2021-04-24 16:53:19,045 |OFBiz-batch-3        |DatabaseUtil                  |W| Table named [ZIP_SALES_TAX_LOOKUP] exists in the database but has no corresponding entity
2021-04-24 16:53:19,045 |Test worker          |DelegatorFactoryImpl          |I| Creating new delegator [default] (Test worker)
2021-04-24 16:53:19,045 |Test worker          |GenericDelegator              |I| Doing entity definition check...
2021-04-24 16:53:19,045 |Test worker          |ModelEntityChecker            |I| [initReservedWords] array length = 1025
2021-04-24 16:53:19,046 |OFBiz-batch-2        |GenericDelegator              |I| Delegator "default" initializing helper "localmysql" for entity group "org.apache.ofbiz".
2021-04-24 16:53:19,046 |OFBiz-batch-2        |GenericDelegator              |I| Doing database check as requested in entityengine.xml with addMissing=true
2021-04-24 16:53:19,048 |OFBiz-batch-2        |DatabaseUtil                  |I| Database Product Name is MySQL
2021-04-24 16:53:19,048 |OFBiz-batch-2        |DatabaseUtil                  |I| Database Product Version is 8.0.23-0ubuntu0.20.04.1
2021-04-24 16:53:19,048 |OFBiz-batch-2        |DatabaseUtil                  |I| Database Driver Name is MySQL Connector/J
2021-04-24 16:53:19,048 |OFBiz-batch-2        |DatabaseUtil                  |I| Database Driver Version is mysql-connector-java-8.0.23 (Revision: 18bbd5e68195d0da083cbd5bd0d05d76320df7cd)
2021-04-24 16:53:19,048 |OFBiz-batch-2        |DatabaseUtil                  |I| Database Driver JDBC Version is 4.2
2021-04-24 16:53:19,048 |OFBiz-batch-2        |DatabaseUtil                  |I| Database Setting/Support Information (those with a * should be true):
2021-04-24 16:53:19,048 |OFBiz-batch-2        |DatabaseUtil                  |I| - supports transactions     [true]*
2021-04-24 16:53:19,048 |OFBiz-batch-2        |DatabaseUtil                  |I| - isolation None            [false]
2021-04-24 16:53:19,048 |OFBiz-batch-2        |DatabaseUtil                  |I| - isolation ReadCommitted   [true]
2021-04-24 16:53:19,048 |OFBiz-batch-2        |DatabaseUtil                  |I| - isolation ReadUncommitted [true]
2021-04-24 16:53:19,048 |OFBiz-batch-2        |DatabaseUtil                  |I| - isolation RepeatableRead  [true]
2021-04-24 16:53:19,048 |OFBiz-batch-2        |DatabaseUtil                  |I| - isolation Serializable    [true]
2021-04-24 16:53:19,048 |OFBiz-batch-2        |DatabaseUtil                  |I| - forward only type         [true]
2021-04-24 16:53:19,048 |OFBiz-batch-2        |DatabaseUtil                  |I| - scroll sensitive type     [false]
2021-04-24 16:53:19,048 |OFBiz-batch-2        |DatabaseUtil                  |I| - scroll insensitive type   [true]
2021-04-24 16:53:19,048 |OFBiz-batch-2        |DatabaseUtil                  |I| - is case sensitive         [true]
2021-04-24 16:53:19,048 |OFBiz-batch-2        |DatabaseUtil                  |I| - stores LowerCase          [false]
2021-04-24 16:53:19,048 |OFBiz-batch-2        |DatabaseUtil                  |I| - stores MixedCase          [true]
2021-04-24 16:53:19,049 |OFBiz-batch-2        |DatabaseUtil                  |I| - stores UpperCase          [false]
2021-04-24 16:53:19,049 |OFBiz-batch-2        |DatabaseUtil                  |I| - max table name length     [64]
2021-04-24 16:53:19,049 |OFBiz-batch-2        |DatabaseUtil                  |I| - max column name length    [64]
2021-04-24 16:53:19,049 |OFBiz-batch-2        |DatabaseUtil                  |I| - concurrent connections    [0]
2021-04-24 16:53:19,049 |OFBiz-batch-2        |DatabaseUtil                  |I| - concurrent statements     [0]
2021-04-24 16:53:19,049 |OFBiz-batch-2        |DatabaseUtil                  |I| - ANSI SQL92 Entry          [true]
2021-04-24 16:53:19,049 |OFBiz-batch-2        |DatabaseUtil                  |I| - ANSI SQL92 Intermediate   [false]
2021-04-24 16:53:19,049 |OFBiz-batch-2        |DatabaseUtil                  |I| - ANSI SQL92 Full           [false]
2021-04-24 16:53:19,049 |OFBiz-batch-2        |DatabaseUtil                  |I| - ODBC SQL Grammar Core     [true]
2021-04-24 16:53:19,049 |OFBiz-batch-2        |DatabaseUtil                  |I| - ODBC SQL Grammar Extended [false]
2021-04-24 16:53:19,049 |OFBiz-batch-2        |DatabaseUtil                  |I| - ODBC SQL Grammar Minimum  [true]
2021-04-24 16:53:19,049 |OFBiz-batch-2        |DatabaseUtil                  |I| - outer joins               [true]*
2021-04-24 16:53:19,049 |OFBiz-batch-2        |DatabaseUtil                  |I| - limited outer joins       [true]
2021-04-24 16:53:19,049 |OFBiz-batch-2        |DatabaseUtil                  |I| - full outer joins          [false]
2021-04-24 16:53:19,050 |OFBiz-batch-2        |DatabaseUtil                  |I| - group by                  [true]*
2021-04-24 16:53:19,050 |OFBiz-batch-2        |DatabaseUtil                  |I| - group by not in select    [true]
2021-04-24 16:53:19,050 |OFBiz-batch-2        |DatabaseUtil                  |I| - column aliasing           [true]
2021-04-24 16:53:19,050 |OFBiz-batch-2        |DatabaseUtil                  |I| - order by not in select    [false]
2021-04-24 16:53:19,050 |OFBiz-batch-2        |DatabaseUtil                  |I| - alter table add column    [true]*
2021-04-24 16:53:19,050 |OFBiz-batch-2        |DatabaseUtil                  |I| - non-nullable column       [true]*
2021-04-24 16:53:19,050 |OFBiz-batch-2        |DatabaseUtil                  |I| - default fetchsize        [0]
2021-04-24 16:53:19,050 |OFBiz-batch-2        |DatabaseUtil                  |I| - named parameters         [ SKIPPED ]
2021-04-24 16:53:19,050 |OFBiz-batch-2        |DatabaseUtil                  |I| Getting Table Info From Database
2021-04-24 16:53:19,083 |OFBiz-batch-2        |DatabaseUtil                  |I| Getting Column Info From Database
2021-04-24 16:53:19,766 |OFBiz-batch-2        |DatabaseUtil                  |W| Table named [ACCOMMODATION_CLASS] exists in the database but has no corresponding entity
2021-04-24 16:53:19,766 |OFBiz-batch-2        |DatabaseUtil                  |W| Table named [ACCOMMODATION_MAP] exists in the database but has no corresponding entity
2021-04-24 16:53:19,766 |OFBiz-batch-2        |DatabaseUtil                  |W| Table named [ACCOMMODATION_MAP_TYPE] exists in the database but has no corresponding entity
2021-04-24 16:53:19,766 |OFBiz-batch-2        |DatabaseUtil                  |W| Table named [ACCOMMODATION_SPOT] exists in the database but has no corresponding entity
2021-04-24 16:53:19,766 |OFBiz-batch-2        |DatabaseUtil                  |W| Table named [ACCTG_TRANS] exists in the database but has no corresponding entity
2021-04-24 16:53:19,766 |OFBiz-batch-2        |DatabaseUtil                  |W| Table named [ACCTG_TRANS_ATTRIBUTE] exists in the database but has no corresponding entity
2021-04-24 16:53:19,766 |OFBiz-batch-2        |DatabaseUtil                  |W| Table named [ACCTG_TRANS_ENTRY] exists in the database but has no corresponding entity
2021-04-24 16:53:19,766 |OFBiz-batch-2        |DatabaseUtil                  |W| Table named [ACCTG_TRANS_ENTRY_TYPE] exists in the database but has no corresponding entity
2021-04-24 16:53:19,766 |OFBiz-batch-2        |DatabaseUtil                  |W| Table named [ACCTG_TRANS_TYPE] exists in the database but has no corresponding entity
2021-04-24 16:53:19,766 |OFBiz-batch-2        |DatabaseUtil                  |W| Table named [ACCTG_TRANS_TYPE_ATTR] exists in the database but has no corresponding entity
2021-04-24 16:53:19,766 |OFBiz-batch-2        |DatabaseUtil                  |W| Table named [ADDENDUM] exists in the database but has no corresponding entity
2021-04-24 16:53:19,766 |OFBiz-batch-2        |DatabaseUtil                  |W| Table named [ADDRESS_MATCH_MAP] exists in the database but has no corresponding entity
2021-04-24 16:53:19,766 |OFBiz-batch-2        |DatabaseUtil                  |W| Table named [AFFILIATE] exists in the database but has no corresponding entity
2021-04-24 16:53:19,766 |OFBiz-batch-2        |DatabaseUtil                  |W| Table named [AGREEMENT] exists in the database but has no corresponding entity
2021-04-24 16:53:19,766 |OFBiz-batch-2        |DatabaseUtil                  |W| Table named [AGREEMENT_ATTRIBUTE] exists in the database but has no corresponding entity
2021-04-24 16:53:19,766 |OFBiz-batch-2        |DatabaseUtil                  |W| Table named [AGREEMENT_CONTENT] exists in the database but has no corresponding entity
2021-04-24 16:53:19,766 |OFBiz-batch-2        |DatabaseUtil                  |W| Table named [AGREEMENT_CONTENT_TYPE] exists in the database but has no corresponding entity
2021-04-24 16:53:19,766 |OFBiz-batch-2        |DatabaseUtil                  |W| Table named [AGREEMENT_EMPLOYMENT_APPL] exists in the database but has no corresponding entity
2021-04-24 16:53:19,766 |OFBiz-batch-2        |DatabaseUtil                  |W| Table named [AGREEMENT_FACILITY_APPL] exists in the database but has no corresponding entity
2021-04-24 16:53:19,766 |OFBiz-batch-2        |DatabaseUtil                  |W| Table named [AGREEMENT_GEOGRAPHICAL_APPLIC] exists in the database but has no corresponding entity
2021-04-24 16:53:19,766 |OFBiz-batch-2        |DatabaseUtil                  |W| Table named [AGREEMENT_ITEM] exists in the database but has no corresponding entity
2021-04-24 16:53:19,766 |OFBiz-batch-2        |DatabaseUtil                  |W| Table named [AGREEMENT_ITEM_ATTRIBUTE] exists in the database but has no corresponding entity
2021-04-24 16:53:19,766 |OFBiz-batch-2        |DatabaseUtil                  |W| Table named [AGREEMENT_ITEM_TYPE] exists in the database but has no corresponding entity
2021-04-24 16:53:19,766 |OFBiz-batch-2        |DatabaseUtil                  |W| Table named [AGREEMENT_ITEM_TYPE_ATTR] exists in the database but has no corresponding entity
2021-04-24 16:53:19,766 |OFBiz-batch-2        |DatabaseUtil                  |W| Table named [AGREEMENT_PARTY_APPLIC] exists in the database but has no corresponding entity
2021-04-24 16:53:19,766 |OFBiz-batch-2        |DatabaseUtil                  |W| Table named [AGREEMENT_PRODUCT_APPL] exists in the database but has no corresponding entity
2021-04-24 16:53:19,766 |OFBiz-batch-2        |DatabaseUtil                  |W| Table named [AGREEMENT_PROMO_APPL] exists in the database but has no corresponding entity
2021-04-24 16:53:19,766 |OFBiz-batch-2        |DatabaseUtil                  |W| Table named [AGREEMENT_ROLE] exists in the database but has no corresponding entity
2021-04-24 16:53:19,766 |OFBiz-batch-2        |DatabaseUtil                  |W| Table named [AGREEMENT_TERM] exists in the database but has no corresponding entity
2021-04-24 16:53:19,766 |OFBiz-batch-2        |DatabaseUtil                  |W| Table named [AGREEMENT_TERM_ATTRIBUTE] exists in the database but has no corresponding entity
2021-04-24 16:53:19,766 |OFBiz-batch-2        |DatabaseUtil                  |W| Table named [AGREEMENT_TYPE] exists in the database but has no corresponding entity
2021-04-24 16:53:19,766 |OFBiz-batch-2        |DatabaseUtil                  |W| Table named [AGREEMENT_TYPE_ATTR] exists in the database but has no corresponding entity
2021-04-24 16:53:19,766 |OFBiz-batch-2        |DatabaseUtil                  |W| Table named [AGREEMENT_WORK_EFFORT_APPLIC] exists in the database but has no corresponding entity
2021-04-24 16:53:19,766 |OFBiz-batch-2        |DatabaseUtil                  |W| Table named [APPLICATION_SANDBOX] exists in the database but has no corresponding entity
2021-04-24 16:53:19,766 |OFBiz-batch-2        |DatabaseUtil                  |W| Table named [AUDIO_DATA_RESOURCE] exists in the database but has no corresponding entity
2021-04-24 16:53:19,767 |OFBiz-batch-2        |DatabaseUtil                  |W| Table named [BENEFIT_TYPE] exists in the database but has no corresponding entity
2021-04-24 16:53:19,767 |OFBiz-batch-2        |DatabaseUtil                  |W| Table named [BILLING_ACCOUNT] exists in the database but has no corresponding entity
2021-04-24 16:53:19,767 |OFBiz-batch-2        |DatabaseUtil                  |W| Table named [BILLING_ACCOUNT_ROLE] exists in the database but has no corresponding entity
2021-04-24 16:53:19,767 |OFBiz-batch-2        |DatabaseUtil                  |W| Table named [BILLING_ACCOUNT_TERM] exists in the database but has no corresponding entity
2021-04-24 16:53:19,767 |OFBiz-batch-2        |DatabaseUtil                  |W| Table named [BILLING_ACCOUNT_TERM_ATTR] exists in the database but has no corresponding entity
2021-04-24 16:53:19,767 |OFBiz-batch-2        |DatabaseUtil                  |W| Table named [BROWSER_TYPE] exists in the database but has no corresponding entity
2021-04-24 16:53:19,767 |OFBiz-batch-2        |DatabaseUtil                  |W| Table named [BUDGET] exists in the database but has no corresponding entity
2021-04-24 16:53:19,767 |OFBiz-batch-2        |DatabaseUtil                  |W| Table named [BUDGET_ATTRIBUTE] exists in the database but has no corresponding entity
2021-04-24 16:53:19,767 |OFBiz-batch-2        |DatabaseUtil                  |W| Table named [BUDGET_ITEM] exists in the database but has no corresponding entity
2021-04-24 16:53:19,767 |OFBiz-batch-2        |DatabaseUtil                  |W| Table named [BUDGET_ITEM_ATTRIBUTE] exists in the database but has no corresponding entity
2021-04-24 16:53:19,767 |OFBiz-batch-2        |DatabaseUtil                  |W| Table named [BUDGET_ITEM_TYPE] exists in the database but has no corresponding entity
2021-04-24 16:53:19,767 |OFBiz-batch-2        |DatabaseUtil                  |W| Table named [BUDGET_ITEM_TYPE_ATTR] exists in the database but has no corresponding entity
2021-04-24 16:53:19,767 |OFBiz-batch-2        |DatabaseUtil                  |W| Table named [BUDGET_REVIEW] exists in the database but has no corresponding entity
2021-04-24 16:53:19,767 |OFBiz-batch-2        |DatabaseUtil                  |W| Table named [BUDGET_REVIEW_RESULT_TYPE] exists in the database but has no corresponding entity
2021-04-24 16:53:19,767 |OFBiz-batch-2        |DatabaseUtil                  |W| Table named [BUDGET_REVISION] exists in the database but has no corresponding entity
2021-04-24 16:53:19,767 |OFBiz-batch-2        |DatabaseUtil                  |W| Table named [BUDGET_REVISION_IMPACT] exists in the database but has no corresponding entity
2021-04-24 16:53:19,767 |OFBiz-batch-2        |DatabaseUtil                  |W| Table named [BUDGET_ROLE] exists in the database but has no corresponding entity
2021-04-24 16:53:19,767 |OFBiz-batch-2        |DatabaseUtil                  |W| Table named [BUDGET_SCENARIO] exists in the database but has no corresponding entity
2021-04-24 16:53:19,767 |OFBiz-batch-2        |DatabaseUtil                  |W| Table named [BUDGET_SCENARIO_APPLICATION] exists in the database but has no corresponding entity
2021-04-24 16:53:19,767 |OFBiz-batch-2        |DatabaseUtil                  |W| Table named [BUDGET_SCENARIO_RULE] exists in the database but has no corresponding entity
2021-04-24 16:53:19,767 |OFBiz-batch-2        |DatabaseUtil                  |W| Table named [BUDGET_STATUS] exists in the database but has no corresponding entity
2021-04-24 16:53:19,767 |OFBiz-batch-2        |DatabaseUtil                  |W| Table named [BUDGET_TYPE] exists in the database but has no corresponding entity
2021-04-24 16:53:19,767 |OFBiz-batch-2        |DatabaseUtil                  |W| Table named [BUDGET_TYPE_ATTR] exists in the database but has no corresponding entity
2021-04-24 16:53:19,767 |OFBiz-batch-2        |DatabaseUtil                  |W| Table named [CARRIER_SHIPMENT_BOX_TYPE] exists in the database but has no corresponding entity
2021-04-24 16:53:19,767 |OFBiz-batch-2        |DatabaseUtil                  |W| Table named [CARRIER_SHIPMENT_METHOD] exists in the database but has no corresponding entity
2021-04-24 16:53:19,767 |OFBiz-batch-2        |DatabaseUtil                  |W| Table named [CART_ABANDONED_LINE] exists in the database but has no corresponding entity
2021-04-24 16:53:19,767 |OFBiz-batch-2        |DatabaseUtil                  |W| Table named [CATALINA_SESSION] exists in the database but has no corresponding entity
2021-04-24 16:53:19,767 |OFBiz-batch-2        |DatabaseUtil                  |W| Table named [CHARACTER_SET] exists in the database but has no corresponding entity
2021-04-24 16:53:19,767 |OFBiz-batch-2        |DatabaseUtil                  |W| Table named [CHECK_ACCOUNT] exists in the database but has no corresponding entity
2021-04-24 16:53:19,767 |OFBiz-batch-2        |DatabaseUtil                  |W| Table named [COMMUNICATION_EVENT] exists in the database but has no corresponding entity
2021-04-24 16:53:19,767 |OFBiz-batch-2        |DatabaseUtil                  |W| Table named [COMMUNICATION_EVENT_ORDER] exists in the database but has no corresponding entity
2021-04-24 16:53:19,768 |OFBiz-batch-2        |DatabaseUtil                  |W| Table named [COMMUNICATION_EVENT_PRODUCT] exists in the database but has no corresponding entity
2021-04-24 16:53:19,768 |OFBiz-batch-2        |DatabaseUtil                  |W| Table named [COMMUNICATION_EVENT_PRP_TYP] exists in the database but has no corresponding entity
2021-04-24 16:53:19,768 |OFBiz-batch-2        |DatabaseUtil                  |W| Table named [COMMUNICATION_EVENT_PURPOSE] exists in the database but has no corresponding entity
2021-04-24 16:53:19,768 |OFBiz-batch-2        |DatabaseUtil                  |W| Table named [COMMUNICATION_EVENT_ROLE] exists in the database but has no corresponding entity
2021-04-24 16:53:19,768 |OFBiz-batch-2        |DatabaseUtil                  |W| Table named [COMMUNICATION_EVENT_TYPE] exists in the database but has no corresponding entity
2021-04-24 16:53:19,768 |OFBiz-batch-2        |DatabaseUtil                  |W| Table named [COMMUNICATION_EVENT_WORK_EFF] exists in the database but has no corresponding entity
2021-04-24 16:53:19,768 |OFBiz-batch-2        |DatabaseUtil                  |W| Table named [COMM_CONTENT_ASSOC_TYPE] exists in the database but has no corresponding entity
2021-04-24 16:53:19,768 |OFBiz-batch-2        |DatabaseUtil                  |W| Table named [COMM_EVENT_CONTENT_ASSOC] exists in the database but has no corresponding entity
2021-04-24 16:53:19,768 |OFBiz-batch-2        |DatabaseUtil                  |W| Table named [COMPONENT] exists in the database but has no corresponding entity
2021-04-24 16:53:19,768 |OFBiz-batch-2        |DatabaseUtil                  |W| Table named [CONFIG_OPTION_PRODUCT_OPTION] exists in the database but has no corresponding entity
2021-04-24 16:53:19,768 |OFBiz-batch-2        |DatabaseUtil                  |W| Table named [CONTACT_LIST] exists in the database but has no corresponding entity
2021-04-24 16:53:19,768 |OFBiz-batch-2        |DatabaseUtil                  |W| Table named [CONTACT_LIST_COMM_STATUS] exists in the database but has no corresponding entity
2021-04-24 16:53:19,768 |OFBiz-batch-2        |DatabaseUtil                  |W| Table named [CONTACT_LIST_PARTY] exists in the database but has no corresponding entity
2021-04-24 16:53:19,768 |OFBiz-batch-2        |DatabaseUtil                  |W| Table named [CONTACT_LIST_PARTY_STATUS] exists in the database but has no corresponding entity
2021-04-24 16:53:19,768 |OFBiz-batch-2        |DatabaseUtil                  |W| Table named [CONTACT_LIST_TYPE] exists in the database but has no corresponding entity
2021-04-24 16:53:19,768 |OFBiz-batch-2        |DatabaseUtil                  |W| Table named [CONTACT_MECH] exists in the database but has no corresponding entity
2021-04-24 16:53:19,768 |OFBiz-batch-2        |DatabaseUtil                  |W| Table named [CONTACT_MECH_ATTRIBUTE] exists in the database but has no corresponding entity
2021-04-24 16:53:19,768 |OFBiz-batch-2        |DatabaseUtil                  |W| Table named [CONTACT_MECH_LINK] exists in the database but has no corresponding entity
2021-04-24 16:53:19,768 |OFBiz-batch-2        |DatabaseUtil                  |W| Table named [CONTACT_MECH_PURPOSE_TYPE] exists in the database but has no corresponding entity
2021-04-24 16:53:19,768 |OFBiz-batch-2        |DatabaseUtil                  |W| Table named [CONTACT_MECH_TYPE] exists in the database but has no corresponding entity
2021-04-24 16:53:19,768 |OFBiz-batch-2        |DatabaseUtil                  |W| Table named [CONTACT_MECH_TYPE_ATTR] exists in the database but has no corresponding entity
2021-04-24 16:53:19,768 |OFBiz-batch-2        |DatabaseUtil                  |W| Table named [CONTACT_MECH_TYPE_PURPOSE] exists in the database but has no corresponding entity
2021-04-24 16:53:19,771 |OFBiz-batch-2        |DatabaseUtil                  |W| Table named [CONTAINER] exists in the database but has no corresponding entity
2021-04-24 16:53:19,771 |OFBiz-batch-2        |DatabaseUtil                  |W| Table named [CONTAINER_GEO_POINT] exists in the database but has no corresponding entity
2021-04-24 16:53:19,771 |OFBiz-batch-2        |DatabaseUtil                  |W| Table named [CONTAINER_TYPE] exists in the database but has no corresponding entity
2021-04-24 16:53:19,771 |OFBiz-batch-2        |DatabaseUtil                  |W| Table named [CONTENT] exists in the database but has no corresponding entity
2021-04-24 16:53:19,771 |OFBiz-batch-2        |DatabaseUtil                  |W| Table named [CONTENT_APPROVAL] exists in the database but has no corresponding entity
2021-04-24 16:53:19,771 |OFBiz-batch-2        |DatabaseUtil                  |W| Table named [CONTENT_ASSOC] exists in the database but has no corresponding entity
2021-04-24 16:53:19,771 |OFBiz-batch-2        |DatabaseUtil                  |W| Table named [CONTENT_ASSOC_PREDICATE] exists in the database but has no corresponding entity
2021-04-24 16:53:19,772 |OFBiz-batch-2        |DatabaseUtil                  |W| Table named [CONTENT_ASSOC_TYPE] exists in the database but has no corresponding entity
2021-04-24 16:53:19,772 |OFBiz-batch-2        |DatabaseUtil                  |W| Table named [CONTENT_ATTRIBUTE] exists in the database but has no corresponding entity
2021-04-24 16:53:19,772 |OFBiz-batch-2        |DatabaseUtil                  |W| Table named [CONTENT_KEYWORD] exists in the database but has no corresponding entity
2021-04-24 16:53:19,772 |OFBiz-batch-2        |DatabaseUtil                  |W| Table named [CONTENT_META_DATA] exists in the database but has no corresponding entity
2021-04-24 16:53:19,772 |OFBiz-batch-2        |DatabaseUtil                  |W| Table named [CONTENT_OPERATION] exists in the database but has no corresponding entity
2021-04-24 16:53:19,772 |OFBiz-batch-2        |DatabaseUtil                  |W| Table named [CONTENT_PURPOSE] exists in the database but has no corresponding entity
2021-04-24 16:53:19,772 |OFBiz-batch-2        |DatabaseUtil                  |W| Table named [CONTENT_PURPOSE_OPERATION] exists in the database but has no corresponding entity
2021-04-24 16:53:19,772 |OFBiz-batch-2        |DatabaseUtil                  |W| Table named [CONTENT_PURPOSE_TYPE] exists in the database but has no corresponding entity
2021-04-24 16:53:19,773 |OFBiz-batch-2        |DatabaseUtil                  |W| Table named [CONTENT_REVISION] exists in the database but has no corresponding entity
2021-04-24 16:53:19,773 |OFBiz-batch-2        |DatabaseUtil                  |W| Table named [CONTENT_REVISION_ITEM] exists in the database but has no corresponding entity
2021-04-24 16:53:19,773 |OFBiz-batch-2        |DatabaseUtil                  |W| Table named [CONTENT_ROLE] exists in the database but has no corresponding entity
2021-04-24 16:53:19,773 |OFBiz-batch-2        |DatabaseUtil                  |W| Table named [CONTENT_SEARCH_CONSTRAINT] exists in the database but has no corresponding entity
2021-04-24 16:53:19,773 |OFBiz-batch-2        |DatabaseUtil                  |W| Table named [CONTENT_SEARCH_RESULT] exists in the database but has no corresponding entity
2021-04-24 16:53:19,773 |OFBiz-batch-2        |DatabaseUtil                  |W| Table named [CONTENT_TYPE] exists in the database but has no corresponding entity
2021-04-24 16:53:19,773 |OFBiz-batch-2        |DatabaseUtil                  |W| Table named [CONTENT_TYPE_ATTR] exists in the database but has no corresponding entity
2021-04-24 16:53:19,773 |OFBiz-batch-2        |DatabaseUtil                  |W| Table named [COST_COMPONENT] exists in the database but has no corresponding entity
2021-04-24 16:53:19,773 |OFBiz-batch-2        |DatabaseUtil                  |W| Table named [COST_COMPONENT_ATTRIBUTE] exists in the database but has no corresponding entity
2021-04-24 16:53:19,773 |OFBiz-batch-2        |DatabaseUtil                  |W| Table named [COST_COMPONENT_CALC] exists in the database but has no corresponding entity
2021-04-24 16:53:19,773 |OFBiz-batch-2        |DatabaseUtil                  |W| Table named [COST_COMPONENT_TYPE] exists in the database but has no corresponding entity
2021-04-24 16:53:19,773 |OFBiz-batch-2        |DatabaseUtil                  |W| Table named [COST_COMPONENT_TYPE_ATTR] exists in the database but has no corresponding entity
2021-04-24 16:53:19,773 |OFBiz-batch-2        |DatabaseUtil                  |W| Table named [COUNTRY_ADDRESS_FORMAT] exists in the database but has no corresponding entity
2021-04-24 16:53:19,773 |OFBiz-batch-2        |DatabaseUtil                  |W| Table named [COUNTRY_CAPITAL] exists in the database but has no corresponding entity
2021-04-24 16:53:19,773 |OFBiz-batch-2        |DatabaseUtil                  |W| Table named [COUNTRY_CODE] exists in the database but has no corresponding entity
2021-04-24 16:53:19,773 |OFBiz-batch-2        |DatabaseUtil                  |W| Table named [COUNTRY_TELE_CODE] exists in the database but has no corresponding entity
2021-04-24 16:53:19,773 |OFBiz-batch-2        |DatabaseUtil                  |W| Table named [CREDIT_CARD] exists in the database but has no corresponding entity
2021-04-24 16:53:19,773 |OFBiz-batch-2        |DatabaseUtil                  |W| Table named [CREDIT_CARD_TYPE_GL_ACCOUNT] exists in the database but has no corresponding entity
2021-04-24 16:53:19,773 |OFBiz-batch-2        |DatabaseUtil                  |W| Table named [CUSTOM_METHOD] exists in the database but has no corresponding entity
2021-04-24 16:53:19,773 |OFBiz-batch-2        |DatabaseUtil                  |W| Table named [CUSTOM_METHOD_TYPE] exists in the database but has no corresponding entity
2021-04-24 16:53:19,774 |OFBiz-batch-2        |DatabaseUtil                  |W| Table named [CUSTOM_TIME_PERIOD] exists in the database but has no corresponding entity
2021-04-24 16:53:19,774 |OFBiz-batch-2        |DatabaseUtil                  |W| Table named [CUST_REQUEST] exists in the database but has no corresponding entity
2021-04-24 16:53:19,774 |OFBiz-batch-2        |DatabaseUtil                  |W| Table named [CUST_REQUEST_ATTRIBUTE] exists in the database but has no corresponding entity
2021-04-24 16:53:19,774 |OFBiz-batch-2        |DatabaseUtil                  |W| Table named [CUST_REQUEST_CATEGORY] exists in the database but has no corresponding entity
2021-04-24 16:53:19,774 |OFBiz-batch-2        |DatabaseUtil                  |W| Table named [CUST_REQUEST_COMM_EVENT] exists in the database but has no corresponding entity
2021-04-24 16:53:19,774 |OFBiz-batch-2        |DatabaseUtil                  |W| Table named [CUST_REQUEST_CONTENT] exists in the database but has no corresponding entity
2021-04-24 16:53:19,774 |OFBiz-batch-2        |DatabaseUtil                  |W| Table named [CUST_REQUEST_ITEM] exists in the database but has no corresponding entity
2021-04-24 16:53:19,774 |OFBiz-batch-2        |DatabaseUtil                  |W| Table named [CUST_REQUEST_ITEM_NOTE] exists in the database but has no corresponding entity
2021-04-24 16:53:19,774 |OFBiz-batch-2        |DatabaseUtil                  |W| Table named [CUST_REQUEST_ITEM_WORK_EFFORT] exists in the database but has no corresponding entity
2021-04-24 16:53:19,774 |OFBiz-batch-2        |DatabaseUtil                  |W| Table named [CUST_REQUEST_NOTE] exists in the database but has no corresponding entity
2021-04-24 16:53:19,775 |OFBiz-batch-2        |DatabaseUtil                  |W| Table named [CUST_REQUEST_PARTY] exists in the database but has no corresponding entity
2021-04-24 16:53:19,775 |OFBiz-batch-2        |DatabaseUtil                  |W| Table named [CUST_REQUEST_RESOLUTION] exists in the database but has no corresponding entity
2021-04-24 16:53:19,775 |OFBiz-batch-2        |DatabaseUtil                  |W| Table named [CUST_REQUEST_STATUS] exists in the database but has no corresponding entity
2021-04-24 16:53:19,775 |OFBiz-batch-2        |DatabaseUtil                  |W| Table named [CUST_REQUEST_TYPE] exists in the database but has no corresponding entity
2021-04-24 16:53:19,775 |OFBiz-batch-2        |DatabaseUtil                  |W| Table named [CUST_REQUEST_TYPE_ATTR] exists in the database but has no corresponding entity
2021-04-24 16:53:19,775 |OFBiz-batch-2        |DatabaseUtil                  |W| Table named [CUST_REQUEST_WORK_EFFORT] exists in the database but has no corresponding entity
2021-04-24 16:53:19,775 |OFBiz-batch-2        |DatabaseUtil                  |W| Table named [DATA_CATEGORY] exists in the database but has no corresponding entity
2021-04-24 16:53:19,776 |OFBiz-batch-2        |DatabaseUtil                  |W| Table named [DATA_RESOURCE] exists in the database but has no corresponding entity
2021-04-24 16:53:19,776 |OFBiz-batch-2        |DatabaseUtil                  |W| Table named [DATA_RESOURCE_ATTRIBUTE] exists in the database but has no corresponding entity
2021-04-24 16:53:19,776 |OFBiz-batch-2        |DatabaseUtil                  |W| Table named [DATA_RESOURCE_META_DATA] exists in the database but has no corresponding entity
2021-04-24 16:53:19,776 |OFBiz-batch-2        |DatabaseUtil                  |W| Table named [DATA_RESOURCE_PURPOSE] exists in the database but has no corresponding entity
2021-04-24 16:53:19,776 |OFBiz-batch-2        |DatabaseUtil                  |W| Table named [DATA_RESOURCE_ROLE] exists in the database but has no corresponding entity
2021-04-24 16:53:19,776 |OFBiz-batch-2        |DatabaseUtil                  |W| Table named [DATA_RESOURCE_TYPE] exists in the database but has no corresponding entity
2021-04-24 16:53:19,776 |OFBiz-batch-2        |DatabaseUtil                  |W| Table named [DATA_RESOURCE_TYPE_ATTR] exists in the database but has no corresponding entity
2021-04-24 16:53:19,776 |OFBiz-batch-2        |DatabaseUtil                  |W| Table named [DATA_SOURCE] exists in the database but has no corresponding entity
2021-04-24 16:53:19,776 |OFBiz-batch-2        |DatabaseUtil                  |W| Table named [DATA_SOURCE_TYPE] exists in the database but has no corresponding entity
2021-04-24 16:53:19,776 |OFBiz-batch-2        |DatabaseUtil                  |W| Table named [DATA_TEMPLATE_TYPE] exists in the database but has no corresponding entity
2021-04-24 16:53:19,776 |OFBiz-batch-2        |DatabaseUtil                  |W| Table named [DEDUCTION] exists in the database but has no corresponding entity
2021-04-24 16:53:19,776 |OFBiz-batch-2        |DatabaseUtil                  |W| Table named [DEDUCTION_TYPE] exists in the database but has no corresponding entity
2021-04-24 16:53:19,776 |OFBiz-batch-2        |DatabaseUtil                  |W| Table named [DELIVERABLE] exists in the database but has no corresponding entity
2021-04-24 16:53:19,776 |OFBiz-batch-2        |DatabaseUtil                  |W| Table named [DELIVERABLE_TYPE] exists in the database but has no corresponding entity
2021-04-24 16:53:19,776 |OFBiz-batch-2        |DatabaseUtil                  |W| Table named [DELIVERY] exists in the database but has no corresponding entity
2021-04-24 16:53:19,776 |OFBiz-batch-2        |DatabaseUtil                  |W| Table named [DESIRED_FEATURE] exists in the database but has no corresponding entity
2021-04-24 16:53:19,776 |OFBiz-batch-2        |DatabaseUtil                  |W| Table named [DOCUMENT] exists in the database but has no corresponding entity
2021-04-24 16:53:19,776 |OFBiz-batch-2        |DatabaseUtil                  |W| Table named [DOCUMENT_ATTRIBUTE] exists in the database but has no corresponding entity
2021-04-24 16:53:19,776 |OFBiz-batch-2        |DatabaseUtil                  |W| Table named [DOCUMENT_TYPE] exists in the database but has no corresponding entity
2021-04-24 16:53:19,776 |OFBiz-batch-2        |DatabaseUtil                  |W| Table named [DOCUMENT_TYPE_ATTR] exists in the database but has no corresponding entity
2021-04-24 16:53:19,776 |OFBiz-batch-2        |DatabaseUtil                  |W| Table named [EFT_ACCOUNT] exists in the database but has no corresponding entity
2021-04-24 16:53:19,776 |OFBiz-batch-2        |DatabaseUtil                  |W| Table named [ELECTRONIC_TEXT] exists in the database but has no corresponding entity
2021-04-24 16:53:19,776 |OFBiz-batch-2        |DatabaseUtil                  |W| Table named [EMAIL_ADDRESS_VERIFICATION] exists in the database but has no corresponding entity
2021-04-24 16:53:19,776 |OFBiz-batch-2        |DatabaseUtil                  |W| Table named [EMAIL_TEMPLATE_SETTING] exists in the database but has no corresponding entity
2021-04-24 16:53:19,776 |OFBiz-batch-2        |DatabaseUtil                  |W| Table named [EMPLOYMENT] exists in the database but has no corresponding entity
2021-04-24 16:53:19,776 |OFBiz-batch-2        |DatabaseUtil                  |W| Table named [EMPLOYMENT_APP] exists in the database but has no corresponding entity
2021-04-24 16:53:19,776 |OFBiz-batch-2        |DatabaseUtil                  |W| Table named [EMPLOYMENT_APP_SOURCE_TYPE] exists in the database but has no corresponding entity
2021-04-24 16:53:19,776 |OFBiz-batch-2        |DatabaseUtil                  |W| Table named [EMPL_LEAVE] exists in the database but has no corresponding entity
2021-04-24 16:53:19,776 |OFBiz-batch-2        |DatabaseUtil                  |W| Table named [EMPL_LEAVE_REASON_TYPE] exists in the database but has no corresponding entity
2021-04-24 16:53:19,776 |OFBiz-batch-2        |DatabaseUtil                  |W| Table named [EMPL_LEAVE_TYPE] exists in the database but has no corresponding entity
2021-04-24 16:53:19,776 |OFBiz-batch-2        |DatabaseUtil                  |W| Table named [EMPL_POSITION] exists in the database but has no corresponding entity
2021-04-24 16:53:19,776 |OFBiz-batch-2        |DatabaseUtil                  |W| Table named [EMPL_POSITION_CLASS_TYPE] exists in the database but has no corresponding entity
2021-04-24 16:53:19,776 |OFBiz-batch-2        |DatabaseUtil                  |W| Table named [EMPL_POSITION_FULFILLMENT] exists in the database but has no corresponding entity
2021-04-24 16:53:19,776 |OFBiz-batch-2        |DatabaseUtil                  |W| Table named [EMPL_POSITION_REPORTING_STRUCT] exists in the database but has no corresponding entity
2021-04-24 16:53:19,776 |OFBiz-batch-2        |DatabaseUtil                  |W| Table named [EMPL_POSITION_RESPONSIBILITY] exists in the database but has no corresponding entity
2021-04-24 16:53:19,776 |OFBiz-batch-2        |DatabaseUtil                  |W| Table named [EMPL_POSITION_TYPE] exists in the database but has no corresponding entity
2021-04-24 16:53:19,776 |OFBiz-batch-2        |DatabaseUtil                  |W| Table named [EMPL_POSITION_TYPE_CLASS] exists in the database but has no corresponding entity
2021-04-24 16:53:19,776 |OFBiz-batch-2        |DatabaseUtil                  |W| Table named [EMPL_POSITION_TYPE_RATE_NEW] exists in the database but has no corresponding entity
2021-04-24 16:53:19,776 |OFBiz-batch-2        |DatabaseUtil                  |W| Table named [ENTITY_AUDIT_LOG] exists in the database but has no corresponding entity
2021-04-24 16:53:19,776 |OFBiz-batch-2        |DatabaseUtil                  |W| Table named [ENTITY_GROUP] exists in the database but has no corresponding entity
2021-04-24 16:53:19,776 |OFBiz-batch-2        |DatabaseUtil                  |W| Table named [ENTITY_GROUP_ENTRY] exists in the database but has no corresponding entity
2021-04-24 16:53:19,776 |OFBiz-batch-2        |DatabaseUtil                  |W| Table named [ENTITY_KEY_STORE] exists in the database but has no corresponding entity
2021-04-24 16:53:19,776 |OFBiz-batch-2        |DatabaseUtil                  |W| Table named [ENTITY_SYNC] exists in the database but has no corresponding entity
2021-04-24 16:53:19,776 |OFBiz-batch-2        |DatabaseUtil                  |W| Table named [ENTITY_SYNC_HISTORY] exists in the database but has no corresponding entity
2021-04-24 16:53:19,776 |OFBiz-batch-2        |DatabaseUtil                  |W| Table named [ENTITY_SYNC_INCLUDE] exists in the database but has no corresponding entity
2021-04-24 16:53:19,776 |OFBiz-batch-2        |DatabaseUtil                  |W| Table named [ENTITY_SYNC_INCLUDE_GROUP] exists in the database but has no corresponding entity
2021-04-24 16:53:19,776 |OFBiz-batch-2        |DatabaseUtil                  |W| Table named [ENTITY_SYNC_REMOVE] exists in the database but has no corresponding entity
2021-04-24 16:53:19,776 |OFBiz-batch-2        |DatabaseUtil                  |W| Table named [ENUMERATION] exists in the database but has no corresponding entity
2021-04-24 16:53:19,776 |OFBiz-batch-2        |DatabaseUtil                  |W| Table named [ENUMERATION_TYPE] exists in the database but has no corresponding entity
2021-04-24 16:53:19,776 |OFBiz-batch-2        |DatabaseUtil                  |W| Table named [FACILITY] exists in the database but has no corresponding entity
2021-04-24 16:53:19,776 |OFBiz-batch-2        |DatabaseUtil                  |W| Table named [FACILITY_ATTRIBUTE] exists in the database but has no corresponding entity
2021-04-24 16:53:19,776 |OFBiz-batch-2        |DatabaseUtil                  |W| Table named [FACILITY_CALENDAR] exists in the database but has no corresponding entity
2021-04-24 16:53:19,776 |OFBiz-batch-2        |DatabaseUtil                  |W| Table named [FACILITY_CALENDAR_TYPE] exists in the database but has no corresponding entity
2021-04-24 16:53:19,777 |OFBiz-batch-2        |DatabaseUtil                  |W| Table named [FACILITY_CARRIER_SHIPMENT] exists in the database but has no corresponding entity
2021-04-24 16:53:19,777 |OFBiz-batch-2        |DatabaseUtil                  |W| Table named [FACILITY_CONTACT_MECH] exists in the database but has no corresponding entity
2021-04-24 16:53:19,777 |OFBiz-batch-2        |DatabaseUtil                  |W| Table named [FACILITY_CONTACT_MECH_PURPOSE] exists in the database but has no corresponding entity
2021-04-24 16:53:19,777 |OFBiz-batch-2        |DatabaseUtil                  |W| Table named [FACILITY_CONTENT] exists in the database but has no corresponding entity
2021-04-24 16:53:19,777 |OFBiz-batch-2        |DatabaseUtil                  |W| Table named [FACILITY_GROUP] exists in the database but has no corresponding entity
2021-04-24 16:53:19,777 |OFBiz-batch-2        |DatabaseUtil                  |W| Table named [FACILITY_GROUP_MEMBER] exists in the database but has no corresponding entity
2021-04-24 16:53:19,777 |OFBiz-batch-2        |DatabaseUtil                  |W| Table named [FACILITY_GROUP_ROLE] exists in the database but has no corresponding entity
2021-04-24 16:53:19,777 |OFBiz-batch-2        |DatabaseUtil                  |W| Table named [FACILITY_GROUP_ROLLUP] exists in the database but has no corresponding entity
2021-04-24 16:53:19,777 |OFBiz-batch-2        |DatabaseUtil                  |W| Table named [FACILITY_GROUP_TYPE] exists in the database but has no corresponding entity
2021-04-24 16:53:19,777 |OFBiz-batch-2        |DatabaseUtil                  |W| Table named [FACILITY_LOCATION] exists in the database but has no corresponding entity
2021-04-24 16:53:19,777 |OFBiz-batch-2        |DatabaseUtil                  |W| Table named [FACILITY_LOCATION_GEO_POINT] exists in the database but has no corresponding entity
2021-04-24 16:53:19,777 |OFBiz-batch-2        |DatabaseUtil                  |W| Table named [FACILITY_PARTY] exists in the database but has no corresponding entity
2021-04-24 16:53:19,777 |OFBiz-batch-2        |DatabaseUtil                  |W| Table named [FACILITY_TYPE] exists in the database but has no corresponding entity
2021-04-24 16:53:19,777 |OFBiz-batch-2        |DatabaseUtil                  |W| Table named [FACILITY_TYPE_ATTR] exists in the database but has no corresponding entity
2021-04-24 16:53:19,777 |OFBiz-batch-2        |DatabaseUtil                  |W| Table named [FILE_EXTENSION] exists in the database but has no corresponding entity
2021-04-24 16:53:19,777 |OFBiz-batch-2        |DatabaseUtil                  |W| Table named [FIN_ACCOUNT] exists in the database but has no corresponding entity
2021-04-24 16:53:19,777 |OFBiz-batch-2        |DatabaseUtil                  |W| Table named [FIN_ACCOUNT_ATTRIBUTE] exists in the database but has no corresponding entity
2021-04-24 16:53:19,777 |OFBiz-batch-2        |DatabaseUtil                  |W| Table named [FIN_ACCOUNT_AUTH] exists in the database but has no corresponding entity
2021-04-24 16:53:19,777 |OFBiz-batch-2        |DatabaseUtil                  |W| Table named [FIN_ACCOUNT_ROLE] exists in the database but has no corresponding entity
2021-04-24 16:53:19,777 |OFBiz-batch-2        |DatabaseUtil                  |W| Table named [FIN_ACCOUNT_STATUS] exists in the database but has no corresponding entity
2021-04-24 16:53:19,777 |OFBiz-batch-2        |DatabaseUtil                  |W| Table named [FIN_ACCOUNT_TRANS] exists in the database but has no corresponding entity
2021-04-24 16:53:19,777 |OFBiz-batch-2        |DatabaseUtil                  |W| Table named [FIN_ACCOUNT_TRANS_ATTRIBUTE] exists in the database but has no corresponding entity
2021-04-24 16:53:19,777 |OFBiz-batch-2        |DatabaseUtil                  |W| Table named [FIN_ACCOUNT_TRANS_TYPE] exists in the database but has no corresponding entity
2021-04-24 16:53:19,777 |OFBiz-batch-2        |DatabaseUtil                  |W| Table named [FIN_ACCOUNT_TRANS_TYPE_ATTR] exists in the database but has no corresponding entity
2021-04-24 16:53:19,777 |OFBiz-batch-2        |DatabaseUtil                  |W| Table named [FIN_ACCOUNT_TYPE] exists in the database but has no corresponding entity
2021-04-24 16:53:19,777 |OFBiz-batch-2        |DatabaseUtil                  |W| Table named [FIN_ACCOUNT_TYPE_ATTR] exists in the database but has no corresponding entity
2021-04-24 16:53:19,777 |OFBiz-batch-2        |DatabaseUtil                  |W| Table named [FIN_ACCOUNT_TYPE_GL_ACCOUNT] exists in the database but has no corresponding entity
2021-04-24 16:53:19,777 |OFBiz-batch-2        |DatabaseUtil                  |W| Table named [FIXED_ASSET] exists in the database but has no corresponding entity
2021-04-24 16:53:19,777 |OFBiz-batch-2        |DatabaseUtil                  |W| Table named [FIXED_ASSET_ATTRIBUTE] exists in the database but has no corresponding entity
2021-04-24 16:53:19,777 |OFBiz-batch-2        |DatabaseUtil                  |W| Table named [FIXED_ASSET_DEP_METHOD] exists in the database but has no corresponding entity
2021-04-24 16:53:19,777 |OFBiz-batch-2        |DatabaseUtil                  |W| Table named [FIXED_ASSET_GEO_POINT] exists in the database but has no corresponding entity
2021-04-24 16:53:19,777 |OFBiz-batch-2        |DatabaseUtil                  |W| Table named [FIXED_ASSET_IDENT] exists in the database but has no corresponding entity
2021-04-24 16:53:19,777 |OFBiz-batch-2        |DatabaseUtil                  |W| Table named [FIXED_ASSET_IDENT_TYPE] exists in the database but has no corresponding entity
2021-04-24 16:53:19,777 |OFBiz-batch-2        |DatabaseUtil                  |W| Table named [FIXED_ASSET_MAINT] exists in the database but has no corresponding entity
2021-04-24 16:53:19,777 |OFBiz-batch-2        |DatabaseUtil                  |W| Table named [FIXED_ASSET_MAINT_ORDER] exists in the database but has no corresponding entity
2021-04-24 16:53:19,777 |OFBiz-batch-2        |DatabaseUtil                  |W| Table named [FIXED_ASSET_METER] exists in the database but has no corresponding entity
2021-04-24 16:53:19,777 |OFBiz-batch-2        |DatabaseUtil                  |W| Table named [FIXED_ASSET_PRODUCT] exists in the database but has no corresponding entity
2021-04-24 16:53:19,777 |OFBiz-batch-2        |DatabaseUtil                  |W| Table named [FIXED_ASSET_PRODUCT_TYPE] exists in the database but has no corresponding entity
2021-04-24 16:53:19,777 |OFBiz-batch-2        |DatabaseUtil                  |W| Table named [FIXED_ASSET_REGISTRATION] exists in the database but has no corresponding entity
2021-04-24 16:53:19,777 |OFBiz-batch-2        |DatabaseUtil                  |W| Table named [FIXED_ASSET_STD_COST] exists in the database but has no corresponding entity
2021-04-24 16:53:19,777 |OFBiz-batch-2        |DatabaseUtil                  |W| Table named [FIXED_ASSET_STD_COST_TYPE] exists in the database but has no corresponding entity
2021-04-24 16:53:19,777 |OFBiz-batch-2        |DatabaseUtil                  |W| Table named [FIXED_ASSET_TYPE] exists in the database but has no corresponding entity
2021-04-24 16:53:19,777 |OFBiz-batch-2        |DatabaseUtil                  |W| Table named [FIXED_ASSET_TYPE_ATTR] exists in the database but has no corresponding entity
2021-04-24 16:53:19,777 |OFBiz-batch-2        |DatabaseUtil                  |W| Table named [FIXED_ASSET_TYPE_GL_ACCOUNT] exists in the database but has no corresponding entity
2021-04-24 16:53:19,777 |OFBiz-batch-2        |DatabaseUtil                  |W| Table named [GEO] exists in the database but has no corresponding entity
2021-04-24 16:53:19,777 |OFBiz-batch-2        |DatabaseUtil                  |W| Table named [GEO_ASSOC] exists in the database but has no corresponding entity
2021-04-24 16:53:19,777 |OFBiz-batch-2        |DatabaseUtil                  |W| Table named [GEO_ASSOC_TYPE] exists in the database but has no corresponding entity
2021-04-24 16:53:19,778 |OFBiz-batch-2        |DatabaseUtil                  |W| Table named [GEO_POINT] exists in the database but has no corresponding entity
2021-04-24 16:53:19,778 |OFBiz-batch-2        |DatabaseUtil                  |W| Table named [GEO_TYPE] exists in the database but has no corresponding entity
2021-04-24 16:53:19,778 |OFBiz-batch-2        |DatabaseUtil                  |W| Table named [GIFT_CARD] exists in the database but has no corresponding entity
2021-04-24 16:53:19,778 |OFBiz-batch-2        |DatabaseUtil                  |W| Table named [GIFT_CARD_FULFILLMENT] exists in the database but has no corresponding entity
2021-04-24 16:53:19,778 |OFBiz-batch-2        |DatabaseUtil                  |W| Table named [GL_ACCOUNT] exists in the database but has no corresponding entity
2021-04-24 16:53:19,778 |OFBiz-batch-2        |DatabaseUtil                  |W| Table named [GL_ACCOUNT_CATEGORY] exists in the database but has no corresponding entity
2021-04-24 16:53:19,778 |OFBiz-batch-2        |DatabaseUtil                  |W| Table named [GL_ACCOUNT_CATEGORY_MEMBER] exists in the database but has no corresponding entity
2021-04-24 16:53:19,778 |OFBiz-batch-2        |DatabaseUtil                  |W| Table named [GL_ACCOUNT_CATEGORY_TYPE] exists in the database but has no corresponding entity
2021-04-24 16:53:19,778 |OFBiz-batch-2        |DatabaseUtil                  |W| Table named [GL_ACCOUNT_CLASS] exists in the database but has no corresponding entity
2021-04-24 16:53:19,778 |OFBiz-batch-2        |DatabaseUtil                  |W| Table named [GL_ACCOUNT_GROUP] exists in the database but has no corresponding entity
2021-04-24 16:53:19,778 |OFBiz-batch-2        |DatabaseUtil                  |W| Table named [GL_ACCOUNT_GROUP_MEMBER] exists in the database but has no corresponding entity
2021-04-24 16:53:19,778 |OFBiz-batch-2        |DatabaseUtil                  |W| Table named [GL_ACCOUNT_GROUP_TYPE] exists in the database but has no corresponding entity
2021-04-24 16:53:19,778 |OFBiz-batch-2        |DatabaseUtil                  |W| Table named [GL_ACCOUNT_HISTORY] exists in the database but has no corresponding entity
2021-04-24 16:53:19,778 |OFBiz-batch-2        |DatabaseUtil                  |W| Table named [GL_ACCOUNT_ORGANIZATION] exists in the database but has no corresponding entity
2021-04-24 16:53:19,778 |OFBiz-batch-2        |DatabaseUtil                  |W| Table named [GL_ACCOUNT_ROLE] exists in the database but has no corresponding entity
2021-04-24 16:53:19,778 |OFBiz-batch-2        |DatabaseUtil                  |W| Table named [GL_ACCOUNT_TYPE] exists in the database but has no corresponding entity
2021-04-24 16:53:19,778 |OFBiz-batch-2        |DatabaseUtil                  |W| Table named [GL_ACCOUNT_TYPE_DEFAULT] exists in the database but has no corresponding entity
2021-04-24 16:53:19,778 |OFBiz-batch-2        |DatabaseUtil                  |W| Table named [GL_BUDGET_XREF] exists in the database but has no corresponding entity
2021-04-24 16:53:19,778 |OFBiz-batch-2        |DatabaseUtil                  |W| Table named [GL_FISCAL_TYPE] exists in the database but has no corresponding entity
2021-04-24 16:53:19,778 |OFBiz-batch-2        |DatabaseUtil                  |W| Table named [GL_JOURNAL] exists in the database but has no corresponding entity
2021-04-24 16:53:19,778 |OFBiz-batch-2        |DatabaseUtil                  |W| Table named [GL_RECONCILIATION] exists in the database but has no corresponding entity
2021-04-24 16:53:19,778 |OFBiz-batch-2        |DatabaseUtil                  |W| Table named [GL_RECONCILIATION_ENTRY] exists in the database but has no corresponding entity
2021-04-24 16:53:19,778 |OFBiz-batch-2        |DatabaseUtil                  |W| Table named [GL_RESOURCE_TYPE] exists in the database but has no corresponding entity
2021-04-24 16:53:19,778 |OFBiz-batch-2        |DatabaseUtil                  |W| Table named [GL_XBRL_CLASS] exists in the database but has no corresponding entity
2021-04-24 16:53:19,778 |OFBiz-batch-2        |DatabaseUtil                  |W| Table named [GOOD_IDENTIFICATION] exists in the database but has no corresponding entity
2021-04-24 16:53:19,778 |OFBiz-batch-2        |DatabaseUtil                  |W| Table named [GOOD_IDENTIFICATION_TYPE] exists in the database but has no corresponding entity
2021-04-24 16:53:19,778 |OFBiz-batch-2        |DatabaseUtil                  |W| Table named [HOST_SUMMARY] exists in the database but has no corresponding entity
2021-04-24 16:53:19,778 |OFBiz-batch-2        |DatabaseUtil                  |W| Table named [HOST_SUMMARY_BY_FILE_IO] exists in the database but has no corresponding entity
2021-04-24 16:53:19,778 |OFBiz-batch-2        |DatabaseUtil                  |W| Table named [HOST_SUMMARY_BY_FILE_IO_TYPE] exists in the database but has no corresponding entity
2021-04-24 16:53:19,779 |OFBiz-batch-2        |DatabaseUtil                  |W| Table named [HOST_SUMMARY_BY_STAGES] exists in the database but has no corresponding entity
2021-04-24 16:53:19,779 |OFBiz-batch-2        |DatabaseUtil                  |W| Table named [HOST_SUMMARY_BY_STATEMENT_LATENCY] exists in the database but has no corresponding entity
2021-04-24 16:53:19,779 |OFBiz-batch-2        |DatabaseUtil                  |W| Table named [HOST_SUMMARY_BY_STATEMENT_TYPE] exists in the database but has no corresponding entity
2021-04-24 16:53:19,779 |OFBiz-batch-2        |DatabaseUtil                  |W| Table named [IMAGE_DATA_RESOURCE] exists in the database but has no corresponding entity
2021-04-24 16:53:19,779 |OFBiz-batch-2        |DatabaseUtil                  |W| Table named [INNODB_BUFFER_STATS_BY_SCHEMA] exists in the database but has no corresponding entity
2021-04-24 16:53:19,779 |OFBiz-batch-2        |DatabaseUtil                  |W| Table named [INNODB_BUFFER_STATS_BY_TABLE] exists in the database but has no corresponding entity
2021-04-24 16:53:19,779 |OFBiz-batch-2        |DatabaseUtil                  |W| Table named [INNODB_LOCK_WAITS] exists in the database but has no corresponding entity
2021-04-24 16:53:19,779 |OFBiz-batch-2        |DatabaseUtil                  |W| Table named [INVENTORY_ITEM] exists in the database but has no corresponding entity
2021-04-24 16:53:19,779 |OFBiz-batch-2        |DatabaseUtil                  |W| Table named [INVENTORY_ITEM_ATTRIBUTE] exists in the database but has no corresponding entity
2021-04-24 16:53:19,779 |OFBiz-batch-2        |DatabaseUtil                  |W| Table named [INVENTORY_ITEM_DETAIL] exists in the database but has no corresponding entity
2021-04-24 16:53:19,779 |OFBiz-batch-2        |DatabaseUtil                  |W| Table named [INVENTORY_ITEM_LABEL] exists in the database but has no corresponding entity
2021-04-24 16:53:19,779 |OFBiz-batch-2        |DatabaseUtil                  |W| Table named [INVENTORY_ITEM_LABEL_APPL] exists in the database but has no corresponding entity
2021-04-24 16:53:19,779 |OFBiz-batch-2        |DatabaseUtil                  |W| Table named [INVENTORY_ITEM_LABEL_TYPE] exists in the database but has no corresponding entity
2021-04-24 16:53:19,779 |OFBiz-batch-2        |DatabaseUtil                  |W| Table named [INVENTORY_ITEM_STATUS] exists in the database but has no corresponding entity
2021-04-24 16:53:19,779 |OFBiz-batch-2        |DatabaseUtil                  |W| Table named [INVENTORY_ITEM_TEMP_RES] exists in the database but has no corresponding entity
2021-04-24 16:53:19,779 |OFBiz-batch-2        |DatabaseUtil                  |W| Table named [INVENTORY_ITEM_TYPE] exists in the database but has no corresponding entity
2021-04-24 16:53:19,779 |OFBiz-batch-2        |DatabaseUtil                  |W| Table named [INVENTORY_ITEM_TYPE_ATTR] exists in the database but has no corresponding entity
2021-04-24 16:53:19,779 |OFBiz-batch-2        |DatabaseUtil                  |W| Table named [INVENTORY_ITEM_VARIANCE] exists in the database but has no corresponding entity
2021-04-24 16:53:19,779 |OFBiz-batch-2        |DatabaseUtil                  |W| Table named [INVENTORY_TRANSFER] exists in the database but has no corresponding entity
2021-04-24 16:53:19,779 |OFBiz-batch-2        |DatabaseUtil                  |W| Table named [INVOICE] exists in the database but has no corresponding entity
2021-04-24 16:53:19,779 |OFBiz-batch-2        |DatabaseUtil                  |W| Table named [INVOICE_ATTRIBUTE] exists in the database but has no corresponding entity
2021-04-24 16:53:19,779 |OFBiz-batch-2        |DatabaseUtil                  |W| Table named [INVOICE_CONTACT_MECH] exists in the database but has no corresponding entity
2021-04-24 16:53:19,779 |OFBiz-batch-2        |DatabaseUtil                  |W| Table named [INVOICE_CONTENT] exists in the database but has no corresponding entity
2021-04-24 16:53:19,779 |OFBiz-batch-2        |DatabaseUtil                  |W| Table named [INVOICE_CONTENT_TYPE] exists in the database but has no corresponding entity
2021-04-24 16:53:19,779 |OFBiz-batch-2        |DatabaseUtil                  |W| Table named [INVOICE_ITEM] exists in the database but has no corresponding entity
2021-04-24 16:53:19,779 |OFBiz-batch-2        |DatabaseUtil                  |W| Table named [INVOICE_ITEM_ASSOC] exists in the database but has no corresponding entity
2021-04-24 16:53:19,779 |OFBiz-batch-2        |DatabaseUtil                  |W| Table named [INVOICE_ITEM_ASSOC_TYPE] exists in the database but has no corresponding entity
2021-04-24 16:53:19,779 |OFBiz-batch-2        |DatabaseUtil                  |W| Table named [INVOICE_ITEM_ATTRIBUTE] exists in the database but has no corresponding entity
2021-04-24 16:53:19,779 |OFBiz-batch-2        |DatabaseUtil                  |W| Table named [INVOICE_ITEM_TYPE] exists in the database but has no corresponding entity
2021-04-24 16:53:19,779 |OFBiz-batch-2        |DatabaseUtil                  |W| Table named [INVOICE_ITEM_TYPE_ATTR] exists in the database but has no corresponding entity
2021-04-24 16:53:19,779 |OFBiz-batch-2        |DatabaseUtil                  |W| Table named [INVOICE_ITEM_TYPE_GL_ACCOUNT] exists in the database but has no corresponding entity
2021-04-24 16:53:19,779 |OFBiz-batch-2        |DatabaseUtil                  |W| Table named [INVOICE_ITEM_TYPE_MAP] exists in the database but has no corresponding entity
2021-04-24 16:53:19,779 |OFBiz-batch-2        |DatabaseUtil                  |W| Table named [INVOICE_NOTE] exists in the database but has no corresponding entity
2021-04-24 16:53:19,779 |OFBiz-batch-2        |DatabaseUtil                  |W| Table named [INVOICE_ROLE] exists in the database but has no corresponding entity
2021-04-24 16:53:19,779 |OFBiz-batch-2        |DatabaseUtil                  |W| Table named [INVOICE_STATUS] exists in the database but has no corresponding entity
2021-04-24 16:53:19,779 |OFBiz-batch-2        |DatabaseUtil                  |W| Table named [INVOICE_TERM] exists in the database but has no corresponding entity
2021-04-24 16:53:19,779 |OFBiz-batch-2        |DatabaseUtil                  |W| Table named [INVOICE_TERM_ATTRIBUTE] exists in the database but has no corresponding entity
2021-04-24 16:53:19,779 |OFBiz-batch-2        |DatabaseUtil                  |W| Table named [INVOICE_TYPE] exists in the database but has no corresponding entity
2021-04-24 16:53:19,779 |OFBiz-batch-2        |DatabaseUtil                  |W| Table named [INVOICE_TYPE_ATTR] exists in the database but has no corresponding entity
2021-04-24 16:53:19,779 |OFBiz-batch-2        |DatabaseUtil                  |W| Table named [IO_BY_THREAD_BY_LATENCY] exists in the database but has no corresponding entity
2021-04-24 16:53:19,779 |OFBiz-batch-2        |DatabaseUtil                  |W| Table named [IO_GLOBAL_BY_FILE_BY_BYTES] exists in the database but has no corresponding entity
2021-04-24 16:53:19,779 |OFBiz-batch-2        |DatabaseUtil                  |W| Table named [IO_GLOBAL_BY_FILE_BY_LATENCY] exists in the database but has no corresponding entity
2021-04-24 16:53:19,779 |OFBiz-batch-2        |DatabaseUtil                  |W| Table named [IO_GLOBAL_BY_WAIT_BY_BYTES] exists in the database but has no corresponding entity
2021-04-24 16:53:19,779 |OFBiz-batch-2        |DatabaseUtil                  |W| Table named [IO_GLOBAL_BY_WAIT_BY_LATENCY] exists in the database but has no corresponding entity
2021-04-24 16:53:19,779 |OFBiz-batch-2        |DatabaseUtil                  |W| Table named [ITEM_ISSUANCE] exists in the database but has no corresponding entity
2021-04-24 16:53:19,779 |OFBiz-batch-2        |DatabaseUtil                  |W| Table named [ITEM_ISSUANCE_ROLE] exists in the database but has no corresponding entity
2021-04-24 16:53:19,779 |OFBiz-batch-2        |DatabaseUtil                  |W| Table named [JAVA_RESOURCE] exists in the database but has no corresponding entity
2021-04-24 16:53:19,779 |OFBiz-batch-2        |DatabaseUtil                  |W| Table named [JOB_INTERVIEW] exists in the database but has no corresponding entity
2021-04-24 16:53:19,779 |OFBiz-batch-2        |DatabaseUtil                  |W| Table named [JOB_INTERVIEW_TYPE] exists in the database but has no corresponding entity
2021-04-24 16:53:19,779 |OFBiz-batch-2        |DatabaseUtil                  |W| Table named [JOB_MANAGER_LOCK] exists in the database but has no corresponding entity
2021-04-24 16:53:19,779 |OFBiz-batch-2        |DatabaseUtil                  |W| Table named [JOB_REQUISITION] exists in the database but has no corresponding entity
2021-04-24 16:53:19,779 |OFBiz-batch-2        |DatabaseUtil                  |W| Table named [JOB_SANDBOX] exists in the database but has no corresponding entity
2021-04-24 16:53:19,779 |OFBiz-batch-2        |DatabaseUtil                  |W| Table named [KEYWORD_THESAURUS] exists in the database but has no corresponding entity
2021-04-24 16:53:19,779 |OFBiz-batch-2        |DatabaseUtil                  |W| Table named [LATEST_FILE_IO] exists in the database but has no corresponding entity
2021-04-24 16:53:19,779 |OFBiz-batch-2        |DatabaseUtil                  |W| Table named [LOT] exists in the database but has no corresponding entity
2021-04-24 16:53:19,779 |OFBiz-batch-2        |DatabaseUtil                  |W| Table named [MARKETING_CAMPAIGN] exists in the database but has no corresponding entity
2021-04-24 16:53:19,779 |OFBiz-batch-2        |DatabaseUtil                  |W| Table named [MARKETING_CAMPAIGN_NOTE] exists in the database but has no corresponding entity
2021-04-24 16:53:19,780 |OFBiz-batch-2        |DatabaseUtil                  |W| Table named [MARKETING_CAMPAIGN_PRICE] exists in the database but has no corresponding entity
2021-04-24 16:53:19,780 |OFBiz-batch-2        |DatabaseUtil                  |W| Table named [MARKETING_CAMPAIGN_PROMO] exists in the database but has no corresponding entity
2021-04-24 16:53:19,780 |OFBiz-batch-2        |DatabaseUtil                  |W| Table named [MARKETING_CAMPAIGN_ROLE] exists in the database but has no corresponding entity
2021-04-24 16:53:19,780 |OFBiz-batch-2        |DatabaseUtil                  |W| Table named [MARKET_INTEREST] exists in the database but has no corresponding entity
2021-04-24 16:53:19,780 |OFBiz-batch-2        |DatabaseUtil                  |W| Table named [MEMORY_BY_HOST_BY_CURRENT_BYTES] exists in the database but has no corresponding entity
2021-04-24 16:53:19,780 |OFBiz-batch-2        |DatabaseUtil                  |W| Table named [MEMORY_BY_THREAD_BY_CURRENT_BYTES] exists in the database but has no corresponding entity
2021-04-24 16:53:19,780 |OFBiz-batch-2        |DatabaseUtil                  |W| Table named [MEMORY_BY_USER_BY_CURRENT_BYTES] exists in the database but has no corresponding entity
2021-04-24 16:53:19,780 |OFBiz-batch-2        |DatabaseUtil                  |W| Table named [MEMORY_GLOBAL_BY_CURRENT_BYTES] exists in the database but has no corresponding entity
2021-04-24 16:53:19,780 |OFBiz-batch-2        |DatabaseUtil                  |W| Table named [MEMORY_GLOBAL_TOTAL] exists in the database but has no corresponding entity
2021-04-24 16:53:19,780 |OFBiz-batch-2        |DatabaseUtil                  |W| Table named [META_DATA_PREDICATE] exists in the database but has no corresponding entity
2021-04-24 16:53:19,780 |OFBiz-batch-2        |DatabaseUtil                  |W| Table named [METRICS] exists in the database but has no corresponding entity
2021-04-24 16:53:19,780 |OFBiz-batch-2        |DatabaseUtil                  |W| Table named [MIME_TYPE] exists in the database but has no corresponding entity
2021-04-24 16:53:19,780 |OFBiz-batch-2        |DatabaseUtil                  |W| Table named [MIME_TYPE_HTML_TEMPLATE] exists in the database but has no corresponding entity
2021-04-24 16:53:19,780 |OFBiz-batch-2        |DatabaseUtil                  |W| Table named [MRP_EVENT] exists in the database but has no corresponding entity
2021-04-24 16:53:19,780 |OFBiz-batch-2        |DatabaseUtil                  |W| Table named [MRP_EVENT_TYPE] exists in the database but has no corresponding entity
2021-04-24 16:53:19,780 |OFBiz-batch-2        |DatabaseUtil                  |W| Table named [NEED_TYPE] exists in the database but has no corresponding entity
2021-04-24 16:53:19,780 |OFBiz-batch-2        |DatabaseUtil                  |W| Table named [NOTE_DATA] exists in the database but has no corresponding entity
2021-04-24 16:53:19,780 |OFBiz-batch-2        |DatabaseUtil                  |W| Table named [ORDER_ADJUSTMENT] exists in the database but has no corresponding entity
2021-04-24 16:53:19,780 |OFBiz-batch-2        |DatabaseUtil                  |W| Table named [ORDER_ADJUSTMENT_ATTRIBUTE] exists in the database but has no corresponding entity
2021-04-24 16:53:19,780 |OFBiz-batch-2        |DatabaseUtil                  |W| Table named [ORDER_ADJUSTMENT_BILLING] exists in the database but has no corresponding entity
2021-04-24 16:53:19,780 |OFBiz-batch-2        |DatabaseUtil                  |W| Table named [ORDER_ADJUSTMENT_TYPE] exists in the database but has no corresponding entity
2021-04-24 16:53:19,780 |OFBiz-batch-2        |DatabaseUtil                  |W| Table named [ORDER_ADJUSTMENT_TYPE_ATTR] exists in the database but has no corresponding entity
2021-04-24 16:53:19,780 |OFBiz-batch-2        |DatabaseUtil                  |W| Table named [ORDER_ATTRIBUTE] exists in the database but has no corresponding entity
2021-04-24 16:53:19,780 |OFBiz-batch-2        |DatabaseUtil                  |W| Table named [ORDER_BLACKLIST] exists in the database but has no corresponding entity
2021-04-24 16:53:19,780 |OFBiz-batch-2        |DatabaseUtil                  |W| Table named [ORDER_BLACKLIST_TYPE] exists in the database but has no corresponding entity
2021-04-24 16:53:19,780 |OFBiz-batch-2        |DatabaseUtil                  |W| Table named [ORDER_CONTACT_MECH] exists in the database but has no corresponding entity
2021-04-24 16:53:19,780 |OFBiz-batch-2        |DatabaseUtil                  |W| Table named [ORDER_CONTENT] exists in the database but has no corresponding entity
2021-04-24 16:53:19,780 |OFBiz-batch-2        |DatabaseUtil                  |W| Table named [ORDER_CONTENT_TYPE] exists in the database but has no corresponding entity
2021-04-24 16:53:19,780 |OFBiz-batch-2        |DatabaseUtil                  |W| Table named [ORDER_DELIVERY_SCHEDULE] exists in the database but has no corresponding entity
2021-04-24 16:53:19,780 |OFBiz-batch-2        |DatabaseUtil                  |W| Table named [ORDER_HEADER] exists in the database but has no corresponding entity
2021-04-24 16:53:19,780 |OFBiz-batch-2        |DatabaseUtil                  |W| Table named [ORDER_HEADER_NOTE] exists in the database but has no corresponding entity
2021-04-24 16:53:19,780 |OFBiz-batch-2        |DatabaseUtil                  |W| Table named [ORDER_HEADER_WORK_EFFORT] exists in the database but has no corresponding entity
2021-04-24 16:53:19,780 |OFBiz-batch-2        |DatabaseUtil                  |W| Table named [ORDER_ITEM] exists in the database but has no corresponding entity
2021-04-24 16:53:19,780 |OFBiz-batch-2        |DatabaseUtil                  |W| Table named [ORDER_ITEM_ASSOC] exists in the database but has no corresponding entity
2021-04-24 16:53:19,780 |OFBiz-batch-2        |DatabaseUtil                  |W| Table named [ORDER_ITEM_ASSOC_TYPE] exists in the database but has no corresponding entity
2021-04-24 16:53:19,780 |OFBiz-batch-2        |DatabaseUtil                  |W| Table named [ORDER_ITEM_ATTRIBUTE] exists in the database but has no corresponding entity
2021-04-24 16:53:19,780 |OFBiz-batch-2        |DatabaseUtil                  |W| Table named [ORDER_ITEM_BILLING] exists in the database but has no corresponding entity
2021-04-24 16:53:19,780 |OFBiz-batch-2        |DatabaseUtil                  |W| Table named [ORDER_ITEM_CHANGE] exists in the database but has no corresponding entity
2021-04-24 16:53:19,780 |OFBiz-batch-2        |DatabaseUtil                  |W| Table named [ORDER_ITEM_CONTACT_MECH] exists in the database but has no corresponding entity
2021-04-24 16:53:19,780 |OFBiz-batch-2        |DatabaseUtil                  |W| Table named [ORDER_ITEM_GROUP] exists in the database but has no corresponding entity
2021-04-24 16:53:19,780 |OFBiz-batch-2        |DatabaseUtil                  |W| Table named [ORDER_ITEM_GROUP_ORDER] exists in the database but has no corresponding entity
2021-04-24 16:53:19,780 |OFBiz-batch-2        |DatabaseUtil                  |W| Table named [ORDER_ITEM_PRICE_INFO] exists in the database but has no corresponding entity
2021-04-24 16:53:19,781 |OFBiz-batch-2        |DatabaseUtil                  |W| Table named [ORDER_ITEM_ROLE] exists in the database but has no corresponding entity
2021-04-24 16:53:19,781 |OFBiz-batch-2        |DatabaseUtil                  |W| Table named [ORDER_ITEM_SHIP_GROUP] exists in the database but has no corresponding entity
2021-04-24 16:53:19,781 |OFBiz-batch-2        |DatabaseUtil                  |W| Table named [ORDER_ITEM_SHIP_GROUP_ASSOC] exists in the database but has no corresponding entity
2021-04-24 16:53:19,781 |OFBiz-batch-2        |DatabaseUtil                  |W| Table named [ORDER_ITEM_SHIP_GRP_INV_RES] exists in the database but has no corresponding entity
2021-04-24 16:53:19,781 |OFBiz-batch-2        |DatabaseUtil                  |W| Table named [ORDER_ITEM_TYPE] exists in the database but has no corresponding entity
2021-04-24 16:53:19,781 |OFBiz-batch-2        |DatabaseUtil                  |W| Table named [ORDER_ITEM_TYPE_ATTR] exists in the database but has no corresponding entity
2021-04-24 16:53:19,781 |OFBiz-batch-2        |DatabaseUtil                  |W| Table named [ORDER_NOTIFICATION] exists in the database but has no corresponding entity
2021-04-24 16:53:19,781 |OFBiz-batch-2        |DatabaseUtil                  |W| Table named [ORDER_PAYMENT_PREFERENCE] exists in the database but has no corresponding entity
2021-04-24 16:53:19,781 |OFBiz-batch-2        |DatabaseUtil                  |W| Table named [ORDER_PRODUCT_PROMO_CODE] exists in the database but has no corresponding entity
2021-04-24 16:53:19,781 |OFBiz-batch-2        |DatabaseUtil                  |W| Table named [ORDER_REQUIREMENT_COMMITMENT] exists in the database but has no corresponding entity
2021-04-24 16:53:19,781 |OFBiz-batch-2        |DatabaseUtil                  |W| Table named [ORDER_ROLE] exists in the database but has no corresponding entity
2021-04-24 16:53:19,781 |OFBiz-batch-2        |DatabaseUtil                  |W| Table named [ORDER_SHIPMENT] exists in the database but has no corresponding entity
2021-04-24 16:53:19,781 |OFBiz-batch-2        |DatabaseUtil                  |W| Table named [ORDER_STATUS] exists in the database but has no corresponding entity
2021-04-24 16:53:19,781 |OFBiz-batch-2        |DatabaseUtil                  |W| Table named [ORDER_SUMMARY_ENTRY] exists in the database but has no corresponding entity
2021-04-24 16:53:19,781 |OFBiz-batch-2        |DatabaseUtil                  |W| Table named [ORDER_TERM] exists in the database but has no corresponding entity
2021-04-24 16:53:19,781 |OFBiz-batch-2        |DatabaseUtil                  |W| Table named [ORDER_TERM_ATTRIBUTE] exists in the database but has no corresponding entity
2021-04-24 16:53:19,781 |OFBiz-batch-2        |DatabaseUtil                  |W| Table named [ORDER_TYPE] exists in the database but has no corresponding entity
2021-04-24 16:53:19,781 |OFBiz-batch-2        |DatabaseUtil                  |W| Table named [ORDER_TYPE_ATTR] exists in the database but has no corresponding entity
2021-04-24 16:53:19,781 |OFBiz-batch-2        |DatabaseUtil                  |W| Table named [OTHER_DATA_RESOURCE] exists in the database but has no corresponding entity
2021-04-24 16:53:19,781 |OFBiz-batch-2        |DatabaseUtil                  |W| Table named [PARTY] exists in the database but has no corresponding entity
2021-04-24 16:53:19,781 |OFBiz-batch-2        |DatabaseUtil                  |W| Table named [PARTY_ACCTG_PREFERENCE] exists in the database but has no corresponding entity
2021-04-24 16:53:19,781 |OFBiz-batch-2        |DatabaseUtil                  |W| Table named [PARTY_ATTRIBUTE] exists in the database but has no corresponding entity
2021-04-24 16:53:19,781 |OFBiz-batch-2        |DatabaseUtil                  |W| Table named [PARTY_BENEFIT] exists in the database but has no corresponding entity
2021-04-24 16:53:19,781 |OFBiz-batch-2        |DatabaseUtil                  |W| Table named [PARTY_CARRIER_ACCOUNT] exists in the database but has no corresponding entity
2021-04-24 16:53:19,781 |OFBiz-batch-2        |DatabaseUtil                  |W| Table named [PARTY_CLASSIFICATION] exists in the database but has no corresponding entity
2021-04-24 16:53:19,781 |OFBiz-batch-2        |DatabaseUtil                  |W| Table named [PARTY_CLASSIFICATION_GROUP] exists in the database but has no corresponding entity
2021-04-24 16:53:19,781 |OFBiz-batch-2        |DatabaseUtil                  |W| Table named [PARTY_CLASSIFICATION_TYPE] exists in the database but has no corresponding entity
2021-04-24 16:53:19,781 |OFBiz-batch-2        |DatabaseUtil                  |W| Table named [PARTY_CONTACT_MECH] exists in the database but has no corresponding entity
2021-04-24 16:53:19,781 |OFBiz-batch-2        |DatabaseUtil                  |W| Table named [PARTY_CONTACT_MECH_PURPOSE] exists in the database but has no corresponding entity
2021-04-24 16:53:19,781 |OFBiz-batch-2        |DatabaseUtil                  |W| Table named [PARTY_CONTENT] exists in the database but has no corresponding entity
2021-04-24 16:53:19,781 |OFBiz-batch-2        |DatabaseUtil                  |W| Table named [PARTY_CONTENT_TYPE] exists in the database but has no corresponding entity
2021-04-24 16:53:19,781 |OFBiz-batch-2        |DatabaseUtil                  |W| Table named [PARTY_DATA_SOURCE] exists in the database but has no corresponding entity
2021-04-24 16:53:19,781 |OFBiz-batch-2        |DatabaseUtil                  |W| Table named [PARTY_FIXED_ASSET_ASSIGNMENT] exists in the database but has no corresponding entity
2021-04-24 16:53:19,781 |OFBiz-batch-2        |DatabaseUtil                  |W| Table named [PARTY_GEO_POINT] exists in the database but has no corresponding entity
2021-04-24 16:53:19,781 |OFBiz-batch-2        |DatabaseUtil                  |W| Table named [PARTY_GL_ACCOUNT] exists in the database but has no corresponding entity
2021-04-24 16:53:19,781 |OFBiz-batch-2        |DatabaseUtil                  |W| Table named [PARTY_GROUP] exists in the database but has no corresponding entity
2021-04-24 16:53:19,781 |OFBiz-batch-2        |DatabaseUtil                  |W| Table named [PARTY_ICS_AVS_OVERRIDE] exists in the database but has no corresponding entity
2021-04-24 16:53:19,781 |OFBiz-batch-2        |DatabaseUtil                  |W| Table named [PARTY_IDENTIFICATION] exists in the database but has no corresponding entity
2021-04-24 16:53:19,781 |OFBiz-batch-2        |DatabaseUtil                  |W| Table named [PARTY_IDENTIFICATION_TYPE] exists in the database but has no corresponding entity
2021-04-24 16:53:19,781 |OFBiz-batch-2        |DatabaseUtil                  |W| Table named [PARTY_INVITATION] exists in the database but has no corresponding entity
2021-04-24 16:53:19,781 |OFBiz-batch-2        |DatabaseUtil                  |W| Table named [PARTY_INVITATION_GROUP_ASSOC] exists in the database but has no corresponding entity
2021-04-24 16:53:19,781 |OFBiz-batch-2        |DatabaseUtil                  |W| Table named [PARTY_INVITATION_ROLE_ASSOC] exists in the database but has no corresponding entity
2021-04-24 16:53:19,781 |OFBiz-batch-2        |DatabaseUtil                  |W| Table named [PARTY_NAME_HISTORY] exists in the database but has no corresponding entity
2021-04-24 16:53:19,781 |OFBiz-batch-2        |DatabaseUtil                  |W| Table named [PARTY_NEED] exists in the database but has no corresponding entity
2021-04-24 16:53:19,781 |OFBiz-batch-2        |DatabaseUtil                  |W| Table named [PARTY_NOTE] exists in the database but has no corresponding entity
2021-04-24 16:53:19,782 |OFBiz-batch-2        |DatabaseUtil                  |W| Table named [PARTY_PROFILE_DEFAULT] exists in the database but has no corresponding entity
2021-04-24 16:53:19,782 |OFBiz-batch-2        |DatabaseUtil                  |W| Table named [PARTY_QUAL] exists in the database but has no corresponding entity
2021-04-24 16:53:19,782 |OFBiz-batch-2        |DatabaseUtil                  |W| Table named [PARTY_QUAL_TYPE] exists in the database but has no corresponding entity
2021-04-24 16:53:19,782 |OFBiz-batch-2        |DatabaseUtil                  |W| Table named [PARTY_RATE_NEW] exists in the database but has no corresponding entity
2021-04-24 16:53:19,782 |OFBiz-batch-2        |DatabaseUtil                  |W| Table named [PARTY_RELATIONSHIP] exists in the database but has no corresponding entity
2021-04-24 16:53:19,782 |OFBiz-batch-2        |DatabaseUtil                  |W| Table named [PARTY_RELATIONSHIP_TYPE] exists in the database but has no corresponding entity
2021-04-24 16:53:19,782 |OFBiz-batch-2        |DatabaseUtil                  |W| Table named [PARTY_RESUME] exists in the database but has no corresponding entity
2021-04-24 16:53:19,782 |OFBiz-batch-2        |DatabaseUtil                  |W| Table named [PARTY_ROLE] exists in the database but has no corresponding entity
2021-04-24 16:53:19,782 |OFBiz-batch-2        |DatabaseUtil                  |W| Table named [PARTY_SKILL] exists in the database but has no corresponding entity
2021-04-24 16:53:19,782 |OFBiz-batch-2        |DatabaseUtil                  |W| Table named [PARTY_STATUS] exists in the database but has no corresponding entity
2021-04-24 16:53:19,782 |OFBiz-batch-2        |DatabaseUtil                  |W| Table named [PARTY_TAX_AUTH_INFO] exists in the database but has no corresponding entity
2021-04-24 16:53:19,782 |OFBiz-batch-2        |DatabaseUtil                  |W| Table named [PARTY_TYPE] exists in the database but has no corresponding entity
2021-04-24 16:53:19,782 |OFBiz-batch-2        |DatabaseUtil                  |W| Table named [PARTY_TYPE_ATTR] exists in the database but has no corresponding entity
2021-04-24 16:53:19,782 |OFBiz-batch-2        |DatabaseUtil                  |W| Table named [PAYMENT] exists in the database but has no corresponding entity
2021-04-24 16:53:19,782 |OFBiz-batch-2        |DatabaseUtil                  |W| Table named [PAYMENT_APPLICATION] exists in the database but has no corresponding entity
2021-04-24 16:53:19,782 |OFBiz-batch-2        |DatabaseUtil                  |W| Table named [PAYMENT_ATTRIBUTE] exists in the database but has no corresponding entity
2021-04-24 16:53:19,782 |OFBiz-batch-2        |DatabaseUtil                  |W| Table named [PAYMENT_BUDGET_ALLOCATION] exists in the database but has no corresponding entity
2021-04-24 16:53:19,782 |OFBiz-batch-2        |DatabaseUtil                  |W| Table named [PAYMENT_CONTENT] exists in the database but has no corresponding entity
2021-04-24 16:53:19,782 |OFBiz-batch-2        |DatabaseUtil                  |W| Table named [PAYMENT_CONTENT_TYPE] exists in the database but has no corresponding entity
2021-04-24 16:53:19,782 |OFBiz-batch-2        |DatabaseUtil                  |W| Table named [PAYMENT_GATEWAYI_D_E_A_L] exists in the database but has no corresponding entity
2021-04-24 16:53:19,782 |OFBiz-batch-2        |DatabaseUtil                  |W| Table named [PAYMENT_GATEWAY_AUTHORIZE_NET] exists in the database but has no corresponding entity
2021-04-24 16:53:19,782 |OFBiz-batch-2        |DatabaseUtil                  |W| Table named [PAYMENT_GATEWAY_CLEAR_COMMERCE] exists in the database but has no corresponding entity
2021-04-24 16:53:19,782 |OFBiz-batch-2        |DatabaseUtil                  |W| Table named [PAYMENT_GATEWAY_CONFIG] exists in the database but has no corresponding entity
2021-04-24 16:53:19,782 |OFBiz-batch-2        |DatabaseUtil                  |W| Table named [PAYMENT_GATEWAY_CONFIG_TYPE] exists in the database but has no corresponding entity
2021-04-24 16:53:19,782 |OFBiz-batch-2        |DatabaseUtil                  |W| Table named [PAYMENT_GATEWAY_CYBER_SOURCE] exists in the database but has no corresponding entity
2021-04-24 16:53:19,782 |OFBiz-batch-2        |DatabaseUtil                  |W| Table named [PAYMENT_GATEWAY_EWAY] exists in the database but has no corresponding entity
2021-04-24 16:53:19,782 |OFBiz-batch-2        |DatabaseUtil                  |W| Table named [PAYMENT_GATEWAY_ORBITAL] exists in the database but has no corresponding entity
2021-04-24 16:53:19,782 |OFBiz-batch-2        |DatabaseUtil                  |W| Table named [PAYMENT_GATEWAY_PAYFLOW_PRO] exists in the database but has no corresponding entity
2021-04-24 16:53:19,782 |OFBiz-batch-2        |DatabaseUtil                  |W| Table named [PAYMENT_GATEWAY_PAY_PAL] exists in the database but has no corresponding entity
2021-04-24 16:53:19,782 |OFBiz-batch-2        |DatabaseUtil                  |W| Table named [PAYMENT_GATEWAY_RESPONSE] exists in the database but has no corresponding entity
2021-04-24 16:53:19,782 |OFBiz-batch-2        |DatabaseUtil                  |W| Table named [PAYMENT_GATEWAY_RESP_MSG] exists in the database but has no corresponding entity
2021-04-24 16:53:19,782 |OFBiz-batch-2        |DatabaseUtil                  |W| Table named [PAYMENT_GATEWAY_SAGE_PAY] exists in the database but has no corresponding entity
2021-04-24 16:53:19,782 |OFBiz-batch-2        |DatabaseUtil                  |W| Table named [PAYMENT_GATEWAY_SECURE_PAY] exists in the database but has no corresponding entity
2021-04-24 16:53:19,782 |OFBiz-batch-2        |DatabaseUtil                  |W| Table named [PAYMENT_GATEWAY_WORLD_PAY] exists in the database but has no corresponding entity
2021-04-24 16:53:19,782 |OFBiz-batch-2        |DatabaseUtil                  |W| Table named [PAYMENT_GL_ACCOUNT_TYPE_MAP] exists in the database but has no corresponding entity
2021-04-24 16:53:19,782 |OFBiz-batch-2        |DatabaseUtil                  |W| Table named [PAYMENT_GROUP] exists in the database but has no corresponding entity
2021-04-24 16:53:19,782 |OFBiz-batch-2        |DatabaseUtil                  |W| Table named [PAYMENT_GROUP_MEMBER] exists in the database but has no corresponding entity
2021-04-24 16:53:19,782 |OFBiz-batch-2        |DatabaseUtil                  |W| Table named [PAYMENT_GROUP_TYPE] exists in the database but has no corresponding entity
2021-04-24 16:53:19,782 |OFBiz-batch-2        |DatabaseUtil                  |W| Table named [PAYMENT_METHOD] exists in the database but has no corresponding entity
2021-04-24 16:53:19,782 |OFBiz-batch-2        |DatabaseUtil                  |W| Table named [PAYMENT_METHOD_TYPE] exists in the database but has no corresponding entity
2021-04-24 16:53:19,782 |OFBiz-batch-2        |DatabaseUtil                  |W| Table named [PAYMENT_METHOD_TYPE_GL_ACCOUNT] exists in the database but has no corresponding entity
2021-04-24 16:53:19,782 |OFBiz-batch-2        |DatabaseUtil                  |W| Table named [PAYMENT_TYPE] exists in the database but has no corresponding entity
2021-04-24 16:53:19,782 |OFBiz-batch-2        |DatabaseUtil                  |W| Table named [PAYMENT_TYPE_ATTR] exists in the database but has no corresponding entity
2021-04-24 16:53:19,782 |OFBiz-batch-2        |DatabaseUtil                  |W| Table named [PAYROLL_PREFERENCE] exists in the database but has no corresponding entity
2021-04-24 16:53:19,782 |OFBiz-batch-2        |DatabaseUtil                  |W| Table named [PAY_GRADE] exists in the database but has no corresponding entity
2021-04-24 16:53:19,782 |OFBiz-batch-2        |DatabaseUtil                  |W| Table named [PAY_HISTORY] exists in the database but has no corresponding entity
2021-04-24 16:53:19,782 |OFBiz-batch-2        |DatabaseUtil                  |W| Table named [PAY_PAL_PAYMENT_METHOD] exists in the database but has no corresponding entity
2021-04-24 16:53:19,782 |OFBiz-batch-2        |DatabaseUtil                  |W| Table named [PERFORMANCE_NOTE] exists in the database but has no corresponding entity
2021-04-24 16:53:19,782 |OFBiz-batch-2        |DatabaseUtil                  |W| Table named [PERF_RATING_TYPE] exists in the database but has no corresponding entity
2021-04-24 16:53:19,782 |OFBiz-batch-2        |DatabaseUtil                  |W| Table named [PERF_REVIEW] exists in the database but has no corresponding entity
2021-04-24 16:53:19,782 |OFBiz-batch-2        |DatabaseUtil                  |W| Table named [PERF_REVIEW_ITEM] exists in the database but has no corresponding entity
2021-04-24 16:53:19,782 |OFBiz-batch-2        |DatabaseUtil                  |W| Table named [PERF_REVIEW_ITEM_TYPE] exists in the database but has no corresponding entity
2021-04-24 16:53:19,782 |OFBiz-batch-2        |DatabaseUtil                  |W| Table named [PERIOD_TYPE] exists in the database but has no corresponding entity
2021-04-24 16:53:19,782 |OFBiz-batch-2        |DatabaseUtil                  |W| Table named [PERSON] exists in the database but has no corresponding entity
2021-04-24 16:53:19,782 |OFBiz-batch-2        |DatabaseUtil                  |W| Table named [PERSON_TRAINING] exists in the database but has no corresponding entity
2021-04-24 16:53:19,782 |OFBiz-batch-2        |DatabaseUtil                  |W| Table named [PHYSICAL_INVENTORY] exists in the database but has no corresponding entity
2021-04-24 16:53:19,782 |OFBiz-batch-2        |DatabaseUtil                  |W| Table named [PICKLIST] exists in the database but has no corresponding entity
2021-04-24 16:53:19,782 |OFBiz-batch-2        |DatabaseUtil                  |W| Table named [PICKLIST_BIN] exists in the database but has no corresponding entity
2021-04-24 16:53:19,782 |OFBiz-batch-2        |DatabaseUtil                  |W| Table named [PICKLIST_ITEM] exists in the database but has no corresponding entity
2021-04-24 16:53:19,782 |OFBiz-batch-2        |DatabaseUtil                  |W| Table named [PICKLIST_ROLE] exists in the database but has no corresponding entity
2021-04-24 16:53:19,782 |OFBiz-batch-2        |DatabaseUtil                  |W| Table named [PICKLIST_STATUS_HISTORY] exists in the database but has no corresponding entity
2021-04-24 16:53:19,782 |OFBiz-batch-2        |DatabaseUtil                  |W| Table named [PLATFORM_TYPE] exists in the database but has no corresponding entity
2021-04-24 16:53:19,782 |OFBiz-batch-2        |DatabaseUtil                  |W| Table named [PORTAL_PAGE] exists in the database but has no corresponding entity
2021-04-24 16:53:19,783 |OFBiz-batch-2        |DatabaseUtil                  |W| Table named [PORTAL_PAGE_COLUMN] exists in the database but has no corresponding entity
2021-04-24 16:53:19,783 |OFBiz-batch-2        |DatabaseUtil                  |W| Table named [PORTAL_PAGE_PORTLET] exists in the database but has no corresponding entity
2021-04-24 16:53:19,783 |OFBiz-batch-2        |DatabaseUtil                  |W| Table named [PORTAL_PORTLET] exists in the database but has no corresponding entity
2021-04-24 16:53:19,783 |OFBiz-batch-2        |DatabaseUtil                  |W| Table named [PORTLET_ATTRIBUTE] exists in the database but has no corresponding entity
2021-04-24 16:53:19,783 |OFBiz-batch-2        |DatabaseUtil                  |W| Table named [PORTLET_CATEGORY] exists in the database but has no corresponding entity
2021-04-24 16:53:19,783 |OFBiz-batch-2        |DatabaseUtil                  |W| Table named [PORTLET_PORTLET_CATEGORY] exists in the database but has no corresponding entity
2021-04-24 16:53:19,783 |OFBiz-batch-2        |DatabaseUtil                  |W| Table named [POSTAL_ADDRESS] exists in the database but has no corresponding entity
2021-04-24 16:53:19,783 |OFBiz-batch-2        |DatabaseUtil                  |W| Table named [POSTAL_ADDRESS_BOUNDARY] exists in the database but has no corresponding entity
2021-04-24 16:53:19,783 |OFBiz-batch-2        |DatabaseUtil                  |W| Table named [PRIORITY_TYPE] exists in the database but has no corresponding entity
2021-04-24 16:53:19,783 |OFBiz-batch-2        |DatabaseUtil                  |W| Table named [PROCESSLIST] exists in the database but has no corresponding entity
2021-04-24 16:53:19,783 |OFBiz-batch-2        |DatabaseUtil                  |W| Table named [PRODUCT] exists in the database but has no corresponding entity
2021-04-24 16:53:19,783 |OFBiz-batch-2        |DatabaseUtil                  |W| Table named [PRODUCT_ASSOC] exists in the database but has no corresponding entity
2021-04-24 16:53:19,783 |OFBiz-batch-2        |DatabaseUtil                  |W| Table named [PRODUCT_ASSOC_TYPE] exists in the database but has no corresponding entity
2021-04-24 16:53:19,783 |OFBiz-batch-2        |DatabaseUtil                  |W| Table named [PRODUCT_ATTRIBUTE] exists in the database but has no corresponding entity
2021-04-24 16:53:19,783 |OFBiz-batch-2        |DatabaseUtil                  |W| Table named [PRODUCT_AVERAGE_COST] exists in the database but has no corresponding entity
2021-04-24 16:53:19,783 |OFBiz-batch-2        |DatabaseUtil                  |W| Table named [PRODUCT_AVERAGE_COST_TYPE] exists in the database but has no corresponding entity
2021-04-24 16:53:19,783 |OFBiz-batch-2        |DatabaseUtil                  |W| Table named [PRODUCT_CALCULATED_INFO] exists in the database but has no corresponding entity
2021-04-24 16:53:19,783 |OFBiz-batch-2        |DatabaseUtil                  |W| Table named [PRODUCT_CATEGORY] exists in the database but has no corresponding entity
2021-04-24 16:53:19,783 |OFBiz-batch-2        |DatabaseUtil                  |W| Table named [PRODUCT_CATEGORY_ATTRIBUTE] exists in the database but has no corresponding entity
2021-04-24 16:53:19,783 |OFBiz-batch-2        |DatabaseUtil                  |W| Table named [PRODUCT_CATEGORY_CONTENT] exists in the database but has no corresponding entity
2021-04-24 16:53:19,783 |OFBiz-batch-2        |DatabaseUtil                  |W| Table named [PRODUCT_CATEGORY_CONTENT_TYPE] exists in the database but has no corresponding entity
2021-04-24 16:53:19,783 |OFBiz-batch-2        |DatabaseUtil                  |W| Table named [PRODUCT_CATEGORY_GL_ACCOUNT] exists in the database but has no corresponding entity
2021-04-24 16:53:19,783 |OFBiz-batch-2        |DatabaseUtil                  |W| Table named [PRODUCT_CATEGORY_LINK] exists in the database but has no corresponding entity
2021-04-24 16:53:19,783 |OFBiz-batch-2        |DatabaseUtil                  |W| Table named [PRODUCT_CATEGORY_MEMBER] exists in the database but has no corresponding entity
2021-04-24 16:53:19,783 |OFBiz-batch-2        |DatabaseUtil                  |W| Table named [PRODUCT_CATEGORY_ROLE] exists in the database but has no corresponding entity
2021-04-24 16:53:19,784 |OFBiz-batch-2        |DatabaseUtil                  |W| Table named [PRODUCT_CATEGORY_ROLLUP] exists in the database but has no corresponding entity
2021-04-24 16:53:19,784 |OFBiz-batch-2        |DatabaseUtil                  |W| Table named [PRODUCT_CATEGORY_TYPE] exists in the database but has no corresponding entity
2021-04-24 16:53:19,784 |OFBiz-batch-2        |DatabaseUtil                  |W| Table named [PRODUCT_CATEGORY_TYPE_ATTR] exists in the database but has no corresponding entity
2021-04-24 16:53:19,784 |OFBiz-batch-2        |DatabaseUtil                  |W| Table named [PRODUCT_CONFIG] exists in the database but has no corresponding entity
2021-04-24 16:53:19,784 |OFBiz-batch-2        |DatabaseUtil                  |W| Table named [PRODUCT_CONFIG_CONFIG] exists in the database but has no corresponding entity
2021-04-24 16:53:19,784 |OFBiz-batch-2        |DatabaseUtil                  |W| Table named [PRODUCT_CONFIG_ITEM] exists in the database but has no corresponding entity
2021-04-24 16:53:19,784 |OFBiz-batch-2        |DatabaseUtil                  |W| Table named [PRODUCT_CONFIG_OPTION] exists in the database but has no corresponding entity
2021-04-24 16:53:19,784 |OFBiz-batch-2        |DatabaseUtil                  |W| Table named [PRODUCT_CONFIG_OPTION_IACTN] exists in the database but has no corresponding entity
2021-04-24 16:53:19,784 |OFBiz-batch-2        |DatabaseUtil                  |W| Table named [PRODUCT_CONFIG_PRODUCT] exists in the database but has no corresponding entity
2021-04-24 16:53:19,784 |OFBiz-batch-2        |DatabaseUtil                  |W| Table named [PRODUCT_CONFIG_STATS] exists in the database but has no corresponding entity
2021-04-24 16:53:19,784 |OFBiz-batch-2        |DatabaseUtil                  |W| Table named [PRODUCT_CONTENT] exists in the database but has no corresponding entity
2021-04-24 16:53:19,784 |OFBiz-batch-2        |DatabaseUtil                  |W| Table named [PRODUCT_CONTENT_TYPE] exists in the database but has no corresponding entity
2021-04-24 16:53:19,785 |OFBiz-batch-2        |DatabaseUtil                  |W| Table named [PRODUCT_COST_COMPONENT_CALC] exists in the database but has no corresponding entity
2021-04-24 16:53:19,785 |OFBiz-batch-2        |DatabaseUtil                  |W| Table named [PRODUCT_FACILITY] exists in the database but has no corresponding entity
2021-04-24 16:53:19,785 |OFBiz-batch-2        |DatabaseUtil                  |W| Table named [PRODUCT_FACILITY_LOCATION] exists in the database but has no corresponding entity
2021-04-24 16:53:19,785 |OFBiz-batch-2        |DatabaseUtil                  |W| Table named [PRODUCT_FEATURE] exists in the database but has no corresponding entity
2021-04-24 16:53:19,785 |OFBiz-batch-2        |DatabaseUtil                  |W| Table named [PRODUCT_FEATURE_APPL] exists in the database but has no corresponding entity
2021-04-24 16:53:19,785 |OFBiz-batch-2        |DatabaseUtil                  |W| Table named [PRODUCT_FEATURE_APPL_ATTR] exists in the database but has no corresponding entity
2021-04-24 16:53:19,785 |OFBiz-batch-2        |DatabaseUtil                  |W| Table named [PRODUCT_FEATURE_APPL_TYPE] exists in the database but has no corresponding entity
2021-04-24 16:53:19,785 |OFBiz-batch-2        |DatabaseUtil                  |W| Table named [PRODUCT_FEATURE_CATEGORY] exists in the database but has no corresponding entity
2021-04-24 16:53:19,785 |OFBiz-batch-2        |DatabaseUtil                  |W| Table named [PRODUCT_FEATURE_CATEGORY_APPL] exists in the database but has no corresponding entity
2021-04-24 16:53:19,785 |OFBiz-batch-2        |DatabaseUtil                  |W| Table named [PRODUCT_FEATURE_CAT_GRP_APPL] exists in the database but has no corresponding entity
2021-04-24 16:53:19,785 |OFBiz-batch-2        |DatabaseUtil                  |W| Table named [PRODUCT_FEATURE_DATA_RESOURCE] exists in the database but has no corresponding entity
2021-04-24 16:53:19,785 |OFBiz-batch-2        |DatabaseUtil                  |W| Table named [PRODUCT_FEATURE_GROUP] exists in the database but has no corresponding entity
2021-04-24 16:53:19,785 |OFBiz-batch-2        |DatabaseUtil                  |W| Table named [PRODUCT_FEATURE_GROUP_APPL] exists in the database but has no corresponding entity
2021-04-24 16:53:19,786 |OFBiz-batch-2        |DatabaseUtil                  |W| Table named [PRODUCT_FEATURE_IACTN] exists in the database but has no corresponding entity
2021-04-24 16:53:19,786 |OFBiz-batch-2        |DatabaseUtil                  |W| Table named [PRODUCT_FEATURE_IACTN_TYPE] exists in the database but has no corresponding entity
2021-04-24 16:53:19,786 |OFBiz-batch-2        |DatabaseUtil                  |W| Table named [PRODUCT_FEATURE_PRICE] exists in the database but has no corresponding entity
2021-04-24 16:53:19,786 |OFBiz-batch-2        |DatabaseUtil                  |W| Table named [PRODUCT_FEATURE_TYPE] exists in the database but has no corresponding entity
2021-04-24 16:53:19,786 |OFBiz-batch-2        |DatabaseUtil                  |W| Table named [PRODUCT_GEO] exists in the database but has no corresponding entity
2021-04-24 16:53:19,786 |OFBiz-batch-2        |DatabaseUtil                  |W| Table named [PRODUCT_GL_ACCOUNT] exists in the database but has no corresponding entity
2021-04-24 16:53:19,786 |OFBiz-batch-2        |DatabaseUtil                  |W| Table named [PRODUCT_GROUP_ORDER] exists in the database but has no corresponding entity
2021-04-24 16:53:19,786 |OFBiz-batch-2        |DatabaseUtil                  |W| Table named [PRODUCT_KEYWORD_NEW] exists in the database but has no corresponding entity
2021-04-24 16:53:19,786 |OFBiz-batch-2        |DatabaseUtil                  |W| Table named [PRODUCT_MAINT] exists in the database but has no corresponding entity
2021-04-24 16:53:19,786 |OFBiz-batch-2        |DatabaseUtil                  |W| Table named [PRODUCT_MAINT_TYPE] exists in the database but has no corresponding entity
2021-04-24 16:53:19,786 |OFBiz-batch-2        |DatabaseUtil                  |W| Table named [PRODUCT_MANUFACTURING_RULE] exists in the database but has no corresponding entity
2021-04-24 16:53:19,786 |OFBiz-batch-2        |DatabaseUtil                  |W| Table named [PRODUCT_METER] exists in the database but has no corresponding entity
2021-04-24 16:53:19,786 |OFBiz-batch-2        |DatabaseUtil                  |W| Table named [PRODUCT_METER_TYPE] exists in the database but has no corresponding entity
2021-04-24 16:53:19,786 |OFBiz-batch-2        |DatabaseUtil                  |W| Table named [PRODUCT_ORDER_ITEM] exists in the database but has no corresponding entity
2021-04-24 16:53:19,786 |OFBiz-batch-2        |DatabaseUtil                  |W| Table named [PRODUCT_PAYMENT_METHOD_TYPE] exists in the database but has no corresponding entity
2021-04-24 16:53:19,786 |OFBiz-batch-2        |DatabaseUtil                  |W| Table named [PRODUCT_PRICE] exists in the database but has no corresponding entity
2021-04-24 16:53:19,786 |OFBiz-batch-2        |DatabaseUtil                  |W| Table named [PRODUCT_PRICE_ACTION] exists in the database but has no corresponding entity
2021-04-24 16:53:19,786 |OFBiz-batch-2        |DatabaseUtil                  |W| Table named [PRODUCT_PRICE_ACTION_TYPE] exists in the database but has no corresponding entity
2021-04-24 16:53:19,786 |OFBiz-batch-2        |DatabaseUtil                  |W| Table named [PRODUCT_PRICE_AUTO_NOTICE] exists in the database but has no corresponding entity
2021-04-24 16:53:19,786 |OFBiz-batch-2        |DatabaseUtil                  |W| Table named [PRODUCT_PRICE_CHANGE] exists in the database but has no corresponding entity
2021-04-24 16:53:19,786 |OFBiz-batch-2        |DatabaseUtil                  |W| Table named [PRODUCT_PRICE_COND] exists in the database but has no corresponding entity
2021-04-24 16:53:19,786 |OFBiz-batch-2        |DatabaseUtil                  |W| Table named [PRODUCT_PRICE_PURPOSE] exists in the database but has no corresponding entity
2021-04-24 16:53:19,786 |OFBiz-batch-2        |DatabaseUtil                  |W| Table named [PRODUCT_PRICE_RULE] exists in the database but has no corresponding entity
2021-04-24 16:53:19,786 |OFBiz-batch-2        |DatabaseUtil                  |W| Table named [PRODUCT_PRICE_TYPE] exists in the database but has no corresponding entity
2021-04-24 16:53:19,786 |OFBiz-batch-2        |DatabaseUtil                  |W| Table named [PRODUCT_PROMO] exists in the database but has no corresponding entity
2021-04-24 16:53:19,786 |OFBiz-batch-2        |DatabaseUtil                  |W| Table named [PRODUCT_PROMO_ACTION] exists in the database but has no corresponding entity
2021-04-24 16:53:19,786 |OFBiz-batch-2        |DatabaseUtil                  |W| Table named [PRODUCT_PROMO_CATEGORY] exists in the database but has no corresponding entity
2021-04-24 16:53:19,786 |OFBiz-batch-2        |DatabaseUtil                  |W| Table named [PRODUCT_PROMO_CODE] exists in the database but has no corresponding entity
2021-04-24 16:53:19,786 |OFBiz-batch-2        |DatabaseUtil                  |W| Table named [PRODUCT_PROMO_CODE_EMAIL] exists in the database but has no corresponding entity
2021-04-24 16:53:19,786 |OFBiz-batch-2        |DatabaseUtil                  |W| Table named [PRODUCT_PROMO_CODE_PARTY] exists in the database but has no corresponding entity
2021-04-24 16:53:19,786 |OFBiz-batch-2        |DatabaseUtil                  |W| Table named [PRODUCT_PROMO_COND] exists in the database but has no corresponding entity
2021-04-24 16:53:19,786 |OFBiz-batch-2        |DatabaseUtil                  |W| Table named [PRODUCT_PROMO_CONTENT] exists in the database but has no corresponding entity
2021-04-24 16:53:19,786 |OFBiz-batch-2        |DatabaseUtil                  |W| Table named [PRODUCT_PROMO_PRODUCT] exists in the database but has no corresponding entity
2021-04-24 16:53:19,786 |OFBiz-batch-2        |DatabaseUtil                  |W| Table named [PRODUCT_PROMO_RULE] exists in the database but has no corresponding entity
2021-04-24 16:53:19,786 |OFBiz-batch-2        |DatabaseUtil                  |W| Table named [PRODUCT_PROMO_USE] exists in the database but has no corresponding entity
2021-04-24 16:53:19,786 |OFBiz-batch-2        |DatabaseUtil                  |W| Table named [PRODUCT_REVIEW] exists in the database but has no corresponding entity
2021-04-24 16:53:19,786 |OFBiz-batch-2        |DatabaseUtil                  |W| Table named [PRODUCT_ROLE] exists in the database but has no corresponding entity
2021-04-24 16:53:19,786 |OFBiz-batch-2        |DatabaseUtil                  |W| Table named [PRODUCT_SEARCH_CONSTRAINT] exists in the database but has no corresponding entity
2021-04-24 16:53:19,786 |OFBiz-batch-2        |DatabaseUtil                  |W| Table named [PRODUCT_SEARCH_RESULT] exists in the database but has no corresponding entity
2021-04-24 16:53:19,786 |OFBiz-batch-2        |DatabaseUtil                  |W| Table named [PRODUCT_STORE] exists in the database but has no corresponding entity
2021-04-24 16:53:19,786 |OFBiz-batch-2        |DatabaseUtil                  |W| Table named [PRODUCT_STORE_CATALOG] exists in the database but has no corresponding entity
2021-04-24 16:53:19,786 |OFBiz-batch-2        |DatabaseUtil                  |W| Table named [PRODUCT_STORE_EMAIL_SETTING] exists in the database but has no corresponding entity
2021-04-24 16:53:19,786 |OFBiz-batch-2        |DatabaseUtil                  |W| Table named [PRODUCT_STORE_FACILITY] exists in the database but has no corresponding entity
2021-04-24 16:53:19,786 |OFBiz-batch-2        |DatabaseUtil                  |W| Table named [PRODUCT_STORE_FIN_ACT_SETTING] exists in the database but has no corresponding entity
2021-04-24 16:53:19,786 |OFBiz-batch-2        |DatabaseUtil                  |W| Table named [PRODUCT_STORE_GROUP] exists in the database but has no corresponding entity
2021-04-24 16:53:19,786 |OFBiz-batch-2        |DatabaseUtil                  |W| Table named [PRODUCT_STORE_GROUP_MEMBER] exists in the database but has no corresponding entity
2021-04-24 16:53:19,786 |OFBiz-batch-2        |DatabaseUtil                  |W| Table named [PRODUCT_STORE_GROUP_ROLE] exists in the database but has no corresponding entity
2021-04-24 16:53:19,786 |OFBiz-batch-2        |DatabaseUtil                  |W| Table named [PRODUCT_STORE_GROUP_ROLLUP] exists in the database but has no corresponding entity
2021-04-24 16:53:19,787 |OFBiz-batch-2        |DatabaseUtil                  |W| Table named [PRODUCT_STORE_GROUP_TYPE] exists in the database but has no corresponding entity
2021-04-24 16:53:19,787 |OFBiz-batch-2        |DatabaseUtil                  |W| Table named [PRODUCT_STORE_KEYWORD_OVRD] exists in the database but has no corresponding entity
2021-04-24 16:53:19,787 |OFBiz-batch-2        |DatabaseUtil                  |W| Table named [PRODUCT_STORE_PAYMENT_SETTING] exists in the database but has no corresponding entity
2021-04-24 16:53:19,787 |OFBiz-batch-2        |DatabaseUtil                  |W| Table named [PRODUCT_STORE_PROMO_APPL] exists in the database but has no corresponding entity
2021-04-24 16:53:19,787 |OFBiz-batch-2        |DatabaseUtil                  |W| Table named [PRODUCT_STORE_ROLE] exists in the database but has no corresponding entity
2021-04-24 16:53:19,787 |OFBiz-batch-2        |DatabaseUtil                  |W| Table named [PRODUCT_STORE_SHIPMENT_METH] exists in the database but has no corresponding entity
2021-04-24 16:53:19,787 |OFBiz-batch-2        |DatabaseUtil                  |W| Table named [PRODUCT_STORE_SURVEY_APPL] exists in the database but has no corresponding entity
2021-04-24 16:53:19,787 |OFBiz-batch-2        |DatabaseUtil                  |W| Table named [PRODUCT_STORE_VENDOR_PAYMENT] exists in the database but has no corresponding entity
2021-04-24 16:53:19,787 |OFBiz-batch-2        |DatabaseUtil                  |W| Table named [PRODUCT_STORE_VENDOR_SHIPMENT] exists in the database but has no corresponding entity
2021-04-24 16:53:19,789 |OFBiz-batch-2        |DatabaseUtil                  |W| Table named [PRODUCT_SUBSCRIPTION_RESOURCE] exists in the database but has no corresponding entity
2021-04-24 16:53:19,789 |OFBiz-batch-2        |DatabaseUtil                  |W| Table named [PRODUCT_TYPE] exists in the database but has no corresponding entity
2021-04-24 16:53:19,789 |OFBiz-batch-2        |DatabaseUtil                  |W| Table named [PRODUCT_TYPE_ATTR] exists in the database but has no corresponding entity
2021-04-24 16:53:19,789 |OFBiz-batch-2        |DatabaseUtil                  |W| Table named [PROD_CATALOG] exists in the database but has no corresponding entity
2021-04-24 16:53:19,789 |OFBiz-batch-2        |DatabaseUtil                  |W| Table named [PROD_CATALOG_CATEGORY] exists in the database but has no corresponding entity
2021-04-24 16:53:19,789 |OFBiz-batch-2        |DatabaseUtil                  |W| Table named [PROD_CATALOG_CATEGORY_TYPE] exists in the database but has no corresponding entity
2021-04-24 16:53:19,789 |OFBiz-batch-2        |DatabaseUtil                  |W| Table named [PROD_CATALOG_INV_FACILITY] exists in the database but has no corresponding entity
2021-04-24 16:53:19,789 |OFBiz-batch-2        |DatabaseUtil                  |W| Table named [PROD_CATALOG_ROLE] exists in the database but has no corresponding entity
2021-04-24 16:53:19,789 |OFBiz-batch-2        |DatabaseUtil                  |W| Table named [PROD_CONF_ITEM_CONTENT] exists in the database but has no corresponding entity
2021-04-24 16:53:19,789 |OFBiz-batch-2        |DatabaseUtil                  |W| Table named [PROD_CONF_ITEM_CONTENT_TYPE] exists in the database but has no corresponding entity
2021-04-24 16:53:19,789 |OFBiz-batch-2        |DatabaseUtil                  |W| Table named [PROTECTED_VIEW] exists in the database but has no corresponding entity
2021-04-24 16:53:19,789 |OFBiz-batch-2        |DatabaseUtil                  |W| Table named [PROTOCOL_TYPE] exists in the database but has no corresponding entity
2021-04-24 16:53:19,789 |OFBiz-batch-2        |DatabaseUtil                  |W| Table named [PS_CHECK_LOST_INSTRUMENTATION] exists in the database but has no corresponding entity
2021-04-24 16:53:19,789 |OFBiz-batch-2        |DatabaseUtil                  |W| Table named [QUANTITY_BREAK] exists in the database but has no corresponding entity
2021-04-24 16:53:19,789 |OFBiz-batch-2        |DatabaseUtil                  |W| Table named [QUANTITY_BREAK_TYPE] exists in the database but has no corresponding entity
2021-04-24 16:53:19,789 |OFBiz-batch-2        |DatabaseUtil                  |W| Table named [QUOTE] exists in the database but has no corresponding entity
2021-04-24 16:53:19,789 |OFBiz-batch-2        |DatabaseUtil                  |W| Table named [QUOTE_ADJUSTMENT] exists in the database but has no corresponding entity
2021-04-24 16:53:19,789 |OFBiz-batch-2        |DatabaseUtil                  |W| Table named [QUOTE_ATTRIBUTE] exists in the database but has no corresponding entity
2021-04-24 16:53:19,789 |OFBiz-batch-2        |DatabaseUtil                  |W| Table named [QUOTE_COEFFICIENT] exists in the database but has no corresponding entity
2021-04-24 16:53:19,790 |OFBiz-batch-2        |DatabaseUtil                  |W| Table named [QUOTE_ITEM] exists in the database but has no corresponding entity
2021-04-24 16:53:19,790 |OFBiz-batch-2        |DatabaseUtil                  |W| Table named [QUOTE_NOTE] exists in the database but has no corresponding entity
2021-04-24 16:53:19,790 |OFBiz-batch-2        |DatabaseUtil                  |W| Table named [QUOTE_ROLE] exists in the database but has no corresponding entity
2021-04-24 16:53:19,790 |OFBiz-batch-2        |DatabaseUtil                  |W| Table named [QUOTE_TERM] exists in the database but has no corresponding entity
2021-04-24 16:53:19,791 |OFBiz-batch-2        |DatabaseUtil                  |W| Table named [QUOTE_TERM_ATTRIBUTE] exists in the database but has no corresponding entity
2021-04-24 16:53:19,791 |OFBiz-batch-2        |DatabaseUtil                  |W| Table named [QUOTE_TYPE] exists in the database but has no corresponding entity
2021-04-24 16:53:19,791 |OFBiz-batch-2        |DatabaseUtil                  |W| Table named [QUOTE_TYPE_ATTR] exists in the database but has no corresponding entity
2021-04-24 16:53:19,791 |OFBiz-batch-2        |DatabaseUtil                  |W| Table named [QUOTE_WORK_EFFORT] exists in the database but has no corresponding entity
2021-04-24 16:53:19,791 |OFBiz-batch-2        |DatabaseUtil                  |W| Table named [RATE_AMOUNT] exists in the database but has no corresponding entity
2021-04-24 16:53:19,791 |OFBiz-batch-2        |DatabaseUtil                  |W| Table named [RATE_TYPE] exists in the database but has no corresponding entity
2021-04-24 16:53:19,791 |OFBiz-batch-2        |DatabaseUtil                  |W| Table named [RECURRENCE_INFO] exists in the database but has no corresponding entity
2021-04-24 16:53:19,791 |OFBiz-batch-2        |DatabaseUtil                  |W| Table named [RECURRENCE_RULE] exists in the database but has no corresponding entity
2021-04-24 16:53:19,791 |OFBiz-batch-2        |DatabaseUtil                  |W| Table named [REJECTION_REASON] exists in the database but has no corresponding entity
2021-04-24 16:53:19,791 |OFBiz-batch-2        |DatabaseUtil                  |W| Table named [REORDER_GUIDELINE] exists in the database but has no corresponding entity
2021-04-24 16:53:19,792 |OFBiz-batch-2        |DatabaseUtil                  |W| Table named [REQUIREMENT] exists in the database but has no corresponding entity
2021-04-24 16:53:19,792 |OFBiz-batch-2        |DatabaseUtil                  |W| Table named [REQUIREMENT_ATTRIBUTE] exists in the database but has no corresponding entity
2021-04-24 16:53:19,792 |OFBiz-batch-2        |DatabaseUtil                  |W| Table named [REQUIREMENT_BUDGET_ALLOCATION] exists in the database but has no corresponding entity
2021-04-24 16:53:19,792 |OFBiz-batch-2        |DatabaseUtil                  |W| Table named [REQUIREMENT_CUST_REQUEST] exists in the database but has no corresponding entity
2021-04-24 16:53:19,792 |OFBiz-batch-2        |DatabaseUtil                  |W| Table named [REQUIREMENT_ROLE] exists in the database but has no corresponding entity
2021-04-24 16:53:19,792 |OFBiz-batch-2        |DatabaseUtil                  |W| Table named [REQUIREMENT_STATUS] exists in the database but has no corresponding entity
2021-04-24 16:53:19,792 |OFBiz-batch-2        |DatabaseUtil                  |W| Table named [REQUIREMENT_TYPE] exists in the database but has no corresponding entity
2021-04-24 16:53:19,792 |OFBiz-batch-2        |DatabaseUtil                  |W| Table named [REQUIREMENT_TYPE_ATTR] exists in the database but has no corresponding entity
2021-04-24 16:53:19,792 |OFBiz-batch-2        |DatabaseUtil                  |W| Table named [RESPONDING_PARTY] exists in the database but has no corresponding entity
2021-04-24 16:53:19,792 |OFBiz-batch-2        |DatabaseUtil                  |W| Table named [RESPONSIBILITY_TYPE] exists in the database but has no corresponding entity
2021-04-24 16:53:19,792 |OFBiz-batch-2        |DatabaseUtil                  |W| Table named [RETURN_ADJUSTMENT] exists in the database but has no corresponding entity
2021-04-24 16:53:19,792 |OFBiz-batch-2        |DatabaseUtil                  |W| Table named [RETURN_ADJUSTMENT_TYPE] exists in the database but has no corresponding entity
2021-04-24 16:53:19,792 |OFBiz-batch-2        |DatabaseUtil                  |W| Table named [RETURN_CONTACT_MECH] exists in the database but has no corresponding entity
2021-04-24 16:53:19,792 |OFBiz-batch-2        |DatabaseUtil                  |W| Table named [RETURN_HEADER] exists in the database but has no corresponding entity
2021-04-24 16:53:19,792 |OFBiz-batch-2        |DatabaseUtil                  |W| Table named [RETURN_HEADER_TYPE] exists in the database but has no corresponding entity
2021-04-24 16:53:19,792 |OFBiz-batch-2        |DatabaseUtil                  |W| Table named [RETURN_ITEM] exists in the database but has no corresponding entity
2021-04-24 16:53:19,792 |OFBiz-batch-2        |DatabaseUtil                  |W| Table named [RETURN_ITEM_BILLING] exists in the database but has no corresponding entity
2021-04-24 16:53:19,792 |OFBiz-batch-2        |DatabaseUtil                  |W| Table named [RETURN_ITEM_RESPONSE] exists in the database but has no corresponding entity
2021-04-24 16:53:19,792 |OFBiz-batch-2        |DatabaseUtil                  |W| Table named [RETURN_ITEM_SHIPMENT] exists in the database but has no corresponding entity
2021-04-24 16:53:19,792 |OFBiz-batch-2        |DatabaseUtil                  |W| Table named [RETURN_ITEM_TYPE] exists in the database but has no corresponding entity
2021-04-24 16:53:19,792 |OFBiz-batch-2        |DatabaseUtil                  |W| Table named [RETURN_ITEM_TYPE_MAP] exists in the database but has no corresponding entity
2021-04-24 16:53:19,792 |OFBiz-batch-2        |DatabaseUtil                  |W| Table named [RETURN_REASON] exists in the database but has no corresponding entity
2021-04-24 16:53:19,792 |OFBiz-batch-2        |DatabaseUtil                  |W| Table named [RETURN_STATUS] exists in the database but has no corresponding entity
2021-04-24 16:53:19,792 |OFBiz-batch-2        |DatabaseUtil                  |W| Table named [RETURN_TYPE] exists in the database but has no corresponding entity
2021-04-24 16:53:19,792 |OFBiz-batch-2        |DatabaseUtil                  |W| Table named [ROLE_TYPE] exists in the database but has no corresponding entity
2021-04-24 16:53:19,792 |OFBiz-batch-2        |DatabaseUtil                  |W| Table named [ROLE_TYPE_ATTR] exists in the database but has no corresponding entity
2021-04-24 16:53:19,792 |OFBiz-batch-2        |DatabaseUtil                  |W| Table named [RUNTIME_DATA] exists in the database but has no corresponding entity
2021-04-24 16:53:19,792 |OFBiz-batch-2        |DatabaseUtil                  |W| Table named [SALARY_STEP_NEW] exists in the database but has no corresponding entity
2021-04-24 16:53:19,792 |OFBiz-batch-2        |DatabaseUtil                  |W| Table named [SALES_FORECAST] exists in the database but has no corresponding entity
2021-04-24 16:53:19,792 |OFBiz-batch-2        |DatabaseUtil                  |W| Table named [SALES_FORECAST_DETAIL] exists in the database but has no corresponding entity
2021-04-24 16:53:19,792 |OFBiz-batch-2        |DatabaseUtil                  |W| Table named [SALES_FORECAST_HISTORY] exists in the database but has no corresponding entity
2021-04-24 16:53:19,792 |OFBiz-batch-2        |DatabaseUtil                  |W| Table named [SALES_OPPORTUNITY] exists in the database but has no corresponding entity
2021-04-24 16:53:19,792 |OFBiz-batch-2        |DatabaseUtil                  |W| Table named [SALES_OPPORTUNITY_COMPETITOR] exists in the database but has no corresponding entity
2021-04-24 16:53:19,792 |OFBiz-batch-2        |DatabaseUtil                  |W| Table named [SALES_OPPORTUNITY_HISTORY] exists in the database but has no corresponding entity
2021-04-24 16:53:19,792 |OFBiz-batch-2        |DatabaseUtil                  |W| Table named [SALES_OPPORTUNITY_QUOTE] exists in the database but has no corresponding entity
2021-04-24 16:53:19,792 |OFBiz-batch-2        |DatabaseUtil                  |W| Table named [SALES_OPPORTUNITY_ROLE] exists in the database but has no corresponding entity
2021-04-24 16:53:19,792 |OFBiz-batch-2        |DatabaseUtil                  |W| Table named [SALES_OPPORTUNITY_STAGE] exists in the database but has no corresponding entity
2021-04-24 16:53:19,792 |OFBiz-batch-2        |DatabaseUtil                  |W| Table named [SALES_OPPORTUNITY_TRCK_CODE] exists in the database but has no corresponding entity
2021-04-24 16:53:19,792 |OFBiz-batch-2        |DatabaseUtil                  |W| Table named [SALES_OPPORTUNITY_WORK_EFFORT] exists in the database but has no corresponding entity
2021-04-24 16:53:19,792 |OFBiz-batch-2        |DatabaseUtil                  |W| Table named [SALE_TYPE] exists in the database but has no corresponding entity
2021-04-24 16:53:19,792 |OFBiz-batch-2        |DatabaseUtil                  |W| Table named [SCHEMA_AUTO_INCREMENT_COLUMNS] exists in the database but has no corresponding entity
2021-04-24 16:53:19,792 |OFBiz-batch-2        |DatabaseUtil                  |W| Table named [SCHEMA_INDEX_STATISTICS] exists in the database but has no corresponding entity
2021-04-24 16:53:19,792 |OFBiz-batch-2        |DatabaseUtil                  |W| Table named [SCHEMA_OBJECT_OVERVIEW] exists in the database but has no corresponding entity
2021-04-24 16:53:19,792 |OFBiz-batch-2        |DatabaseUtil                  |W| Table named [SCHEMA_REDUNDANT_INDEXES] exists in the database but has no corresponding entity
2021-04-24 16:53:19,792 |OFBiz-batch-2        |DatabaseUtil                  |W| Table named [SCHEMA_TABLES_WITH_FULL_TABLE_SCANS] exists in the database but has no corresponding entity
2021-04-24 16:53:19,792 |OFBiz-batch-2        |DatabaseUtil                  |W| Table named [SCHEMA_TABLE_LOCK_WAITS] exists in the database but has no corresponding entity
2021-04-24 16:53:19,792 |OFBiz-batch-2        |DatabaseUtil                  |W| Table named [SCHEMA_TABLE_STATISTICS] exists in the database but has no corresponding entity
2021-04-24 16:53:19,792 |OFBiz-batch-2        |DatabaseUtil                  |W| Table named [SCHEMA_TABLE_STATISTICS_WITH_BUFFER] exists in the database but has no corresponding entity
2021-04-24 16:53:19,792 |OFBiz-batch-2        |DatabaseUtil                  |W| Table named [SCHEMA_UNUSED_INDEXES] exists in the database but has no corresponding entity
2021-04-24 16:53:19,792 |OFBiz-batch-2        |DatabaseUtil                  |W| Table named [SECURITY_GROUP] exists in the database but has no corresponding entity
2021-04-24 16:53:19,792 |OFBiz-batch-2        |DatabaseUtil                  |W| Table named [SECURITY_GROUP_PERMISSION] exists in the database but has no corresponding entity
2021-04-24 16:53:19,792 |OFBiz-batch-2        |DatabaseUtil                  |W| Table named [SECURITY_PERMISSION] exists in the database but has no corresponding entity
2021-04-24 16:53:19,792 |OFBiz-batch-2        |DatabaseUtil                  |W| Table named [SEGMENT_GROUP] exists in the database but has no corresponding entity
2021-04-24 16:53:19,792 |OFBiz-batch-2        |DatabaseUtil                  |W| Table named [SEGMENT_GROUP_CLASSIFICATION] exists in the database but has no corresponding entity
2021-04-24 16:53:19,792 |OFBiz-batch-2        |DatabaseUtil                  |W| Table named [SEGMENT_GROUP_GEO] exists in the database but has no corresponding entity
2021-04-24 16:53:19,792 |OFBiz-batch-2        |DatabaseUtil                  |W| Table named [SEGMENT_GROUP_ROLE] exists in the database but has no corresponding entity
2021-04-24 16:53:19,792 |OFBiz-batch-2        |DatabaseUtil                  |W| Table named [SEGMENT_GROUP_TYPE] exists in the database but has no corresponding entity
2021-04-24 16:53:19,792 |OFBiz-batch-2        |DatabaseUtil                  |W| Table named [SEQUENCE_VALUE_ITEM] exists in the database but has no corresponding entity
2021-04-24 16:53:19,793 |OFBiz-batch-2        |DatabaseUtil                  |W| Table named [SERVER_HIT] exists in the database but has no corresponding entity
2021-04-24 16:53:19,793 |OFBiz-batch-2        |DatabaseUtil                  |W| Table named [SERVER_HIT_BIN] exists in the database but has no corresponding entity
2021-04-24 16:53:19,793 |OFBiz-batch-2        |DatabaseUtil                  |W| Table named [SERVER_HIT_TYPE] exists in the database but has no corresponding entity
2021-04-24 16:53:19,793 |OFBiz-batch-2        |DatabaseUtil                  |W| Table named [SERVICE_SEMAPHORE] exists in the database but has no corresponding entity
2021-04-24 16:53:19,793 |OFBiz-batch-2        |DatabaseUtil                  |W| Table named [SESSION] exists in the database but has no corresponding entity
2021-04-24 16:53:19,793 |OFBiz-batch-2        |DatabaseUtil                  |W| Table named [SESSION_SSL_STATUS] exists in the database but has no corresponding entity
2021-04-24 16:53:19,793 |OFBiz-batch-2        |DatabaseUtil                  |W| Table named [SETTLEMENT_TERM] exists in the database but has no corresponding entity
2021-04-24 16:53:19,793 |OFBiz-batch-2        |DatabaseUtil                  |W| Table named [SHIPMENT] exists in the database but has no corresponding entity
2021-04-24 16:53:19,793 |OFBiz-batch-2        |DatabaseUtil                  |W| Table named [SHIPMENT_ATTRIBUTE] exists in the database but has no corresponding entity
2021-04-24 16:53:19,793 |OFBiz-batch-2        |DatabaseUtil                  |W| Table named [SHIPMENT_BOX_TYPE] exists in the database but has no corresponding entity
2021-04-24 16:53:19,793 |OFBiz-batch-2        |DatabaseUtil                  |W| Table named [SHIPMENT_CONTACT_MECH] exists in the database but has no corresponding entity
2021-04-24 16:53:19,793 |OFBiz-batch-2        |DatabaseUtil                  |W| Table named [SHIPMENT_CONTACT_MECH_TYPE] exists in the database but has no corresponding entity
2021-04-24 16:53:19,793 |OFBiz-batch-2        |DatabaseUtil                  |W| Table named [SHIPMENT_COST_ESTIMATE] exists in the database but has no corresponding entity
2021-04-24 16:53:19,793 |OFBiz-batch-2        |DatabaseUtil                  |W| Table named [SHIPMENT_GATEWAY_CONFIG] exists in the database but has no corresponding entity
2021-04-24 16:53:19,793 |OFBiz-batch-2        |DatabaseUtil                  |W| Table named [SHIPMENT_GATEWAY_CONFIG_TYPE] exists in the database but has no corresponding entity
2021-04-24 16:53:19,793 |OFBiz-batch-2        |DatabaseUtil                  |W| Table named [SHIPMENT_GATEWAY_DHL] exists in the database but has no corresponding entity
2021-04-24 16:53:19,793 |OFBiz-batch-2        |DatabaseUtil                  |W| Table named [SHIPMENT_GATEWAY_FEDEX] exists in the database but has no corresponding entity
2021-04-24 16:53:19,793 |OFBiz-batch-2        |DatabaseUtil                  |W| Table named [SHIPMENT_GATEWAY_UPS] exists in the database but has no corresponding entity
2021-04-24 16:53:19,793 |OFBiz-batch-2        |DatabaseUtil                  |W| Table named [SHIPMENT_GATEWAY_USPS] exists in the database but has no corresponding entity
2021-04-24 16:53:19,793 |OFBiz-batch-2        |DatabaseUtil                  |W| Table named [SHIPMENT_ITEM] exists in the database but has no corresponding entity
2021-04-24 16:53:19,793 |OFBiz-batch-2        |DatabaseUtil                  |W| Table named [SHIPMENT_ITEM_BILLING] exists in the database but has no corresponding entity
2021-04-24 16:53:19,793 |OFBiz-batch-2        |DatabaseUtil                  |W| Table named [SHIPMENT_ITEM_FEATURE] exists in the database but has no corresponding entity
2021-04-24 16:53:19,793 |OFBiz-batch-2        |DatabaseUtil                  |W| Table named [SHIPMENT_METHOD_TYPE] exists in the database but has no corresponding entity
2021-04-24 16:53:19,793 |OFBiz-batch-2        |DatabaseUtil                  |W| Table named [SHIPMENT_PACKAGE] exists in the database but has no corresponding entity
2021-04-24 16:53:19,793 |OFBiz-batch-2        |DatabaseUtil                  |W| Table named [SHIPMENT_PACKAGE_CONTENT] exists in the database but has no corresponding entity
2021-04-24 16:53:19,793 |OFBiz-batch-2        |DatabaseUtil                  |W| Table named [SHIPMENT_PACKAGE_ROUTE_SEG] exists in the database but has no corresponding entity
2021-04-24 16:53:19,793 |OFBiz-batch-2        |DatabaseUtil                  |W| Table named [SHIPMENT_RECEIPT] exists in the database but has no corresponding entity
2021-04-24 16:53:19,793 |OFBiz-batch-2        |DatabaseUtil                  |W| Table named [SHIPMENT_RECEIPT_ROLE] exists in the database but has no corresponding entity
2021-04-24 16:53:19,793 |OFBiz-batch-2        |DatabaseUtil                  |W| Table named [SHIPMENT_ROUTE_SEGMENT] exists in the database but has no corresponding entity
2021-04-24 16:53:19,793 |OFBiz-batch-2        |DatabaseUtil                  |W| Table named [SHIPMENT_STATUS] exists in the database but has no corresponding entity
2021-04-24 16:53:19,793 |OFBiz-batch-2        |DatabaseUtil                  |W| Table named [SHIPMENT_TYPE] exists in the database but has no corresponding entity
2021-04-24 16:53:19,793 |OFBiz-batch-2        |DatabaseUtil                  |W| Table named [SHIPMENT_TYPE_ATTR] exists in the database but has no corresponding entity
2021-04-24 16:53:19,793 |OFBiz-batch-2        |DatabaseUtil                  |W| Table named [SHIPPING_DOCUMENT] exists in the database but has no corresponding entity
2021-04-24 16:53:19,793 |OFBiz-batch-2        |DatabaseUtil                  |W| Table named [SHOPPING_LIST] exists in the database but has no corresponding entity
2021-04-24 16:53:19,793 |OFBiz-batch-2        |DatabaseUtil                  |W| Table named [SHOPPING_LIST_ITEM] exists in the database but has no corresponding entity
2021-04-24 16:53:19,793 |OFBiz-batch-2        |DatabaseUtil                  |W| Table named [SHOPPING_LIST_ITEM_SURVEY] exists in the database but has no corresponding entity
2021-04-24 16:53:19,793 |OFBiz-batch-2        |DatabaseUtil                  |W| Table named [SHOPPING_LIST_TYPE] exists in the database but has no corresponding entity
2021-04-24 16:53:19,793 |OFBiz-batch-2        |DatabaseUtil                  |W| Table named [SHOPPING_LIST_WORK_EFFORT] exists in the database but has no corresponding entity
2021-04-24 16:53:19,793 |OFBiz-batch-2        |DatabaseUtil                  |W| Table named [SKILL_TYPE] exists in the database but has no corresponding entity
2021-04-24 16:53:19,793 |OFBiz-batch-2        |DatabaseUtil                  |W| Table named [STANDARD_LANGUAGE] exists in the database but has no corresponding entity
2021-04-24 16:53:19,793 |OFBiz-batch-2        |DatabaseUtil                  |W| Table named [STATEMENTS_WITH_ERRORS_OR_WARNINGS] exists in the database but has no corresponding entity
2021-04-24 16:53:19,793 |OFBiz-batch-2        |DatabaseUtil                  |W| Table named [STATEMENTS_WITH_FULL_TABLE_SCANS] exists in the database but has no corresponding entity
2021-04-24 16:53:19,793 |OFBiz-batch-2        |DatabaseUtil                  |W| Table named [STATEMENTS_WITH_RUNTIMES_IN_95TH_PERCENTILE] exists in the database but has no corresponding entity
2021-04-24 16:53:19,793 |OFBiz-batch-2        |DatabaseUtil                  |W| Table named [STATEMENTS_WITH_SORTING] exists in the database but has no corresponding entity
2021-04-24 16:53:19,793 |OFBiz-batch-2        |DatabaseUtil                  |W| Table named [STATEMENTS_WITH_TEMP_TABLES] exists in the database but has no corresponding entity
2021-04-24 16:53:19,799 |OFBiz-batch-2        |DatabaseUtil                  |W| Table named [STATEMENT_ANALYSIS] exists in the database but has no corresponding entity
2021-04-24 16:53:19,799 |OFBiz-batch-2        |DatabaseUtil                  |W| Table named [STATUS_ITEM] exists in the database but has no corresponding entity
2021-04-24 16:53:19,799 |OFBiz-batch-2        |DatabaseUtil                  |W| Table named [STATUS_TYPE] exists in the database but has no corresponding entity
2021-04-24 16:53:19,799 |OFBiz-batch-2        |DatabaseUtil                  |W| Table named [STATUS_VALID_CHANGE] exists in the database but has no corresponding entity
2021-04-24 16:53:19,799 |OFBiz-batch-2        |DatabaseUtil                  |W| Table named [SUBSCRIPTION] exists in the database but has no corresponding entity
2021-04-24 16:53:19,799 |OFBiz-batch-2        |DatabaseUtil                  |W| Table named [SUBSCRIPTION_ACTIVITY] exists in the database but has no corresponding entity
2021-04-24 16:53:19,799 |OFBiz-batch-2        |DatabaseUtil                  |W| Table named [SUBSCRIPTION_ATTRIBUTE] exists in the database but has no corresponding entity
2021-04-24 16:53:19,799 |OFBiz-batch-2        |DatabaseUtil                  |W| Table named [SUBSCRIPTION_COMM_EVENT] exists in the database but has no corresponding entity
2021-04-24 16:53:19,799 |OFBiz-batch-2        |DatabaseUtil                  |W| Table named [SUBSCRIPTION_FULFILLMENT_PIECE] exists in the database but has no corresponding entity
2021-04-24 16:53:19,799 |OFBiz-batch-2        |DatabaseUtil                  |W| Table named [SUBSCRIPTION_RESOURCE] exists in the database but has no corresponding entity
2021-04-24 16:53:19,799 |OFBiz-batch-2        |DatabaseUtil                  |W| Table named [SUBSCRIPTION_TYPE] exists in the database but has no corresponding entity
2021-04-24 16:53:19,799 |OFBiz-batch-2        |DatabaseUtil                  |W| Table named [SUBSCRIPTION_TYPE_ATTR] exists in the database but has no corresponding entity
2021-04-24 16:53:19,799 |OFBiz-batch-2        |DatabaseUtil                  |W| Table named [SUPPLIER_PREF_ORDER] exists in the database but has no corresponding entity
2021-04-24 16:53:19,807 |OFBiz-batch-2        |DatabaseUtil                  |W| Table named [SUPPLIER_PRODUCT] exists in the database but has no corresponding entity
2021-04-24 16:53:19,807 |OFBiz-batch-2        |DatabaseUtil                  |W| Table named [SUPPLIER_PRODUCT_FEATURE] exists in the database but has no corresponding entity
2021-04-24 16:53:19,807 |OFBiz-batch-2        |DatabaseUtil                  |W| Table named [SUPPLIER_RATING_TYPE] exists in the database but has no corresponding entity
2021-04-24 16:53:19,807 |OFBiz-batch-2        |DatabaseUtil                  |W| Table named [SURVEY] exists in the database but has no corresponding entity
2021-04-24 16:53:19,807 |OFBiz-batch-2        |DatabaseUtil                  |W| Table named [SURVEY_APPL_TYPE] exists in the database but has no corresponding entity
2021-04-24 16:53:19,807 |OFBiz-batch-2        |DatabaseUtil                  |W| Table named [SURVEY_MULTI_RESP] exists in the database but has no corresponding entity
2021-04-24 16:53:19,807 |OFBiz-batch-2        |DatabaseUtil                  |W| Table named [SURVEY_MULTI_RESP_COLUMN] exists in the database but has no corresponding entity
2021-04-24 16:53:19,807 |OFBiz-batch-2        |DatabaseUtil                  |W| Table named [SURVEY_PAGE] exists in the database but has no corresponding entity
2021-04-24 16:53:19,807 |OFBiz-batch-2        |DatabaseUtil                  |W| Table named [SURVEY_QUESTION] exists in the database but has no corresponding entity
2021-04-24 16:53:19,807 |OFBiz-batch-2        |DatabaseUtil                  |W| Table named [SURVEY_QUESTION_APPL] exists in the database but has no corresponding entity
2021-04-24 16:53:19,807 |OFBiz-batch-2        |DatabaseUtil                  |W| Table named [SURVEY_QUESTION_CATEGORY] exists in the database but has no corresponding entity
2021-04-24 16:53:19,807 |OFBiz-batch-2        |DatabaseUtil                  |W| Table named [SURVEY_QUESTION_OPTION] exists in the database but has no corresponding entity
2021-04-24 16:53:19,807 |OFBiz-batch-2        |DatabaseUtil                  |W| Table named [SURVEY_QUESTION_TYPE] exists in the database but has no corresponding entity
2021-04-24 16:53:19,807 |OFBiz-batch-2        |DatabaseUtil                  |W| Table named [SURVEY_RESPONSE] exists in the database but has no corresponding entity
2021-04-24 16:53:19,807 |OFBiz-batch-2        |DatabaseUtil                  |W| Table named [SURVEY_RESPONSE_ANSWER] exists in the database but has no corresponding entity
2021-04-24 16:53:19,807 |OFBiz-batch-2        |DatabaseUtil                  |W| Table named [SURVEY_TRIGGER] exists in the database but has no corresponding entity
2021-04-24 16:53:19,807 |OFBiz-batch-2        |DatabaseUtil                  |W| Table named [SYSTEM_PROPERTY] exists in the database but has no corresponding entity
2021-04-24 16:53:19,807 |OFBiz-batch-2        |DatabaseUtil                  |W| Table named [SYS_CONFIG] exists in the database but has no corresponding entity
2021-04-24 16:53:19,807 |OFBiz-batch-2        |DatabaseUtil                  |W| Table named [TARPITTED_LOGIN_VIEW] exists in the database but has no corresponding entity
2021-04-24 16:53:19,807 |OFBiz-batch-2        |DatabaseUtil                  |W| Table named [TAX_AUTHORITY] exists in the database but has no corresponding entity
2021-04-24 16:53:19,807 |OFBiz-batch-2        |DatabaseUtil                  |W| Table named [TAX_AUTHORITY_ASSOC] exists in the database but has no corresponding entity
2021-04-24 16:53:19,807 |OFBiz-batch-2        |DatabaseUtil                  |W| Table named [TAX_AUTHORITY_ASSOC_TYPE] exists in the database but has no corresponding entity
2021-04-24 16:53:19,807 |OFBiz-batch-2        |DatabaseUtil                  |W| Table named [TAX_AUTHORITY_CATEGORY] exists in the database but has no corresponding entity
2021-04-24 16:53:19,807 |OFBiz-batch-2        |DatabaseUtil                  |W| Table named [TAX_AUTHORITY_GL_ACCOUNT] exists in the database but has no corresponding entity
2021-04-24 16:53:19,807 |OFBiz-batch-2        |DatabaseUtil                  |W| Table named [TAX_AUTHORITY_RATE_PRODUCT] exists in the database but has no corresponding entity
2021-04-24 16:53:19,807 |OFBiz-batch-2        |DatabaseUtil                  |W| Table named [TAX_AUTHORITY_RATE_TYPE] exists in the database but has no corresponding entity
2021-04-24 16:53:19,808 |OFBiz-batch-2        |DatabaseUtil                  |W| Table named [TECH_DATA_CALENDAR] exists in the database but has no corresponding entity
2021-04-24 16:53:19,808 |OFBiz-batch-2        |DatabaseUtil                  |W| Table named [TECH_DATA_CALENDAR_EXC_DAY] exists in the database but has no corresponding entity
2021-04-24 16:53:19,808 |OFBiz-batch-2        |DatabaseUtil                  |W| Table named [TECH_DATA_CALENDAR_EXC_WEEK] exists in the database but has no corresponding entity
2021-04-24 16:53:19,808 |OFBiz-batch-2        |DatabaseUtil                  |W| Table named [TECH_DATA_CALENDAR_WEEK] exists in the database but has no corresponding entity
2021-04-24 16:53:19,808 |OFBiz-batch-2        |DatabaseUtil                  |W| Table named [TELECOM_NUMBER] exists in the database but has no corresponding entity
2021-04-24 16:53:19,808 |OFBiz-batch-2        |DatabaseUtil                  |W| Table named [TEMPORAL_EXPRESSION] exists in the database but has no corresponding entity
2021-04-24 16:53:19,808 |OFBiz-batch-2        |DatabaseUtil                  |W| Table named [TEMPORAL_EXPRESSION_ASSOC] exists in the database but has no corresponding entity
2021-04-24 16:53:19,808 |OFBiz-batch-2        |DatabaseUtil                  |W| Table named [TENANT] exists in the database but has no corresponding entity
2021-04-24 16:53:19,808 |OFBiz-batch-2        |DatabaseUtil                  |W| Table named [TENANT_COMPONENT] exists in the database but has no corresponding entity
2021-04-24 16:53:19,808 |OFBiz-batch-2        |DatabaseUtil                  |W| Table named [TENANT_DATA_SOURCE] exists in the database but has no corresponding entity
2021-04-24 16:53:19,808 |OFBiz-batch-2        |DatabaseUtil                  |W| Table named [TENANT_DOMAIN_NAME] exists in the database but has no corresponding entity
2021-04-24 16:53:19,808 |OFBiz-batch-2        |DatabaseUtil                  |W| Table named [TENANT_KEY_ENCRYPTING_KEY] exists in the database but has no corresponding entity
2021-04-24 16:53:19,808 |OFBiz-batch-2        |DatabaseUtil                  |W| Table named [TERMINATION_REASON] exists in the database but has no corresponding entity
2021-04-24 16:53:19,808 |OFBiz-batch-2        |DatabaseUtil                  |W| Table named [TERMINATION_TYPE] exists in the database but has no corresponding entity
2021-04-24 16:53:19,808 |OFBiz-batch-2        |DatabaseUtil                  |W| Table named [TERM_TYPE] exists in the database but has no corresponding entity
2021-04-24 16:53:19,808 |OFBiz-batch-2        |DatabaseUtil                  |W| Table named [TERM_TYPE_ATTR] exists in the database but has no corresponding entity
2021-04-24 16:53:19,808 |OFBiz-batch-2        |DatabaseUtil                  |W| Table named [TESTING] exists in the database but has no corresponding entity
2021-04-24 16:53:19,808 |OFBiz-batch-2        |DatabaseUtil                  |W| Table named [TESTING_CRYPTO] exists in the database but has no corresponding entity
2021-04-24 16:53:19,808 |OFBiz-batch-2        |DatabaseUtil                  |W| Table named [TESTING_ITEM] exists in the database but has no corresponding entity
2021-04-24 16:53:19,808 |OFBiz-batch-2        |DatabaseUtil                  |W| Table named [TESTING_NODE] exists in the database but has no corresponding entity
2021-04-24 16:53:19,808 |OFBiz-batch-2        |DatabaseUtil                  |W| Table named [TESTING_NODE_MEMBER] exists in the database but has no corresponding entity
2021-04-24 16:53:19,808 |OFBiz-batch-2        |DatabaseUtil                  |W| Table named [TESTING_REMOVE_ALL] exists in the database but has no corresponding entity
2021-04-24 16:53:19,808 |OFBiz-batch-2        |DatabaseUtil                  |W| Table named [TESTING_STATUS] exists in the database but has no corresponding entity
2021-04-24 16:53:19,808 |OFBiz-batch-2        |DatabaseUtil                  |W| Table named [TESTING_SUBTYPE] exists in the database but has no corresponding entity
2021-04-24 16:53:19,808 |OFBiz-batch-2        |DatabaseUtil                  |W| Table named [TESTING_TYPE] exists in the database but has no corresponding entity
2021-04-24 16:53:19,808 |OFBiz-batch-2        |DatabaseUtil                  |W| Table named [TEST_FIELD_TYPE] exists in the database but has no corresponding entity
2021-04-24 16:53:19,808 |OFBiz-batch-2        |DatabaseUtil                  |W| Table named [TIMESHEET] exists in the database but has no corresponding entity
2021-04-24 16:53:19,808 |OFBiz-batch-2        |DatabaseUtil                  |W| Table named [TIMESHEET_ROLE] exists in the database but has no corresponding entity
2021-04-24 16:53:19,808 |OFBiz-batch-2        |DatabaseUtil                  |W| Table named [TIME_ENTRY] exists in the database but has no corresponding entity
2021-04-24 16:53:19,808 |OFBiz-batch-2        |DatabaseUtil                  |W| Table named [TRACKING_CODE] exists in the database but has no corresponding entity
2021-04-24 16:53:19,808 |OFBiz-batch-2        |DatabaseUtil                  |W| Table named [TRACKING_CODE_ORDER] exists in the database but has no corresponding entity
2021-04-24 16:53:19,808 |OFBiz-batch-2        |DatabaseUtil                  |W| Table named [TRACKING_CODE_ORDER_RETURN] exists in the database but has no corresponding entity
2021-04-24 16:53:19,808 |OFBiz-batch-2        |DatabaseUtil                  |W| Table named [TRACKING_CODE_TYPE] exists in the database but has no corresponding entity
2021-04-24 16:53:19,808 |OFBiz-batch-2        |DatabaseUtil                  |W| Table named [TRACKING_CODE_VISIT] exists in the database but has no corresponding entity
2021-04-24 16:53:19,808 |OFBiz-batch-2        |DatabaseUtil                  |W| Table named [TRAINING_CLASS_TYPE] exists in the database but has no corresponding entity
2021-04-24 16:53:19,808 |OFBiz-batch-2        |DatabaseUtil                  |W| Table named [TRAINING_REQUEST] exists in the database but has no corresponding entity
2021-04-24 16:53:19,808 |OFBiz-batch-2        |DatabaseUtil                  |W| Table named [UNEMPLOYMENT_CLAIM] exists in the database but has no corresponding entity
2021-04-24 16:53:19,808 |OFBiz-batch-2        |DatabaseUtil                  |W| Table named [UOM] exists in the database but has no corresponding entity
2021-04-24 16:53:19,808 |OFBiz-batch-2        |DatabaseUtil                  |W| Table named [UOM_CONVERSION] exists in the database but has no corresponding entity
2021-04-24 16:53:19,808 |OFBiz-batch-2        |DatabaseUtil                  |W| Table named [UOM_CONVERSION_DATED] exists in the database but has no corresponding entity
2021-04-24 16:53:19,808 |OFBiz-batch-2        |DatabaseUtil                  |W| Table named [UOM_GROUP] exists in the database but has no corresponding entity
2021-04-24 16:53:19,808 |OFBiz-batch-2        |DatabaseUtil                  |W| Table named [UOM_TYPE] exists in the database but has no corresponding entity
2021-04-24 16:53:19,808 |OFBiz-batch-2        |DatabaseUtil                  |W| Table named [USER_AGENT] exists in the database but has no corresponding entity
2021-04-24 16:53:19,808 |OFBiz-batch-2        |DatabaseUtil                  |W| Table named [USER_AGENT_METHOD_TYPE] exists in the database but has no corresponding entity
2021-04-24 16:53:19,808 |OFBiz-batch-2        |DatabaseUtil                  |W| Table named [USER_AGENT_TYPE] exists in the database but has no corresponding entity
2021-04-24 16:53:19,808 |OFBiz-batch-2        |DatabaseUtil                  |W| Table named [USER_LOGIN] exists in the database but has no corresponding entity
2021-04-24 16:53:19,808 |OFBiz-batch-2        |DatabaseUtil                  |W| Table named [USER_LOGIN_HISTORY] exists in the database but has no corresponding entity
2021-04-24 16:53:19,808 |OFBiz-batch-2        |DatabaseUtil                  |W| Table named [USER_LOGIN_PASSWORD_HISTORY] exists in the database but has no corresponding entity
2021-04-24 16:53:19,808 |OFBiz-batch-2        |DatabaseUtil                  |W| Table named [USER_LOGIN_SECURITY_GROUP] exists in the database but has no corresponding entity
2021-04-24 16:53:19,808 |OFBiz-batch-2        |DatabaseUtil                  |W| Table named [USER_LOGIN_SECURITY_QUESTION] exists in the database but has no corresponding entity
2021-04-24 16:53:19,808 |OFBiz-batch-2        |DatabaseUtil                  |W| Table named [USER_LOGIN_SESSION] exists in the database but has no corresponding entity
2021-04-24 16:53:19,808 |OFBiz-batch-2        |DatabaseUtil                  |W| Table named [USER_PREFERENCE] exists in the database but has no corresponding entity
2021-04-24 16:53:19,808 |OFBiz-batch-2        |DatabaseUtil                  |W| Table named [USER_PREF_GROUP_TYPE] exists in the database but has no corresponding entity
2021-04-24 16:53:19,808 |OFBiz-batch-2        |DatabaseUtil                  |W| Table named [USER_SUMMARY] exists in the database but has no corresponding entity
2021-04-24 16:53:19,808 |OFBiz-batch-2        |DatabaseUtil                  |W| Table named [USER_SUMMARY_BY_FILE_IO] exists in the database but has no corresponding entity
2021-04-24 16:53:19,808 |OFBiz-batch-2        |DatabaseUtil                  |W| Table named [USER_SUMMARY_BY_FILE_IO_TYPE] exists in the database but has no corresponding entity
2021-04-24 16:53:19,808 |OFBiz-batch-2        |DatabaseUtil                  |W| Table named [USER_SUMMARY_BY_STAGES] exists in the database but has no corresponding entity
2021-04-24 16:53:19,808 |OFBiz-batch-2        |DatabaseUtil                  |W| Table named [USER_SUMMARY_BY_STATEMENT_LATENCY] exists in the database but has no corresponding entity
2021-04-24 16:53:19,808 |OFBiz-batch-2        |DatabaseUtil                  |W| Table named [USER_SUMMARY_BY_STATEMENT_TYPE] exists in the database but has no corresponding entity
2021-04-24 16:53:19,808 |OFBiz-batch-2        |DatabaseUtil                  |W| Table named [VALID_CONTACT_MECH_ROLE] exists in the database but has no corresponding entity
2021-04-24 16:53:19,808 |OFBiz-batch-2        |DatabaseUtil                  |W| Table named [VALID_RESPONSIBILITY] exists in the database but has no corresponding entity
2021-04-24 16:53:19,808 |OFBiz-batch-2        |DatabaseUtil                  |W| Table named [VALUE_LINK_KEY] exists in the database but has no corresponding entity
2021-04-24 16:53:19,808 |OFBiz-batch-2        |DatabaseUtil                  |W| Table named [VARIANCE_REASON] exists in the database but has no corresponding entity
2021-04-24 16:53:19,808 |OFBiz-batch-2        |DatabaseUtil                  |W| Table named [VARIANCE_REASON_GL_ACCOUNT] exists in the database but has no corresponding entity
2021-04-24 16:53:19,809 |OFBiz-batch-2        |DatabaseUtil                  |W| Table named [VENDOR] exists in the database but has no corresponding entity
2021-04-24 16:53:19,809 |OFBiz-batch-2        |DatabaseUtil                  |W| Table named [VENDOR_PRODUCT] exists in the database but has no corresponding entity
2021-04-24 16:53:19,809 |OFBiz-batch-2        |DatabaseUtil                  |W| Table named [VERSION] exists in the database but has no corresponding entity
2021-04-24 16:53:19,809 |OFBiz-batch-2        |DatabaseUtil                  |W| Table named [VIDEO_DATA_RESOURCE] exists in the database but has no corresponding entity
2021-04-24 16:53:19,809 |OFBiz-batch-2        |DatabaseUtil                  |W| Table named [VISIT] exists in the database but has no corresponding entity
2021-04-24 16:53:19,809 |OFBiz-batch-2        |DatabaseUtil                  |W| Table named [VISITOR] exists in the database but has no corresponding entity
2021-04-24 16:53:19,809 |OFBiz-batch-2        |DatabaseUtil                  |W| Table named [VISUAL_THEME] exists in the database but has no corresponding entity
2021-04-24 16:53:19,809 |OFBiz-batch-2        |DatabaseUtil                  |W| Table named [VISUAL_THEME_RESOURCE] exists in the database but has no corresponding entity
2021-04-24 16:53:19,809 |OFBiz-batch-2        |DatabaseUtil                  |W| Table named [VISUAL_THEME_SET] exists in the database but has no corresponding entity
2021-04-24 16:53:19,809 |OFBiz-batch-2        |DatabaseUtil                  |W| Table named [WAITS_BY_HOST_BY_LATENCY] exists in the database but has no corresponding entity
2021-04-24 16:53:19,809 |OFBiz-batch-2        |DatabaseUtil                  |W| Table named [WAITS_BY_USER_BY_LATENCY] exists in the database but has no corresponding entity
2021-04-24 16:53:19,809 |OFBiz-batch-2        |DatabaseUtil                  |W| Table named [WAITS_GLOBAL_BY_LATENCY] exists in the database but has no corresponding entity
2021-04-24 16:53:19,809 |OFBiz-batch-2        |DatabaseUtil                  |W| Table named [WAIT_CLASSES_GLOBAL_BY_AVG_LATENCY] exists in the database but has no corresponding entity
2021-04-24 16:53:19,809 |OFBiz-batch-2        |DatabaseUtil                  |W| Table named [WAIT_CLASSES_GLOBAL_BY_LATENCY] exists in the database but has no corresponding entity
2021-04-24 16:53:19,809 |OFBiz-batch-2        |DatabaseUtil                  |W| Table named [WEB_ANALYTICS_CONFIG] exists in the database but has no corresponding entity
2021-04-24 16:53:19,809 |OFBiz-batch-2        |DatabaseUtil                  |W| Table named [WEB_ANALYTICS_TYPE] exists in the database but has no corresponding entity
2021-04-24 16:53:19,809 |OFBiz-batch-2        |DatabaseUtil                  |W| Table named [WEB_PAGE] exists in the database but has no corresponding entity
2021-04-24 16:53:19,809 |OFBiz-batch-2        |DatabaseUtil                  |W| Table named [WEB_PREFERENCE_TYPE] exists in the database but has no corresponding entity
2021-04-24 16:53:19,809 |OFBiz-batch-2        |DatabaseUtil                  |W| Table named [WEB_SITE] exists in the database but has no corresponding entity
2021-04-24 16:53:19,809 |OFBiz-batch-2        |DatabaseUtil                  |W| Table named [WEB_SITE_CONTACT_LIST] exists in the database but has no corresponding entity
2021-04-24 16:53:19,809 |OFBiz-batch-2        |DatabaseUtil                  |W| Table named [WEB_SITE_CONTENT] exists in the database but has no corresponding entity
2021-04-24 16:53:19,809 |OFBiz-batch-2        |DatabaseUtil                  |W| Table named [WEB_SITE_CONTENT_TYPE] exists in the database but has no corresponding entity
2021-04-24 16:53:19,809 |OFBiz-batch-2        |DatabaseUtil                  |W| Table named [WEB_SITE_PATH_ALIAS] exists in the database but has no corresponding entity
2021-04-24 16:53:19,809 |OFBiz-batch-2        |DatabaseUtil                  |W| Table named [WEB_SITE_PUBLISH_POINT] exists in the database but has no corresponding entity
2021-04-24 16:53:19,809 |OFBiz-batch-2        |DatabaseUtil                  |W| Table named [WEB_SITE_ROLE] exists in the database but has no corresponding entity
2021-04-24 16:53:19,809 |OFBiz-batch-2        |DatabaseUtil                  |W| Table named [WEB_USER_PREFERENCE] exists in the database but has no corresponding entity
2021-04-24 16:53:19,809 |OFBiz-batch-2        |DatabaseUtil                  |W| Table named [WORK_EFFORT] exists in the database but has no corresponding entity
2021-04-24 16:53:19,809 |OFBiz-batch-2        |DatabaseUtil                  |W| Table named [WORK_EFFORT_ASSOC] exists in the database but has no corresponding entity
2021-04-24 16:53:19,809 |OFBiz-batch-2        |DatabaseUtil                  |W| Table named [WORK_EFFORT_ASSOC_ATTRIBUTE] exists in the database but has no corresponding entity
2021-04-24 16:53:19,809 |OFBiz-batch-2        |DatabaseUtil                  |W| Table named [WORK_EFFORT_ASSOC_TYPE] exists in the database but has no corresponding entity
2021-04-24 16:53:19,809 |OFBiz-batch-2        |DatabaseUtil                  |W| Table named [WORK_EFFORT_ASSOC_TYPE_ATTR] exists in the database but has no corresponding entity
2021-04-24 16:53:19,809 |OFBiz-batch-2        |DatabaseUtil                  |W| Table named [WORK_EFFORT_ATTRIBUTE] exists in the database but has no corresponding entity
2021-04-24 16:53:19,809 |OFBiz-batch-2        |DatabaseUtil                  |W| Table named [WORK_EFFORT_BILLING] exists in the database but has no corresponding entity
2021-04-24 16:53:19,809 |OFBiz-batch-2        |DatabaseUtil                  |W| Table named [WORK_EFFORT_CONTACT_MECH_NEW] exists in the database but has no corresponding entity
2021-04-24 16:53:19,809 |OFBiz-batch-2        |DatabaseUtil                  |W| Table named [WORK_EFFORT_CONTENT] exists in the database but has no corresponding entity
2021-04-24 16:53:19,809 |OFBiz-batch-2        |DatabaseUtil                  |W| Table named [WORK_EFFORT_CONTENT_TYPE] exists in the database but has no corresponding entity
2021-04-24 16:53:19,809 |OFBiz-batch-2        |DatabaseUtil                  |W| Table named [WORK_EFFORT_COST_CALC] exists in the database but has no corresponding entity
2021-04-24 16:53:19,809 |OFBiz-batch-2        |DatabaseUtil                  |W| Table named [WORK_EFFORT_DELIVERABLE_PROD] exists in the database but has no corresponding entity
2021-04-24 16:53:19,809 |OFBiz-batch-2        |DatabaseUtil                  |W| Table named [WORK_EFFORT_EVENT_REMINDER] exists in the database but has no corresponding entity
2021-04-24 16:53:19,809 |OFBiz-batch-2        |DatabaseUtil                  |W| Table named [WORK_EFFORT_FIXED_ASSET_ASSIGN] exists in the database but has no corresponding entity
2021-04-24 16:53:19,809 |OFBiz-batch-2        |DatabaseUtil                  |W| Table named [WORK_EFFORT_FIXED_ASSET_STD] exists in the database but has no corresponding entity
2021-04-24 16:53:19,809 |OFBiz-batch-2        |DatabaseUtil                  |W| Table named [WORK_EFFORT_GOOD_STANDARD] exists in the database but has no corresponding entity
2021-04-24 16:53:19,809 |OFBiz-batch-2        |DatabaseUtil                  |W| Table named [WORK_EFFORT_GOOD_STANDARD_TYPE] exists in the database but has no corresponding entity
2021-04-24 16:53:19,809 |OFBiz-batch-2        |DatabaseUtil                  |W| Table named [WORK_EFFORT_ICAL_DATA] exists in the database but has no corresponding entity
2021-04-24 16:53:19,809 |OFBiz-batch-2        |DatabaseUtil                  |W| Table named [WORK_EFFORT_INVENTORY_ASSIGN] exists in the database but has no corresponding entity
2021-04-24 16:53:19,809 |OFBiz-batch-2        |DatabaseUtil                  |W| Table named [WORK_EFFORT_INVENTORY_PRODUCED] exists in the database but has no corresponding entity
2021-04-24 16:53:19,809 |OFBiz-batch-2        |DatabaseUtil                  |W| Table named [WORK_EFFORT_KEYWORD] exists in the database but has no corresponding entity
2021-04-24 16:53:19,809 |OFBiz-batch-2        |DatabaseUtil                  |W| Table named [WORK_EFFORT_NOTE] exists in the database but has no corresponding entity
2021-04-24 16:53:19,809 |OFBiz-batch-2        |DatabaseUtil                  |W| Table named [WORK_EFFORT_PARTY_ASSIGNMENT] exists in the database but has no corresponding entity
2021-04-24 16:53:19,809 |OFBiz-batch-2        |DatabaseUtil                  |W| Table named [WORK_EFFORT_PURPOSE_TYPE] exists in the database but has no corresponding entity
2021-04-24 16:53:19,809 |OFBiz-batch-2        |DatabaseUtil                  |W| Table named [WORK_EFFORT_REVIEW] exists in the database but has no corresponding entity
2021-04-24 16:53:19,809 |OFBiz-batch-2        |DatabaseUtil                  |W| Table named [WORK_EFFORT_SEARCH_CONSTRAINT] exists in the database but has no corresponding entity
2021-04-24 16:53:19,809 |OFBiz-batch-2        |DatabaseUtil                  |W| Table named [WORK_EFFORT_SEARCH_RESULT] exists in the database but has no corresponding entity
2021-04-24 16:53:19,809 |OFBiz-batch-2        |DatabaseUtil                  |W| Table named [WORK_EFFORT_SKILL_STANDARD] exists in the database but has no corresponding entity
2021-04-24 16:53:19,809 |OFBiz-batch-2        |DatabaseUtil                  |W| Table named [WORK_EFFORT_STATUS] exists in the database but has no corresponding entity
2021-04-24 16:53:19,809 |OFBiz-batch-2        |DatabaseUtil                  |W| Table named [WORK_EFFORT_SURVEY_APPL] exists in the database but has no corresponding entity
2021-04-24 16:53:19,809 |OFBiz-batch-2        |DatabaseUtil                  |W| Table named [WORK_EFFORT_TRANS_BOX] exists in the database but has no corresponding entity
2021-04-24 16:53:19,809 |OFBiz-batch-2        |DatabaseUtil                  |W| Table named [WORK_EFFORT_TYPE] exists in the database but has no corresponding entity
2021-04-24 16:53:19,809 |OFBiz-batch-2        |DatabaseUtil                  |W| Table named [WORK_EFFORT_TYPE_ATTR] exists in the database but has no corresponding entity
2021-04-24 16:53:19,809 |OFBiz-batch-2        |DatabaseUtil                  |W| Table named [WORK_ORDER_ITEM_FULFILLMENT] exists in the database but has no corresponding entity
2021-04-24 16:53:19,809 |OFBiz-batch-2        |DatabaseUtil                  |W| Table named [WORK_REQUIREMENT_FULFILLMENT] exists in the database but has no corresponding entity
2021-04-24 16:53:19,809 |OFBiz-batch-2        |DatabaseUtil                  |W| Table named [WORK_REQ_FULF_TYPE] exists in the database but has no corresponding entity
2021-04-24 16:53:19,809 |OFBiz-batch-2        |DatabaseUtil                  |W| Table named [X$HOST_SUMMARY] exists in the database but has no corresponding entity
2021-04-24 16:53:19,809 |OFBiz-batch-2        |DatabaseUtil                  |W| Table named [X$HOST_SUMMARY_BY_FILE_IO] exists in the database but has no corresponding entity
2021-04-24 16:53:19,810 |OFBiz-batch-2        |DatabaseUtil                  |W| Table named [X$HOST_SUMMARY_BY_FILE_IO_TYPE] exists in the database but has no corresponding entity
2021-04-24 16:53:19,810 |OFBiz-batch-2        |DatabaseUtil                  |W| Table named [X$HOST_SUMMARY_BY_STAGES] exists in the database but has no corresponding entity
2021-04-24 16:53:19,810 |OFBiz-batch-2        |DatabaseUtil                  |W| Table named [X$HOST_SUMMARY_BY_STATEMENT_LATENCY] exists in the database but has no corresponding entity
2021-04-24 16:53:19,810 |OFBiz-batch-2        |DatabaseUtil                  |W| Table named [X$HOST_SUMMARY_BY_STATEMENT_TYPE] exists in the database but has no corresponding entity
2021-04-24 16:53:19,810 |OFBiz-batch-2        |DatabaseUtil                  |W| Table named [X$INNODB_BUFFER_STATS_BY_SCHEMA] exists in the database but has no corresponding entity
2021-04-24 16:53:19,810 |OFBiz-batch-2        |DatabaseUtil                  |W| Table named [X$INNODB_BUFFER_STATS_BY_TABLE] exists in the database but has no corresponding entity
2021-04-24 16:53:19,810 |OFBiz-batch-2        |DatabaseUtil                  |W| Table named [X$INNODB_LOCK_WAITS] exists in the database but has no corresponding entity
2021-04-24 16:53:19,810 |OFBiz-batch-2        |DatabaseUtil                  |W| Table named [X$IO_BY_THREAD_BY_LATENCY] exists in the database but has no corresponding entity
2021-04-24 16:53:19,810 |OFBiz-batch-2        |DatabaseUtil                  |W| Table named [X$IO_GLOBAL_BY_FILE_BY_BYTES] exists in the database but has no corresponding entity
2021-04-24 16:53:19,810 |OFBiz-batch-2        |DatabaseUtil                  |W| Table named [X$IO_GLOBAL_BY_FILE_BY_LATENCY] exists in the database but has no corresponding entity
2021-04-24 16:53:19,810 |OFBiz-batch-2        |DatabaseUtil                  |W| Table named [X$IO_GLOBAL_BY_WAIT_BY_BYTES] exists in the database but has no corresponding entity
2021-04-24 16:53:19,810 |OFBiz-batch-2        |DatabaseUtil                  |W| Table named [X$IO_GLOBAL_BY_WAIT_BY_LATENCY] exists in the database but has no corresponding entity
2021-04-24 16:53:19,810 |OFBiz-batch-2        |DatabaseUtil                  |W| Table named [X$LATEST_FILE_IO] exists in the database but has no corresponding entity
2021-04-24 16:53:19,810 |OFBiz-batch-2        |DatabaseUtil                  |W| Table named [X$MEMORY_BY_HOST_BY_CURRENT_BYTES] exists in the database but has no corresponding entity
2021-04-24 16:53:19,810 |OFBiz-batch-2        |DatabaseUtil                  |W| Table named [X$MEMORY_BY_THREAD_BY_CURRENT_BYTES] exists in the database but has no corresponding entity
2021-04-24 16:53:19,810 |OFBiz-batch-2        |DatabaseUtil                  |W| Table named [X$MEMORY_BY_USER_BY_CURRENT_BYTES] exists in the database but has no corresponding entity
2021-04-24 16:53:19,810 |OFBiz-batch-2        |DatabaseUtil                  |W| Table named [X$MEMORY_GLOBAL_BY_CURRENT_BYTES] exists in the database but has no corresponding entity
2021-04-24 16:53:19,810 |OFBiz-batch-2        |DatabaseUtil                  |W| Table named [X$MEMORY_GLOBAL_TOTAL] exists in the database but has no corresponding entity
2021-04-24 16:53:19,810 |OFBiz-batch-2        |DatabaseUtil                  |W| Table named [X$PROCESSLIST] exists in the database but has no corresponding entity
2021-04-24 16:53:19,810 |OFBiz-batch-2        |DatabaseUtil                  |W| Table named [X$PS_DIGEST_95TH_PERCENTILE_BY_AVG_US] exists in the database but has no corresponding entity
2021-04-24 16:53:19,810 |OFBiz-batch-2        |DatabaseUtil                  |W| Table named [X$PS_DIGEST_AVG_LATENCY_DISTRIBUTION] exists in the database but has no corresponding entity
2021-04-24 16:53:19,810 |OFBiz-batch-2        |DatabaseUtil                  |W| Table named [X$PS_SCHEMA_TABLE_STATISTICS_IO] exists in the database but has no corresponding entity
2021-04-24 16:53:19,810 |OFBiz-batch-2        |DatabaseUtil                  |W| Table named [X$SCHEMA_FLATTENED_KEYS] exists in the database but has no corresponding entity
2021-04-24 16:53:19,810 |OFBiz-batch-2        |DatabaseUtil                  |W| Table named [X$SCHEMA_INDEX_STATISTICS] exists in the database but has no corresponding entity
2021-04-24 16:53:19,810 |OFBiz-batch-2        |DatabaseUtil                  |W| Table named [X$SCHEMA_TABLES_WITH_FULL_TABLE_SCANS] exists in the database but has no corresponding entity
2021-04-24 16:53:19,810 |OFBiz-batch-2        |DatabaseUtil                  |W| Table named [X$SCHEMA_TABLE_LOCK_WAITS] exists in the database but has no corresponding entity
2021-04-24 16:53:19,810 |OFBiz-batch-2        |DatabaseUtil                  |W| Table named [X$SCHEMA_TABLE_STATISTICS] exists in the database but has no corresponding entity
2021-04-24 16:53:19,810 |OFBiz-batch-2        |DatabaseUtil                  |W| Table named [X$SCHEMA_TABLE_STATISTICS_WITH_BUFFER] exists in the database but has no corresponding entity
2021-04-24 16:53:19,810 |OFBiz-batch-2        |DatabaseUtil                  |W| Table named [X$SESSION] exists in the database but has no corresponding entity
2021-04-24 16:53:19,810 |OFBiz-batch-2        |DatabaseUtil                  |W| Table named [X$STATEMENTS_WITH_ERRORS_OR_WARNINGS] exists in the database but has no corresponding entity
2021-04-24 16:53:19,810 |OFBiz-batch-2        |DatabaseUtil                  |W| Table named [X$STATEMENTS_WITH_FULL_TABLE_SCANS] exists in the database but has no corresponding entity
2021-04-24 16:53:19,810 |OFBiz-batch-2        |DatabaseUtil                  |W| Table named [X$STATEMENTS_WITH_RUNTIMES_IN_95TH_PERCENTILE] exists in the database but has no corresponding entity
2021-04-24 16:53:19,810 |OFBiz-batch-2        |DatabaseUtil                  |W| Table named [X$STATEMENTS_WITH_SORTING] exists in the database but has no corresponding entity
2021-04-24 16:53:19,810 |OFBiz-batch-2        |DatabaseUtil                  |W| Table named [X$STATEMENTS_WITH_TEMP_TABLES] exists in the database but has no corresponding entity
2021-04-24 16:53:19,810 |OFBiz-batch-2        |DatabaseUtil                  |W| Table named [X$STATEMENT_ANALYSIS] exists in the database but has no corresponding entity
2021-04-24 16:53:19,810 |OFBiz-batch-2        |DatabaseUtil                  |W| Table named [X$USER_SUMMARY] exists in the database but has no corresponding entity
2021-04-24 16:53:19,810 |OFBiz-batch-2        |DatabaseUtil                  |W| Table named [X$USER_SUMMARY_BY_FILE_IO] exists in the database but has no corresponding entity
2021-04-24 16:53:19,810 |OFBiz-batch-2        |DatabaseUtil                  |W| Table named [X$USER_SUMMARY_BY_FILE_IO_TYPE] exists in the database but has no corresponding entity
2021-04-24 16:53:19,810 |OFBiz-batch-2        |DatabaseUtil                  |W| Table named [X$USER_SUMMARY_BY_STAGES] exists in the database but has no corresponding entity
2021-04-24 16:53:19,810 |OFBiz-batch-2        |DatabaseUtil                  |W| Table named [X$USER_SUMMARY_BY_STATEMENT_LATENCY] exists in the database but has no corresponding entity
2021-04-24 16:53:19,810 |OFBiz-batch-2        |DatabaseUtil                  |W| Table named [X$USER_SUMMARY_BY_STATEMENT_TYPE] exists in the database but has no corresponding entity
2021-04-24 16:53:19,810 |OFBiz-batch-2        |DatabaseUtil                  |W| Table named [X$WAITS_BY_HOST_BY_LATENCY] exists in the database but has no corresponding entity
2021-04-24 16:53:19,810 |OFBiz-batch-2        |DatabaseUtil                  |W| Table named [X$WAITS_BY_USER_BY_LATENCY] exists in the database but has no corresponding entity
2021-04-24 16:53:19,810 |OFBiz-batch-2        |DatabaseUtil                  |W| Table named [X$WAITS_GLOBAL_BY_LATENCY] exists in the database but has no corresponding entity
2021-04-24 16:53:19,810 |OFBiz-batch-2        |DatabaseUtil                  |W| Table named [X$WAIT_CLASSES_GLOBAL_BY_AVG_LATENCY] exists in the database but has no corresponding entity
2021-04-24 16:53:19,810 |OFBiz-batch-2        |DatabaseUtil                  |W| Table named [X$WAIT_CLASSES_GLOBAL_BY_LATENCY] exists in the database but has no corresponding entity
2021-04-24 16:53:19,810 |OFBiz-batch-2        |DatabaseUtil                  |W| Table named [X509_ISSUER_PROVISION] exists in the database but has no corresponding entity
2021-04-24 16:53:19,810 |OFBiz-batch-2        |DatabaseUtil                  |W| Table named [ZIP_SALES_RULE_LOOKUP] exists in the database but has no corresponding entity
2021-04-24 16:53:19,810 |OFBiz-batch-2        |DatabaseUtil                  |W| Table named [ZIP_SALES_TAX_LOOKUP] exists in the database but has no corresponding entity
2021-04-24 16:53:19,811 |Test worker          |GenericDelegator              |I| Doing entity definition check...
2021-04-24 16:53:19,811 |Test worker          |ModelEntityChecker            |I| [initReservedWords] array length = 1025
2021-04-24 16:53:19,812 |OFBiz-batch-2        |GenericDelegator              |I| Delegator "default" initializing helper "localmysql" for entity group "org.apache.ofbiz".
2021-04-24 16:53:19,812 |OFBiz-batch-2        |GenericDelegator              |I| Doing database check as requested in entityengine.xml with addMissing=true
2021-04-24 16:53:19,814 |OFBiz-batch-2        |DatabaseUtil                  |I| Database Product Name is MySQL
2021-04-24 16:53:19,814 |OFBiz-batch-2        |DatabaseUtil                  |I| Database Product Version is 8.0.23-0ubuntu0.20.04.1
2021-04-24 16:53:19,814 |OFBiz-batch-2        |DatabaseUtil                  |I| Database Driver Name is MySQL Connector/J
2021-04-24 16:53:19,814 |OFBiz-batch-2        |DatabaseUtil                  |I| Database Driver Version is mysql-connector-java-8.0.23 (Revision: 18bbd5e68195d0da083cbd5bd0d05d76320df7cd)
2021-04-24 16:53:19,814 |OFBiz-batch-2        |DatabaseUtil                  |I| Database Driver JDBC Version is 4.2
2021-04-24 16:53:19,814 |OFBiz-batch-2        |DatabaseUtil                  |I| Database Setting/Support Information (those with a * should be true):
2021-04-24 16:53:19,814 |OFBiz-batch-2        |DatabaseUtil                  |I| - supports transactions     [true]*
2021-04-24 16:53:19,821 |OFBiz-batch-2        |DatabaseUtil                  |I| - isolation None            [false]
2021-04-24 16:53:19,821 |OFBiz-batch-2        |DatabaseUtil                  |I| - isolation ReadCommitted   [true]
2021-04-24 16:53:19,822 |OFBiz-batch-2        |DatabaseUtil                  |I| - isolation ReadUncommitted [true]
2021-04-24 16:53:19,822 |OFBiz-batch-2        |DatabaseUtil                  |I| - isolation RepeatableRead  [true]
2021-04-24 16:53:19,822 |OFBiz-batch-2        |DatabaseUtil                  |I| - isolation Serializable    [true]
2021-04-24 16:53:19,822 |OFBiz-batch-2        |DatabaseUtil                  |I| - forward only type         [true]
2021-04-24 16:53:19,822 |OFBiz-batch-2        |DatabaseUtil                  |I| - scroll sensitive type     [false]
2021-04-24 16:53:19,822 |OFBiz-batch-2        |DatabaseUtil                  |I| - scroll insensitive type   [true]
2021-04-24 16:53:19,822 |OFBiz-batch-2        |DatabaseUtil                  |I| - is case sensitive         [true]
2021-04-24 16:53:19,822 |OFBiz-batch-2        |DatabaseUtil                  |I| - stores LowerCase          [false]
2021-04-24 16:53:19,822 |OFBiz-batch-2        |DatabaseUtil                  |I| - stores MixedCase          [true]
2021-04-24 16:53:19,822 |OFBiz-batch-2        |DatabaseUtil                  |I| - stores UpperCase          [false]
2021-04-24 16:53:19,822 |OFBiz-batch-2        |DatabaseUtil                  |I| - max table name length     [64]
2021-04-24 16:53:19,822 |OFBiz-batch-2        |DatabaseUtil                  |I| - max column name length    [64]
2021-04-24 16:53:19,822 |OFBiz-batch-2        |DatabaseUtil                  |I| - concurrent connections    [0]
2021-04-24 16:53:19,822 |OFBiz-batch-2        |DatabaseUtil                  |I| - concurrent statements     [0]
2021-04-24 16:53:19,823 |OFBiz-batch-2        |DatabaseUtil                  |I| - ANSI SQL92 Entry          [true]
2021-04-24 16:53:19,823 |OFBiz-batch-2        |DatabaseUtil                  |I| - ANSI SQL92 Intermediate   [false]
2021-04-24 16:53:19,823 |OFBiz-batch-2        |DatabaseUtil                  |I| - ANSI SQL92 Full           [false]
2021-04-24 16:53:19,823 |OFBiz-batch-2        |DatabaseUtil                  |I| - ODBC SQL Grammar Core     [true]
2021-04-24 16:53:19,823 |OFBiz-batch-2        |DatabaseUtil                  |I| - ODBC SQL Grammar Extended [false]
2021-04-24 16:53:19,823 |OFBiz-batch-2        |DatabaseUtil                  |I| - ODBC SQL Grammar Minimum  [true]
2021-04-24 16:53:19,823 |OFBiz-batch-2        |DatabaseUtil                  |I| - outer joins               [true]*
2021-04-24 16:53:19,823 |OFBiz-batch-2        |DatabaseUtil                  |I| - limited outer joins       [true]
2021-04-24 16:53:19,823 |OFBiz-batch-2        |DatabaseUtil                  |I| - full outer joins          [false]
2021-04-24 16:53:19,823 |OFBiz-batch-2        |DatabaseUtil                  |I| - group by                  [true]*
2021-04-24 16:53:19,823 |OFBiz-batch-2        |DatabaseUtil                  |I| - group by not in select    [true]
2021-04-24 16:53:19,823 |OFBiz-batch-2        |DatabaseUtil                  |I| - column aliasing           [true]
2021-04-24 16:53:19,824 |OFBiz-batch-2        |DatabaseUtil                  |I| - order by not in select    [false]
2021-04-24 16:53:19,824 |OFBiz-batch-2        |DatabaseUtil                  |I| - alter table add column    [true]*
2021-04-24 16:53:19,824 |OFBiz-batch-2        |DatabaseUtil                  |I| - non-nullable column       [true]*
2021-04-24 16:53:19,824 |OFBiz-batch-2        |DatabaseUtil                  |I| - default fetchsize        [0]
2021-04-24 16:53:19,824 |OFBiz-batch-2        |DatabaseUtil                  |I| - named parameters         [ SKIPPED ]
2021-04-24 16:53:19,824 |OFBiz-batch-2        |DatabaseUtil                  |I| Getting Table Info From Database
2021-04-24 16:53:19,848 |OFBiz-batch-2        |DatabaseUtil                  |I| Getting Column Info From Database
2021-04-24 16:53:20,438 |OFBiz-batch-2        |DatabaseUtil                  |W| Table named [ACCOMMODATION_CLASS] exists in the database but has no corresponding entity
2021-04-24 16:53:20,438 |OFBiz-batch-2        |DatabaseUtil                  |W| Table named [ACCOMMODATION_MAP] exists in the database but has no corresponding entity
2021-04-24 16:53:20,438 |OFBiz-batch-2        |DatabaseUtil                  |W| Table named [ACCOMMODATION_MAP_TYPE] exists in the database but has no corresponding entity
2021-04-24 16:53:20,438 |OFBiz-batch-2        |DatabaseUtil                  |W| Table named [ACCOMMODATION_SPOT] exists in the database but has no corresponding entity
2021-04-24 16:53:20,438 |OFBiz-batch-2        |DatabaseUtil                  |W| Table named [ACCTG_TRANS] exists in the database but has no corresponding entity
2021-04-24 16:53:20,438 |OFBiz-batch-2        |DatabaseUtil                  |W| Table named [ACCTG_TRANS_ATTRIBUTE] exists in the database but has no corresponding entity
2021-04-24 16:53:20,438 |OFBiz-batch-2        |DatabaseUtil                  |W| Table named [ACCTG_TRANS_ENTRY] exists in the database but has no corresponding entity
2021-04-24 16:53:20,438 |OFBiz-batch-2        |DatabaseUtil                  |W| Table named [ACCTG_TRANS_ENTRY_TYPE] exists in the database but has no corresponding entity
2021-04-24 16:53:20,438 |OFBiz-batch-2        |DatabaseUtil                  |W| Table named [ACCTG_TRANS_TYPE] exists in the database but has no corresponding entity
2021-04-24 16:53:20,438 |OFBiz-batch-2        |DatabaseUtil                  |W| Table named [ACCTG_TRANS_TYPE_ATTR] exists in the database but has no corresponding entity
2021-04-24 16:53:20,438 |OFBiz-batch-2        |DatabaseUtil                  |W| Table named [ADDENDUM] exists in the database but has no corresponding entity
2021-04-24 16:53:20,438 |OFBiz-batch-2        |DatabaseUtil                  |W| Table named [ADDRESS_MATCH_MAP] exists in the database but has no corresponding entity
2021-04-24 16:53:20,438 |OFBiz-batch-2        |DatabaseUtil                  |W| Table named [AFFILIATE] exists in the database but has no corresponding entity
2021-04-24 16:53:20,438 |OFBiz-batch-2        |DatabaseUtil                  |W| Table named [AGREEMENT] exists in the database but has no corresponding entity
2021-04-24 16:53:20,438 |OFBiz-batch-2        |DatabaseUtil                  |W| Table named [AGREEMENT_ATTRIBUTE] exists in the database but has no corresponding entity
2021-04-24 16:53:20,438 |OFBiz-batch-2        |DatabaseUtil                  |W| Table named [AGREEMENT_CONTENT] exists in the database but has no corresponding entity
2021-04-24 16:53:20,438 |OFBiz-batch-2        |DatabaseUtil                  |W| Table named [AGREEMENT_CONTENT_TYPE] exists in the database but has no corresponding entity
2021-04-24 16:53:20,438 |OFBiz-batch-2        |DatabaseUtil                  |W| Table named [AGREEMENT_EMPLOYMENT_APPL] exists in the database but has no corresponding entity
2021-04-24 16:53:20,438 |OFBiz-batch-2        |DatabaseUtil                  |W| Table named [AGREEMENT_FACILITY_APPL] exists in the database but has no corresponding entity
2021-04-24 16:53:20,438 |OFBiz-batch-2        |DatabaseUtil                  |W| Table named [AGREEMENT_GEOGRAPHICAL_APPLIC] exists in the database but has no corresponding entity
2021-04-24 16:53:20,438 |OFBiz-batch-2        |DatabaseUtil                  |W| Table named [AGREEMENT_ITEM] exists in the database but has no corresponding entity
2021-04-24 16:53:20,438 |OFBiz-batch-2        |DatabaseUtil                  |W| Table named [AGREEMENT_ITEM_ATTRIBUTE] exists in the database but has no corresponding entity
2021-04-24 16:53:20,438 |OFBiz-batch-2        |DatabaseUtil                  |W| Table named [AGREEMENT_ITEM_TYPE] exists in the database but has no corresponding entity
2021-04-24 16:53:20,438 |OFBiz-batch-2        |DatabaseUtil                  |W| Table named [AGREEMENT_ITEM_TYPE_ATTR] exists in the database but has no corresponding entity
2021-04-24 16:53:20,438 |OFBiz-batch-2        |DatabaseUtil                  |W| Table named [AGREEMENT_PARTY_APPLIC] exists in the database but has no corresponding entity
2021-04-24 16:53:20,438 |OFBiz-batch-2        |DatabaseUtil                  |W| Table named [AGREEMENT_PRODUCT_APPL] exists in the database but has no corresponding entity
2021-04-24 16:53:20,438 |OFBiz-batch-2        |DatabaseUtil                  |W| Table named [AGREEMENT_PROMO_APPL] exists in the database but has no corresponding entity
2021-04-24 16:53:20,438 |OFBiz-batch-2        |DatabaseUtil                  |W| Table named [AGREEMENT_ROLE] exists in the database but has no corresponding entity
2021-04-24 16:53:20,438 |OFBiz-batch-2        |DatabaseUtil                  |W| Table named [AGREEMENT_TERM] exists in the database but has no corresponding entity
2021-04-24 16:53:20,438 |OFBiz-batch-2        |DatabaseUtil                  |W| Table named [AGREEMENT_TERM_ATTRIBUTE] exists in the database but has no corresponding entity
2021-04-24 16:53:20,438 |OFBiz-batch-2        |DatabaseUtil                  |W| Table named [AGREEMENT_TYPE] exists in the database but has no corresponding entity
2021-04-24 16:53:20,438 |OFBiz-batch-2        |DatabaseUtil                  |W| Table named [AGREEMENT_TYPE_ATTR] exists in the database but has no corresponding entity
2021-04-24 16:53:20,438 |OFBiz-batch-2        |DatabaseUtil                  |W| Table named [AGREEMENT_WORK_EFFORT_APPLIC] exists in the database but has no corresponding entity
2021-04-24 16:53:20,438 |OFBiz-batch-2        |DatabaseUtil                  |W| Table named [APPLICATION_SANDBOX] exists in the database but has no corresponding entity
2021-04-24 16:53:20,438 |OFBiz-batch-2        |DatabaseUtil                  |W| Table named [AUDIO_DATA_RESOURCE] exists in the database but has no corresponding entity
2021-04-24 16:53:20,438 |OFBiz-batch-2        |DatabaseUtil                  |W| Table named [BENEFIT_TYPE] exists in the database but has no corresponding entity
2021-04-24 16:53:20,438 |OFBiz-batch-2        |DatabaseUtil                  |W| Table named [BILLING_ACCOUNT] exists in the database but has no corresponding entity
2021-04-24 16:53:20,438 |OFBiz-batch-2        |DatabaseUtil                  |W| Table named [BILLING_ACCOUNT_ROLE] exists in the database but has no corresponding entity
2021-04-24 16:53:20,438 |OFBiz-batch-2        |DatabaseUtil                  |W| Table named [BILLING_ACCOUNT_TERM] exists in the database but has no corresponding entity
2021-04-24 16:53:20,438 |OFBiz-batch-2        |DatabaseUtil                  |W| Table named [BILLING_ACCOUNT_TERM_ATTR] exists in the database but has no corresponding entity
2021-04-24 16:53:20,438 |OFBiz-batch-2        |DatabaseUtil                  |W| Table named [BROWSER_TYPE] exists in the database but has no corresponding entity
2021-04-24 16:53:20,438 |OFBiz-batch-2        |DatabaseUtil                  |W| Table named [BUDGET] exists in the database but has no corresponding entity
2021-04-24 16:53:20,438 |OFBiz-batch-2        |DatabaseUtil                  |W| Table named [BUDGET_ATTRIBUTE] exists in the database but has no corresponding entity
2021-04-24 16:53:20,438 |OFBiz-batch-2        |DatabaseUtil                  |W| Table named [BUDGET_ITEM] exists in the database but has no corresponding entity
2021-04-24 16:53:20,438 |OFBiz-batch-2        |DatabaseUtil                  |W| Table named [BUDGET_ITEM_ATTRIBUTE] exists in the database but has no corresponding entity
2021-04-24 16:53:20,438 |OFBiz-batch-2        |DatabaseUtil                  |W| Table named [BUDGET_ITEM_TYPE] exists in the database but has no corresponding entity
2021-04-24 16:53:20,438 |OFBiz-batch-2        |DatabaseUtil                  |W| Table named [BUDGET_ITEM_TYPE_ATTR] exists in the database but has no corresponding entity
2021-04-24 16:53:20,439 |OFBiz-batch-2        |DatabaseUtil                  |W| Table named [BUDGET_REVIEW] exists in the database but has no corresponding entity
2021-04-24 16:53:20,439 |OFBiz-batch-2        |DatabaseUtil                  |W| Table named [BUDGET_REVIEW_RESULT_TYPE] exists in the database but has no corresponding entity
2021-04-24 16:53:20,439 |OFBiz-batch-2        |DatabaseUtil                  |W| Table named [BUDGET_REVISION] exists in the database but has no corresponding entity
2021-04-24 16:53:20,439 |OFBiz-batch-2        |DatabaseUtil                  |W| Table named [BUDGET_REVISION_IMPACT] exists in the database but has no corresponding entity
2021-04-24 16:53:20,439 |OFBiz-batch-2        |DatabaseUtil                  |W| Table named [BUDGET_ROLE] exists in the database but has no corresponding entity
2021-04-24 16:53:20,439 |OFBiz-batch-2        |DatabaseUtil                  |W| Table named [BUDGET_SCENARIO] exists in the database but has no corresponding entity
2021-04-24 16:53:20,439 |OFBiz-batch-2        |DatabaseUtil                  |W| Table named [BUDGET_SCENARIO_APPLICATION] exists in the database but has no corresponding entity
2021-04-24 16:53:20,439 |OFBiz-batch-2        |DatabaseUtil                  |W| Table named [BUDGET_SCENARIO_RULE] exists in the database but has no corresponding entity
2021-04-24 16:53:20,439 |OFBiz-batch-2        |DatabaseUtil                  |W| Table named [BUDGET_STATUS] exists in the database but has no corresponding entity
2021-04-24 16:53:20,439 |OFBiz-batch-2        |DatabaseUtil                  |W| Table named [BUDGET_TYPE] exists in the database but has no corresponding entity
2021-04-24 16:53:20,439 |OFBiz-batch-2        |DatabaseUtil                  |W| Table named [BUDGET_TYPE_ATTR] exists in the database but has no corresponding entity
2021-04-24 16:53:20,439 |OFBiz-batch-2        |DatabaseUtil                  |W| Table named [CARRIER_SHIPMENT_BOX_TYPE] exists in the database but has no corresponding entity
2021-04-24 16:53:20,439 |OFBiz-batch-2        |DatabaseUtil                  |W| Table named [CARRIER_SHIPMENT_METHOD] exists in the database but has no corresponding entity
2021-04-24 16:53:20,439 |OFBiz-batch-2        |DatabaseUtil                  |W| Table named [CART_ABANDONED_LINE] exists in the database but has no corresponding entity
2021-04-24 16:53:20,439 |OFBiz-batch-2        |DatabaseUtil                  |W| Table named [CATALINA_SESSION] exists in the database but has no corresponding entity
2021-04-24 16:53:20,439 |OFBiz-batch-2        |DatabaseUtil                  |W| Table named [CHARACTER_SET] exists in the database but has no corresponding entity
2021-04-24 16:53:20,439 |OFBiz-batch-2        |DatabaseUtil                  |W| Table named [CHECK_ACCOUNT] exists in the database but has no corresponding entity
2021-04-24 16:53:20,439 |OFBiz-batch-2        |DatabaseUtil                  |W| Table named [COMMUNICATION_EVENT] exists in the database but has no corresponding entity
2021-04-24 16:53:20,439 |OFBiz-batch-2        |DatabaseUtil                  |W| Table named [COMMUNICATION_EVENT_ORDER] exists in the database but has no corresponding entity
2021-04-24 16:53:20,439 |OFBiz-batch-2        |DatabaseUtil                  |W| Table named [COMMUNICATION_EVENT_PRODUCT] exists in the database but has no corresponding entity
2021-04-24 16:53:20,439 |OFBiz-batch-2        |DatabaseUtil                  |W| Table named [COMMUNICATION_EVENT_PRP_TYP] exists in the database but has no corresponding entity
2021-04-24 16:53:20,439 |OFBiz-batch-2        |DatabaseUtil                  |W| Table named [COMMUNICATION_EVENT_PURPOSE] exists in the database but has no corresponding entity
2021-04-24 16:53:20,439 |OFBiz-batch-2        |DatabaseUtil                  |W| Table named [COMMUNICATION_EVENT_ROLE] exists in the database but has no corresponding entity
2021-04-24 16:53:20,439 |OFBiz-batch-2        |DatabaseUtil                  |W| Table named [COMMUNICATION_EVENT_TYPE] exists in the database but has no corresponding entity
2021-04-24 16:53:20,439 |OFBiz-batch-2        |DatabaseUtil                  |W| Table named [COMMUNICATION_EVENT_WORK_EFF] exists in the database but has no corresponding entity
2021-04-24 16:53:20,439 |OFBiz-batch-2        |DatabaseUtil                  |W| Table named [COMM_CONTENT_ASSOC_TYPE] exists in the database but has no corresponding entity
2021-04-24 16:53:20,439 |OFBiz-batch-2        |DatabaseUtil                  |W| Table named [COMM_EVENT_CONTENT_ASSOC] exists in the database but has no corresponding entity
2021-04-24 16:53:20,439 |OFBiz-batch-2        |DatabaseUtil                  |W| Table named [COMPONENT] exists in the database but has no corresponding entity
2021-04-24 16:53:20,439 |OFBiz-batch-2        |DatabaseUtil                  |W| Table named [CONFIG_OPTION_PRODUCT_OPTION] exists in the database but has no corresponding entity
2021-04-24 16:53:20,439 |OFBiz-batch-2        |DatabaseUtil                  |W| Table named [CONTACT_LIST] exists in the database but has no corresponding entity
2021-04-24 16:53:20,439 |OFBiz-batch-2        |DatabaseUtil                  |W| Table named [CONTACT_LIST_COMM_STATUS] exists in the database but has no corresponding entity
2021-04-24 16:53:20,439 |OFBiz-batch-2        |DatabaseUtil                  |W| Table named [CONTACT_LIST_PARTY] exists in the database but has no corresponding entity
2021-04-24 16:53:20,439 |OFBiz-batch-2        |DatabaseUtil                  |W| Table named [CONTACT_LIST_PARTY_STATUS] exists in the database but has no corresponding entity
2021-04-24 16:53:20,439 |OFBiz-batch-2        |DatabaseUtil                  |W| Table named [CONTACT_LIST_TYPE] exists in the database but has no corresponding entity
2021-04-24 16:53:20,439 |OFBiz-batch-2        |DatabaseUtil                  |W| Table named [CONTACT_MECH] exists in the database but has no corresponding entity
2021-04-24 16:53:20,439 |OFBiz-batch-2        |DatabaseUtil                  |W| Table named [CONTACT_MECH_ATTRIBUTE] exists in the database but has no corresponding entity
2021-04-24 16:53:20,439 |OFBiz-batch-2        |DatabaseUtil                  |W| Table named [CONTACT_MECH_LINK] exists in the database but has no corresponding entity
2021-04-24 16:53:20,439 |OFBiz-batch-2        |DatabaseUtil                  |W| Table named [CONTACT_MECH_PURPOSE_TYPE] exists in the database but has no corresponding entity
2021-04-24 16:53:20,439 |OFBiz-batch-2        |DatabaseUtil                  |W| Table named [CONTACT_MECH_TYPE] exists in the database but has no corresponding entity
2021-04-24 16:53:20,439 |OFBiz-batch-2        |DatabaseUtil                  |W| Table named [CONTACT_MECH_TYPE_ATTR] exists in the database but has no corresponding entity
2021-04-24 16:53:20,439 |OFBiz-batch-2        |DatabaseUtil                  |W| Table named [CONTACT_MECH_TYPE_PURPOSE] exists in the database but has no corresponding entity
2021-04-24 16:53:20,439 |OFBiz-batch-2        |DatabaseUtil                  |W| Table named [CONTAINER] exists in the database but has no corresponding entity
2021-04-24 16:53:20,439 |OFBiz-batch-2        |DatabaseUtil                  |W| Table named [CONTAINER_GEO_POINT] exists in the database but has no corresponding entity
2021-04-24 16:53:20,439 |OFBiz-batch-2        |DatabaseUtil                  |W| Table named [CONTAINER_TYPE] exists in the database but has no corresponding entity
2021-04-24 16:53:20,439 |OFBiz-batch-2        |DatabaseUtil                  |W| Table named [CONTENT] exists in the database but has no corresponding entity
2021-04-24 16:53:20,439 |OFBiz-batch-2        |DatabaseUtil                  |W| Table named [CONTENT_APPROVAL] exists in the database but has no corresponding entity
2021-04-24 16:53:20,439 |OFBiz-batch-2        |DatabaseUtil                  |W| Table named [CONTENT_ASSOC] exists in the database but has no corresponding entity
2021-04-24 16:53:20,439 |OFBiz-batch-2        |DatabaseUtil                  |W| Table named [CONTENT_ASSOC_PREDICATE] exists in the database but has no corresponding entity
2021-04-24 16:53:20,439 |OFBiz-batch-2        |DatabaseUtil                  |W| Table named [CONTENT_ASSOC_TYPE] exists in the database but has no corresponding entity
2021-04-24 16:53:20,439 |OFBiz-batch-2        |DatabaseUtil                  |W| Table named [CONTENT_ATTRIBUTE] exists in the database but has no corresponding entity
2021-04-24 16:53:20,439 |OFBiz-batch-2        |DatabaseUtil                  |W| Table named [CONTENT_KEYWORD] exists in the database but has no corresponding entity
2021-04-24 16:53:20,439 |OFBiz-batch-2        |DatabaseUtil                  |W| Table named [CONTENT_META_DATA] exists in the database but has no corresponding entity
2021-04-24 16:53:20,439 |OFBiz-batch-2        |DatabaseUtil                  |W| Table named [CONTENT_OPERATION] exists in the database but has no corresponding entity
2021-04-24 16:53:20,439 |OFBiz-batch-2        |DatabaseUtil                  |W| Table named [CONTENT_PURPOSE] exists in the database but has no corresponding entity
2021-04-24 16:53:20,439 |OFBiz-batch-2        |DatabaseUtil                  |W| Table named [CONTENT_PURPOSE_OPERATION] exists in the database but has no corresponding entity
2021-04-24 16:53:20,439 |OFBiz-batch-2        |DatabaseUtil                  |W| Table named [CONTENT_PURPOSE_TYPE] exists in the database but has no corresponding entity
2021-04-24 16:53:20,439 |OFBiz-batch-2        |DatabaseUtil                  |W| Table named [CONTENT_REVISION] exists in the database but has no corresponding entity
2021-04-24 16:53:20,439 |OFBiz-batch-2        |DatabaseUtil                  |W| Table named [CONTENT_REVISION_ITEM] exists in the database but has no corresponding entity
2021-04-24 16:53:20,439 |OFBiz-batch-2        |DatabaseUtil                  |W| Table named [CONTENT_ROLE] exists in the database but has no corresponding entity
2021-04-24 16:53:20,439 |OFBiz-batch-2        |DatabaseUtil                  |W| Table named [CONTENT_SEARCH_CONSTRAINT] exists in the database but has no corresponding entity
2021-04-24 16:53:20,439 |OFBiz-batch-2        |DatabaseUtil                  |W| Table named [CONTENT_SEARCH_RESULT] exists in the database but has no corresponding entity
2021-04-24 16:53:20,439 |OFBiz-batch-2        |DatabaseUtil                  |W| Table named [CONTENT_TYPE] exists in the database but has no corresponding entity
2021-04-24 16:53:20,439 |OFBiz-batch-2        |DatabaseUtil                  |W| Table named [CONTENT_TYPE_ATTR] exists in the database but has no corresponding entity
2021-04-24 16:53:20,439 |OFBiz-batch-2        |DatabaseUtil                  |W| Table named [COST_COMPONENT] exists in the database but has no corresponding entity
2021-04-24 16:53:20,439 |OFBiz-batch-2        |DatabaseUtil                  |W| Table named [COST_COMPONENT_ATTRIBUTE] exists in the database but has no corresponding entity
2021-04-24 16:53:20,439 |OFBiz-batch-2        |DatabaseUtil                  |W| Table named [COST_COMPONENT_CALC] exists in the database but has no corresponding entity
2021-04-24 16:53:20,439 |OFBiz-batch-2        |DatabaseUtil                  |W| Table named [COST_COMPONENT_TYPE] exists in the database but has no corresponding entity
2021-04-24 16:53:20,439 |OFBiz-batch-2        |DatabaseUtil                  |W| Table named [COST_COMPONENT_TYPE_ATTR] exists in the database but has no corresponding entity
2021-04-24 16:53:20,439 |OFBiz-batch-2        |DatabaseUtil                  |W| Table named [COUNTRY_ADDRESS_FORMAT] exists in the database but has no corresponding entity
2021-04-24 16:53:20,439 |OFBiz-batch-2        |DatabaseUtil                  |W| Table named [COUNTRY_CAPITAL] exists in the database but has no corresponding entity
2021-04-24 16:53:20,439 |OFBiz-batch-2        |DatabaseUtil                  |W| Table named [COUNTRY_CODE] exists in the database but has no corresponding entity
2021-04-24 16:53:20,439 |OFBiz-batch-2        |DatabaseUtil                  |W| Table named [COUNTRY_TELE_CODE] exists in the database but has no corresponding entity
2021-04-24 16:53:20,439 |OFBiz-batch-2        |DatabaseUtil                  |W| Table named [CREDIT_CARD] exists in the database but has no corresponding entity
2021-04-24 16:53:20,439 |OFBiz-batch-2        |DatabaseUtil                  |W| Table named [CREDIT_CARD_TYPE_GL_ACCOUNT] exists in the database but has no corresponding entity
2021-04-24 16:53:20,440 |OFBiz-batch-2        |DatabaseUtil                  |W| Table named [CUSTOM_METHOD] exists in the database but has no corresponding entity
2021-04-24 16:53:20,440 |OFBiz-batch-2        |DatabaseUtil                  |W| Table named [CUSTOM_METHOD_TYPE] exists in the database but has no corresponding entity
2021-04-24 16:53:20,440 |OFBiz-batch-2        |DatabaseUtil                  |W| Table named [CUSTOM_TIME_PERIOD] exists in the database but has no corresponding entity
2021-04-24 16:53:20,440 |OFBiz-batch-2        |DatabaseUtil                  |W| Table named [CUST_REQUEST] exists in the database but has no corresponding entity
2021-04-24 16:53:20,440 |OFBiz-batch-2        |DatabaseUtil                  |W| Table named [CUST_REQUEST_ATTRIBUTE] exists in the database but has no corresponding entity
2021-04-24 16:53:20,440 |OFBiz-batch-2        |DatabaseUtil                  |W| Table named [CUST_REQUEST_CATEGORY] exists in the database but has no corresponding entity
2021-04-24 16:53:20,440 |OFBiz-batch-2        |DatabaseUtil                  |W| Table named [CUST_REQUEST_COMM_EVENT] exists in the database but has no corresponding entity
2021-04-24 16:53:20,440 |OFBiz-batch-2        |DatabaseUtil                  |W| Table named [CUST_REQUEST_CONTENT] exists in the database but has no corresponding entity
2021-04-24 16:53:20,440 |OFBiz-batch-2        |DatabaseUtil                  |W| Table named [CUST_REQUEST_ITEM] exists in the database but has no corresponding entity
2021-04-24 16:53:20,440 |OFBiz-batch-2        |DatabaseUtil                  |W| Table named [CUST_REQUEST_ITEM_NOTE] exists in the database but has no corresponding entity
2021-04-24 16:53:20,440 |OFBiz-batch-2        |DatabaseUtil                  |W| Table named [CUST_REQUEST_ITEM_WORK_EFFORT] exists in the database but has no corresponding entity
2021-04-24 16:53:20,440 |OFBiz-batch-2        |DatabaseUtil                  |W| Table named [CUST_REQUEST_NOTE] exists in the database but has no corresponding entity
2021-04-24 16:53:20,440 |OFBiz-batch-2        |DatabaseUtil                  |W| Table named [CUST_REQUEST_PARTY] exists in the database but has no corresponding entity
2021-04-24 16:53:20,440 |OFBiz-batch-2        |DatabaseUtil                  |W| Table named [CUST_REQUEST_RESOLUTION] exists in the database but has no corresponding entity
2021-04-24 16:53:20,440 |OFBiz-batch-2        |DatabaseUtil                  |W| Table named [CUST_REQUEST_STATUS] exists in the database but has no corresponding entity
2021-04-24 16:53:20,440 |OFBiz-batch-2        |DatabaseUtil                  |W| Table named [CUST_REQUEST_TYPE] exists in the database but has no corresponding entity
2021-04-24 16:53:20,440 |OFBiz-batch-2        |DatabaseUtil                  |W| Table named [CUST_REQUEST_TYPE_ATTR] exists in the database but has no corresponding entity
2021-04-24 16:53:20,440 |OFBiz-batch-2        |DatabaseUtil                  |W| Table named [CUST_REQUEST_WORK_EFFORT] exists in the database but has no corresponding entity
2021-04-24 16:53:20,440 |OFBiz-batch-2        |DatabaseUtil                  |W| Table named [DATA_CATEGORY] exists in the database but has no corresponding entity
2021-04-24 16:53:20,440 |OFBiz-batch-2        |DatabaseUtil                  |W| Table named [DATA_RESOURCE] exists in the database but has no corresponding entity
2021-04-24 16:53:20,440 |OFBiz-batch-2        |DatabaseUtil                  |W| Table named [DATA_RESOURCE_ATTRIBUTE] exists in the database but has no corresponding entity
2021-04-24 16:53:20,440 |OFBiz-batch-2        |DatabaseUtil                  |W| Table named [DATA_RESOURCE_META_DATA] exists in the database but has no corresponding entity
2021-04-24 16:53:20,440 |OFBiz-batch-2        |DatabaseUtil                  |W| Table named [DATA_RESOURCE_PURPOSE] exists in the database but has no corresponding entity
2021-04-24 16:53:20,440 |OFBiz-batch-2        |DatabaseUtil                  |W| Table named [DATA_RESOURCE_ROLE] exists in the database but has no corresponding entity
2021-04-24 16:53:20,440 |OFBiz-batch-2        |DatabaseUtil                  |W| Table named [DATA_RESOURCE_TYPE] exists in the database but has no corresponding entity
2021-04-24 16:53:20,440 |OFBiz-batch-2        |DatabaseUtil                  |W| Table named [DATA_RESOURCE_TYPE_ATTR] exists in the database but has no corresponding entity
2021-04-24 16:53:20,440 |OFBiz-batch-2        |DatabaseUtil                  |W| Table named [DATA_SOURCE] exists in the database but has no corresponding entity
2021-04-24 16:53:20,440 |OFBiz-batch-2        |DatabaseUtil                  |W| Table named [DATA_SOURCE_TYPE] exists in the database but has no corresponding entity
2021-04-24 16:53:20,440 |OFBiz-batch-2        |DatabaseUtil                  |W| Table named [DATA_TEMPLATE_TYPE] exists in the database but has no corresponding entity
2021-04-24 16:53:20,440 |OFBiz-batch-2        |DatabaseUtil                  |W| Table named [DEDUCTION] exists in the database but has no corresponding entity
2021-04-24 16:53:20,440 |OFBiz-batch-2        |DatabaseUtil                  |W| Table named [DEDUCTION_TYPE] exists in the database but has no corresponding entity
2021-04-24 16:53:20,440 |OFBiz-batch-2        |DatabaseUtil                  |W| Table named [DELIVERABLE] exists in the database but has no corresponding entity
2021-04-24 16:53:20,440 |OFBiz-batch-2        |DatabaseUtil                  |W| Table named [DELIVERABLE_TYPE] exists in the database but has no corresponding entity
2021-04-24 16:53:20,440 |OFBiz-batch-2        |DatabaseUtil                  |W| Table named [DELIVERY] exists in the database but has no corresponding entity
2021-04-24 16:53:20,440 |OFBiz-batch-2        |DatabaseUtil                  |W| Table named [DESIRED_FEATURE] exists in the database but has no corresponding entity
2021-04-24 16:53:20,440 |OFBiz-batch-2        |DatabaseUtil                  |W| Table named [DOCUMENT] exists in the database but has no corresponding entity
2021-04-24 16:53:20,440 |OFBiz-batch-2        |DatabaseUtil                  |W| Table named [DOCUMENT_ATTRIBUTE] exists in the database but has no corresponding entity
2021-04-24 16:53:20,440 |OFBiz-batch-2        |DatabaseUtil                  |W| Table named [DOCUMENT_TYPE] exists in the database but has no corresponding entity
2021-04-24 16:53:20,440 |OFBiz-batch-2        |DatabaseUtil                  |W| Table named [DOCUMENT_TYPE_ATTR] exists in the database but has no corresponding entity
2021-04-24 16:53:20,440 |OFBiz-batch-2        |DatabaseUtil                  |W| Table named [EFT_ACCOUNT] exists in the database but has no corresponding entity
2021-04-24 16:53:20,440 |OFBiz-batch-2        |DatabaseUtil                  |W| Table named [ELECTRONIC_TEXT] exists in the database but has no corresponding entity
2021-04-24 16:53:20,440 |OFBiz-batch-2        |DatabaseUtil                  |W| Table named [EMAIL_ADDRESS_VERIFICATION] exists in the database but has no corresponding entity
2021-04-24 16:53:20,440 |OFBiz-batch-2        |DatabaseUtil                  |W| Table named [EMAIL_TEMPLATE_SETTING] exists in the database but has no corresponding entity
2021-04-24 16:53:20,440 |OFBiz-batch-2        |DatabaseUtil                  |W| Table named [EMPLOYMENT] exists in the database but has no corresponding entity
2021-04-24 16:53:20,440 |OFBiz-batch-2        |DatabaseUtil                  |W| Table named [EMPLOYMENT_APP] exists in the database but has no corresponding entity
2021-04-24 16:53:20,440 |OFBiz-batch-2        |DatabaseUtil                  |W| Table named [EMPLOYMENT_APP_SOURCE_TYPE] exists in the database but has no corresponding entity
2021-04-24 16:53:20,440 |OFBiz-batch-2        |DatabaseUtil                  |W| Table named [EMPL_LEAVE] exists in the database but has no corresponding entity
2021-04-24 16:53:20,440 |OFBiz-batch-2        |DatabaseUtil                  |W| Table named [EMPL_LEAVE_REASON_TYPE] exists in the database but has no corresponding entity
2021-04-24 16:53:20,440 |OFBiz-batch-2        |DatabaseUtil                  |W| Table named [EMPL_LEAVE_TYPE] exists in the database but has no corresponding entity
2021-04-24 16:53:20,440 |OFBiz-batch-2        |DatabaseUtil                  |W| Table named [EMPL_POSITION] exists in the database but has no corresponding entity
2021-04-24 16:53:20,440 |OFBiz-batch-2        |DatabaseUtil                  |W| Table named [EMPL_POSITION_CLASS_TYPE] exists in the database but has no corresponding entity
2021-04-24 16:53:20,440 |OFBiz-batch-2        |DatabaseUtil                  |W| Table named [EMPL_POSITION_FULFILLMENT] exists in the database but has no corresponding entity
2021-04-24 16:53:20,440 |OFBiz-batch-2        |DatabaseUtil                  |W| Table named [EMPL_POSITION_REPORTING_STRUCT] exists in the database but has no corresponding entity
2021-04-24 16:53:20,440 |OFBiz-batch-2        |DatabaseUtil                  |W| Table named [EMPL_POSITION_RESPONSIBILITY] exists in the database but has no corresponding entity
2021-04-24 16:53:20,440 |OFBiz-batch-2        |DatabaseUtil                  |W| Table named [EMPL_POSITION_TYPE] exists in the database but has no corresponding entity
2021-04-24 16:53:20,440 |OFBiz-batch-2        |DatabaseUtil                  |W| Table named [EMPL_POSITION_TYPE_CLASS] exists in the database but has no corresponding entity
2021-04-24 16:53:20,440 |OFBiz-batch-2        |DatabaseUtil                  |W| Table named [EMPL_POSITION_TYPE_RATE_NEW] exists in the database but has no corresponding entity
2021-04-24 16:53:20,440 |OFBiz-batch-2        |DatabaseUtil                  |W| Table named [ENTITY_AUDIT_LOG] exists in the database but has no corresponding entity
2021-04-24 16:53:20,440 |OFBiz-batch-2        |DatabaseUtil                  |W| Table named [ENTITY_GROUP] exists in the database but has no corresponding entity
2021-04-24 16:53:20,440 |OFBiz-batch-2        |DatabaseUtil                  |W| Table named [ENTITY_GROUP_ENTRY] exists in the database but has no corresponding entity
2021-04-24 16:53:20,440 |OFBiz-batch-2        |DatabaseUtil                  |W| Table named [ENTITY_KEY_STORE] exists in the database but has no corresponding entity
2021-04-24 16:53:20,440 |OFBiz-batch-2        |DatabaseUtil                  |W| Table named [ENTITY_SYNC] exists in the database but has no corresponding entity
2021-04-24 16:53:20,440 |OFBiz-batch-2        |DatabaseUtil                  |W| Table named [ENTITY_SYNC_HISTORY] exists in the database but has no corresponding entity
2021-04-24 16:53:20,440 |OFBiz-batch-2        |DatabaseUtil                  |W| Table named [ENTITY_SYNC_INCLUDE] exists in the database but has no corresponding entity
2021-04-24 16:53:20,440 |OFBiz-batch-2        |DatabaseUtil                  |W| Table named [ENTITY_SYNC_INCLUDE_GROUP] exists in the database but has no corresponding entity
2021-04-24 16:53:20,440 |OFBiz-batch-2        |DatabaseUtil                  |W| Table named [ENTITY_SYNC_REMOVE] exists in the database but has no corresponding entity
2021-04-24 16:53:20,440 |OFBiz-batch-2        |DatabaseUtil                  |W| Table named [ENUMERATION] exists in the database but has no corresponding entity
2021-04-24 16:53:20,440 |OFBiz-batch-2        |DatabaseUtil                  |W| Table named [ENUMERATION_TYPE] exists in the database but has no corresponding entity
2021-04-24 16:53:20,440 |OFBiz-batch-2        |DatabaseUtil                  |W| Table named [FACILITY] exists in the database but has no corresponding entity
2021-04-24 16:53:20,440 |OFBiz-batch-2        |DatabaseUtil                  |W| Table named [FACILITY_ATTRIBUTE] exists in the database but has no corresponding entity
2021-04-24 16:53:20,440 |OFBiz-batch-2        |DatabaseUtil                  |W| Table named [FACILITY_CALENDAR] exists in the database but has no corresponding entity
2021-04-24 16:53:20,440 |OFBiz-batch-2        |DatabaseUtil                  |W| Table named [FACILITY_CALENDAR_TYPE] exists in the database but has no corresponding entity
2021-04-24 16:53:20,440 |OFBiz-batch-2        |DatabaseUtil                  |W| Table named [FACILITY_CARRIER_SHIPMENT] exists in the database but has no corresponding entity
2021-04-24 16:53:20,440 |OFBiz-batch-2        |DatabaseUtil                  |W| Table named [FACILITY_CONTACT_MECH] exists in the database but has no corresponding entity
2021-04-24 16:53:20,440 |OFBiz-batch-2        |DatabaseUtil                  |W| Table named [FACILITY_CONTACT_MECH_PURPOSE] exists in the database but has no corresponding entity
2021-04-24 16:53:20,440 |OFBiz-batch-2        |DatabaseUtil                  |W| Table named [FACILITY_CONTENT] exists in the database but has no corresponding entity
2021-04-24 16:53:20,441 |OFBiz-batch-2        |DatabaseUtil                  |W| Table named [FACILITY_GROUP] exists in the database but has no corresponding entity
2021-04-24 16:53:20,441 |OFBiz-batch-2        |DatabaseUtil                  |W| Table named [FACILITY_GROUP_MEMBER] exists in the database but has no corresponding entity
2021-04-24 16:53:20,441 |OFBiz-batch-2        |DatabaseUtil                  |W| Table named [FACILITY_GROUP_ROLE] exists in the database but has no corresponding entity
2021-04-24 16:53:20,441 |OFBiz-batch-2        |DatabaseUtil                  |W| Table named [FACILITY_GROUP_ROLLUP] exists in the database but has no corresponding entity
2021-04-24 16:53:20,441 |OFBiz-batch-2        |DatabaseUtil                  |W| Table named [FACILITY_GROUP_TYPE] exists in the database but has no corresponding entity
2021-04-24 16:53:20,441 |OFBiz-batch-2        |DatabaseUtil                  |W| Table named [FACILITY_LOCATION] exists in the database but has no corresponding entity
2021-04-24 16:53:20,441 |OFBiz-batch-2        |DatabaseUtil                  |W| Table named [FACILITY_LOCATION_GEO_POINT] exists in the database but has no corresponding entity
2021-04-24 16:53:20,441 |OFBiz-batch-2        |DatabaseUtil                  |W| Table named [FACILITY_PARTY] exists in the database but has no corresponding entity
2021-04-24 16:53:20,441 |OFBiz-batch-2        |DatabaseUtil                  |W| Table named [FACILITY_TYPE] exists in the database but has no corresponding entity
2021-04-24 16:53:20,441 |OFBiz-batch-2        |DatabaseUtil                  |W| Table named [FACILITY_TYPE_ATTR] exists in the database but has no corresponding entity
2021-04-24 16:53:20,441 |OFBiz-batch-2        |DatabaseUtil                  |W| Table named [FILE_EXTENSION] exists in the database but has no corresponding entity
2021-04-24 16:53:20,441 |OFBiz-batch-2        |DatabaseUtil                  |W| Table named [FIN_ACCOUNT] exists in the database but has no corresponding entity
2021-04-24 16:53:20,441 |OFBiz-batch-2        |DatabaseUtil                  |W| Table named [FIN_ACCOUNT_ATTRIBUTE] exists in the database but has no corresponding entity
2021-04-24 16:53:20,441 |OFBiz-batch-2        |DatabaseUtil                  |W| Table named [FIN_ACCOUNT_AUTH] exists in the database but has no corresponding entity
2021-04-24 16:53:20,441 |OFBiz-batch-2        |DatabaseUtil                  |W| Table named [FIN_ACCOUNT_ROLE] exists in the database but has no corresponding entity
2021-04-24 16:53:20,441 |OFBiz-batch-2        |DatabaseUtil                  |W| Table named [FIN_ACCOUNT_STATUS] exists in the database but has no corresponding entity
2021-04-24 16:53:20,441 |OFBiz-batch-2        |DatabaseUtil                  |W| Table named [FIN_ACCOUNT_TRANS] exists in the database but has no corresponding entity
2021-04-24 16:53:20,441 |OFBiz-batch-2        |DatabaseUtil                  |W| Table named [FIN_ACCOUNT_TRANS_ATTRIBUTE] exists in the database but has no corresponding entity
2021-04-24 16:53:20,441 |OFBiz-batch-2        |DatabaseUtil                  |W| Table named [FIN_ACCOUNT_TRANS_TYPE] exists in the database but has no corresponding entity
2021-04-24 16:53:20,441 |OFBiz-batch-2        |DatabaseUtil                  |W| Table named [FIN_ACCOUNT_TRANS_TYPE_ATTR] exists in the database but has no corresponding entity
2021-04-24 16:53:20,441 |OFBiz-batch-2        |DatabaseUtil                  |W| Table named [FIN_ACCOUNT_TYPE] exists in the database but has no corresponding entity
2021-04-24 16:53:20,441 |OFBiz-batch-2        |DatabaseUtil                  |W| Table named [FIN_ACCOUNT_TYPE_ATTR] exists in the database but has no corresponding entity
2021-04-24 16:53:20,441 |OFBiz-batch-2        |DatabaseUtil                  |W| Table named [FIN_ACCOUNT_TYPE_GL_ACCOUNT] exists in the database but has no corresponding entity
2021-04-24 16:53:20,441 |OFBiz-batch-2        |DatabaseUtil                  |W| Table named [FIXED_ASSET] exists in the database but has no corresponding entity
2021-04-24 16:53:20,441 |OFBiz-batch-2        |DatabaseUtil                  |W| Table named [FIXED_ASSET_ATTRIBUTE] exists in the database but has no corresponding entity
2021-04-24 16:53:20,441 |OFBiz-batch-2        |DatabaseUtil                  |W| Table named [FIXED_ASSET_DEP_METHOD] exists in the database but has no corresponding entity
2021-04-24 16:53:20,441 |OFBiz-batch-2        |DatabaseUtil                  |W| Table named [FIXED_ASSET_GEO_POINT] exists in the database but has no corresponding entity
2021-04-24 16:53:20,441 |OFBiz-batch-2        |DatabaseUtil                  |W| Table named [FIXED_ASSET_IDENT] exists in the database but has no corresponding entity
2021-04-24 16:53:20,441 |OFBiz-batch-2        |DatabaseUtil                  |W| Table named [FIXED_ASSET_IDENT_TYPE] exists in the database but has no corresponding entity
2021-04-24 16:53:20,441 |OFBiz-batch-2        |DatabaseUtil                  |W| Table named [FIXED_ASSET_MAINT] exists in the database but has no corresponding entity
2021-04-24 16:53:20,441 |OFBiz-batch-2        |DatabaseUtil                  |W| Table named [FIXED_ASSET_MAINT_ORDER] exists in the database but has no corresponding entity
2021-04-24 16:53:20,441 |OFBiz-batch-2        |DatabaseUtil                  |W| Table named [FIXED_ASSET_METER] exists in the database but has no corresponding entity
2021-04-24 16:53:20,441 |OFBiz-batch-2        |DatabaseUtil                  |W| Table named [FIXED_ASSET_PRODUCT] exists in the database but has no corresponding entity
2021-04-24 16:53:20,441 |OFBiz-batch-2        |DatabaseUtil                  |W| Table named [FIXED_ASSET_PRODUCT_TYPE] exists in the database but has no corresponding entity
2021-04-24 16:53:20,441 |OFBiz-batch-2        |DatabaseUtil                  |W| Table named [FIXED_ASSET_REGISTRATION] exists in the database but has no corresponding entity
2021-04-24 16:53:20,441 |OFBiz-batch-2        |DatabaseUtil                  |W| Table named [FIXED_ASSET_STD_COST] exists in the database but has no corresponding entity
2021-04-24 16:53:20,441 |OFBiz-batch-2        |DatabaseUtil                  |W| Table named [FIXED_ASSET_STD_COST_TYPE] exists in the database but has no corresponding entity
2021-04-24 16:53:20,441 |OFBiz-batch-2        |DatabaseUtil                  |W| Table named [FIXED_ASSET_TYPE] exists in the database but has no corresponding entity
2021-04-24 16:53:20,441 |OFBiz-batch-2        |DatabaseUtil                  |W| Table named [FIXED_ASSET_TYPE_ATTR] exists in the database but has no corresponding entity
2021-04-24 16:53:20,441 |OFBiz-batch-2        |DatabaseUtil                  |W| Table named [FIXED_ASSET_TYPE_GL_ACCOUNT] exists in the database but has no corresponding entity
2021-04-24 16:53:20,441 |OFBiz-batch-2        |DatabaseUtil                  |W| Table named [GEO] exists in the database but has no corresponding entity
2021-04-24 16:53:20,441 |OFBiz-batch-2        |DatabaseUtil                  |W| Table named [GEO_ASSOC] exists in the database but has no corresponding entity
2021-04-24 16:53:20,441 |OFBiz-batch-2        |DatabaseUtil                  |W| Table named [GEO_ASSOC_TYPE] exists in the database but has no corresponding entity
2021-04-24 16:53:20,441 |OFBiz-batch-2        |DatabaseUtil                  |W| Table named [GEO_POINT] exists in the database but has no corresponding entity
2021-04-24 16:53:20,441 |OFBiz-batch-2        |DatabaseUtil                  |W| Table named [GEO_TYPE] exists in the database but has no corresponding entity
2021-04-24 16:53:20,441 |OFBiz-batch-2        |DatabaseUtil                  |W| Table named [GIFT_CARD] exists in the database but has no corresponding entity
2021-04-24 16:53:20,441 |OFBiz-batch-2        |DatabaseUtil                  |W| Table named [GIFT_CARD_FULFILLMENT] exists in the database but has no corresponding entity
2021-04-24 16:53:20,441 |OFBiz-batch-2        |DatabaseUtil                  |W| Table named [GL_ACCOUNT] exists in the database but has no corresponding entity
2021-04-24 16:53:20,441 |OFBiz-batch-2        |DatabaseUtil                  |W| Table named [GL_ACCOUNT_CATEGORY] exists in the database but has no corresponding entity
2021-04-24 16:53:20,441 |OFBiz-batch-2        |DatabaseUtil                  |W| Table named [GL_ACCOUNT_CATEGORY_MEMBER] exists in the database but has no corresponding entity
2021-04-24 16:53:20,441 |OFBiz-batch-2        |DatabaseUtil                  |W| Table named [GL_ACCOUNT_CATEGORY_TYPE] exists in the database but has no corresponding entity
2021-04-24 16:53:20,441 |OFBiz-batch-2        |DatabaseUtil                  |W| Table named [GL_ACCOUNT_CLASS] exists in the database but has no corresponding entity
2021-04-24 16:53:20,441 |OFBiz-batch-2        |DatabaseUtil                  |W| Table named [GL_ACCOUNT_GROUP] exists in the database but has no corresponding entity
2021-04-24 16:53:20,441 |OFBiz-batch-2        |DatabaseUtil                  |W| Table named [GL_ACCOUNT_GROUP_MEMBER] exists in the database but has no corresponding entity
2021-04-24 16:53:20,441 |OFBiz-batch-2        |DatabaseUtil                  |W| Table named [GL_ACCOUNT_GROUP_TYPE] exists in the database but has no corresponding entity
2021-04-24 16:53:20,441 |OFBiz-batch-2        |DatabaseUtil                  |W| Table named [GL_ACCOUNT_HISTORY] exists in the database but has no corresponding entity
2021-04-24 16:53:20,441 |OFBiz-batch-2        |DatabaseUtil                  |W| Table named [GL_ACCOUNT_ORGANIZATION] exists in the database but has no corresponding entity
2021-04-24 16:53:20,441 |OFBiz-batch-2        |DatabaseUtil                  |W| Table named [GL_ACCOUNT_ROLE] exists in the database but has no corresponding entity
2021-04-24 16:53:20,441 |OFBiz-batch-2        |DatabaseUtil                  |W| Table named [GL_ACCOUNT_TYPE] exists in the database but has no corresponding entity
2021-04-24 16:53:20,441 |OFBiz-batch-2        |DatabaseUtil                  |W| Table named [GL_ACCOUNT_TYPE_DEFAULT] exists in the database but has no corresponding entity
2021-04-24 16:53:20,441 |OFBiz-batch-2        |DatabaseUtil                  |W| Table named [GL_BUDGET_XREF] exists in the database but has no corresponding entity
2021-04-24 16:53:20,441 |OFBiz-batch-2        |DatabaseUtil                  |W| Table named [GL_FISCAL_TYPE] exists in the database but has no corresponding entity
2021-04-24 16:53:20,441 |OFBiz-batch-2        |DatabaseUtil                  |W| Table named [GL_JOURNAL] exists in the database but has no corresponding entity
2021-04-24 16:53:20,441 |OFBiz-batch-2        |DatabaseUtil                  |W| Table named [GL_RECONCILIATION] exists in the database but has no corresponding entity
2021-04-24 16:53:20,441 |OFBiz-batch-2        |DatabaseUtil                  |W| Table named [GL_RECONCILIATION_ENTRY] exists in the database but has no corresponding entity
2021-04-24 16:53:20,441 |OFBiz-batch-2        |DatabaseUtil                  |W| Table named [GL_RESOURCE_TYPE] exists in the database but has no corresponding entity
2021-04-24 16:53:20,441 |OFBiz-batch-2        |DatabaseUtil                  |W| Table named [GL_XBRL_CLASS] exists in the database but has no corresponding entity
2021-04-24 16:53:20,441 |OFBiz-batch-2        |DatabaseUtil                  |W| Table named [GOOD_IDENTIFICATION] exists in the database but has no corresponding entity
2021-04-24 16:53:20,441 |OFBiz-batch-2        |DatabaseUtil                  |W| Table named [GOOD_IDENTIFICATION_TYPE] exists in the database but has no corresponding entity
2021-04-24 16:53:20,441 |OFBiz-batch-2        |DatabaseUtil                  |W| Table named [HOST_SUMMARY] exists in the database but has no corresponding entity
2021-04-24 16:53:20,441 |OFBiz-batch-2        |DatabaseUtil                  |W| Table named [HOST_SUMMARY_BY_FILE_IO] exists in the database but has no corresponding entity
2021-04-24 16:53:20,441 |OFBiz-batch-2        |DatabaseUtil                  |W| Table named [HOST_SUMMARY_BY_FILE_IO_TYPE] exists in the database but has no corresponding entity
2021-04-24 16:53:20,441 |OFBiz-batch-2        |DatabaseUtil                  |W| Table named [HOST_SUMMARY_BY_STAGES] exists in the database but has no corresponding entity
2021-04-24 16:53:20,441 |OFBiz-batch-2        |DatabaseUtil                  |W| Table named [HOST_SUMMARY_BY_STATEMENT_LATENCY] exists in the database but has no corresponding entity
2021-04-24 16:53:20,442 |OFBiz-batch-2        |DatabaseUtil                  |W| Table named [HOST_SUMMARY_BY_STATEMENT_TYPE] exists in the database but has no corresponding entity
2021-04-24 16:53:20,442 |OFBiz-batch-2        |DatabaseUtil                  |W| Table named [IMAGE_DATA_RESOURCE] exists in the database but has no corresponding entity
2021-04-24 16:53:20,442 |OFBiz-batch-2        |DatabaseUtil                  |W| Table named [INNODB_BUFFER_STATS_BY_SCHEMA] exists in the database but has no corresponding entity
2021-04-24 16:53:20,442 |OFBiz-batch-2        |DatabaseUtil                  |W| Table named [INNODB_BUFFER_STATS_BY_TABLE] exists in the database but has no corresponding entity
2021-04-24 16:53:20,442 |OFBiz-batch-2        |DatabaseUtil                  |W| Table named [INNODB_LOCK_WAITS] exists in the database but has no corresponding entity
2021-04-24 16:53:20,442 |OFBiz-batch-2        |DatabaseUtil                  |W| Table named [INVENTORY_ITEM] exists in the database but has no corresponding entity
2021-04-24 16:53:20,442 |OFBiz-batch-2        |DatabaseUtil                  |W| Table named [INVENTORY_ITEM_ATTRIBUTE] exists in the database but has no corresponding entity
2021-04-24 16:53:20,442 |OFBiz-batch-2        |DatabaseUtil                  |W| Table named [INVENTORY_ITEM_DETAIL] exists in the database but has no corresponding entity
2021-04-24 16:53:20,442 |OFBiz-batch-2        |DatabaseUtil                  |W| Table named [INVENTORY_ITEM_LABEL] exists in the database but has no corresponding entity
2021-04-24 16:53:20,442 |OFBiz-batch-2        |DatabaseUtil                  |W| Table named [INVENTORY_ITEM_LABEL_APPL] exists in the database but has no corresponding entity
2021-04-24 16:53:20,442 |OFBiz-batch-2        |DatabaseUtil                  |W| Table named [INVENTORY_ITEM_LABEL_TYPE] exists in the database but has no corresponding entity
2021-04-24 16:53:20,442 |OFBiz-batch-2        |DatabaseUtil                  |W| Table named [INVENTORY_ITEM_STATUS] exists in the database but has no corresponding entity
2021-04-24 16:53:20,442 |OFBiz-batch-2        |DatabaseUtil                  |W| Table named [INVENTORY_ITEM_TEMP_RES] exists in the database but has no corresponding entity
2021-04-24 16:53:20,442 |OFBiz-batch-2        |DatabaseUtil                  |W| Table named [INVENTORY_ITEM_TYPE] exists in the database but has no corresponding entity
2021-04-24 16:53:20,442 |OFBiz-batch-2        |DatabaseUtil                  |W| Table named [INVENTORY_ITEM_TYPE_ATTR] exists in the database but has no corresponding entity
2021-04-24 16:53:20,442 |OFBiz-batch-2        |DatabaseUtil                  |W| Table named [INVENTORY_ITEM_VARIANCE] exists in the database but has no corresponding entity
2021-04-24 16:53:20,442 |OFBiz-batch-2        |DatabaseUtil                  |W| Table named [INVENTORY_TRANSFER] exists in the database but has no corresponding entity
2021-04-24 16:53:20,442 |OFBiz-batch-2        |DatabaseUtil                  |W| Table named [INVOICE] exists in the database but has no corresponding entity
2021-04-24 16:53:20,442 |OFBiz-batch-2        |DatabaseUtil                  |W| Table named [INVOICE_ATTRIBUTE] exists in the database but has no corresponding entity
2021-04-24 16:53:20,442 |OFBiz-batch-2        |DatabaseUtil                  |W| Table named [INVOICE_CONTACT_MECH] exists in the database but has no corresponding entity
2021-04-24 16:53:20,442 |OFBiz-batch-2        |DatabaseUtil                  |W| Table named [INVOICE_CONTENT] exists in the database but has no corresponding entity
2021-04-24 16:53:20,442 |OFBiz-batch-2        |DatabaseUtil                  |W| Table named [INVOICE_CONTENT_TYPE] exists in the database but has no corresponding entity
2021-04-24 16:53:20,442 |OFBiz-batch-2        |DatabaseUtil                  |W| Table named [INVOICE_ITEM] exists in the database but has no corresponding entity
2021-04-24 16:53:20,442 |OFBiz-batch-2        |DatabaseUtil                  |W| Table named [INVOICE_ITEM_ASSOC] exists in the database but has no corresponding entity
2021-04-24 16:53:20,442 |OFBiz-batch-2        |DatabaseUtil                  |W| Table named [INVOICE_ITEM_ASSOC_TYPE] exists in the database but has no corresponding entity
2021-04-24 16:53:20,442 |OFBiz-batch-2        |DatabaseUtil                  |W| Table named [INVOICE_ITEM_ATTRIBUTE] exists in the database but has no corresponding entity
2021-04-24 16:53:20,442 |OFBiz-batch-2        |DatabaseUtil                  |W| Table named [INVOICE_ITEM_TYPE] exists in the database but has no corresponding entity
2021-04-24 16:53:20,442 |OFBiz-batch-2        |DatabaseUtil                  |W| Table named [INVOICE_ITEM_TYPE_ATTR] exists in the database but has no corresponding entity
2021-04-24 16:53:20,442 |OFBiz-batch-2        |DatabaseUtil                  |W| Table named [INVOICE_ITEM_TYPE_GL_ACCOUNT] exists in the database but has no corresponding entity
2021-04-24 16:53:20,442 |OFBiz-batch-2        |DatabaseUtil                  |W| Table named [INVOICE_ITEM_TYPE_MAP] exists in the database but has no corresponding entity
2021-04-24 16:53:20,442 |OFBiz-batch-2        |DatabaseUtil                  |W| Table named [INVOICE_NOTE] exists in the database but has no corresponding entity
2021-04-24 16:53:20,442 |OFBiz-batch-2        |DatabaseUtil                  |W| Table named [INVOICE_ROLE] exists in the database but has no corresponding entity
2021-04-24 16:53:20,442 |OFBiz-batch-2        |DatabaseUtil                  |W| Table named [INVOICE_STATUS] exists in the database but has no corresponding entity
2021-04-24 16:53:20,442 |OFBiz-batch-2        |DatabaseUtil                  |W| Table named [INVOICE_TERM] exists in the database but has no corresponding entity
2021-04-24 16:53:20,442 |OFBiz-batch-2        |DatabaseUtil                  |W| Table named [INVOICE_TERM_ATTRIBUTE] exists in the database but has no corresponding entity
2021-04-24 16:53:20,442 |OFBiz-batch-2        |DatabaseUtil                  |W| Table named [INVOICE_TYPE] exists in the database but has no corresponding entity
2021-04-24 16:53:20,442 |OFBiz-batch-2        |DatabaseUtil                  |W| Table named [INVOICE_TYPE_ATTR] exists in the database but has no corresponding entity
2021-04-24 16:53:20,442 |OFBiz-batch-2        |DatabaseUtil                  |W| Table named [IO_BY_THREAD_BY_LATENCY] exists in the database but has no corresponding entity
2021-04-24 16:53:20,442 |OFBiz-batch-2        |DatabaseUtil                  |W| Table named [IO_GLOBAL_BY_FILE_BY_BYTES] exists in the database but has no corresponding entity
2021-04-24 16:53:20,442 |OFBiz-batch-2        |DatabaseUtil                  |W| Table named [IO_GLOBAL_BY_FILE_BY_LATENCY] exists in the database but has no corresponding entity
2021-04-24 16:53:20,442 |OFBiz-batch-2        |DatabaseUtil                  |W| Table named [IO_GLOBAL_BY_WAIT_BY_BYTES] exists in the database but has no corresponding entity
2021-04-24 16:53:20,442 |OFBiz-batch-2        |DatabaseUtil                  |W| Table named [IO_GLOBAL_BY_WAIT_BY_LATENCY] exists in the database but has no corresponding entity
2021-04-24 16:53:20,442 |OFBiz-batch-2        |DatabaseUtil                  |W| Table named [ITEM_ISSUANCE] exists in the database but has no corresponding entity
2021-04-24 16:53:20,442 |OFBiz-batch-2        |DatabaseUtil                  |W| Table named [ITEM_ISSUANCE_ROLE] exists in the database but has no corresponding entity
2021-04-24 16:53:20,442 |OFBiz-batch-2        |DatabaseUtil                  |W| Table named [JAVA_RESOURCE] exists in the database but has no corresponding entity
2021-04-24 16:53:20,442 |OFBiz-batch-2        |DatabaseUtil                  |W| Table named [JOB_INTERVIEW] exists in the database but has no corresponding entity
2021-04-24 16:53:20,442 |OFBiz-batch-2        |DatabaseUtil                  |W| Table named [JOB_INTERVIEW_TYPE] exists in the database but has no corresponding entity
2021-04-24 16:53:20,442 |OFBiz-batch-2        |DatabaseUtil                  |W| Table named [JOB_MANAGER_LOCK] exists in the database but has no corresponding entity
2021-04-24 16:53:20,442 |OFBiz-batch-2        |DatabaseUtil                  |W| Table named [JOB_REQUISITION] exists in the database but has no corresponding entity
2021-04-24 16:53:20,442 |OFBiz-batch-2        |DatabaseUtil                  |W| Table named [JOB_SANDBOX] exists in the database but has no corresponding entity
2021-04-24 16:53:20,442 |OFBiz-batch-2        |DatabaseUtil                  |W| Table named [KEYWORD_THESAURUS] exists in the database but has no corresponding entity
2021-04-24 16:53:20,442 |OFBiz-batch-2        |DatabaseUtil                  |W| Table named [LATEST_FILE_IO] exists in the database but has no corresponding entity
2021-04-24 16:53:20,442 |OFBiz-batch-2        |DatabaseUtil                  |W| Table named [LOT] exists in the database but has no corresponding entity
2021-04-24 16:53:20,442 |OFBiz-batch-2        |DatabaseUtil                  |W| Table named [MARKETING_CAMPAIGN] exists in the database but has no corresponding entity
2021-04-24 16:53:20,442 |OFBiz-batch-2        |DatabaseUtil                  |W| Table named [MARKETING_CAMPAIGN_NOTE] exists in the database but has no corresponding entity
2021-04-24 16:53:20,442 |OFBiz-batch-2        |DatabaseUtil                  |W| Table named [MARKETING_CAMPAIGN_PRICE] exists in the database but has no corresponding entity
2021-04-24 16:53:20,442 |OFBiz-batch-2        |DatabaseUtil                  |W| Table named [MARKETING_CAMPAIGN_PROMO] exists in the database but has no corresponding entity
2021-04-24 16:53:20,442 |OFBiz-batch-2        |DatabaseUtil                  |W| Table named [MARKETING_CAMPAIGN_ROLE] exists in the database but has no corresponding entity
2021-04-24 16:53:20,442 |OFBiz-batch-2        |DatabaseUtil                  |W| Table named [MARKET_INTEREST] exists in the database but has no corresponding entity
2021-04-24 16:53:20,442 |OFBiz-batch-2        |DatabaseUtil                  |W| Table named [MEMORY_BY_HOST_BY_CURRENT_BYTES] exists in the database but has no corresponding entity
2021-04-24 16:53:20,442 |OFBiz-batch-2        |DatabaseUtil                  |W| Table named [MEMORY_BY_THREAD_BY_CURRENT_BYTES] exists in the database but has no corresponding entity
2021-04-24 16:53:20,442 |OFBiz-batch-2        |DatabaseUtil                  |W| Table named [MEMORY_BY_USER_BY_CURRENT_BYTES] exists in the database but has no corresponding entity
2021-04-24 16:53:20,442 |OFBiz-batch-2        |DatabaseUtil                  |W| Table named [MEMORY_GLOBAL_BY_CURRENT_BYTES] exists in the database but has no corresponding entity
2021-04-24 16:53:20,442 |OFBiz-batch-2        |DatabaseUtil                  |W| Table named [MEMORY_GLOBAL_TOTAL] exists in the database but has no corresponding entity
2021-04-24 16:53:20,442 |OFBiz-batch-2        |DatabaseUtil                  |W| Table named [META_DATA_PREDICATE] exists in the database but has no corresponding entity
2021-04-24 16:53:20,442 |OFBiz-batch-2        |DatabaseUtil                  |W| Table named [METRICS] exists in the database but has no corresponding entity
2021-04-24 16:53:20,442 |OFBiz-batch-2        |DatabaseUtil                  |W| Table named [MIME_TYPE] exists in the database but has no corresponding entity
2021-04-24 16:53:20,442 |OFBiz-batch-2        |DatabaseUtil                  |W| Table named [MIME_TYPE_HTML_TEMPLATE] exists in the database but has no corresponding entity
2021-04-24 16:53:20,442 |OFBiz-batch-2        |DatabaseUtil                  |W| Table named [MRP_EVENT] exists in the database but has no corresponding entity
2021-04-24 16:53:20,442 |OFBiz-batch-2        |DatabaseUtil                  |W| Table named [MRP_EVENT_TYPE] exists in the database but has no corresponding entity
2021-04-24 16:53:20,442 |OFBiz-batch-2        |DatabaseUtil                  |W| Table named [NEED_TYPE] exists in the database but has no corresponding entity
2021-04-24 16:53:20,442 |OFBiz-batch-2        |DatabaseUtil                  |W| Table named [NOTE_DATA] exists in the database but has no corresponding entity
2021-04-24 16:53:20,442 |OFBiz-batch-2        |DatabaseUtil                  |W| Table named [ORDER_ADJUSTMENT] exists in the database but has no corresponding entity
2021-04-24 16:53:20,442 |OFBiz-batch-2        |DatabaseUtil                  |W| Table named [ORDER_ADJUSTMENT_ATTRIBUTE] exists in the database but has no corresponding entity
2021-04-24 16:53:20,443 |OFBiz-batch-2        |DatabaseUtil                  |W| Table named [ORDER_ADJUSTMENT_BILLING] exists in the database but has no corresponding entity
2021-04-24 16:53:20,443 |OFBiz-batch-2        |DatabaseUtil                  |W| Table named [ORDER_ADJUSTMENT_TYPE] exists in the database but has no corresponding entity
2021-04-24 16:53:20,443 |OFBiz-batch-2        |DatabaseUtil                  |W| Table named [ORDER_ADJUSTMENT_TYPE_ATTR] exists in the database but has no corresponding entity
2021-04-24 16:53:20,443 |OFBiz-batch-2        |DatabaseUtil                  |W| Table named [ORDER_ATTRIBUTE] exists in the database but has no corresponding entity
2021-04-24 16:53:20,443 |OFBiz-batch-2        |DatabaseUtil                  |W| Table named [ORDER_BLACKLIST] exists in the database but has no corresponding entity
2021-04-24 16:53:20,443 |OFBiz-batch-2        |DatabaseUtil                  |W| Table named [ORDER_BLACKLIST_TYPE] exists in the database but has no corresponding entity
2021-04-24 16:53:20,443 |OFBiz-batch-2        |DatabaseUtil                  |W| Table named [ORDER_CONTACT_MECH] exists in the database but has no corresponding entity
2021-04-24 16:53:20,443 |OFBiz-batch-2        |DatabaseUtil                  |W| Table named [ORDER_CONTENT] exists in the database but has no corresponding entity
2021-04-24 16:53:20,443 |OFBiz-batch-2        |DatabaseUtil                  |W| Table named [ORDER_CONTENT_TYPE] exists in the database but has no corresponding entity
2021-04-24 16:53:20,443 |OFBiz-batch-2        |DatabaseUtil                  |W| Table named [ORDER_DELIVERY_SCHEDULE] exists in the database but has no corresponding entity
2021-04-24 16:53:20,443 |OFBiz-batch-2        |DatabaseUtil                  |W| Table named [ORDER_HEADER] exists in the database but has no corresponding entity
2021-04-24 16:53:20,443 |OFBiz-batch-2        |DatabaseUtil                  |W| Table named [ORDER_HEADER_NOTE] exists in the database but has no corresponding entity
2021-04-24 16:53:20,443 |OFBiz-batch-2        |DatabaseUtil                  |W| Table named [ORDER_HEADER_WORK_EFFORT] exists in the database but has no corresponding entity
2021-04-24 16:53:20,443 |OFBiz-batch-2        |DatabaseUtil                  |W| Table named [ORDER_ITEM] exists in the database but has no corresponding entity
2021-04-24 16:53:20,443 |OFBiz-batch-2        |DatabaseUtil                  |W| Table named [ORDER_ITEM_ASSOC] exists in the database but has no corresponding entity
2021-04-24 16:53:20,443 |OFBiz-batch-2        |DatabaseUtil                  |W| Table named [ORDER_ITEM_ASSOC_TYPE] exists in the database but has no corresponding entity
2021-04-24 16:53:20,443 |OFBiz-batch-2        |DatabaseUtil                  |W| Table named [ORDER_ITEM_ATTRIBUTE] exists in the database but has no corresponding entity
2021-04-24 16:53:20,443 |OFBiz-batch-2        |DatabaseUtil                  |W| Table named [ORDER_ITEM_BILLING] exists in the database but has no corresponding entity
2021-04-24 16:53:20,443 |OFBiz-batch-2        |DatabaseUtil                  |W| Table named [ORDER_ITEM_CHANGE] exists in the database but has no corresponding entity
2021-04-24 16:53:20,443 |OFBiz-batch-2        |DatabaseUtil                  |W| Table named [ORDER_ITEM_CONTACT_MECH] exists in the database but has no corresponding entity
2021-04-24 16:53:20,443 |OFBiz-batch-2        |DatabaseUtil                  |W| Table named [ORDER_ITEM_GROUP] exists in the database but has no corresponding entity
2021-04-24 16:53:20,443 |OFBiz-batch-2        |DatabaseUtil                  |W| Table named [ORDER_ITEM_GROUP_ORDER] exists in the database but has no corresponding entity
2021-04-24 16:53:20,443 |OFBiz-batch-2        |DatabaseUtil                  |W| Table named [ORDER_ITEM_PRICE_INFO] exists in the database but has no corresponding entity
2021-04-24 16:53:20,443 |OFBiz-batch-2        |DatabaseUtil                  |W| Table named [ORDER_ITEM_ROLE] exists in the database but has no corresponding entity
2021-04-24 16:53:20,443 |OFBiz-batch-2        |DatabaseUtil                  |W| Table named [ORDER_ITEM_SHIP_GROUP] exists in the database but has no corresponding entity
2021-04-24 16:53:20,443 |OFBiz-batch-2        |DatabaseUtil                  |W| Table named [ORDER_ITEM_SHIP_GROUP_ASSOC] exists in the database but has no corresponding entity
2021-04-24 16:53:20,443 |OFBiz-batch-2        |DatabaseUtil                  |W| Table named [ORDER_ITEM_SHIP_GRP_INV_RES] exists in the database but has no corresponding entity
2021-04-24 16:53:20,443 |OFBiz-batch-2        |DatabaseUtil                  |W| Table named [ORDER_ITEM_TYPE] exists in the database but has no corresponding entity
2021-04-24 16:53:20,443 |OFBiz-batch-2        |DatabaseUtil                  |W| Table named [ORDER_ITEM_TYPE_ATTR] exists in the database but has no corresponding entity
2021-04-24 16:53:20,443 |OFBiz-batch-2        |DatabaseUtil                  |W| Table named [ORDER_NOTIFICATION] exists in the database but has no corresponding entity
2021-04-24 16:53:20,443 |OFBiz-batch-2        |DatabaseUtil                  |W| Table named [ORDER_PAYMENT_PREFERENCE] exists in the database but has no corresponding entity
2021-04-24 16:53:20,443 |OFBiz-batch-2        |DatabaseUtil                  |W| Table named [ORDER_PRODUCT_PROMO_CODE] exists in the database but has no corresponding entity
2021-04-24 16:53:20,443 |OFBiz-batch-2        |DatabaseUtil                  |W| Table named [ORDER_REQUIREMENT_COMMITMENT] exists in the database but has no corresponding entity
2021-04-24 16:53:20,443 |OFBiz-batch-2        |DatabaseUtil                  |W| Table named [ORDER_ROLE] exists in the database but has no corresponding entity
2021-04-24 16:53:20,443 |OFBiz-batch-2        |DatabaseUtil                  |W| Table named [ORDER_SHIPMENT] exists in the database but has no corresponding entity
2021-04-24 16:53:20,443 |OFBiz-batch-2        |DatabaseUtil                  |W| Table named [ORDER_STATUS] exists in the database but has no corresponding entity
2021-04-24 16:53:20,443 |OFBiz-batch-2        |DatabaseUtil                  |W| Table named [ORDER_SUMMARY_ENTRY] exists in the database but has no corresponding entity
2021-04-24 16:53:20,443 |OFBiz-batch-2        |DatabaseUtil                  |W| Table named [ORDER_TERM] exists in the database but has no corresponding entity
2021-04-24 16:53:20,443 |OFBiz-batch-2        |DatabaseUtil                  |W| Table named [ORDER_TERM_ATTRIBUTE] exists in the database but has no corresponding entity
2021-04-24 16:53:20,443 |OFBiz-batch-2        |DatabaseUtil                  |W| Table named [ORDER_TYPE] exists in the database but has no corresponding entity
2021-04-24 16:53:20,443 |OFBiz-batch-2        |DatabaseUtil                  |W| Table named [ORDER_TYPE_ATTR] exists in the database but has no corresponding entity
2021-04-24 16:53:20,443 |OFBiz-batch-2        |DatabaseUtil                  |W| Table named [OTHER_DATA_RESOURCE] exists in the database but has no corresponding entity
2021-04-24 16:53:20,443 |OFBiz-batch-2        |DatabaseUtil                  |W| Table named [PARTY] exists in the database but has no corresponding entity
2021-04-24 16:53:20,443 |OFBiz-batch-2        |DatabaseUtil                  |W| Table named [PARTY_ACCTG_PREFERENCE] exists in the database but has no corresponding entity
2021-04-24 16:53:20,443 |OFBiz-batch-2        |DatabaseUtil                  |W| Table named [PARTY_ATTRIBUTE] exists in the database but has no corresponding entity
2021-04-24 16:53:20,443 |OFBiz-batch-2        |DatabaseUtil                  |W| Table named [PARTY_BENEFIT] exists in the database but has no corresponding entity
2021-04-24 16:53:20,443 |OFBiz-batch-2        |DatabaseUtil                  |W| Table named [PARTY_CARRIER_ACCOUNT] exists in the database but has no corresponding entity
2021-04-24 16:53:20,443 |OFBiz-batch-2        |DatabaseUtil                  |W| Table named [PARTY_CLASSIFICATION] exists in the database but has no corresponding entity
2021-04-24 16:53:20,443 |OFBiz-batch-2        |DatabaseUtil                  |W| Table named [PARTY_CLASSIFICATION_GROUP] exists in the database but has no corresponding entity
2021-04-24 16:53:20,443 |OFBiz-batch-2        |DatabaseUtil                  |W| Table named [PARTY_CLASSIFICATION_TYPE] exists in the database but has no corresponding entity
2021-04-24 16:53:20,443 |OFBiz-batch-2        |DatabaseUtil                  |W| Table named [PARTY_CONTACT_MECH] exists in the database but has no corresponding entity
2021-04-24 16:53:20,443 |OFBiz-batch-2        |DatabaseUtil                  |W| Table named [PARTY_CONTACT_MECH_PURPOSE] exists in the database but has no corresponding entity
2021-04-24 16:53:20,443 |OFBiz-batch-2        |DatabaseUtil                  |W| Table named [PARTY_CONTENT] exists in the database but has no corresponding entity
2021-04-24 16:53:20,443 |OFBiz-batch-2        |DatabaseUtil                  |W| Table named [PARTY_CONTENT_TYPE] exists in the database but has no corresponding entity
2021-04-24 16:53:20,443 |OFBiz-batch-2        |DatabaseUtil                  |W| Table named [PARTY_DATA_SOURCE] exists in the database but has no corresponding entity
2021-04-24 16:53:20,443 |OFBiz-batch-2        |DatabaseUtil                  |W| Table named [PARTY_FIXED_ASSET_ASSIGNMENT] exists in the database but has no corresponding entity
2021-04-24 16:53:20,443 |OFBiz-batch-2        |DatabaseUtil                  |W| Table named [PARTY_GEO_POINT] exists in the database but has no corresponding entity
2021-04-24 16:53:20,443 |OFBiz-batch-2        |DatabaseUtil                  |W| Table named [PARTY_GL_ACCOUNT] exists in the database but has no corresponding entity
2021-04-24 16:53:20,443 |OFBiz-batch-2        |DatabaseUtil                  |W| Table named [PARTY_GROUP] exists in the database but has no corresponding entity
2021-04-24 16:53:20,443 |OFBiz-batch-2        |DatabaseUtil                  |W| Table named [PARTY_ICS_AVS_OVERRIDE] exists in the database but has no corresponding entity
2021-04-24 16:53:20,443 |OFBiz-batch-2        |DatabaseUtil                  |W| Table named [PARTY_IDENTIFICATION] exists in the database but has no corresponding entity
]]></system-out>
  <system-err><![CDATA[SLF4J: No SLF4J providers were found.
SLF4J: Defaulting to no-operation (NOP) logger implementation
SLF4J: See http://www.slf4j.org/codes.html#noProviders for further details.
SLF4J: Class path contains SLF4J bindings targeting slf4j-api versions prior to 1.8.
SLF4J: Ignoring binding found at [jar:file:/home/pradeep/.gradle/caches/modules-2/files-2.1/org.apache.logging.log4j/log4j-slf4j-impl/2.11.2/4d44e4edc4a7fb39f09b95b09f560a15976fa1ba/log4j-slf4j-impl-2.11.2.jar!/org/slf4j/impl/StaticLoggerBinder.class]
SLF4J: See http://www.slf4j.org/codes.html#ignoredBindings for an explanation.
Loading class `com.mysql.jdbc.Driver'. This is deprecated. The new driver class is `com.mysql.cj.jdbc.Driver'. The driver is automatically registered via the SPI and manual loading of the driver class is generally unnecessary.
]]></system-err>
</testsuite>
