<?xml version="1.0" encoding="UTF-8"?>
<testsuite name="org.apache.ofbiz.webapp.control.ExternalLoginKeysManagerTests" tests="4" skipped="0" failures="0" errors="0" timestamp="2021-04-24T11:23:22" hostname="pradeep-Inspiron-15-3567" time="0.076">
  <properties/>
  <testcase name="getExternalLoginKeyReturnsEmptyKeyIfUserLoginIsNull" classname="org.apache.ofbiz.webapp.control.ExternalLoginKeysManagerTests" time="0.07"/>
  <testcase name="getExternalLoginKeyReturnsKeyFromRequest" classname="org.apache.ofbiz.webapp.control.ExternalLoginKeysManagerTests" time="0.001"/>
  <testcase name="getExternalLoginKeyGeneratesNewKey" classname="org.apache.ofbiz.webapp.control.ExternalLoginKeysManagerTests" time="0.003"/>
  <testcase name="getExternalLoginKeyReturnsKeyFromSessionForAjaxRequests" classname="org.apache.ofbiz.webapp.control.ExternalLoginKeysManagerTests" time="0.001"/>
  <system-out><![CDATA[]]></system-out>
  <system-err><![CDATA[]]></system-err>
</testsuite>
