<?xml version="1.0" encoding="UTF-8"?>
<testsuite name="org.apache.ofbiz.base.util.template.FreeMarkerWorkerTests" tests="1" skipped="0" failures="0" errors="0" timestamp="2021-04-24T11:23:11" hostname="pradeep-Inspiron-15-3567" time="0.367">
  <properties/>
  <testcase name="renderTemplateFromString" classname="org.apache.ofbiz.base.util.template.FreeMarkerWorkerTests" time="0.367"/>
  <system-out><![CDATA[]]></system-out>
  <system-err><![CDATA[log4j:WARN No appenders could be found for logger (freemarker.cache).
log4j:WARN Please initialize the log4j system properly.
log4j:WARN See http://logging.apache.org/log4j/1.2/faq.html#noconfig for more info.
]]></system-err>
</testsuite>
